Clock: clk
Sources: clk 
Generated: no
Virtual: yes
Propagated: no
Period: 10.000000

===========================================================================
report_clock_properties
============================================================================
Clock                   Period          Waveform
----------------------------------------------------
clk                  10.000000    0.000000  5.000000

===========================================================================
report_clock_latency
============================================================================
Clock clk
rise -> rise
    min     max
0.000000 0.000000 source latency
0.182836         network latency _23_/CLK
        0.183596 network latency _24_/CLK
---------------
0.182836 0.183596 latency
        0.000760 skew

fall -> fall
    min     max
0.000000 0.000000 source latency
0.185401         network latency _23_/CLK
        0.186034 network latency _24_/CLK
---------------
0.185401 0.186034 latency
        0.000632 skew



===========================================================================
report_clock_min_period
============================================================================
clk period_min = 0.84 fmax = 1188.67
