Reading OpenROAD database at '/foss/designs/pmu_design/rca/1-librelane/runs/run_rca_flow/107-openroad-generatepdn/rca.odb'…
Reading library file at '/foss/pdks/sky130A/libs.ref/sky130_fd_sc_hd/lib/sky130_fd_sc_hd__tt_025C_1v80.lib'…
Reading library file at '/foss/designs/pmu_design/rca/1-librelane/macros/pmu/lib/nom_tt_025C_1v80/pmu__nom_tt_025C_1v80.lib'…
Reading macro library file at '/foss/designs/pmu_design/rca/1-librelane/macros/pmu/lib/nom_tt_025C_1v80/pmu__nom_tt_025C_1v80.lib'…
[WARNING STA-1140] /foss/designs/pmu_design/rca/1-librelane/macros/pmu/lib/nom_tt_025C_1v80/pmu__nom_tt_025C_1v80.lib line 1, library pmu already exists.
Reading design constraints file at '/foss/designs/pmu_design/rca/1-librelane/rca.sdc'…
[INFO] Using clock clk…
[INFO] Setting output delay to: 3
[INFO] Setting input delay to: 3
[INFO] Setting load to: 0.033442
[INFO] Setting clock uncertainty to: 0.25
[INFO] Setting clock transition to: 0.1499999999999999944488848768742172978818416595458984375
[INFO] Setting timing derate to: 5%
[INFO] Applying custom path constraint for delay chain (so that slack/hold violations are not considered)
+ global_placement -density 0.257633 -skip_io -pad_right 0 -pad_left 0 -init_wirelength_coef 0.25
[INFO GPL-0002] DBU: 1000
[INFO GPL-0003] SiteSize: (  0.460  2.720 ) um
[INFO GPL-0004] CoreBBox: (  5.520 10.880 ) ( 194.120 187.680 ) um
[INFO GPL-0006] NumInstances:               813
[INFO GPL-0007] NumPlaceInstances:          192
[INFO GPL-0008] NumFixedInstances:          583
[INFO GPL-0009] NumDummyInstances:           38
[INFO GPL-0010] NumNets:                    231
[INFO GPL-0011] NumPins:                    587
[INFO GPL-0012] DieBBox:  (  0.000  0.000 ) ( 200.000 200.000 ) um
[INFO GPL-0013] CoreBBox: (  5.520 10.880 ) ( 194.120 187.680 ) um
[INFO GPL-0016] CoreArea:             33344.480 um^2
[INFO GPL-0017] NonPlaceInstsArea:     4889.690 um^2
[INFO GPL-0018] PlaceInstsArea:        2270.928 um^2
[INFO GPL-0019] Util:                     7.981 %
[INFO GPL-0020] StdInstsArea:          2270.928 um^2
[INFO GPL-0021] MacroInstsArea:           0.000 um^2
[INFO GPL-0031] FillerInit:NumGCells:       635
[INFO GPL-0032] FillerInit:NumGNets:        231
[INFO GPL-0033] FillerInit:NumGPins:        587
[INFO GPL-0023] TargetDensity:            0.258
[INFO GPL-0024] AvrgPlaceInstArea:       11.828 um^2
[INFO GPL-0025] IdealBinArea:            45.909 um^2
[INFO GPL-0026] IdealBinCnt:                726
[INFO GPL-0027] TotalBinArea:         33344.480 um^2
[INFO GPL-0028] BinCnt:        16     16
[INFO GPL-0029] BinSize: ( 11.788 11.050 )
[INFO GPL-0030] NumBins: 256
[NesterovSolve] Iter:    1 overflow: 0.928 HPWL: 732492
[NesterovSolve] Iter:   10 overflow: 0.863 HPWL: 611569
[NesterovSolve] Iter:   20 overflow: 0.849 HPWL: 615053
[NesterovSolve] Iter:   30 overflow: 0.869 HPWL: 609300
[NesterovSolve] Iter:   40 overflow: 0.875 HPWL: 596110
[NesterovSolve] Iter:   50 overflow: 0.913 HPWL: 559208
[NesterovSolve] Iter:   60 overflow: 0.961 HPWL: 509828
[NesterovSolve] Iter:   70 overflow: 0.985 HPWL: 497143
[NesterovSolve] Iter:   80 overflow: 0.997 HPWL: 473439
[NesterovSolve] Iter:   90 overflow: 0.997 HPWL: 464700
[NesterovSolve] Iter:  100 overflow: 0.996 HPWL: 474750
[NesterovSolve] Iter:  110 overflow: 0.995 HPWL: 521265
[NesterovSolve] Iter:  120 overflow: 0.993 HPWL: 584157
[NesterovSolve] Iter:  130 overflow: 0.993 HPWL: 613415
[NesterovSolve] Iter:  140 overflow: 0.994 HPWL: 629314
[NesterovSolve] Iter:  150 overflow: 0.941 HPWL: 747841
[NesterovSolve] Iter:  160 overflow: 0.815 HPWL: 725843
[NesterovSolve] Iter:  170 overflow: 0.810 HPWL: 833814
[NesterovSolve] Iter:  180 overflow: 0.756 HPWL: 840558
[NesterovSolve] Iter:  190 overflow: 0.705 HPWL: 833487
[NesterovSolve] Iter:  200 overflow: 0.673 HPWL: 880263
[NesterovSolve] Iter:  210 overflow: 0.634 HPWL: 880175
[NesterovSolve] Iter:  220 overflow: 0.574 HPWL: 932647
[NesterovSolve] Iter:  230 overflow: 0.525 HPWL: 894759
[NesterovSolve] Iter:  240 overflow: 0.479 HPWL: 945935
[NesterovSolve] Iter:  250 overflow: 0.431 HPWL: 966519
[NesterovSolve] Iter:  260 overflow: 0.381 HPWL: 982755
[NesterovSolve] Iter:  270 overflow: 0.339 HPWL: 1023317
[NesterovSolve] Iter:  280 overflow: 0.310 HPWL: 1044976
[NesterovSolve] Iter:  290 overflow: 0.267 HPWL: 1065810
[NesterovSolve] Iter:  300 overflow: 0.237 HPWL: 1078868
[NesterovSolve] Iter:  310 overflow: 0.222 HPWL: 1130142
[NesterovSolve] Iter:  320 overflow: 0.176 HPWL: 1155245
[NesterovSolve] Iter:  330 overflow: 0.146 HPWL: 1177504
[NesterovSolve] Iter:  340 overflow: 0.131 HPWL: 1210434
[NesterovSolve] Iter:  350 overflow: 0.117 HPWL: 1231938
[NesterovSolve] Iter:  360 overflow: 0.101 HPWL: 1253215
[NesterovSolve] Finished with Overflow: 0.099514
[INFO] Setting RC values…
Setting global connections for newly added cells…
[INFO] Setting global connections...
Updating metrics…
Cell type report:                       Count       Area
  Macro                                     1    2472.27
  Fill cell                               172     645.62
  Tap cell                                410     512.99
  Inverter                                 50     187.68
  Sequential cell                          50    1313.76
  Multi-Input combinational cell           92     769.49
  Total                                   775    5901.81
Writing OpenROAD database to '/foss/designs/pmu_design/rca/1-librelane/runs/run_rca_flow/110-openroad-globalplacementskipio/rca.odb'…
Writing netlist to '/foss/designs/pmu_design/rca/1-librelane/runs/run_rca_flow/110-openroad-globalplacementskipio/rca.nl.v'…
Writing powered netlist to '/foss/designs/pmu_design/rca/1-librelane/runs/run_rca_flow/110-openroad-globalplacementskipio/rca.pnl.v'…
Writing layout to '/foss/designs/pmu_design/rca/1-librelane/runs/run_rca_flow/110-openroad-globalplacementskipio/rca.def'…
Writing timing constraints to '/foss/designs/pmu_design/rca/1-librelane/runs/run_rca_flow/110-openroad-globalplacementskipio/rca.sdc'…
