Clock: clk
Sources: clk 
Generated: no
Virtual: no
Propagated: no
Period: 15.000000

===========================================================================
report_clock_properties
============================================================================
Clock                   Period          Waveform
----------------------------------------------------
clk                  15.000000    0.000000  7.500000

===========================================================================
report_clock_latency
============================================================================
Clock clk
rise -> rise
    min     max
0.000000 0.000000 source latency
0.483486         network latency _255_/CLK
        1.155427 network latency pmu_inst/_24_/CLK
---------------
0.483486 1.155427 latency
        0.671941 skew

fall -> fall
    min     max
0.000000 0.000000 source latency
0.268710         network latency _255_/CLK
        0.898935 network latency pmu_inst/_24_/CLK
---------------
0.268710 0.898935 latency
        0.630226 skew



===========================================================================
report_clock_min_period
============================================================================
clk period_min = 8.74 fmax = 114.43
