Clock: clk
Sources: clk 
Generated: no
Virtual: yes
Propagated: no
Period: 10.000000

===========================================================================
report_clock_properties
============================================================================
Clock                   Period          Waveform
----------------------------------------------------
clk                  10.000000    0.000000  5.000000

===========================================================================
report_clock_latency
============================================================================
Clock clk
rise -> rise
    min     max
0.000000 0.000000 source latency
0.263791         network latency _25_/CLK
        0.264955 network latency _24_/CLK
---------------
0.263791 0.264955 latency
        0.001164 skew

fall -> fall
    min     max
0.000000 0.000000 source latency
0.273963         network latency _25_/CLK
        0.274919 network latency _24_/CLK
---------------
0.273963 0.274919 latency
        0.000957 skew



===========================================================================
report_clock_min_period
============================================================================
clk period_min = 1.23 fmax = 812.64
