Reading timing models for corner min_tt_025C_1v80…
Reading cell library for the 'min_tt_025C_1v80' corner at '/foss/pdks/sky130A/libs.ref/sky130_fd_sc_hd/lib/sky130_fd_sc_hd__tt_025C_1v80.lib'…
Reading top-level netlist at '/foss/designs/pmu_design/pmu/1-librelane/runs/run_pmu_flow/49-openroad-fillinsertion/pmu.nl.v'…
Linking design 'pmu' from netlist…
Warning: /foss/designs/pmu_design/pmu/1-librelane/runs/run_pmu_flow/49-openroad-fillinsertion/pmu.nl.v line 556, module sky130_fd_sc_hd__tapvpwrvgnd_1 not found. Creating black box for TAP_TAPCELL_ROW_0_24.
Warning: /foss/designs/pmu_design/pmu/1-librelane/runs/run_pmu_flow/49-openroad-fillinsertion/pmu.nl.v line 577, module sky130_fd_sc_hd__fill_1 not found. Creating black box for FILLER_0_12.
Warning: /foss/designs/pmu_design/pmu/1-librelane/runs/run_pmu_flow/49-openroad-fillinsertion/pmu.nl.v line 580, module sky130_fd_sc_hd__fill_2 not found. Creating black box for FILLER_0_60.
Reading design constraints file at '/foss/designs/pmu_design/pmu/1-librelane/pmu.sdc'…
[INFO] Using clock clk…
[INFO] Setting output delay to: 2
[INFO] Setting input delay to: 2
[INFO] Setting load to: 0.033442
[INFO] Setting clock uncertainty to: 0.25
[INFO] Setting clock transition to: 0.1499999999999999944488848768742172978818416595458984375
[INFO] Setting timing derate to: 5%
[INFO] Applying custom path constraint for delay chain (so that slack/hold violations are not considered)
Reading top-level design parasitics for the 'min_tt_025C_1v80' corner at '/foss/designs/pmu_design/pmu/1-librelane/runs/run_pmu_flow/51-openroad-rcx/min/pmu.min.spef'…
%OL_CREATE_REPORT min.rpt

===========================================================================
report_checks -path_delay min (Hold)
============================================================================
======================= min_tt_025C_1v80 Corner ===================================

Startpoint: _24_ (rising edge-triggered flip-flop clocked by clk)
Endpoint: _25_ (rising edge-triggered flip-flop clocked by clk)
Path Group: clk
Path Type: min

Fanout         Cap        Slew       Delay        Time   Description
---------------------------------------------------------------------------------------------
                                  0.000000    0.000000   clock clk (rise edge)
                                  0.000000    0.000000   clock source latency
     1    0.009152    0.047637    0.031269    0.031269 ^ clk (in)
                                                         clk (net)
                      0.047638    0.000000    0.031269 ^ clkbuf_0_clk/A (sky130_fd_sc_hd__clkbuf_16)
     2    0.017218    0.039477    0.123752    0.155021 ^ clkbuf_0_clk/X (sky130_fd_sc_hd__clkbuf_16)
                                                         clknet_0_clk (net)
                      0.039477    0.000068    0.155089 ^ clkbuf_1_1__f_clk/A (sky130_fd_sc_hd__clkbuf_16)
     2    0.006067    0.029731    0.109802    0.264890 ^ clkbuf_1_1__f_clk/X (sky130_fd_sc_hd__clkbuf_16)
                                                         clknet_1_1__leaf_clk (net)
                      0.029731    0.000064    0.264955 ^ _24_/CLK (sky130_fd_sc_hd__dfrtp_2)
     1    0.009619    0.067202    0.356421    0.621376 ^ _24_/Q (sky130_fd_sc_hd__dfrtp_2)
                                                         capture_q (net)
                      0.067202    0.000045    0.621421 ^ _13_/A (sky130_fd_sc_hd__xor2_2)
     1    0.001904    0.058757    0.102700    0.724120 ^ _13_/X (sky130_fd_sc_hd__xor2_2)
                                                         _05_ (net)
                      0.058757    0.000017    0.724137 ^ _14_/A0 (sky130_fd_sc_hd__mux2_1)
     1    0.005385    0.061297    0.137303    0.861440 ^ _14_/X (sky130_fd_sc_hd__mux2_1)
                                                         _00_ (net)
                      0.061297    0.000101    0.861541 ^ _25_/D (sky130_fd_sc_hd__dfrtp_2)
                                              0.861541   data arrival time

                                  0.000000    0.000000   clock clk (rise edge)
                                  0.000000    0.000000   clock source latency
     1    0.009152    0.047637    0.031269    0.031269 ^ clk (in)
                                                         clk (net)
                      0.047638    0.000000    0.031269 ^ clkbuf_0_clk/A (sky130_fd_sc_hd__clkbuf_16)
     2    0.017218    0.039477    0.123752    0.155021 ^ clkbuf_0_clk/X (sky130_fd_sc_hd__clkbuf_16)
                                                         clknet_0_clk (net)
                      0.039477    0.000122    0.155143 ^ clkbuf_1_0__f_clk/A (sky130_fd_sc_hd__clkbuf_16)
     2    0.005079    0.028838    0.108621    0.263764 ^ clkbuf_1_0__f_clk/X (sky130_fd_sc_hd__clkbuf_16)
                                                         clknet_1_0__leaf_clk (net)
                      0.028838    0.000027    0.263791 ^ _25_/CLK (sky130_fd_sc_hd__dfrtp_2)
                                  0.250000    0.513791   clock uncertainty
                                  0.000000    0.513791   clock reconvergence pessimism
                                 -0.040268    0.473524   library hold time
                                              0.473524   data required time
---------------------------------------------------------------------------------------------
                                              0.473524   data required time
                                             -0.861541   data arrival time
---------------------------------------------------------------------------------------------
                                              0.388017   slack (MET)


Startpoint: rst (input port clocked by clk)
Endpoint: _25_ (removal check against rising-edge clock clk)
Path Group: asynchronous
Path Type: min

Fanout         Cap        Slew       Delay        Time   Description
---------------------------------------------------------------------------------------------
                                  0.000000    0.000000   clock clk (rise edge)
                                  0.000000    0.000000   clock network delay (propagated)
                                  2.000000    2.000000 v input external delay
     3    0.018054    0.041843    0.029060    2.029060 v rst (in)
                                                         rst (net)
                      0.041844    0.000000    2.029060 v _22_/A (sky130_fd_sc_hd__inv_2)
     1    0.003928    0.026393    0.042808    2.071868 ^ _22_/Y (sky130_fd_sc_hd__inv_2)
                                                         _03_ (net)
                      0.026393    0.000029    2.071897 ^ _25_/RESET_B (sky130_fd_sc_hd__dfrtp_2)
                                              2.071897   data arrival time

                                  0.000000    0.000000   clock clk (rise edge)
                                  0.000000    0.000000   clock source latency
     1    0.009152    0.047637    0.031269    0.031269 ^ clk (in)
                                                         clk (net)
                      0.047638    0.000000    0.031269 ^ clkbuf_0_clk/A (sky130_fd_sc_hd__clkbuf_16)
     2    0.017218    0.039477    0.123752    0.155021 ^ clkbuf_0_clk/X (sky130_fd_sc_hd__clkbuf_16)
                                                         clknet_0_clk (net)
                      0.039477    0.000122    0.155143 ^ clkbuf_1_0__f_clk/A (sky130_fd_sc_hd__clkbuf_16)
     2    0.005079    0.028838    0.108621    0.263764 ^ clkbuf_1_0__f_clk/X (sky130_fd_sc_hd__clkbuf_16)
                                                         clknet_1_0__leaf_clk (net)
                      0.028838    0.000027    0.263791 ^ _25_/CLK (sky130_fd_sc_hd__dfrtp_2)
                                  0.250000    0.513791   clock uncertainty
                                  0.000000    0.513791   clock reconvergence pessimism
                                  0.310728    0.824519   library removal time
                                              0.824519   data required time
---------------------------------------------------------------------------------------------
                                              0.824519   data required time
                                             -2.071897   data arrival time
---------------------------------------------------------------------------------------------
                                              1.247377   slack (MET)


Startpoint: rst (input port clocked by clk)
Endpoint: _23_ (removal check against rising-edge clock clk)
Path Group: asynchronous
Path Type: min

Fanout         Cap        Slew       Delay        Time   Description
---------------------------------------------------------------------------------------------
                                  0.000000    0.000000   clock clk (rise edge)
                                  0.000000    0.000000   clock network delay (propagated)
                                  2.000000    2.000000 v input external delay
     3    0.018054    0.041843    0.029098    2.029098 v rst (in)
                                                         rst (net)
                      0.041845    0.000000    2.029098 v _12_/A (sky130_fd_sc_hd__inv_2)
     1    0.004066    0.026878    0.043292    2.072390 ^ _12_/Y (sky130_fd_sc_hd__inv_2)
                                                         _01_ (net)
                      0.026878    0.000034    2.072424 ^ _23_/RESET_B (sky130_fd_sc_hd__dfrtp_2)
                                              2.072424   data arrival time

                                  0.000000    0.000000   clock clk (rise edge)
                                  0.000000    0.000000   clock source latency
     1    0.009152    0.047637    0.031269    0.031269 ^ clk (in)
                                                         clk (net)
                      0.047638    0.000000    0.031269 ^ clkbuf_0_clk/A (sky130_fd_sc_hd__clkbuf_16)
     2    0.017218    0.039477    0.123752    0.155021 ^ clkbuf_0_clk/X (sky130_fd_sc_hd__clkbuf_16)
                                                         clknet_0_clk (net)
                      0.039477    0.000122    0.155143 ^ clkbuf_1_0__f_clk/A (sky130_fd_sc_hd__clkbuf_16)
     2    0.005079    0.028838    0.108621    0.263764 ^ clkbuf_1_0__f_clk/X (sky130_fd_sc_hd__clkbuf_16)
                                                         clknet_1_0__leaf_clk (net)
                      0.028838    0.000029    0.263793 ^ _23_/CLK (sky130_fd_sc_hd__dfrtp_2)
                                  0.250000    0.513793   clock uncertainty
                                  0.000000    0.513793   clock reconvergence pessimism
                                  0.310860    0.824653   library removal time
                                              0.824653   data required time
---------------------------------------------------------------------------------------------
                                              0.824653   data required time
                                             -2.072424   data arrival time
---------------------------------------------------------------------------------------------
                                              1.247771   slack (MET)


Startpoint: rst (input port clocked by clk)
Endpoint: _24_ (removal check against rising-edge clock clk)
Path Group: asynchronous
Path Type: min

Fanout         Cap        Slew       Delay        Time   Description
---------------------------------------------------------------------------------------------
                                  0.000000    0.000000   clock clk (rise edge)
                                  0.000000    0.000000   clock network delay (propagated)
                                  2.000000    2.000000 v input external delay
     3    0.018054    0.041843    0.029116    2.029116 v rst (in)
                                                         rst (net)
                      0.041845    0.000000    2.029116 v _21_/A (sky130_fd_sc_hd__inv_2)
     1    0.005438    0.032356    0.047721    2.076838 ^ _21_/Y (sky130_fd_sc_hd__inv_2)
                                                         _02_ (net)
                      0.032356    0.000075    2.076912 ^ _24_/RESET_B (sky130_fd_sc_hd__dfrtp_2)
                                              2.076912   data arrival time

                                  0.000000    0.000000   clock clk (rise edge)
                                  0.000000    0.000000   clock source latency
     1    0.009152    0.047637    0.031269    0.031269 ^ clk (in)
                                                         clk (net)
                      0.047638    0.000000    0.031269 ^ clkbuf_0_clk/A (sky130_fd_sc_hd__clkbuf_16)
     2    0.017218    0.039477    0.123752    0.155021 ^ clkbuf_0_clk/X (sky130_fd_sc_hd__clkbuf_16)
                                                         clknet_0_clk (net)
                      0.039477    0.000068    0.155089 ^ clkbuf_1_1__f_clk/A (sky130_fd_sc_hd__clkbuf_16)
     2    0.006067    0.029731    0.109802    0.264890 ^ clkbuf_1_1__f_clk/X (sky130_fd_sc_hd__clkbuf_16)
                                                         clknet_1_1__leaf_clk (net)
                      0.029731    0.000064    0.264955 ^ _24_/CLK (sky130_fd_sc_hd__dfrtp_2)
                                  0.250000    0.514955   clock uncertainty
                                  0.000000    0.514955   clock reconvergence pessimism
                                  0.312600    0.827555   library removal time
                                              0.827555   data required time
---------------------------------------------------------------------------------------------
                                              0.827555   data required time
                                             -2.076912   data arrival time
---------------------------------------------------------------------------------------------
                                              1.249357   slack (MET)


Startpoint: path_sel[2] (input port clocked by clk)
Endpoint: _23_ (rising edge-triggered flip-flop clocked by clk)
Path Group: clk
Path Type: min

Fanout         Cap        Slew       Delay        Time   Description
---------------------------------------------------------------------------------------------
                                  0.000000    0.000000   clock clk (rise edge)
                                  0.000000    0.000000   clock network delay (propagated)
                                  2.000000    2.000000 v input external delay
     2    0.011223    0.027163    0.018175    2.018175 v path_sel[2] (in)
                                                         path_sel[2] (net)
                      0.027163    0.000000    2.018175 v _11_/A (sky130_fd_sc_hd__inv_2)
     1    0.002891    0.020784    0.032917    2.051091 ^ _11_/Y (sky130_fd_sc_hd__inv_2)
                                                         _04_ (net)
                      0.020784    0.000017    2.051108 ^ _20_/A1 (sky130_fd_sc_hd__o21a_2)
     3    0.009431    0.060395    0.139449    2.190557 ^ _20_/X (sky130_fd_sc_hd__o21a_2)
                                                         dc_inst.in (net)
                      0.060395    0.000189    2.190747 ^ _23_/D (sky130_fd_sc_hd__dfrtp_2)
                                              2.190747   data arrival time

                                  0.000000    0.000000   clock clk (rise edge)
                                  0.000000    0.000000   clock source latency
     1    0.009152    0.047637    0.031269    0.031269 ^ clk (in)
                                                         clk (net)
                      0.047638    0.000000    0.031269 ^ clkbuf_0_clk/A (sky130_fd_sc_hd__clkbuf_16)
     2    0.017218    0.039477    0.123752    0.155021 ^ clkbuf_0_clk/X (sky130_fd_sc_hd__clkbuf_16)
                                                         clknet_0_clk (net)
                      0.039477    0.000122    0.155143 ^ clkbuf_1_0__f_clk/A (sky130_fd_sc_hd__clkbuf_16)
     2    0.005079    0.028838    0.108621    0.263764 ^ clkbuf_1_0__f_clk/X (sky130_fd_sc_hd__clkbuf_16)
                                                         clknet_1_0__leaf_clk (net)
                      0.028838    0.000029    0.263793 ^ _23_/CLK (sky130_fd_sc_hd__dfrtp_2)
                                  0.250000    0.513793   clock uncertainty
                                  0.000000    0.513793   clock reconvergence pessimism
                                 -0.040080    0.473712   library hold time
                                              0.473712   data required time
---------------------------------------------------------------------------------------------
                                              0.473712   data required time
                                             -2.190747   data arrival time
---------------------------------------------------------------------------------------------
                                              1.717034   slack (MET)


Startpoint: _25_ (rising edge-triggered flip-flop clocked by clk)
Endpoint: tdo (output port clocked by clk)
Path Group: clk
Path Type: min

Fanout         Cap        Slew       Delay        Time   Description
---------------------------------------------------------------------------------------------
                                  0.000000    0.000000   clock clk (rise edge)
                                  0.000000    0.000000   clock source latency
     1    0.009152    0.047637    0.031269    0.031269 ^ clk (in)
                                                         clk (net)
                      0.047638    0.000000    0.031269 ^ clkbuf_0_clk/A (sky130_fd_sc_hd__clkbuf_16)
     2    0.017218    0.039477    0.123752    0.155021 ^ clkbuf_0_clk/X (sky130_fd_sc_hd__clkbuf_16)
                                                         clknet_0_clk (net)
                      0.039477    0.000122    0.155143 ^ clkbuf_1_0__f_clk/A (sky130_fd_sc_hd__clkbuf_16)
     2    0.005079    0.028838    0.108621    0.263764 ^ clkbuf_1_0__f_clk/X (sky130_fd_sc_hd__clkbuf_16)
                                                         clknet_1_0__leaf_clk (net)
                      0.028838    0.000027    0.263791 ^ _25_/CLK (sky130_fd_sc_hd__dfrtp_2)
     1    0.037987    0.187838    0.455092    0.718883 ^ _25_/Q (sky130_fd_sc_hd__dfrtp_2)
                                                         tdo (net)
                      0.187845    0.001362    0.720245 ^ tdo (out)
                                              0.720245   data arrival time

                                  0.000000    0.000000   clock clk (rise edge)
                                  0.000000    0.000000   clock network delay (propagated)
                                  0.250000    0.250000   clock uncertainty
                                  0.000000    0.250000   clock reconvergence pessimism
                                 -2.000000   -1.750000   output external delay
                                             -1.750000   data required time
---------------------------------------------------------------------------------------------
                                             -1.750000   data required time
                                             -0.720245   data arrival time
---------------------------------------------------------------------------------------------
                                              2.470245   slack (MET)



%OL_END_REPORT
%OL_CREATE_REPORT max.rpt

===========================================================================
report_checks -path_delay max (Setup)
============================================================================
======================= min_tt_025C_1v80 Corner ===================================

Startpoint: _25_ (rising edge-triggered flip-flop clocked by clk)
Endpoint: tdo (output port clocked by clk)
Path Group: clk
Path Type: max

Fanout         Cap        Slew       Delay        Time   Description
---------------------------------------------------------------------------------------------
                                  0.000000    0.000000   clock clk (rise edge)
                                  0.000000    0.000000   clock source latency
     1    0.009152    0.047637    0.031269    0.031269 ^ clk (in)
                                                         clk (net)
                      0.047638    0.000000    0.031269 ^ clkbuf_0_clk/A (sky130_fd_sc_hd__clkbuf_16)
     2    0.017218    0.039477    0.123752    0.155021 ^ clkbuf_0_clk/X (sky130_fd_sc_hd__clkbuf_16)
                                                         clknet_0_clk (net)
                      0.039477    0.000122    0.155143 ^ clkbuf_1_0__f_clk/A (sky130_fd_sc_hd__clkbuf_16)
     2    0.005079    0.028838    0.108621    0.263764 ^ clkbuf_1_0__f_clk/X (sky130_fd_sc_hd__clkbuf_16)
                                                         clknet_1_0__leaf_clk (net)
                      0.028838    0.000027    0.263791 ^ _25_/CLK (sky130_fd_sc_hd__dfrtp_2)
     1    0.037987    0.115797    0.471882    0.735673 v _25_/Q (sky130_fd_sc_hd__dfrtp_2)
                                                         tdo (net)
                      0.115812    0.001362    0.737035 v tdo (out)
                                              0.737035   data arrival time

                                 10.000000   10.000000   clock clk (rise edge)
                                  0.000000   10.000000   clock network delay (propagated)
                                 -0.250000    9.750000   clock uncertainty
                                  0.000000    9.750000   clock reconvergence pessimism
                                 -2.000000    7.750000   output external delay
                                              7.750000   data required time
---------------------------------------------------------------------------------------------
                                              7.750000   data required time
                                             -0.737035   data arrival time
---------------------------------------------------------------------------------------------
                                              7.012966   slack (MET)


Startpoint: path_sel[0] (input port clocked by clk)
Endpoint: _23_ (rising edge-triggered flip-flop clocked by clk)
Path Group: clk
Path Type: max

Fanout         Cap        Slew       Delay        Time   Description
---------------------------------------------------------------------------------------------
                                  0.000000    0.000000   clock clk (rise edge)
                                  0.000000    0.000000   clock network delay (propagated)
                                  2.000000    2.000000 ^ input external delay
     4    0.022309    0.105964    0.072818    2.072818 ^ path_sel[0] (in)
                                                         path_sel[0] (net)
                      0.105965    0.000000    2.072818 ^ _18_/S (sky130_fd_sc_hd__mux2_1)
     1    0.002602    0.053886    0.323571    2.396389 v _18_/X (sky130_fd_sc_hd__mux2_1)
                                                         _09_ (net)
                      0.053886    0.000024    2.396412 v _19_/B1 (sky130_fd_sc_hd__a221o_2)
     1    0.002981    0.052431    0.327969    2.724380 v _19_/X (sky130_fd_sc_hd__a221o_2)
                                                         _10_ (net)
                      0.052431    0.000031    2.724412 v _20_/B1 (sky130_fd_sc_hd__o21a_2)
     3    0.009100    0.049011    0.131535    2.855947 v _20_/X (sky130_fd_sc_hd__o21a_2)
                                                         dc_inst.in (net)
                      0.049011    0.000183    2.856130 v _23_/D (sky130_fd_sc_hd__dfrtp_2)
                                              2.856130   data arrival time

                                 10.000000   10.000000   clock clk (rise edge)
                                  0.000000   10.000000   clock source latency
     1    0.009152    0.047637    0.031269   10.031269 ^ clk (in)
                                                         clk (net)
                      0.047638    0.000000   10.031269 ^ clkbuf_0_clk/A (sky130_fd_sc_hd__clkbuf_16)
     2    0.017218    0.039477    0.123752   10.155021 ^ clkbuf_0_clk/X (sky130_fd_sc_hd__clkbuf_16)
                                                         clknet_0_clk (net)
                      0.039477    0.000122   10.155143 ^ clkbuf_1_0__f_clk/A (sky130_fd_sc_hd__clkbuf_16)
     2    0.005079    0.028838    0.108622   10.263764 ^ clkbuf_1_0__f_clk/X (sky130_fd_sc_hd__clkbuf_16)
                                                         clknet_1_0__leaf_clk (net)
                      0.028838    0.000028   10.263793 ^ _23_/CLK (sky130_fd_sc_hd__dfrtp_2)
                                 -0.250000   10.013793   clock uncertainty
                                  0.000000   10.013793   clock reconvergence pessimism
                                 -0.120994    9.892798   library setup time
                                              9.892798   data required time
---------------------------------------------------------------------------------------------
                                              9.892798   data required time
                                             -2.856130   data arrival time
---------------------------------------------------------------------------------------------
                                              7.036669   slack (MET)


Startpoint: se (input port clocked by clk)
Endpoint: _25_ (rising edge-triggered flip-flop clocked by clk)
Path Group: clk
Path Type: max

Fanout         Cap        Slew       Delay        Time   Description
---------------------------------------------------------------------------------------------
                                  0.000000    0.000000   clock clk (rise edge)
                                  0.000000    0.000000   clock network delay (propagated)
                                  2.000000    2.000000 ^ input external delay
     1    0.005589    0.031874    0.019757    2.019757 ^ se (in)
                                                         se (net)
                      0.031874    0.000000    2.019757 ^ _14_/S (sky130_fd_sc_hd__mux2_1)
     1    0.005329    0.067476    0.322526    2.342283 v _14_/X (sky130_fd_sc_hd__mux2_1)
                                                         _00_ (net)
                      0.067476    0.000099    2.342382 v _25_/D (sky130_fd_sc_hd__dfrtp_2)
                                              2.342382   data arrival time

                                 10.000000   10.000000   clock clk (rise edge)
                                  0.000000   10.000000   clock source latency
     1    0.009152    0.047637    0.031269   10.031269 ^ clk (in)
                                                         clk (net)
                      0.047638    0.000000   10.031269 ^ clkbuf_0_clk/A (sky130_fd_sc_hd__clkbuf_16)
     2    0.017218    0.039477    0.123752   10.155021 ^ clkbuf_0_clk/X (sky130_fd_sc_hd__clkbuf_16)
                                                         clknet_0_clk (net)
                      0.039477    0.000122   10.155143 ^ clkbuf_1_0__f_clk/A (sky130_fd_sc_hd__clkbuf_16)
     2    0.005079    0.028838    0.108622   10.263764 ^ clkbuf_1_0__f_clk/X (sky130_fd_sc_hd__clkbuf_16)
                                                         clknet_1_0__leaf_clk (net)
                      0.028838    0.000028   10.263792 ^ _25_/CLK (sky130_fd_sc_hd__dfrtp_2)
                                 -0.250000   10.013792   clock uncertainty
                                  0.000000   10.013792   clock reconvergence pessimism
                                 -0.129105    9.884687   library setup time
                                              9.884687   data required time
---------------------------------------------------------------------------------------------
                                              9.884687   data required time
                                             -2.342382   data arrival time
---------------------------------------------------------------------------------------------
                                              7.542305   slack (MET)


Startpoint: rst (input port clocked by clk)
Endpoint: _24_ (recovery check against rising-edge clock clk)
Path Group: asynchronous
Path Type: max

Fanout         Cap        Slew       Delay        Time   Description
---------------------------------------------------------------------------------------------
                                  0.000000    0.000000   clock clk (rise edge)
                                  0.000000    0.000000   clock network delay (propagated)
                                  2.000000    2.000000 v input external delay
     3    0.018054    0.041843    0.029116    2.029116 v rst (in)
                                                         rst (net)
                      0.041845    0.000000    2.029116 v _21_/A (sky130_fd_sc_hd__inv_2)
     1    0.005438    0.032356    0.047721    2.076838 ^ _21_/Y (sky130_fd_sc_hd__inv_2)
                                                         _02_ (net)
                      0.032356    0.000075    2.076912 ^ _24_/RESET_B (sky130_fd_sc_hd__dfrtp_2)
                                              2.076912   data arrival time

                                 10.000000   10.000000   clock clk (rise edge)
                                  0.000000   10.000000   clock source latency
     1    0.009152    0.047637    0.031269   10.031269 ^ clk (in)
                                                         clk (net)
                      0.047638    0.000000   10.031269 ^ clkbuf_0_clk/A (sky130_fd_sc_hd__clkbuf_16)
     2    0.017218    0.039477    0.123752   10.155021 ^ clkbuf_0_clk/X (sky130_fd_sc_hd__clkbuf_16)
                                                         clknet_0_clk (net)
                      0.039477    0.000068   10.155089 ^ clkbuf_1_1__f_clk/A (sky130_fd_sc_hd__clkbuf_16)
     2    0.006067    0.029731    0.109801   10.264891 ^ clkbuf_1_1__f_clk/X (sky130_fd_sc_hd__clkbuf_16)
                                                         clknet_1_1__leaf_clk (net)
                      0.029731    0.000065   10.264956 ^ _24_/CLK (sky130_fd_sc_hd__dfrtp_2)
                                 -0.250000   10.014956   clock uncertainty
                                  0.000000   10.014956   clock reconvergence pessimism
                                  0.218280   10.233236   library recovery time
                                             10.233236   data required time
---------------------------------------------------------------------------------------------
                                             10.233236   data required time
                                             -2.076912   data arrival time
---------------------------------------------------------------------------------------------
                                              8.156323   slack (MET)


Startpoint: rst (input port clocked by clk)
Endpoint: _23_ (recovery check against rising-edge clock clk)
Path Group: asynchronous
Path Type: max

Fanout         Cap        Slew       Delay        Time   Description
---------------------------------------------------------------------------------------------
                                  0.000000    0.000000   clock clk (rise edge)
                                  0.000000    0.000000   clock network delay (propagated)
                                  2.000000    2.000000 v input external delay
     3    0.018054    0.041843    0.029098    2.029098 v rst (in)
                                                         rst (net)
                      0.041845    0.000000    2.029098 v _12_/A (sky130_fd_sc_hd__inv_2)
     1    0.004066    0.026878    0.043292    2.072390 ^ _12_/Y (sky130_fd_sc_hd__inv_2)
                                                         _01_ (net)
                      0.026878    0.000034    2.072424 ^ _23_/RESET_B (sky130_fd_sc_hd__dfrtp_2)
                                              2.072424   data arrival time

                                 10.000000   10.000000   clock clk (rise edge)
                                  0.000000   10.000000   clock source latency
     1    0.009152    0.047637    0.031269   10.031269 ^ clk (in)
                                                         clk (net)
                      0.047638    0.000000   10.031269 ^ clkbuf_0_clk/A (sky130_fd_sc_hd__clkbuf_16)
     2    0.017218    0.039477    0.123752   10.155021 ^ clkbuf_0_clk/X (sky130_fd_sc_hd__clkbuf_16)
                                                         clknet_0_clk (net)
                      0.039477    0.000122   10.155143 ^ clkbuf_1_0__f_clk/A (sky130_fd_sc_hd__clkbuf_16)
     2    0.005079    0.028838    0.108622   10.263764 ^ clkbuf_1_0__f_clk/X (sky130_fd_sc_hd__clkbuf_16)
                                                         clknet_1_0__leaf_clk (net)
                      0.028838    0.000028   10.263793 ^ _23_/CLK (sky130_fd_sc_hd__dfrtp_2)
                                 -0.250000   10.013793   clock uncertainty
                                  0.000000   10.013793   clock reconvergence pessimism
                                  0.219646   10.233438   library recovery time
                                             10.233438   data required time
---------------------------------------------------------------------------------------------
                                             10.233438   data required time
                                             -2.072424   data arrival time
---------------------------------------------------------------------------------------------
                                              8.161015   slack (MET)


Startpoint: rst (input port clocked by clk)
Endpoint: _25_ (recovery check against rising-edge clock clk)
Path Group: asynchronous
Path Type: max

Fanout         Cap        Slew       Delay        Time   Description
---------------------------------------------------------------------------------------------
                                  0.000000    0.000000   clock clk (rise edge)
                                  0.000000    0.000000   clock network delay (propagated)
                                  2.000000    2.000000 v input external delay
     3    0.018054    0.041843    0.029060    2.029060 v rst (in)
                                                         rst (net)
                      0.041844    0.000000    2.029060 v _22_/A (sky130_fd_sc_hd__inv_2)
     1    0.003928    0.026393    0.042808    2.071868 ^ _22_/Y (sky130_fd_sc_hd__inv_2)
                                                         _03_ (net)
                      0.026393    0.000029    2.071897 ^ _25_/RESET_B (sky130_fd_sc_hd__dfrtp_2)
                                              2.071897   data arrival time

                                 10.000000   10.000000   clock clk (rise edge)
                                  0.000000   10.000000   clock source latency
     1    0.009152    0.047637    0.031269   10.031269 ^ clk (in)
                                                         clk (net)
                      0.047638    0.000000   10.031269 ^ clkbuf_0_clk/A (sky130_fd_sc_hd__clkbuf_16)
     2    0.017218    0.039477    0.123752   10.155021 ^ clkbuf_0_clk/X (sky130_fd_sc_hd__clkbuf_16)
                                                         clknet_0_clk (net)
                      0.039477    0.000122   10.155143 ^ clkbuf_1_0__f_clk/A (sky130_fd_sc_hd__clkbuf_16)
     2    0.005079    0.028838    0.108622   10.263764 ^ clkbuf_1_0__f_clk/X (sky130_fd_sc_hd__clkbuf_16)
                                                         clknet_1_0__leaf_clk (net)
                      0.028838    0.000028   10.263792 ^ _25_/CLK (sky130_fd_sc_hd__dfrtp_2)
                                 -0.250000   10.013792   clock uncertainty
                                  0.000000   10.013792   clock reconvergence pessimism
                                  0.219791   10.233582   library recovery time
                                             10.233582   data required time
---------------------------------------------------------------------------------------------
                                             10.233582   data required time
                                             -2.071897   data arrival time
---------------------------------------------------------------------------------------------
                                              8.161686   slack (MET)



%OL_END_REPORT
%OL_CREATE_REPORT checks.rpt

===========================================================================
report_checks -unconstrained
===========================================================================
======================= min_tt_025C_1v80 Corner ===================================

Startpoint: rst (input port clocked by clk)
Endpoint: _24_ (recovery check against rising-edge clock clk)
Path Group: asynchronous
Path Type: max

Fanout         Cap        Slew       Delay        Time   Description
---------------------------------------------------------------------------------------------
                                  0.000000    0.000000   clock clk (rise edge)
                                  0.000000    0.000000   clock network delay (propagated)
                                  2.000000    2.000000 v input external delay
     3    0.018054    0.041843    0.029116    2.029116 v rst (in)
                                                         rst (net)
                      0.041845    0.000000    2.029116 v _21_/A (sky130_fd_sc_hd__inv_2)
     1    0.005438    0.032356    0.047721    2.076838 ^ _21_/Y (sky130_fd_sc_hd__inv_2)
                                                         _02_ (net)
                      0.032356    0.000075    2.076912 ^ _24_/RESET_B (sky130_fd_sc_hd__dfrtp_2)
                                              2.076912   data arrival time

                                 10.000000   10.000000   clock clk (rise edge)
                                  0.000000   10.000000   clock source latency
     1    0.009152    0.047637    0.031269   10.031269 ^ clk (in)
                                                         clk (net)
                      0.047638    0.000000   10.031269 ^ clkbuf_0_clk/A (sky130_fd_sc_hd__clkbuf_16)
     2    0.017218    0.039477    0.123752   10.155021 ^ clkbuf_0_clk/X (sky130_fd_sc_hd__clkbuf_16)
                                                         clknet_0_clk (net)
                      0.039477    0.000068   10.155089 ^ clkbuf_1_1__f_clk/A (sky130_fd_sc_hd__clkbuf_16)
     2    0.006067    0.029731    0.109801   10.264891 ^ clkbuf_1_1__f_clk/X (sky130_fd_sc_hd__clkbuf_16)
                                                         clknet_1_1__leaf_clk (net)
                      0.029731    0.000065   10.264956 ^ _24_/CLK (sky130_fd_sc_hd__dfrtp_2)
                                 -0.250000   10.014956   clock uncertainty
                                  0.000000   10.014956   clock reconvergence pessimism
                                  0.218280   10.233236   library recovery time
                                             10.233236   data required time
---------------------------------------------------------------------------------------------
                                             10.233236   data required time
                                             -2.076912   data arrival time
---------------------------------------------------------------------------------------------
                                              8.156323   slack (MET)


Startpoint: _25_ (rising edge-triggered flip-flop clocked by clk)
Endpoint: tdo (output port clocked by clk)
Path Group: clk
Path Type: max

Fanout         Cap        Slew       Delay        Time   Description
---------------------------------------------------------------------------------------------
                                  0.000000    0.000000   clock clk (rise edge)
                                  0.000000    0.000000   clock source latency
     1    0.009152    0.047637    0.031269    0.031269 ^ clk (in)
                                                         clk (net)
                      0.047638    0.000000    0.031269 ^ clkbuf_0_clk/A (sky130_fd_sc_hd__clkbuf_16)
     2    0.017218    0.039477    0.123752    0.155021 ^ clkbuf_0_clk/X (sky130_fd_sc_hd__clkbuf_16)
                                                         clknet_0_clk (net)
                      0.039477    0.000122    0.155143 ^ clkbuf_1_0__f_clk/A (sky130_fd_sc_hd__clkbuf_16)
     2    0.005079    0.028838    0.108621    0.263764 ^ clkbuf_1_0__f_clk/X (sky130_fd_sc_hd__clkbuf_16)
                                                         clknet_1_0__leaf_clk (net)
                      0.028838    0.000027    0.263791 ^ _25_/CLK (sky130_fd_sc_hd__dfrtp_2)
     1    0.037987    0.115797    0.471882    0.735673 v _25_/Q (sky130_fd_sc_hd__dfrtp_2)
                                                         tdo (net)
                      0.115812    0.001362    0.737035 v tdo (out)
                                              0.737035   data arrival time

                                 10.000000   10.000000   clock clk (rise edge)
                                  0.000000   10.000000   clock network delay (propagated)
                                 -0.250000    9.750000   clock uncertainty
                                  0.000000    9.750000   clock reconvergence pessimism
                                 -2.000000    7.750000   output external delay
                                              7.750000   data required time
---------------------------------------------------------------------------------------------
                                              7.750000   data required time
                                             -0.737035   data arrival time
---------------------------------------------------------------------------------------------
                                              7.012966   slack (MET)




===========================================================================
report_checks --slack_max -0.01
============================================================================
======================= min_tt_025C_1v80 Corner ===================================

No paths found.


===========================================================================
 report_check_types -max_slew -max_cap -max_fanout -violators
============================================================================
======================= min_tt_025C_1v80 Corner ===================================



===========================================================================
report_parasitic_annotation -report_unannotated
============================================================================
Found 1 unannotated drivers.
 clkload0/X
Found 0 partially unannotated drivers.

===========================================================================
max slew violation count 0
%OL_METRIC_I design__max_slew_violation__count__corner:min_tt_025C_1v80 0
max fanout violation count 0
%OL_METRIC_I design__max_fanout_violation__count__corner:min_tt_025C_1v80 0
max cap violation count 0
%OL_METRIC_I design__max_cap_violation__count__corner:min_tt_025C_1v80 0
============================================================================

===========================================================================
check_setup -verbose -unconstrained_endpoints -multiple_clock -no_clock -no_input_delay -loops -generated_clocks
===========================================================================
Warning: There is 1 unconstrained endpoint.
  _24_/D
%OL_END_REPORT
%OL_CREATE_REPORT power.rpt

===========================================================================
 report_power
============================================================================
======================= min_tt_025C_1v80 Corner ===================================

Group                    Internal    Switching      Leakage        Total
                            Power        Power        Power        Power (Watts)
------------------------------------------------------------------------
Sequential           1.473152e-05 3.331410e-06 3.160871e-11 1.806296e-05  20.0%
Combinational        5.828977e-06 2.069615e-06 2.527064e-10 7.898845e-06   8.8%
Clock                5.499011e-05 9.189685e-06 1.387712e-10 6.417993e-05  71.2%
Macro                0.000000e+00 0.000000e+00 0.000000e+00 0.000000e+00   0.0%
Pad                  0.000000e+00 0.000000e+00 0.000000e+00 0.000000e+00   0.0%
------------------------------------------------------------------------
Total                7.555061e-05 1.459071e-05 4.230862e-10 9.014174e-05 100.0%
                            83.8%        16.2%         0.0%
%OL_METRIC_F power__internal__total 7.555061165476218e-5
%OL_METRIC_F power__switching__total 1.4590709724870976e-5
%OL_METRIC_F power__leakage__total 4.230862049592332e-10
%OL_METRIC_F power__total 9.014174429466948e-5

%OL_END_REPORT
%OL_CREATE_REPORT skew.min.rpt

===========================================================================
Clock Skew (Hold)
============================================================================
%OL_METRIC_F clock__skew__worst_hold__corner:min_tt_025C_1v80 -0.24999839017656877
======================= min_tt_025C_1v80 Corner ===================================

Clock clk
0.263793 source latency _23_/CLK ^
-0.263791 target latency _25_/CLK ^
-0.250000 clock uncertainty
0.000000 CRPR
--------------
-0.249998 hold skew

%OL_END_REPORT
%OL_CREATE_REPORT skew.max.rpt

===========================================================================
Clock Skew (Setup)
============================================================================
%OL_METRIC_F clock__skew__worst_setup__corner:min_tt_025C_1v80 0.2511636525405956
======================= min_tt_025C_1v80 Corner ===================================

Clock clk
0.264955 source latency _24_/CLK ^
-0.263791 target latency _25_/CLK ^
0.250000 clock uncertainty
0.000000 CRPR
--------------
0.251164 setup skew

%OL_END_REPORT
%OL_CREATE_REPORT ws.min.rpt

===========================================================================
Worst Slack (Hold)
============================================================================
%OL_METRIC_F timing__hold__ws__corner:min_tt_025C_1v80 0.3880169628760284
min_tt_025C_1v80: 0.3880169628760284
%OL_END_REPORT
%OL_CREATE_REPORT ws.max.rpt

===========================================================================
Worst Slack (Setup)
============================================================================
%OL_METRIC_F timing__setup__ws__corner:min_tt_025C_1v80 7.01296551791517
min_tt_025C_1v80: 7.01296551791517
%OL_END_REPORT
%OL_CREATE_REPORT tns.min.rpt

===========================================================================
Total Negative Slack (Hold)
============================================================================
%OL_METRIC_F timing__hold__tns__corner:min_tt_025C_1v80 0.0
min_tt_025C_1v80: 0.0
%OL_END_REPORT
%OL_CREATE_REPORT tns.max.rpt

===========================================================================
Total Negative Slack (Setup)
============================================================================
%OL_METRIC_F timing__setup__tns__corner:min_tt_025C_1v80 0.0
min_tt_025C_1v80: 0.0
%OL_END_REPORT
%OL_CREATE_REPORT wns.min.rpt

===========================================================================
Worst Negative Slack (Hold)
============================================================================
%OL_METRIC_F timing__hold__wns__corner:min_tt_025C_1v80 0
min_tt_025C_1v80: 0
%OL_END_REPORT
%OL_CREATE_REPORT wns.max.rpt

===========================================================================
Worst Negative Slack (Setup)
============================================================================
%OL_METRIC_F timing__setup__wns__corner:min_tt_025C_1v80 0.0
min_tt_025C_1v80: 0.0
%OL_END_REPORT
%OL_CREATE_REPORT violator_list.rpt

===========================================================================
Violator List
============================================================================
%OL_METRIC_I timing__hold_vio__count__corner:min_tt_025C_1v80 0
%OL_METRIC_F timing__hold_r2r__ws__corner:min_tt_025C_1v80 0.388017
%OL_METRIC_I timing__hold_r2r_vio__count__corner:min_tt_025C_1v80 0
%OL_METRIC_I timing__setup_vio__count__corner:min_tt_025C_1v80 0
%OL_METRIC_F timing__setup_r2r__ws__corner:min_tt_025C_1v80 inf
%OL_METRIC_I timing__setup_r2r_vio__count__corner:min_tt_025C_1v80 0
%OL_END_REPORT
%OL_CREATE_REPORT unpropagated.rpt
%OL_END_REPORT
%OL_CREATE_REPORT clock.rpt
Clock: clk
Sources: clk 
Generated: no
Virtual: yes
Propagated: no
Period: 10.000000

===========================================================================
report_clock_properties
============================================================================
Clock                   Period          Waveform
----------------------------------------------------
clk                  10.000000    0.000000  5.000000

===========================================================================
report_clock_latency
============================================================================
Clock clk
rise -> rise
    min     max
0.000000 0.000000 source latency
0.263791         network latency _25_/CLK
        0.264955 network latency _24_/CLK
---------------
0.263791 0.264955 latency
        0.001164 skew

fall -> fall
    min     max
0.000000 0.000000 source latency
0.273963         network latency _25_/CLK
        0.274919 network latency _24_/CLK
---------------
0.273963 0.274919 latency
        0.000957 skew



===========================================================================
report_clock_min_period
============================================================================
clk period_min = 1.23 fmax = 812.64
%OL_END_REPORT
Writing SDF files for all corners…
Removing Clock latencies before writing libs…
Writing timing models for all corners…
Writing timing models for the min_tt_025C_1v80 corner to /foss/designs/pmu_design/pmu/1-librelane/runs/run_pmu_flow/52-openroad-stapostpnr/min_tt_025C_1v80/pmu__min_tt_025C_1v80.lib…
