Clock: clk
Sources: clk 
Generated: no
Virtual: yes
Propagated: no
Period: 15.000000

===========================================================================
report_clock_properties
============================================================================
Clock                   Period          Waveform
----------------------------------------------------
clk                  15.000000    0.000000  7.500000

===========================================================================
report_clock_latency
============================================================================
Clock clk
rise -> rise
    min     max
0.000000 0.000000 source latency
1.013950         network latency _264_/CLK
        1.101916 network latency pmu_inst/_24_/CLK
---------------
1.013950 1.101916 latency
        0.087966 skew

fall -> fall
    min     max
0.000000 0.000000 source latency
0.961029         network latency _264_/CLK
        1.105988 network latency pmu_inst/_24_/CLK
---------------
0.961029 1.105988 latency
        0.144960 skew



===========================================================================
report_clock_min_period
============================================================================
clk period_min = 8.11 fmax = 123.28
