Reading OpenROAD database at '/foss/designs/pmu_design/pmu/1-librelane/runs/run_pmu_flow/25-odb-customioplacement/pmu.odb'…
Reading library file at '/foss/pdks/sky130A/libs.ref/sky130_fd_sc_hd/lib/sky130_fd_sc_hd__tt_025C_1v80.lib'…
Reading design constraints file at '/foss/designs/pmu_design/pmu/1-librelane/pmu.sdc'…
[INFO] Using clock clk…
[INFO] Setting output delay to: 2
[INFO] Setting input delay to: 2
[INFO] Setting load to: 0.033442
[INFO] Setting clock uncertainty to: 0.25
[INFO] Setting clock transition to: 0.1499999999999999944488848768742172978818416595458984375
[INFO] Setting timing derate to: 5%
[INFO] Applying custom path constraint for delay chain (so that slack/hold violations are not considered)
[INFO] Setting RC values…
[INFO] Setting signal min routing layer to: met1 and clock min routing layer to met1. 
[INFO] Setting signal max routing layer to: met5 and clock max routing layer to met5. 
+ global_placement -density 0.8374429999999999 -timing_driven -routability_driven -pad_right 0 -pad_left 0 -init_wirelength_coef 0.25
[INFO GPL-0002] DBU: 1000
[INFO GPL-0003] SiteSize: (  0.460  2.720 ) um
[INFO GPL-0004] CoreBBox: (  5.520 10.880 ) ( 39.100 43.520 ) um
[INFO GPL-0006] NumInstances:               196
[INFO GPL-0007] NumPlaceInstances:          158
[INFO GPL-0008] NumFixedInstances:           38
[INFO GPL-0009] NumDummyInstances:            0
[INFO GPL-0010] NumNets:                    176
[INFO GPL-0011] NumPins:                    372
[INFO GPL-0012] DieBBox:  (  0.000  0.000 ) ( 44.650 55.370 ) um
[INFO GPL-0013] CoreBBox: (  5.520 10.880 ) ( 39.100 43.520 ) um
[INFO GPL-0016] CoreArea:              1096.051 um^2
[INFO GPL-0017] NonPlaceInstsArea:      107.603 um^2
[INFO GPL-0018] PlaceInstsArea:         790.758 um^2
[INFO GPL-0019] Util:                    80.000 %
[INFO GPL-0020] StdInstsArea:           790.758 um^2
[INFO GPL-0021] MacroInstsArea:           0.000 um^2
[InitialPlace]  Iter: 1 CG residual: 0.00000010 HPWL: 1916296
[InitialPlace]  Iter: 2 CG residual: 0.00000012 HPWL: 1539392
[InitialPlace]  Iter: 3 CG residual: 0.00000009 HPWL: 1505722
[InitialPlace]  Iter: 4 CG residual: 0.00000012 HPWL: 1476276
[InitialPlace]  Iter: 5 CG residual: 0.00000010 HPWL: 1459909
[INFO GPL-0031] FillerInit:NumGCells:       167
[INFO GPL-0032] FillerInit:NumGNets:        176
[INFO GPL-0033] FillerInit:NumGPins:        372
[INFO GPL-0023] TargetDensity:            0.837
[INFO GPL-0024] AvrgPlaceInstArea:        5.005 um^2
[INFO GPL-0025] IdealBinArea:             5.976 um^2
[INFO GPL-0026] IdealBinCnt:                183
[INFO GPL-0027] TotalBinArea:          1096.051 um^2
[INFO GPL-0028] BinCnt:         8      8
[INFO GPL-0029] BinSize: (  4.198  4.080 )
[INFO GPL-0030] NumBins: 64
[NesterovSolve] Iter:    1 overflow: 0.721 HPWL: 713621
[INFO GPL-0100] Timing-driven: executing resizer for reweighting nets.
[INFO GPL-0101] Timing-driven: worst slack 6.84e-09
[INFO GPL-0103] Timing-driven: weighted 17 nets.
[NesterovSolve] Iter:   10 overflow: 0.696 HPWL: 744930
[NesterovSolve] Iter:   20 overflow: 0.689 HPWL: 741124
[NesterovSolve] Iter:   30 overflow: 0.675 HPWL: 735356
[NesterovSolve] Iter:   40 overflow: 0.658 HPWL: 732965
[NesterovSolve] Iter:   50 overflow: 0.658 HPWL: 732589
[NesterovSolve] Iter:   60 overflow: 0.657 HPWL: 733129
[NesterovSolve] Iter:   70 overflow: 0.657 HPWL: 733570
[NesterovSolve] Iter:   80 overflow: 0.657 HPWL: 733720
[NesterovSolve] Iter:   90 overflow: 0.657 HPWL: 733647
[NesterovSolve] Iter:  100 overflow: 0.657 HPWL: 733549
[NesterovSolve] Iter:  110 overflow: 0.657 HPWL: 733536
[NesterovSolve] Iter:  120 overflow: 0.657 HPWL: 733623
[NesterovSolve] Iter:  130 overflow: 0.656 HPWL: 733915
[NesterovSolve] Iter:  140 overflow: 0.654 HPWL: 734779
[NesterovSolve] Iter:  150 overflow: 0.653 HPWL: 736867
[NesterovSolve] Iter:  160 overflow: 0.642 HPWL: 741602
[INFO GPL-0100] Timing-driven: executing resizer for reweighting nets.
[INFO GPL-0101] Timing-driven: worst slack 6.84e-09
[INFO GPL-0103] Timing-driven: weighted 17 nets.
[NesterovSolve] Iter:  170 overflow: 0.625 HPWL: 751130
[NesterovSolve] Iter:  180 overflow: 0.602 HPWL: 767117
[NesterovSolve] Snapshot saved at iter = 180
[NesterovSolve] Iter:  190 overflow: 0.552 HPWL: 781822
[NesterovSolve] Iter:  200 overflow: 0.502 HPWL: 793982
[INFO GPL-0100] Timing-driven: executing resizer for reweighting nets.
[INFO GPL-0101] Timing-driven: worst slack 6.84e-09
[INFO GPL-0103] Timing-driven: weighted 17 nets.
[NesterovSolve] Iter:  210 overflow: 0.468 HPWL: 798772
[NesterovSolve] Iter:  220 overflow: 0.440 HPWL: 806448
[NesterovSolve] Iter:  230 overflow: 0.395 HPWL: 810446
[NesterovSolve] Iter:  240 overflow: 0.353 HPWL: 815926
[NesterovSolve] Iter:  250 overflow: 0.322 HPWL: 822098
[INFO GPL-0075] Routability numCall: 1 inflationIterCnt: 1 bloatIterCnt: 0
[INFO GPL-0036] TileBBox: (    0    0 ) ( 6900 6900 ) DBU
[INFO GPL-0038] TileCnt:       6    8
[INFO GPL-0040] NumTiles: 48
[INFO GPL-0081] TotalRouteOverflow: 0.0
[INFO GPL-0082] OverflowTileCnt: 0
[INFO GPL-0083] 0.5%RC: 0.711772084236145
[INFO GPL-0084] 1.0%RC: 0.711772084236145
[INFO GPL-0085] 2.0%RC: 0.711772084236145
[INFO GPL-0086] 5.0%RC: 0.6778704325358073
[INFO GPL-0087] FinalRC: 0.7117721
[INFO GPL-0077] FinalRC lower than targetRC(1.01), routability not needed.
[NesterovSolve] Iter:  260 overflow: 0.287 HPWL: 826941
[INFO GPL-0100] Timing-driven: executing resizer for reweighting nets.
[INFO GPL-0101] Timing-driven: worst slack 6.85e-09
[INFO GPL-0103] Timing-driven: weighted 17 nets.
[NesterovSolve] Iter:  270 overflow: 0.233 HPWL: 838149
[NesterovSolve] Iter:  280 overflow: 0.218 HPWL: 851170
[INFO GPL-0100] Timing-driven: executing resizer for reweighting nets.
[INFO GPL-0101] Timing-driven: worst slack 6.85e-09
[INFO GPL-0103] Timing-driven: weighted 17 nets.
[NesterovSolve] Iter:  290 overflow: 0.193 HPWL: 852892
[NesterovSolve] Iter:  300 overflow: 0.173 HPWL: 850633
[NesterovSolve] Iter:  310 overflow: 0.148 HPWL: 850163
[INFO GPL-0100] Timing-driven: executing resizer for reweighting nets.
[INFO GPL-0101] Timing-driven: worst slack 6.85e-09
[INFO GPL-0103] Timing-driven: weighted 17 nets.
[NesterovSolve] Iter:  320 overflow: 0.132 HPWL: 857194
[NesterovSolve] Iter:  330 overflow: 0.116 HPWL: 861236
[NesterovSolve] Iter:  340 overflow: 0.102 HPWL: 862497
[NesterovSolve] Finished with Overflow: 0.099857
[INFO] Setting RC values…
Setting global connections for newly added cells…
[INFO] Setting global connections...
Updating metrics…
Cell type report:                       Count       Area
  Fill cell                                24      90.09
  Tap cell                                 14      17.52
  Buffer                                  140     533.01
  Inverter                                  4      15.01
  Sequential cell                           3      78.83
  Multi-Input combinational cell           11     163.91
  Total                                   196     898.36
Writing OpenROAD database to '/foss/designs/pmu_design/pmu/1-librelane/runs/run_pmu_flow/27-openroad-globalplacement/pmu.odb'…
Writing netlist to '/foss/designs/pmu_design/pmu/1-librelane/runs/run_pmu_flow/27-openroad-globalplacement/pmu.nl.v'…
Writing powered netlist to '/foss/designs/pmu_design/pmu/1-librelane/runs/run_pmu_flow/27-openroad-globalplacement/pmu.pnl.v'…
Writing layout to '/foss/designs/pmu_design/pmu/1-librelane/runs/run_pmu_flow/27-openroad-globalplacement/pmu.def'…
Writing timing constraints to '/foss/designs/pmu_design/pmu/1-librelane/runs/run_pmu_flow/27-openroad-globalplacement/pmu.sdc'…
