Clock: clk
Sources: clk 
Generated: no
Virtual: yes
Propagated: no
Period: 15.000000

===========================================================================
report_clock_properties
============================================================================
Clock                   Period          Waveform
----------------------------------------------------
clk                  15.000000    0.000000  7.500000

===========================================================================
report_clock_latency
============================================================================
Clock clk
rise -> rise
    min     max
0.000000 0.000000 source latency
0.558955         network latency _264_/CLK
        0.607403 network latency pmu_inst/_24_/CLK
---------------
0.558955 0.607403 latency
        0.048448 skew

fall -> fall
    min     max
0.000000 0.000000 source latency
0.517331         network latency _264_/CLK
        0.600142 network latency pmu_inst/_24_/CLK
---------------
0.517331 0.600142 latency
        0.082811 skew



===========================================================================
report_clock_min_period
============================================================================
clk period_min = 4.32 fmax = 231.32
