Clock: clk
Sources: clk 
Generated: no
Virtual: yes
Propagated: no
Period: 15.000000

===========================================================================
report_clock_properties
============================================================================
Clock                   Period          Waveform
----------------------------------------------------
clk                  15.000000    0.000000  7.500000

===========================================================================
report_clock_latency
============================================================================
Clock clk
rise -> rise
    min     max
0.000000 0.000000 source latency
0.569456         network latency _264_/CLK
        0.616050 network latency pmu_inst/_24_/CLK
---------------
0.569456 0.616050 latency
        0.046594 skew

fall -> fall
    min     max
0.000000 0.000000 source latency
0.524309         network latency _264_/CLK
        0.605755 network latency pmu_inst/_24_/CLK
---------------
0.524309 0.605755 latency
        0.081447 skew



===========================================================================
report_clock_min_period
============================================================================
clk period_min = 4.34 fmax = 230.26
