Clock: clk
Sources: clk 
Generated: no
Virtual: yes
Propagated: no
Period: 15.000000

===========================================================================
report_clock_properties
============================================================================
Clock                   Period          Waveform
----------------------------------------------------
clk                  15.000000    0.000000  7.500000

===========================================================================
report_clock_latency
============================================================================
Clock clk
rise -> rise
    min     max
0.000000 0.000000 source latency
0.534223         network latency _264_/CLK
        0.361168 network latency pmu_inst/clk
---------------
0.534223 0.361168 latency
        -0.173054 skew

fall -> fall
    min     max
0.000000 0.000000 source latency
0.501407         network latency _264_/CLK
        0.324643 network latency pmu_inst/clk
---------------
0.501407 0.324643 latency
        -0.176764 skew



===========================================================================
report_clock_min_period
============================================================================
clk period_min = 4.89 fmax = 204.57
