Clock: clk
Sources: clk 
Generated: no
Virtual: no
Propagated: no
Period: 15.000000

===========================================================================
report_clock_properties
============================================================================
Clock                   Period          Waveform
----------------------------------------------------
clk                  15.000000    0.000000  7.500000

===========================================================================
report_clock_latency
============================================================================
Clock clk
rise -> rise
    min     max
0.000000 0.000000 source latency
0.246137         network latency _255_/CLK
        0.454891 network latency pmu_inst/_24_/CLK
---------------
0.246137 0.454891 latency
        0.208755 skew

fall -> fall
    min     max
0.000000 0.000000 source latency
0.107713         network latency _255_/CLK
        0.341144 network latency pmu_inst/_24_/CLK
---------------
0.107713 0.341144 latency
        0.233431 skew



===========================================================================
report_clock_min_period
============================================================================
clk period_min = 3.24 fmax = 308.30
