Clock: clk
Sources: clk 
Generated: no
Virtual: yes
Propagated: no
Period: 10.000000

===========================================================================
report_clock_properties
============================================================================
Clock                   Period          Waveform
----------------------------------------------------
clk                  10.000000    0.000000  5.000000

===========================================================================
report_clock_latency
============================================================================
Clock clk
rise -> rise
    min     max
0.000000 0.000000 source latency
0.180973         network latency _25_/CLK
        0.181756 network latency _24_/CLK
---------------
0.180973 0.181756 latency
        0.000783 skew

fall -> fall
    min     max
0.000000 0.000000 source latency
0.183910         network latency _25_/CLK
        0.184553 network latency _24_/CLK
---------------
0.183910 0.184553 latency
        0.000643 skew



===========================================================================
report_clock_min_period
============================================================================
clk period_min = 0.84 fmax = 1195.26
