                                                                        Cells by Master                                                                         
┏━━━━━━━━━━━━━━━━━━━━━━━━━━━━━━━━━━━━━━━━━━━━━━━━━━━━━━━━━━━━━━━━━━━━━━━━━━━━━━━━━━━━━━━━━━━━━━━━━━━━━━━━━━━━━━━━━━━━━━━━━━━━━━━━━┳━━━━━━━━━━━━━━━━━━━━━━━━━━━━┓
┃ Cell                                                                                                                            ┃ Count                      ┃
┡━━━━━━━━━━━━━━━━━━━━━━━━━━━━━━━━━━━━━━━━━━━━━━━━━━━━━━━━━━━━━━━━━━━━━━━━━━━━━━━━━━━━━━━━━━━━━━━━━━━━━━━━━━━━━━━━━━━━━━━━━━━━━━━━━╇━━━━━━━━━━━━━━━━━━━━━━━━━━━━┩
│ sky130_fd_sc_hd__a221o_2                                                                                                        │ 1                          │
│ sky130_fd_sc_hd__buf_1                                                                                                          │ 134                        │
│ sky130_fd_sc_hd__buf_2                                                                                                          │ 6                          │
│ sky130_fd_sc_hd__clkbuf_16                                                                                                      │ 3                          │
│ sky130_fd_sc_hd__clkbuf_4                                                                                                       │ 1                          │
│ sky130_fd_sc_hd__decap_3                                                                                                        │ 30                         │
│ sky130_fd_sc_hd__dfrtp_2                                                                                                        │ 3                          │
│ sky130_fd_sc_hd__fill_1                                                                                                         │ 28                         │
│ sky130_fd_sc_hd__fill_2                                                                                                         │ 23                         │
│ sky130_fd_sc_hd__inv_2                                                                                                          │ 4                          │
│ sky130_fd_sc_hd__mux2_1                                                                                                         │ 3                          │
│ sky130_fd_sc_hd__mux4_1                                                                                                         │ 2                          │
│ sky130_fd_sc_hd__mux4_2                                                                                                         │ 1                          │
│ sky130_fd_sc_hd__nand2b_2                                                                                                       │ 1                          │
│ sky130_fd_sc_hd__o21a_2                                                                                                         │ 1                          │
│ sky130_fd_sc_hd__o21ba_2                                                                                                        │ 1                          │
│ sky130_fd_sc_hd__tapvpwrvgnd_1                                                                                                  │ 14                         │
│ sky130_fd_sc_hd__xor2_2                                                                                                         │ 1                          │
└─────────────────────────────────────────────────────────────────────────────────────────────────────────────────────────────────┴────────────────────────────┘
