Reading library file at '/foss/pdks/sky130A/libs.ref/sky130_fd_sc_hd/lib/sky130_fd_sc_hd__tt_025C_1v80.lib'…
Reading library file at '/foss/designs/pmu_design/rca/1-librelane/macros/pmu/lib/nom_tt_025C_1v80/pmu__nom_tt_025C_1v80.lib'…
Reading macro library file at '/foss/designs/pmu_design/rca/1-librelane/macros/pmu/lib/nom_tt_025C_1v80/pmu__nom_tt_025C_1v80.lib'…
[WARNING STA-1140] /foss/designs/pmu_design/rca/1-librelane/macros/pmu/lib/nom_tt_025C_1v80/pmu__nom_tt_025C_1v80.lib line 1, library pmu already exists.
Reading technology LEF file at '/foss/pdks/sky130A/libs.ref/sky130_fd_sc_hd/techlef/sky130_fd_sc_hd__nom.tlef'…
[INFO ODB-0227] LEF file: /foss/pdks/sky130A/libs.ref/sky130_fd_sc_hd/techlef/sky130_fd_sc_hd__nom.tlef, created 14 layers, 25 vias
Reading cell LEF file at '/foss/pdks/sky130A/libs.ref/sky130_fd_sc_hd/lef/sky130_ef_sc_hd.lef'…
[WARNING ODB-0220] WARNING (LEFPARS-2008): NOWIREEXTENSIONATPIN statement is obsolete in version 5.6 or later.
The NOWIREEXTENSIONATPIN statement will be ignored. See file /foss/pdks/sky130A/libs.ref/sky130_fd_sc_hd/lef/sky130_ef_sc_hd.lef at line 2.

[INFO ODB-0227] LEF file: /foss/pdks/sky130A/libs.ref/sky130_fd_sc_hd/lef/sky130_ef_sc_hd.lef, created 8 library cells
Reading cell LEF file at '/foss/pdks/sky130A/libs.ref/sky130_fd_sc_hd/lef/sky130_fd_sc_hd.lef'…
[WARNING ODB-0220] WARNING (LEFPARS-2008): NOWIREEXTENSIONATPIN statement is obsolete in version 5.6 or later.
The NOWIREEXTENSIONATPIN statement will be ignored. See file /foss/pdks/sky130A/libs.ref/sky130_fd_sc_hd/lef/sky130_fd_sc_hd.lef at line 2.

[INFO ODB-0227] LEF file: /foss/pdks/sky130A/libs.ref/sky130_fd_sc_hd/lef/sky130_fd_sc_hd.lef, created 437 library cells
Reading macro LEF file at '/foss/designs/pmu_design/rca/1-librelane/macros/pmu/lef/pmu.lef'…
[WARNING ODB-0220] WARNING (LEFPARS-2008): NOWIREEXTENSIONATPIN statement is obsolete in version 5.6 or later.
The NOWIREEXTENSIONATPIN statement will be ignored. See file /foss/designs/pmu_design/rca/1-librelane/macros/pmu/lef/pmu.lef at line 2.

[INFO ODB-0227] LEF file: /foss/designs/pmu_design/rca/1-librelane/macros/pmu/lef/pmu.lef, created 1 library cells
Reading top-level netlist at '/foss/designs/pmu_design/rca/1-librelane/runs/run_rca_flow/93-yosys-synthesis/rca.nl.v'…
Linking design 'rca' from netlist…
Reading design constraints file at '/foss/designs/pmu_design/rca/1-librelane/rca.sdc'…
[INFO] Using clock clk…
[INFO] Setting output delay to: 3
[INFO] Setting input delay to: 3
[INFO] Setting load to: 0.033442
[INFO] Setting clock uncertainty to: 0.25
[INFO] Setting clock transition to: 0.1499999999999999944488848768742172978818416595458984375
[INFO] Setting timing derate to: 5%
[INFO] Applying custom path constraint for delay chain (so that slack/hold violations are not considered)
Using site height: 2.72 and site width: 0.46…
[INFO] Using absolute sizing for the floorplan.
[INFO IFP-0001] Added 65 rows of 410 site unithd.
[INFO IFP-0030] Inserted 0 tiecells using sky130_fd_sc_hd__conb_1/LO.
[INFO IFP-0030] Inserted 0 tiecells using sky130_fd_sc_hd__conb_1/HI.
[INFO] Extracting DIE_AREA and CORE_AREA from the floorplan
[INFO] Floorplanned on a die area of 0.0 0.0 200.0 200.0 (µm).
[INFO] Floorplanned on a core area of 5.52 10.88 194.12 187.68 (µm).
Writing metric design__die__bbox: 0.0 0.0 200.0 200.0
Writing metric design__core__bbox: 5.52 10.88 194.12 187.68
Setting global connections for newly added cells…
[INFO] Setting global connections...
Updating metrics…
Cell type report:                       Count       Area
  Macro                                     1    2472.27
  Inverter                                 50     187.68
  Sequential cell                          50    1313.76
  Multi-Input combinational cell           92     769.49
  Total                                   193    4743.20
Writing OpenROAD database to '/foss/designs/pmu_design/rca/1-librelane/runs/run_rca_flow/100-openroad-floorplan/rca.odb'…
Writing netlist to '/foss/designs/pmu_design/rca/1-librelane/runs/run_rca_flow/100-openroad-floorplan/rca.nl.v'…
Writing powered netlist to '/foss/designs/pmu_design/rca/1-librelane/runs/run_rca_flow/100-openroad-floorplan/rca.pnl.v'…
Writing layout to '/foss/designs/pmu_design/rca/1-librelane/runs/run_rca_flow/100-openroad-floorplan/rca.def'…
Writing timing constraints to '/foss/designs/pmu_design/rca/1-librelane/runs/run_rca_flow/100-openroad-floorplan/rca.sdc'…
