
===========================================================================
report_checks -unconstrained
===========================================================================
======================= nom_ss_100C_1v60 Corner ===================================

Startpoint: rst (input port clocked by clk)
Endpoint: _24_ (recovery check against rising-edge clock clk)
Path Group: asynchronous
Path Type: max

Fanout         Cap        Slew       Delay        Time   Description
---------------------------------------------------------------------------------------------
                                  0.000000    0.000000   clock clk (rise edge)
                                  0.000000    0.000000   clock network delay (propagated)
                                  2.000000    2.000000 v input external delay
     3    0.018643    0.082983    0.057522    2.057522 v rst (in)
                                                         rst (net)
                      0.082985    0.000000    2.057522 v _21_/A (sky130_fd_sc_hd__inv_2)
     1    0.005296    0.051017    0.085244    2.142765 ^ _21_/Y (sky130_fd_sc_hd__inv_2)
                                                         _02_ (net)
                      0.051017    0.000137    2.142902 ^ _24_/RESET_B (sky130_fd_sc_hd__dfrtp_2)
                                              2.142902   data arrival time

                                 10.000000   10.000000   clock clk (rise edge)
                                  0.000000   10.000000   clock source latency
     1    0.009246    0.075984    0.048694   10.048695 ^ clk (in)
                                                         clk (net)
                      0.075985    0.000000   10.048695 ^ clkbuf_0_clk/A (sky130_fd_sc_hd__clkbuf_16)
     2    0.017375    0.064157    0.220522   10.269217 ^ clkbuf_0_clk/X (sky130_fd_sc_hd__clkbuf_16)
                                                         clknet_0_clk (net)
                      0.064157    0.000274   10.269490 ^ clkbuf_1_1__f_clk/A (sky130_fd_sc_hd__clkbuf_16)
     2    0.006142    0.049363    0.197644   10.467134 ^ clkbuf_1_1__f_clk/X (sky130_fd_sc_hd__clkbuf_16)
                                                         clknet_1_1__leaf_clk (net)
                      0.049363    0.000149   10.467283 ^ _24_/CLK (sky130_fd_sc_hd__dfrtp_2)
                                 -0.250000   10.217283   clock uncertainty
                                  0.000000   10.217283   clock reconvergence pessimism
                                  0.445789   10.663073   library recovery time
                                             10.663073   data required time
---------------------------------------------------------------------------------------------
                                             10.663073   data required time
                                             -2.142902   data arrival time
---------------------------------------------------------------------------------------------
                                              8.520170   slack (MET)


Startpoint: path_sel[0] (input port clocked by clk)
Endpoint: _23_ (rising edge-triggered flip-flop clocked by clk)
Path Group: clk
Path Type: max

Fanout         Cap        Slew       Delay        Time   Description
---------------------------------------------------------------------------------------------
                                  0.000000    0.000000   clock clk (rise edge)
                                  0.000000    0.000000   clock network delay (propagated)
                                  2.000000    2.000000 ^ input external delay
     4    0.022140    0.164845    0.112697    2.112697 ^ path_sel[0] (in)
                                                         path_sel[0] (net)
                      0.164848    0.000000    2.112697 ^ _18_/S (sky130_fd_sc_hd__mux2_1)
     1    0.002712    0.109233    0.729531    2.842227 v _18_/X (sky130_fd_sc_hd__mux2_1)
                                                         _09_ (net)
                      0.109233    0.000079    2.842306 v _19_/B1 (sky130_fd_sc_hd__a221o_2)
     1    0.003082    0.089255    0.629685    3.471991 v _19_/X (sky130_fd_sc_hd__a221o_2)
                                                         _10_ (net)
                      0.089255    0.000092    3.472083 v _20_/B1 (sky130_fd_sc_hd__o21a_2)
     3    0.009348    0.088917    0.250763    3.722846 v _20_/X (sky130_fd_sc_hd__o21a_2)
                                                         dc_inst.in (net)
                      0.088917    0.000357    3.723203 v _23_/D (sky130_fd_sc_hd__dfrtp_2)
                                              3.723203   data arrival time

                                 10.000000   10.000000   clock clk (rise edge)
                                  0.000000   10.000000   clock source latency
     1    0.009246    0.075984    0.048694   10.048695 ^ clk (in)
                                                         clk (net)
                      0.075985    0.000000   10.048695 ^ clkbuf_0_clk/A (sky130_fd_sc_hd__clkbuf_16)
     2    0.017375    0.064157    0.220522   10.269217 ^ clkbuf_0_clk/X (sky130_fd_sc_hd__clkbuf_16)
                                                         clknet_0_clk (net)
                      0.064157    0.000372   10.269589 ^ clkbuf_1_0__f_clk/A (sky130_fd_sc_hd__clkbuf_16)
     2    0.004994    0.047800    0.195475   10.465064 ^ clkbuf_1_0__f_clk/X (sky130_fd_sc_hd__clkbuf_16)
                                                         clknet_1_0__leaf_clk (net)
                      0.047800    0.000087   10.465151 ^ _23_/CLK (sky130_fd_sc_hd__dfrtp_2)
                                 -0.250000   10.215151   clock uncertainty
                                  0.000000   10.215151   clock reconvergence pessimism
                                 -0.290431    9.924719   library setup time
                                              9.924719   data required time
---------------------------------------------------------------------------------------------
                                              9.924719   data required time
                                             -3.723203   data arrival time
---------------------------------------------------------------------------------------------
                                              6.201516   slack (MET)




===========================================================================
report_checks --slack_max -0.01
============================================================================
======================= nom_ss_100C_1v60 Corner ===================================

No paths found.


===========================================================================
 report_check_types -max_slew -max_cap -max_fanout -violators
============================================================================
======================= nom_ss_100C_1v60 Corner ===================================



===========================================================================
report_parasitic_annotation -report_unannotated
============================================================================
Found 1 unannotated drivers.
 clkload0/X
Found 0 partially unannotated drivers.

===========================================================================
max slew violation count 0
max fanout violation count 0
max cap violation count 0
============================================================================

===========================================================================
check_setup -verbose -unconstrained_endpoints -multiple_clock -no_clock -no_input_delay -loops -generated_clocks
===========================================================================
Warning: There is 1 unconstrained endpoint.
  _24_/D
