Clock: clk
Sources: clk 
Generated: no
Virtual: yes
Propagated: no
Period: 10.000000

===========================================================================
report_clock_properties
============================================================================
Clock                   Period          Waveform
----------------------------------------------------
clk                  10.000000    0.000000  5.000000

===========================================================================
report_clock_latency
============================================================================
Clock clk
rise -> rise
    min     max
0.000000 0.000000 source latency
0.465150         network latency _23_/CLK
        0.467283 network latency _24_/CLK
---------------
0.465150 0.467283 latency
        0.002133 skew

fall -> fall
    min     max
0.000000 0.000000 source latency
0.493813         network latency _23_/CLK
        0.495581 network latency _24_/CLK
---------------
0.493813 0.495581 latency
        0.001769 skew



===========================================================================
report_clock_min_period
============================================================================
clk period_min = 2.36 fmax = 422.85
