Reading OpenROAD database at '/foss/designs/pmu_design/rca/1-librelane/runs/run_rca_flow/125-openroad-globalrouting/rca.odb'…
Reading library file at '/foss/pdks/sky130A/libs.ref/sky130_fd_sc_hd/lib/sky130_fd_sc_hd__tt_025C_1v80.lib'…
Reading library file at '/foss/designs/pmu_design/rca/1-librelane/macros/pmu/lib/nom_tt_025C_1v80/pmu__nom_tt_025C_1v80.lib'…
Reading macro library file at '/foss/designs/pmu_design/rca/1-librelane/macros/pmu/lib/nom_tt_025C_1v80/pmu__nom_tt_025C_1v80.lib'…
[WARNING STA-1140] /foss/designs/pmu_design/rca/1-librelane/macros/pmu/lib/nom_tt_025C_1v80/pmu__nom_tt_025C_1v80.lib line 1, library pmu already exists.
Reading design constraints file at '/foss/designs/pmu_design/rca/1-librelane/rca.sdc'…
[INFO] Using clock clk…
[INFO] Setting output delay to: 3
[INFO] Setting input delay to: 3
[INFO] Setting load to: 0.033442
[INFO] Setting clock uncertainty to: 0.25
[INFO] Setting clock transition to: 0.1499999999999999944488848768742172978818416595458984375
[INFO] Setting timing derate to: 5%
[INFO] Applying custom path constraint for delay chain (so that slack/hold violations are not considered)
%OL_CREATE_REPORT /foss/designs/pmu_design/rca/1-librelane/runs/run_rca_flow/126-openroad-checkantennas/reports/antenna.rpt
Net: net42
  Pin:   output42/A (sky130_fd_sc_hd__buf_2)
    Layer: mcon
      Partial area ratio:    0.18
      Required ratio:    3.00 (Gate area) 
      Cumulative area ratio:    0.18
      Required ratio:    0.00 (Cumulative area) 

    Layer: met1
      Partial area ratio:  119.97
      Required ratio:    0.00 (Gate area) 
      Cumulative area ratio:  119.97
      Required ratio:    0.00 (Cumulative area) 
      Partial area ratio:  598.68
      Required ratio:  400.00 (Side area) (VIOLATED)
      Cumulative area ratio:  598.68
      Required ratio:    0.00 (Cumulative side area) 

    Layer: via
      Partial area ratio:    0.28
      Required ratio:    6.00 (Gate area) 
      Cumulative area ratio:    0.46
      Required ratio:    0.00 (Cumulative area) 

    Layer: met2
      Partial area ratio:    7.89
      Required ratio:    0.00 (Gate area) 
      Cumulative area ratio:  127.86
      Required ratio:    0.00 (Cumulative area) 
      Partial area ratio:   38.57
      Required ratio: 2771.60 (Side area) 
      Cumulative area ratio:  637.25
      Required ratio:    0.00 (Cumulative side area) 



Net: net44
  Pin:   output44/A (sky130_fd_sc_hd__buf_2)
    Layer: mcon
      Partial area ratio:    0.18
      Required ratio:    3.00 (Gate area) 
      Cumulative area ratio:    0.18
      Required ratio:    0.00 (Cumulative area) 

    Layer: met1
      Partial area ratio:  119.04
      Required ratio:    0.00 (Gate area) 
      Cumulative area ratio:  119.04
      Required ratio:    0.00 (Cumulative area) 
      Partial area ratio:  594.02
      Required ratio:  400.00 (Side area) (VIOLATED)
      Cumulative area ratio:  594.02
      Required ratio:    0.00 (Cumulative side area) 

    Layer: via
      Partial area ratio:    0.28
      Required ratio:    6.00 (Gate area) 
      Cumulative area ratio:    0.46
      Required ratio:    0.00 (Cumulative area) 

    Layer: met2
      Partial area ratio:    7.89
      Required ratio:    0.00 (Gate area) 
      Cumulative area ratio:  126.92
      Required ratio:    0.00 (Cumulative area) 
      Partial area ratio:   38.57
      Required ratio: 2771.60 (Side area) 
      Cumulative area ratio:  632.58
      Required ratio:    0.00 (Cumulative side area) 



Net: net52
  Pin:   output52/A (sky130_fd_sc_hd__buf_2)
    Layer: mcon
      Partial area ratio:    0.18
      Required ratio:    3.00 (Gate area) 
      Cumulative area ratio:    0.18
      Required ratio:    0.00 (Cumulative area) 

    Layer: met1
      Partial area ratio:  125.34
      Required ratio:    0.00 (Gate area) 
      Cumulative area ratio:  125.34
      Required ratio:    0.00 (Cumulative area) 
      Partial area ratio:  625.54
      Required ratio:  400.00 (Side area) (VIOLATED)
      Cumulative area ratio:  625.54
      Required ratio:    0.00 (Cumulative side area) 

    Layer: via
      Partial area ratio:    0.28
      Required ratio:    6.00 (Gate area) 
      Cumulative area ratio:    0.46
      Required ratio:    0.00 (Cumulative area) 

    Layer: met2
      Partial area ratio:    7.89
      Required ratio:    0.00 (Gate area) 
      Cumulative area ratio:  133.23
      Required ratio:    0.00 (Cumulative area) 
      Partial area ratio:   38.57
      Required ratio: 2771.60 (Side area) 
      Cumulative area ratio:  664.11
      Required ratio:    0.00 (Cumulative side area) 



[INFO ANT-0002] Found 3 net violations.
[INFO ANT-0001] Found 3 pin violations.
%OL_END_REPORT
