Clock: clk
Sources: clk 
Generated: no
Virtual: yes
Propagated: no
Period: 10.000000

===========================================================================
report_clock_properties
============================================================================
Clock                   Period          Waveform
----------------------------------------------------
clk                  10.000000    0.000000  5.000000

===========================================================================
report_clock_latency
============================================================================
Clock clk
rise -> rise
    min     max
0.000000 0.000000 source latency
0.266099         network latency _23_/CLK
        0.267287 network latency _24_/CLK
---------------
0.266099 0.267287 latency
        0.001188 skew

fall -> fall
    min     max
0.000000 0.000000 source latency
0.275713         network latency _23_/CLK
        0.276701 network latency _24_/CLK
---------------
0.275713 0.276701 latency
        0.000989 skew



===========================================================================
report_clock_min_period
============================================================================
clk period_min = 1.24 fmax = 808.28
