102. Printing statistics.

=== rca ===

        +----------Local Count, excluding submodules.
        |        +-Local Area, excluding submodules.
        |        | 
      172        - wires
      219        - wire bits
       59        - public wires
      106        - public wire bits
        9        - ports
       56        - port bits
      181  1313.76 cells
       17        -   $_ANDNOT_
        2        -   $_AND_
       14        -   $_NAND_
       14        -   $_NOR_
       50        -   $_NOT_
        1        -   $_OR_
       17        -   $_XNOR_
       15        -   $_XOR_
        1        -   pmu
       50  1313.76   sky130_fd_sc_hd__dfrtp_2

   Area for cell type $_ANDNOT_ is unknown!
   Area for cell type $_AND_ is unknown!
   Area for cell type $_NAND_ is unknown!
   Area for cell type $_NOR_ is unknown!
   Area for cell type $_NOT_ is unknown!
   Area for cell type $_OR_ is unknown!
   Area for cell type $_XNOR_ is unknown!
   Area for cell type $_XOR_ is unknown!
   Area for cell type \pmu is unknown!

   Chip area for module '\rca': 1313.760000
     of which used for sequential elements: 1313.760000 (100.00%)

