[WARNING ORD-0039] .openroad ignored with -python
Top-level design name: rca
Block boundaries: 0 0 200000 200000
Horizontal Tracks Origin: 340, Count: 294, Step: 680
Vertical Tracks Origin: 230, Count: 435, Step: 460
Placement details for the N side
Virtual pin count:  0
Actual pin count:  2
Total pin count:  2
Tracks count:  435
Tracks per pin:  217
Used tracks count:  218
Unused track count:  217
Starting track index:  108
Placement details for the E side
Virtual pin count:  0
Actual pin count:  17
Total pin count:  17
Tracks count:  147
Tracks per pin:  8
Used tracks count:  129
Unused track count:  18
Starting track index:  9
Placement details for the W side
Virtual pin count:  0
Actual pin count:  36
Total pin count:  36
Tracks count:  147
Tracks per pin:  4
Used tracks count:  141
Unused track count:  6
Starting track index:  3
Placement details for the S side
Virtual pin count:  0
Actual pin count:  1
Total pin count:  1
Tracks count:  435
Tracks per pin:  435
Used tracks count:  1
Unused track count:  434
Starting track index:  217
