
===========================================================================
report_checks -unconstrained
===========================================================================
======================= nom_ff_n40C_1v95 Corner ===================================

Startpoint: rst (input port clocked by clk)
Endpoint: _293_ (recovery check against rising-edge clock clk)
Path Group: asynchronous
Path Type: max

Fanout         Cap        Slew       Delay        Time   Description
---------------------------------------------------------------------------------------------
                      0.150000    0.000000    0.000000   clock clk (rise edge)
                                  0.000000    0.000000   clock network delay (ideal)
                                  3.000000    3.000000 v input external delay
    53    0.227105    0.334606    0.252202    3.252202 v rst (in)
                                                         rst (net)
                      0.334606    0.000000    3.252202 v _243_/A (sky130_fd_sc_hd__inv_2)
     1    0.005370    0.068092    0.108631    3.360832 ^ _243_/Y (sky130_fd_sc_hd__inv_2)
                                                         _038_ (net)
                      0.068092    0.000128    3.360960 ^ _293_/RESET_B (sky130_fd_sc_hd__dfrtp_2)
                                              3.360960   data arrival time

                      0.150000   15.000000   15.000000   clock clk (rise edge)
                                  0.000000   15.000000   clock network delay (ideal)
                                 -0.250000   14.750000   clock uncertainty
                                  0.000000   14.750000   clock reconvergence pessimism
                                             14.750000 ^ _293_/CLK (sky130_fd_sc_hd__dfrtp_2)
                                  0.142474   14.892473   library recovery time
                                             14.892473   data required time
---------------------------------------------------------------------------------------------
                                             14.892473   data required time
                                             -3.360960   data arrival time
---------------------------------------------------------------------------------------------
                                             11.531514   slack (MET)


Startpoint: _271_ (rising edge-triggered flip-flop clocked by clk)
Endpoint: cout (output port clocked by clk)
Path Group: clk
Path Type: max

Fanout         Cap        Slew       Delay        Time   Description
---------------------------------------------------------------------------------------------
                      0.150000    0.000000    0.000000   clock clk (rise edge)
                                  0.000000    0.000000   clock network delay (ideal)
                      0.150000    0.000000    0.000000 ^ _271_/CLK (sky130_fd_sc_hd__dfrtp_2)
     1    0.033442    0.078319    0.325229    0.325229 v _271_/Q (sky130_fd_sc_hd__dfrtp_2)
                                                         cout (net)
                      0.078319    0.000000    0.325229 v cout (out)
                                              0.325229   data arrival time

                      0.150000   15.000000   15.000000   clock clk (rise edge)
                                  0.000000   15.000000   clock network delay (ideal)
                                 -0.250000   14.750000   clock uncertainty
                                  0.000000   14.750000   clock reconvergence pessimism
                                 -3.000000   11.750000   output external delay
                                             11.750000   data required time
---------------------------------------------------------------------------------------------
                                             11.750000   data required time
                                             -0.325229   data arrival time
---------------------------------------------------------------------------------------------
                                             11.424770   slack (MET)




===========================================================================
report_checks --slack_max -0.01
============================================================================
======================= nom_ff_n40C_1v95 Corner ===================================

No paths found.


===========================================================================
 report_check_types -max_slew -max_cap -max_fanout -violators
============================================================================
======================= nom_ff_n40C_1v95 Corner ===================================

max slew

Pin                                        Limit        Slew       Slack
------------------------------------------------------------------------
rst                                     0.750000    0.830238   -0.080238 (VIOLATED)
_125_/A                                 0.750000    0.830238   -0.080238 (VIOLATED)
_206_/A                                 0.750000    0.830238   -0.080238 (VIOLATED)
_207_/A                                 0.750000    0.830238   -0.080238 (VIOLATED)
_208_/A                                 0.750000    0.830238   -0.080238 (VIOLATED)
_209_/A                                 0.750000    0.830238   -0.080238 (VIOLATED)
_210_/A                                 0.750000    0.830238   -0.080238 (VIOLATED)
_211_/A                                 0.750000    0.830238   -0.080238 (VIOLATED)
_212_/A                                 0.750000    0.830238   -0.080238 (VIOLATED)
_213_/A                                 0.750000    0.830238   -0.080238 (VIOLATED)
_214_/A                                 0.750000    0.830238   -0.080238 (VIOLATED)
_215_/A                                 0.750000    0.830238   -0.080238 (VIOLATED)
_216_/A                                 0.750000    0.830238   -0.080238 (VIOLATED)
_217_/A                                 0.750000    0.830238   -0.080238 (VIOLATED)
_218_/A                                 0.750000    0.830238   -0.080238 (VIOLATED)
_219_/A                                 0.750000    0.830238   -0.080238 (VIOLATED)
_220_/A                                 0.750000    0.830238   -0.080238 (VIOLATED)
_221_/A                                 0.750000    0.830238   -0.080238 (VIOLATED)
_222_/A                                 0.750000    0.830238   -0.080238 (VIOLATED)
_223_/A                                 0.750000    0.830238   -0.080238 (VIOLATED)
_224_/A                                 0.750000    0.830238   -0.080238 (VIOLATED)
_225_/A                                 0.750000    0.830238   -0.080238 (VIOLATED)
_226_/A                                 0.750000    0.830238   -0.080238 (VIOLATED)
_227_/A                                 0.750000    0.830238   -0.080238 (VIOLATED)
_228_/A                                 0.750000    0.830238   -0.080238 (VIOLATED)
_229_/A                                 0.750000    0.830238   -0.080238 (VIOLATED)
_230_/A                                 0.750000    0.830238   -0.080238 (VIOLATED)
_231_/A                                 0.750000    0.830238   -0.080238 (VIOLATED)
_232_/A                                 0.750000    0.830238   -0.080238 (VIOLATED)
_233_/A                                 0.750000    0.830238   -0.080238 (VIOLATED)
_234_/A                                 0.750000    0.830238   -0.080238 (VIOLATED)
_235_/A                                 0.750000    0.830238   -0.080238 (VIOLATED)
_236_/A                                 0.750000    0.830238   -0.080238 (VIOLATED)
_237_/A                                 0.750000    0.830238   -0.080238 (VIOLATED)
_238_/A                                 0.750000    0.830238   -0.080238 (VIOLATED)
_239_/A                                 0.750000    0.830238   -0.080238 (VIOLATED)
_240_/A                                 0.750000    0.830238   -0.080238 (VIOLATED)
_241_/A                                 0.750000    0.830238   -0.080238 (VIOLATED)
_242_/A                                 0.750000    0.830238   -0.080238 (VIOLATED)
_243_/A                                 0.750000    0.830238   -0.080238 (VIOLATED)
_244_/A                                 0.750000    0.830238   -0.080238 (VIOLATED)
_245_/A                                 0.750000    0.830238   -0.080238 (VIOLATED)
_246_/A                                 0.750000    0.830238   -0.080238 (VIOLATED)
_247_/A                                 0.750000    0.830238   -0.080238 (VIOLATED)
_248_/A                                 0.750000    0.830238   -0.080238 (VIOLATED)
_249_/A                                 0.750000    0.830238   -0.080238 (VIOLATED)
_250_/A                                 0.750000    0.830238   -0.080238 (VIOLATED)
_251_/A                                 0.750000    0.830238   -0.080238 (VIOLATED)
_252_/A                                 0.750000    0.830238   -0.080238 (VIOLATED)
_253_/A                                 0.750000    0.830238   -0.080238 (VIOLATED)
_254_/A                                 0.750000    0.830238   -0.080238 (VIOLATED)
pmu_inst/_12_/A                         0.750000    0.830238   -0.080238 (VIOLATED)
pmu_inst/_21_/A                         0.750000    0.830238   -0.080238 (VIOLATED)
pmu_inst/_22_/A                         0.750000    0.830238   -0.080238 (VIOLATED)

max fanout

Pin                                   Limit Fanout  Slack
---------------------------------------------------------
rst                                      10     53    -43 (VIOLATED)

max capacitance

Pin                                        Limit         Cap       Slack
------------------------------------------------------------------------
rst                                     0.200000    0.246556   -0.046556 (VIOLATED)



===========================================================================
report_parasitic_annotation -report_unannotated
============================================================================
Found 13 unannotated drivers.
 _305_/HI
 _306_/HI
 _307_/HI
 _308_/HI
 _309_/HI
 _310_/HI
 _311_/HI
 _312_/HI
 _313_/HI
 _314_/HI
 _315_/HI
 _316_/HI
 pmu_inst/clkload0/X
Found 69 partially unannotated drivers.
 a[0]
  _272_/D
 a[10]
  _282_/D
 a[11]
  _283_/D
 a[12]
  _284_/D
 a[13]
  _285_/D
 a[14]
  _286_/D
 a[15]
  _287_/D
 a[1]
  _273_/D
 a[2]
  _274_/D
 a[3]
  _275_/D
 a[4]
  _276_/D
 a[5]
  _277_/D
 a[6]
  _278_/D
 a[7]
  _279_/D
 a[8]
  _280_/D
 a[9]
  _281_/D
 b[0]
  _288_/D
 b[10]
  _298_/D
 b[11]
  _299_/D
 b[12]
  _300_/D
 b[13]
  _301_/D
 b[14]
  _302_/D
 b[15]
  _303_/D
 b[1]
  _289_/D
 b[2]
  _290_/D
 b[3]
  _291_/D
 b[4]
  _292_/D
 b[5]
  _293_/D
 b[6]
  _294_/D
 b[7]
  _295_/D
 b[8]
  _296_/D
 b[9]
  _297_/D
 cin
  _304_/D
 clk
  _255_/CLK
  _256_/CLK
  _257_/CLK
  _258_/CLK
  _259_/CLK
  _260_/CLK
  _261_/CLK
  _262_/CLK
  _263_/CLK
  _264_/CLK
  _265_/CLK
  _266_/CLK
  _267_/CLK
  _268_/CLK
  _269_/CLK
  _270_/CLK
  _271_/CLK
  _272_/CLK
  _273_/CLK
  _274_/CLK
  _275_/CLK
  _276_/CLK
  _277_/CLK
  _278_/CLK
  _279_/CLK
  _280_/CLK
  _281_/CLK
  _282_/CLK
  _283_/CLK
  _284_/CLK
  _285_/CLK
  _286_/CLK
  _287_/CLK
  _288_/CLK
  _289_/CLK
  _290_/CLK
  _291_/CLK
  _292_/CLK
  _293_/CLK
  _294_/CLK
  _295_/CLK
  _296_/CLK
  _297_/CLK
  _298_/CLK
  _299_/CLK
  _300_/CLK
  _301_/CLK
  _302_/CLK
  _303_/CLK
  _304_/CLK
  pmu_inst/clkbuf_0_clk/A
 delay_sel[0]
  pmu_inst/dc_inst.x8/S0
  pmu_inst/dc_inst.x9/S0
 delay_sel[1]
  pmu_inst/dc_inst.x8/S1
  pmu_inst/dc_inst.x9/S1
 delay_sel[2]
  pmu_inst/dc_inst.x10/S
 rst
  _125_/A
  _206_/A
  _207_/A
  _208_/A
  _209_/A
  _210_/A
  _211_/A
  _212_/A
  _213_/A
  _214_/A
  _215_/A
  _216_/A
  _217_/A
  _218_/A
  _219_/A
  _220_/A
  _221_/A
  _222_/A
  _223_/A
  _224_/A
  _225_/A
  _226_/A
  _227_/A
  _228_/A
  _229_/A
  _230_/A
  _231_/A
  _232_/A
  _233_/A
  _234_/A
  _235_/A
  _236_/A
  _237_/A
  _238_/A
  _239_/A
  _240_/A
  _241_/A
  _242_/A
  _243_/A
  _244_/A
  _245_/A
  _246_/A
  _247_/A
  _248_/A
  _249_/A
  _250_/A
  _251_/A
  _252_/A
  _253_/A
  _254_/A
  pmu_inst/_12_/A
  pmu_inst/_21_/A
  pmu_inst/_22_/A
 _255_/Q
  s[0]
 _256_/Q
  s[1]
 _257_/Q
  s[2]
 _258_/Q
  s[3]
 _259_/Q
  s[4]
 _260_/Q
  s[5]
 _261_/Q
  s[6]
 _262_/Q
  s[7]
 _263_/Q
  s[8]
 _264_/Q
  s[9]
 _265_/Q
  s[10]
 _266_/Q
  s[11]
 _267_/Q
  s[12]
 _268_/Q
  s[13]
 _269_/Q
  s[14]
 _270_/Q
  s[15]
 _271_/Q
  cout
 _304_/Q
  _129_/A
 _305_/LO
  pmu_inst/_16_/A_N
 _306_/LO
  pmu_inst/_18_/A0
 _307_/LO
  pmu_inst/_18_/A1
 _308_/LO
  pmu_inst/_15_/A0
 _309_/LO
  pmu_inst/_15_/A1
 _310_/LO
  pmu_inst/_15_/A2
 _311_/LO
  pmu_inst/_15_/A3
 _312_/LO
  pmu_inst/_15_/S0
  pmu_inst/_16_/B
  pmu_inst/_17_/A2
  pmu_inst/_18_/S
 _313_/LO
  pmu_inst/_15_/S1
  pmu_inst/_17_/B1_N
  pmu_inst/_19_/B2
 _314_/LO
  pmu_inst/_11_/A
  pmu_inst/_19_/C1
 _315_/LO
  pmu_inst/_14_/S
 _316_/LO
  pmu_inst/_14_/A1
 pmu_inst/_25_/Q
  tdo

===========================================================================
max slew violation count 54
max fanout violation count 1
max cap violation count 1
============================================================================

===========================================================================
check_setup -verbose -unconstrained_endpoints -multiple_clock -no_clock -no_input_delay -loops -generated_clocks
===========================================================================
Warning: There are 2 unconstrained endpoints.
  pmu_inst/_23_/D
  pmu_inst/_24_/D
