Starting…
Running 'Verilator.Lint' at 'runs/run_pmu_flow/01-verilator-lint'…
Logging subprocess to [repr.filename]'runs/run_pmu_flow/01-verilator-lint/verilator-lint.log'[/repr.filename]…
Running 'Checker.LintTimingConstructs' at 'runs/run_pmu_flow/02-checker-linttimingconstructs'…
Check for Lint Timing Errors clear.
Running 'Checker.LintErrors' at 'runs/run_pmu_flow/03-checker-linterrors'…
Check for Lint errors clear.
Running 'Checker.LintWarnings' at 'runs/run_pmu_flow/04-checker-lintwarnings'…
172 Lint warnings found.
Running 'Yosys.JsonHeader' at 'runs/run_pmu_flow/05-yosys-jsonheader'…
Logging subprocess to [repr.filename]'runs/run_pmu_flow/05-yosys-jsonheader/yosys-jsonheader.log'[/repr.filename]…
Running 'Yosys.Synthesis' at 'runs/run_pmu_flow/06-yosys-synthesis'…
Logging subprocess to [repr.filename]'runs/run_pmu_flow/06-yosys-synthesis/yosys-synthesis.log'[/repr.filename]…
Parsing synthesis checks…
Running 'Checker.YosysUnmappedCells' at 'runs/run_pmu_flow/07-checker-yosysunmappedcells'…
Check for Unmapped Yosys instances clear.
Running 'Checker.YosysSynthChecks' at 'runs/run_pmu_flow/08-checker-yosyssynthchecks'…
Check for Yosys check errors clear.
Running 'Checker.NetlistAssignStatements' at 'runs/run_pmu_flow/09-checker-netlistassignstatements'…
Running 'OpenROAD.CheckSDCFiles' at 'runs/run_pmu_flow/10-openroad-checksdcfiles'…
'PNR_SDC_FILE' is not defined. Using generic fallback SDC for OpenROAD PnR steps.
'SIGNOFF_SDC_FILE' is not defined. Using generic fallback SDC for OpenROAD PnR steps.
Running 'OpenROAD.CheckMacroInstances' at 'runs/run_pmu_flow/11-openroad-checkmacroinstances'…
No macros found, skipping instance check…
Running 'OpenROAD.STAPrePNR' at 'runs/run_pmu_flow/12-openroad-staprepnr'…
Starting STA for the nom_tt_025C_1v80 timing corner…
Starting STA for the nom_ss_100C_1v60 timing corner…
Starting STA for the nom_ff_n40C_1v95 timing corner…
Skipping corner min_tt_025C_1v80 for STA (identical to nom_tt_025C_1v80 at this stage)…
Skipping corner min_ss_100C_1v60 for STA (identical to nom_ss_100C_1v60 at this stage)…
Skipping corner min_ff_n40C_1v95 for STA (identical to nom_ff_n40C_1v95 at this stage)…
Skipping corner max_tt_025C_1v80 for STA (identical to nom_tt_025C_1v80 at this stage)…
Skipping corner max_ss_100C_1v60 for STA (identical to nom_ss_100C_1v60 at this stage)…
Skipping corner max_ff_n40C_1v95 for STA (identical to nom_ff_n40C_1v95 at this stage)…
Logging subprocess to [repr.filename]'runs/run_pmu_flow/12-openroad-staprepnr/nom_ss_100C_1v60/sta.log'[/repr.filename]…
Logging subprocess to [repr.filename]'runs/run_pmu_flow/12-openroad-staprepnr/nom_tt_025C_1v80/sta.log'[/repr.filename]…
Logging subprocess to [repr.filename]'runs/run_pmu_flow/12-openroad-staprepnr/nom_ff_n40C_1v95/sta.log'[/repr.filename]…
Finished STA for the nom_ss_100C_1v60 timing corner.
Finished STA for the nom_ff_n40C_1v95 timing corner.
Finished STA for the nom_tt_025C_1v80 timing corner.
Running 'OpenROAD.Floorplan' at 'runs/run_pmu_flow/13-openroad-floorplan'…
Logging subprocess to [repr.filename]'runs/run_pmu_flow/13-openroad-floorplan/openroad-floorplan.log'[/repr.filename]…
Running 'Odb.CheckMacroAntennaProperties' at 'runs/run_pmu_flow/14-odb-checkmacroantennaproperties'…
No cells provided, skipping…
Running 'Odb.SetPowerConnections' at 'runs/run_pmu_flow/15-odb-setpowerconnections'…
Logging subprocess to [repr.filename]'runs/run_pmu_flow/15-odb-setpowerconnections/odb-setpowerconnections.log'[/repr.filename]…
Running 'Odb.ManualMacroPlacement' at 'runs/run_pmu_flow/16-odb-manualmacroplacement'…
No instances found, skipping 'Odb.ManualMacroPlacement'…
Running 'OpenROAD.CutRows' at 'runs/run_pmu_flow/17-openroad-cutrows'…
Logging subprocess to [repr.filename]'runs/run_pmu_flow/17-openroad-cutrows/openroad-cutrows.log'[/repr.filename]…
Running 'OpenROAD.TapEndcapInsertion' at 'runs/run_pmu_flow/18-openroad-tapendcapinsertion'…
Logging subprocess to [repr.filename]'runs/run_pmu_flow/18-openroad-tapendcapinsertion/openroad-tapendcapinsertion.log'[/repr.filename]…
Running 'Odb.AddPDNObstructions' at 'runs/run_pmu_flow/19-odb-addpdnobstructions'…
'PDN_OBSTRUCTIONS' is not defined. Skipping 'Odb.AddPDNObstructions'…
Running 'OpenROAD.GeneratePDN' at 'runs/run_pmu_flow/20-openroad-generatepdn'…
'FP_PDN_CFG' not explicitly set, setting it to /usr/local/lib/python3.12/dist-packages/librelane/scripts/openroad/common/pdn_cfg.tcl…
Logging subprocess to [repr.filename]'runs/run_pmu_flow/20-openroad-generatepdn/openroad-generatepdn.log'[/repr.filename]…
Running 'Odb.RemovePDNObstructions' at 'runs/run_pmu_flow/21-odb-removepdnobstructions'…
'PDN_OBSTRUCTIONS' is not defined. Skipping 'Odb.RemovePDNObstructions'…
Running 'Odb.AddRoutingObstructions' at 'runs/run_pmu_flow/22-odb-addroutingobstructions'…
'ROUTING_OBSTRUCTIONS' is not defined. Skipping 'Odb.AddRoutingObstructions'…
Running 'OpenROAD.GlobalPlacementSkipIO' at 'runs/run_pmu_flow/23-openroad-globalplacementskipio'…
'PL_TARGET_DENSITY_PCT' not explicitly set, using dynamically calculated target density: 83.744300…
Logging subprocess to [repr.filename]'runs/run_pmu_flow/23-openroad-globalplacementskipio/openroad-globalplacementskipio.log'[/repr.filename]…
Running 'OpenROAD.IOPlacement' at 'runs/run_pmu_flow/24-openroad-ioplacement'…
FP_PIN_ORDER_CFG is set. Skipping 'OpenROAD.IOPlacement'…
Running 'Odb.CustomIOPlacement' at 'runs/run_pmu_flow/25-odb-customioplacement'…
Logging subprocess to [repr.filename]'runs/run_pmu_flow/25-odb-customioplacement/odb-customioplacement.log'[/repr.filename]…
Running 'Odb.ApplyDEFTemplate' at 'runs/run_pmu_flow/26-odb-applydeftemplate'…
No DEF template provided, skipping…
Running 'OpenROAD.GlobalPlacement' at 'runs/run_pmu_flow/27-openroad-globalplacement'…
'PL_TARGET_DENSITY_PCT' not explicitly set, using dynamically calculated target density: 83.744300…
Logging subprocess to [repr.filename]'runs/run_pmu_flow/27-openroad-globalplacement/openroad-globalplacement.log'[/repr.filename]…
Running 'Odb.WriteVerilogHeader' at 'runs/run_pmu_flow/28-odb-writeverilogheader'…
Logging subprocess to [repr.filename]'runs/run_pmu_flow/28-odb-writeverilogheader/odb-writeverilogheader.log'[/repr.filename]…
Running 'Checker.PowerGridViolations' at 'runs/run_pmu_flow/29-checker-powergridviolations'…
Check for power grid violations (as reported by OpenROAD PSM- you may ignore these if LVS passes) clear.
Running 'OpenROAD.STAMidPNR' at 'runs/run_pmu_flow/30-openroad-stamidpnr'…
Logging subprocess to [repr.filename]'runs/run_pmu_flow/30-openroad-stamidpnr/openroad-stamidpnr.log'[/repr.filename]…
[GRT-0097] No global routing found for nets.
Gating variable for step 'OpenROAD.RepairDesignPostGPL' set to 'False'- the step will be skipped.
Skipping step 'Repair Design (Post-Global Placement)'…
Running 'Odb.ManualGlobalPlacement' at 'runs/run_pmu_flow/31-odb-manualglobalplacement'…
'MANUAL_GLOBAL_PLACEMENTS' not set, skipping…
Running 'OpenROAD.DetailedPlacement' at 'runs/run_pmu_flow/32-openroad-detailedplacement'…
Logging subprocess to [repr.filename]'runs/run_pmu_flow/32-openroad-detailedplacement/openroad-detailedplacement.log'[/repr.filename]…
Running 'OpenROAD.CTS' at 'runs/run_pmu_flow/33-openroad-cts'…
Logging subprocess to [repr.filename]'runs/run_pmu_flow/33-openroad-cts/openroad-cts.log'[/repr.filename]…
Running 'OpenROAD.STAMidPNR-1' at 'runs/run_pmu_flow/34-openroad-stamidpnr-1'…
Logging subprocess to [repr.filename]'runs/run_pmu_flow/34-openroad-stamidpnr-1/openroad-stamidpnr-1.log'[/repr.filename]…
[GRT-0097] No global routing found for nets.
Gating variable for step 'OpenROAD.ResizerTimingPostCTS' set to 'False'- the step will be skipped.
Skipping step 'Resizer Timing Optimizations (Post-Clock Tree Synthesis)'…
Running 'OpenROAD.STAMidPNR-2' at 'runs/run_pmu_flow/35-openroad-stamidpnr-2'…
Logging subprocess to [repr.filename]'runs/run_pmu_flow/35-openroad-stamidpnr-2/openroad-stamidpnr-2.log'[/repr.filename]…
[GRT-0097] No global routing found for nets.
Running 'OpenROAD.GlobalRouting' at 'runs/run_pmu_flow/36-openroad-globalrouting'…
Logging subprocess to [repr.filename]'runs/run_pmu_flow/36-openroad-globalrouting/openroad-globalrouting.log'[/repr.filename]…
Running 'OpenROAD.CheckAntennas' at 'runs/run_pmu_flow/37-openroad-checkantennas'…
Logging subprocess to [repr.filename]'runs/run_pmu_flow/37-openroad-checkantennas/openroad-checkantennas.log'[/repr.filename]…
Gating variable for step 'OpenROAD.RepairDesignPostGRT' set to 'False'- the step will be skipped.
Skipping step 'Repair Design (Post-Global Routing)'…
Running 'Odb.DiodesOnPorts' at 'runs/run_pmu_flow/38-odb-diodesonports'…
'DIODE_ON_PORTS' is set to 'none': skipping…
Gating variable for step 'Odb.HeuristicDiodeInsertion' set to 'False'- the step will be skipped.
Skipping step 'Heuristic Diode Insertion'…
Running 'OpenROAD.RepairAntennas' at 'runs/run_pmu_flow/39-openroad-repairantennas'…
Running 'DiodeInsertion' at 'runs/run_pmu_flow/39-openroad-repairantennas/1-diodeinsertion'…
Logging subprocess to [repr.filename]'runs/run_pmu_flow/39-openroad-repairantennas/1-diodeinsertion/diodeinsertion.log'[/repr.filename]…
Running 'OpenROAD.CheckAntennas' at 'runs/run_pmu_flow/39-openroad-repairantennas/2-openroad-checkantennas'…
Logging subprocess to [repr.filename]'runs/run_pmu_flow/39-openroad-repairantennas/2-openroad-checkantennas/openroad-checkantennas.log'[/repr.filename]…
Gating variable for step 'OpenROAD.ResizerTimingPostGRT' set to 'False'- the step will be skipped.
Skipping step 'Resizer Timing Optimizations (Post-Global Routing)'…
Running 'OpenROAD.STAMidPNR-3' at 'runs/run_pmu_flow/40-openroad-stamidpnr-3'…
Logging subprocess to [repr.filename]'runs/run_pmu_flow/40-openroad-stamidpnr-3/openroad-stamidpnr-3.log'[/repr.filename]…
Running 'OpenROAD.DetailedRouting' at 'runs/run_pmu_flow/41-openroad-detailedrouting'…
Running TritonRoute with 20 threads…
Logging subprocess to [repr.filename]'runs/run_pmu_flow/41-openroad-detailedrouting/openroad-detailedrouting.log'[/repr.filename]…
[DRT-0349] LEF58_ENCLOSURE with no CUTCLASS is not supported. Skipping for layer mcon
[DRT-0349] LEF58_ENCLOSURE with no CUTCLASS is not supported. Skipping for layer mcon
[DRT-0349] LEF58_ENCLOSURE with no CUTCLASS is not supported. Skipping for layer via
[DRT-0349] LEF58_ENCLOSURE with no CUTCLASS is not supported. Skipping for layer via
[DRT-0349] LEF58_ENCLOSURE with no CUTCLASS is not supported. Skipping for layer via2
[DRT-0349] LEF58_ENCLOSURE with no CUTCLASS is not supported. Skipping for layer via2
[DRT-0349] LEF58_ENCLOSURE with no CUTCLASS is not supported. Skipping for layer via3
[DRT-0349] LEF58_ENCLOSURE with no CUTCLASS is not supported. Skipping for layer via3
[DRT-0349] LEF58_ENCLOSURE with no CUTCLASS is not supported. Skipping for layer via4
[DRT-0349] LEF58_ENCLOSURE with no CUTCLASS is not supported. Skipping for layer via4
Running 'Odb.RemoveRoutingObstructions' at 'runs/run_pmu_flow/42-odb-removeroutingobstructions'…
'ROUTING_OBSTRUCTIONS' is not defined. Skipping 'Odb.RemoveRoutingObstructions'…
Running 'OpenROAD.CheckAntennas-1' at 'runs/run_pmu_flow/43-openroad-checkantennas-1'…
Logging subprocess to [repr.filename]'runs/run_pmu_flow/43-openroad-checkantennas-1/openroad-checkantennas-1.log'[/repr.filename]…
Running 'Checker.TrDRC' at 'runs/run_pmu_flow/44-checker-trdrc'…
Check for Routing DRC errors clear.
Running 'Odb.ReportDisconnectedPins' at 'runs/run_pmu_flow/45-odb-reportdisconnectedpins'…
Logging subprocess to [repr.filename]'runs/run_pmu_flow/45-odb-reportdisconnectedpins/odb-reportdisconnectedpins.log'[/repr.filename]…
Running 'Checker.DisconnectedPins' at 'runs/run_pmu_flow/46-checker-disconnectedpins'…
Check for critical disconnected pins clear.
Running 'Odb.ReportWireLength' at 'runs/run_pmu_flow/47-odb-reportwirelength'…
Logging subprocess to [repr.filename]'runs/run_pmu_flow/47-odb-reportwirelength/odb-reportwirelength.log'[/repr.filename]…
Running 'Checker.WireLength' at 'runs/run_pmu_flow/48-checker-wirelength'…
Threshold for Threshold-surpassing long wires is not set. The checker will be skipped.
Running 'OpenROAD.FillInsertion' at 'runs/run_pmu_flow/49-openroad-fillinsertion'…
Logging subprocess to [repr.filename]'runs/run_pmu_flow/49-openroad-fillinsertion/openroad-fillinsertion.log'[/repr.filename]…
Running 'Odb.CellFrequencyTables' at 'runs/run_pmu_flow/50-odb-cellfrequencytables'…
Logging subprocess to [repr.filename]'runs/run_pmu_flow/50-odb-cellfrequencytables/buffer_list.txt'[/repr.filename]…
Logging subprocess to [repr.filename]'runs/run_pmu_flow/50-odb-cellfrequencytables/odb-cellfrequencytables.log'[/repr.filename]…
Running 'OpenROAD.RCX' at 'runs/run_pmu_flow/51-openroad-rcx'…
Running RCX for corners matching nom_* (/foss/designs/pmu_design/pmu/1-librelane/runs/run_pmu_flow/51-openroad-rcx/nom/rcx.log)…
Running RCX for corners matching max_* (/foss/designs/pmu_design/pmu/1-librelane/runs/run_pmu_flow/51-openroad-rcx/max/rcx.log)…
Running RCX for corners matching min_* (/foss/designs/pmu_design/pmu/1-librelane/runs/run_pmu_flow/51-openroad-rcx/min/rcx.log)…
Logging subprocess to [repr.filename]'runs/run_pmu_flow/51-openroad-rcx/nom/rcx.log'[/repr.filename]…
Logging subprocess to [repr.filename]'runs/run_pmu_flow/51-openroad-rcx/max/rcx.log'[/repr.filename]…
Logging subprocess to [repr.filename]'runs/run_pmu_flow/51-openroad-rcx/min/rcx.log'[/repr.filename]…
Finished RCX for corners matching nom_*.
Finished RCX for corners matching max_*.
Finished RCX for corners matching min_*.
Running 'OpenROAD.STAPostPNR' at 'runs/run_pmu_flow/52-openroad-stapostpnr'…
Starting STA for the nom_tt_025C_1v80 timing corner…
Starting STA for the nom_ss_100C_1v60 timing corner…
Starting STA for the nom_ff_n40C_1v95 timing corner…
Starting STA for the min_tt_025C_1v80 timing corner…
Starting STA for the min_ss_100C_1v60 timing corner…
Starting STA for the min_ff_n40C_1v95 timing corner…
Logging subprocess to [repr.filename]'runs/run_pmu_flow/52-openroad-stapostpnr/nom_tt_025C_1v80/sta.log'[/repr.filename]…
Starting STA for the max_tt_025C_1v80 timing corner…
Starting STA for the max_ss_100C_1v60 timing corner…
Logging subprocess to [repr.filename]'runs/run_pmu_flow/52-openroad-stapostpnr/nom_ss_100C_1v60/sta.log'[/repr.filename]…
Logging subprocess to [repr.filename]'runs/run_pmu_flow/52-openroad-stapostpnr/nom_ff_n40C_1v95/sta.log'[/repr.filename]…
Starting STA for the max_ff_n40C_1v95 timing corner…
Logging subprocess to [repr.filename]'runs/run_pmu_flow/52-openroad-stapostpnr/min_tt_025C_1v80/sta.log'[/repr.filename]…
Logging subprocess to [repr.filename]'runs/run_pmu_flow/52-openroad-stapostpnr/min_ss_100C_1v60/sta.log'[/repr.filename]…
Logging subprocess to [repr.filename]'runs/run_pmu_flow/52-openroad-stapostpnr/min_ff_n40C_1v95/sta.log'[/repr.filename]…
Logging subprocess to [repr.filename]'runs/run_pmu_flow/52-openroad-stapostpnr/max_tt_025C_1v80/sta.log'[/repr.filename]…
Logging subprocess to [repr.filename]'runs/run_pmu_flow/52-openroad-stapostpnr/max_ss_100C_1v60/sta.log'[/repr.filename]…
Logging subprocess to [repr.filename]'runs/run_pmu_flow/52-openroad-stapostpnr/max_ff_n40C_1v95/sta.log'[/repr.filename]…
Finished STA for the nom_tt_025C_1v80 timing corner.
Logging subprocess to [repr.filename]'runs/run_pmu_flow/52-openroad-stapostpnr/nom_tt_025C_1v80/filter_unannotated.log'[/repr.filename]…
Finished STA for the nom_ff_n40C_1v95 timing corner.
Finished STA for the min_tt_025C_1v80 timing corner.
Logging subprocess to [repr.filename]'runs/run_pmu_flow/52-openroad-stapostpnr/nom_ff_n40C_1v95/filter_unannotated.log'[/repr.filename]…
Logging subprocess to [repr.filename]'runs/run_pmu_flow/52-openroad-stapostpnr/min_tt_025C_1v80/filter_unannotated.log'[/repr.filename]…
Finished STA for the nom_ss_100C_1v60 timing corner.
Finished STA for the min_ff_n40C_1v95 timing corner.
Finished STA for the max_tt_025C_1v80 timing corner.
Finished STA for the min_ss_100C_1v60 timing corner.
Finished STA for the max_ss_100C_1v60 timing corner.
Finished STA for the max_ff_n40C_1v95 timing corner.
Logging subprocess to [repr.filename]'runs/run_pmu_flow/52-openroad-stapostpnr/nom_ss_100C_1v60/filter_unannotated.log'[/repr.filename]…
Logging subprocess to [repr.filename]'runs/run_pmu_flow/52-openroad-stapostpnr/max_tt_025C_1v80/filter_unannotated.log'[/repr.filename]…
Logging subprocess to [repr.filename]'runs/run_pmu_flow/52-openroad-stapostpnr/max_ss_100C_1v60/filter_unannotated.log'[/repr.filename]…
Logging subprocess to [repr.filename]'runs/run_pmu_flow/52-openroad-stapostpnr/max_ff_n40C_1v95/filter_unannotated.log'[/repr.filename]…
Logging subprocess to [repr.filename]'runs/run_pmu_flow/52-openroad-stapostpnr/min_ff_n40C_1v95/filter_unannotated.log'[/repr.filename]…
Logging subprocess to [repr.filename]'runs/run_pmu_flow/52-openroad-stapostpnr/min_ss_100C_1v60/filter_unannotated.log'[/repr.filename]…
Running 'OpenROAD.IRDropReport' at 'runs/run_pmu_flow/53-openroad-irdropreport'…
'VSRC_LOC_FILES' was not given a value, which may make the results of IR drop analysis inaccurate. If you are not integrating a top-level chip for manufacture, you may ignore this warning, otherwise, see the documentation for 'VSRC_LOC_FILES'.
Logging subprocess to [repr.filename]'runs/run_pmu_flow/53-openroad-irdropreport/openroad-irdropreport.log'[/repr.filename]…
[INFO PSM-0040] All shapes on net VPWR are connected.
########## IR report #################
Net              : VPWR
Corner           : nom_tt_025C_1v80
Supply voltage   : 1.80e+00 V
Worstcase voltage: 1.80e+00 V
Average voltage  : 1.80e+00 V
Average IR drop  : 2.01e-05 V
Worstcase IR drop: 1.19e-04 V
Percentage drop  : 0.01 %
######################################
[INFO PSM-0040] All shapes on net VGND are connected.
########## IR report #################
Net              : VGND
Corner           : nom_tt_025C_1v80
Supply voltage   : 0.00e+00 V
Worstcase voltage: 1.08e-04 V
Average voltage  : 1.78e-05 V
Average IR drop  : 1.78e-05 V
Worstcase IR drop: 1.08e-04 V
Percentage drop  : 0.01 %
######################################

Running 'Magic.StreamOut' at 'runs/run_pmu_flow/54-magic-streamout'…
Logging subprocess to [repr.filename]'runs/run_pmu_flow/54-magic-streamout/magic-streamout.log'[/repr.filename]…
Running 'KLayout.StreamOut' at 'runs/run_pmu_flow/55-klayout-streamout'…
Logging subprocess to [repr.filename]'runs/run_pmu_flow/55-klayout-streamout/klayout-streamout.log'[/repr.filename]…
Running 'Magic.WriteLEF' at 'runs/run_pmu_flow/56-magic-writelef'…
Logging subprocess to [repr.filename]'runs/run_pmu_flow/56-magic-writelef/magic-writelef.log'[/repr.filename]…
Running 'Odb.CheckDesignAntennaProperties' at 'runs/run_pmu_flow/57-odb-checkdesignantennaproperties'…
Logging subprocess to [repr.filename]'runs/run_pmu_flow/57-odb-checkdesignantennaproperties/odb-checkdesignantennaproperties.log'[/repr.filename]…
Running 'KLayout.XOR' at 'runs/run_pmu_flow/58-klayout-xor'…
Running XOR with 20 threads…
Logging subprocess to [repr.filename]'runs/run_pmu_flow/58-klayout-xor/klayout-xor.log'[/repr.filename]…
Running 'Checker.XOR' at 'runs/run_pmu_flow/59-checker-xor'…
Check for XOR differences clear.
Running 'Magic.DRC' at 'runs/run_pmu_flow/60-magic-drc'…
Logging subprocess to [repr.filename]'runs/run_pmu_flow/60-magic-drc/magic-drc.log'[/repr.filename]…
Running 'KLayout.DRC' at 'runs/run_pmu_flow/61-klayout-drc'…
Running KLayout DRC with 20 threads…
Logging subprocess to [repr.filename]'runs/run_pmu_flow/61-klayout-drc/klayout-drc.log'[/repr.filename]…
Logging subprocess to [repr.filename]'runs/run_pmu_flow/61-klayout-drc/xml_drc_report_to_json.log'[/repr.filename]…
Running 'Checker.MagicDRC' at 'runs/run_pmu_flow/62-checker-magicdrc'…
Check for Magic DRC errors clear.
Running 'Checker.KLayoutDRC' at 'runs/run_pmu_flow/63-checker-klayoutdrc'…
Check for KLayout DRC errors clear.
Running 'Magic.SpiceExtraction' at 'runs/run_pmu_flow/64-magic-spiceextraction'…
Logging subprocess to [repr.filename]'runs/run_pmu_flow/64-magic-spiceextraction/magic-spiceextraction.log'[/repr.filename]…
Running 'Checker.IllegalOverlap' at 'runs/run_pmu_flow/65-checker-illegaloverlap'…
Check for Magic Illegal Overlap errors clear.
Running 'Netgen.LVS' at 'runs/run_pmu_flow/66-netgen-lvs'…
Logging subprocess to [repr.filename]'runs/run_pmu_flow/66-netgen-lvs/netgen-lvs.log'[/repr.filename]…
Running 'Checker.LVS' at 'runs/run_pmu_flow/67-checker-lvs'…
Check for LVS errors clear.
Gating variable for step 'Yosys.EQY' set to 'False'- the step will be skipped.
Skipping step 'Equivalence Check'…
Running 'Checker.SetupViolations' at 'runs/run_pmu_flow/68-checker-setupviolations'…
No setup violations found
Running 'Checker.HoldViolations' at 'runs/run_pmu_flow/69-checker-holdviolations'…
No hold violations found
Running 'Checker.MaxSlewViolations' at 'runs/run_pmu_flow/70-checker-maxslewviolations'…
No max slew violations found
Running 'Checker.MaxCapViolations' at 'runs/run_pmu_flow/71-checker-maxcapviolations'…
No max cap violations found
Running 'Misc.ReportManufacturability' at 'runs/run_pmu_flow/72-misc-reportmanufacturability'…
Saving views to '/foss/designs/pmu_design/pmu/1-librelane/runs/run_pmu_flow/final'…
Flow complete.
Starting…
Running 'KLayout.OpenGUI' at 'runs/run_pmu_flow/73-klayout-opengui'…
Saving views to '/foss/designs/pmu_design/pmu/1-librelane/runs/run_pmu_flow/final'…
Flow complete.
