Clock: clk
Sources: clk 
Generated: no
Virtual: yes
Propagated: no
Period: 10.000000

===========================================================================
report_clock_properties
============================================================================
Clock                   Period          Waveform
----------------------------------------------------
clk                  10.000000    0.000000  5.000000

===========================================================================
report_clock_latency
============================================================================
Clock clk
rise -> rise
    min     max
0.000000 0.000000 source latency
0.466848         network latency _23_/CLK
        0.468988 network latency _24_/CLK
---------------
0.466848 0.468988 latency
        0.002140 skew

fall -> fall
    min     max
0.000000 0.000000 source latency
0.495153         network latency _23_/CLK
        0.496929 network latency _24_/CLK
---------------
0.495153 0.496929 latency
        0.001776 skew



===========================================================================
report_clock_min_period
============================================================================
clk period_min = 2.37 fmax = 422.12
