
===========================================================================
report_checks -unconstrained
===========================================================================
======================= max_tt_025C_1v80 Corner ===================================

Startpoint: rst (input port clocked by clk)
Endpoint: _24_ (recovery check against rising-edge clock clk)
Path Group: asynchronous
Path Type: max

Fanout         Cap        Slew       Delay        Time   Description
---------------------------------------------------------------------------------------------
                                  0.000000    0.000000   clock clk (rise edge)
                                  0.000000    0.000000   clock network delay (propagated)
                                  2.000000    2.000000 v input external delay
     3    0.018970    0.043867    0.030682    2.030682 v rst (in)
                                                         rst (net)
                      0.043877    0.000000    2.030682 v _21_/A (sky130_fd_sc_hd__inv_2)
     1    0.005758    0.033772    0.049496    2.080178 ^ _21_/Y (sky130_fd_sc_hd__inv_2)
                                                         _02_ (net)
                      0.033775    0.000346    2.080523 ^ _24_/RESET_B (sky130_fd_sc_hd__dfrtp_2)
                                              2.080523   data arrival time

                                 10.000000   10.000000   clock clk (rise edge)
                                  0.000000   10.000000   clock source latency
     1    0.009329    0.048464    0.031982   10.031982 ^ clk (in)
                                                         clk (net)
                      0.048470    0.000000   10.031982 ^ clkbuf_0_clk/A (sky130_fd_sc_hd__clkbuf_16)
     2    0.017483    0.039700    0.124065   10.156048 ^ clkbuf_0_clk/X (sky130_fd_sc_hd__clkbuf_16)
                                                         clknet_0_clk (net)
                      0.039710    0.000635   10.156683 ^ clkbuf_1_1__f_clk/A (sky130_fd_sc_hd__clkbuf_16)
     2    0.006427    0.030089    0.110281   10.266964 ^ clkbuf_1_1__f_clk/X (sky130_fd_sc_hd__clkbuf_16)
                                                         clknet_1_1__leaf_clk (net)
                      0.030090    0.000323   10.267287 ^ _24_/CLK (sky130_fd_sc_hd__dfrtp_2)
                                 -0.250000   10.017287   clock uncertainty
                                  0.000000   10.017287   clock reconvergence pessimism
                                  0.217965   10.235252   library recovery time
                                             10.235252   data required time
---------------------------------------------------------------------------------------------
                                             10.235252   data required time
                                             -2.080523   data arrival time
---------------------------------------------------------------------------------------------
                                              8.154729   slack (MET)


Startpoint: _25_ (rising edge-triggered flip-flop clocked by clk)
Endpoint: tdo (output port clocked by clk)
Path Group: clk
Path Type: max

Fanout         Cap        Slew       Delay        Time   Description
---------------------------------------------------------------------------------------------
                                  0.000000    0.000000   clock clk (rise edge)
                                  0.000000    0.000000   clock source latency
     1    0.009329    0.048464    0.031982    0.031982 ^ clk (in)
                                                         clk (net)
                      0.048470    0.000000    0.031982 ^ clkbuf_0_clk/A (sky130_fd_sc_hd__clkbuf_16)
     2    0.017483    0.039700    0.124066    0.156048 ^ clkbuf_0_clk/X (sky130_fd_sc_hd__clkbuf_16)
                                                         clknet_0_clk (net)
                      0.039713    0.000902    0.156950 ^ clkbuf_1_0__f_clk/A (sky130_fd_sc_hd__clkbuf_16)
     2    0.005304    0.029049    0.108948    0.265898 ^ clkbuf_1_0__f_clk/X (sky130_fd_sc_hd__clkbuf_16)
                                                         clknet_1_0__leaf_clk (net)
                      0.029050    0.000241    0.266139 ^ _25_/CLK (sky130_fd_sc_hd__dfrtp_2)
     1    0.039157    0.118955    0.472526    0.738665 v _25_/Q (sky130_fd_sc_hd__dfrtp_2)
                                                         tdo (net)
                      0.119132    0.004049    0.742714 v tdo (out)
                                              0.742714   data arrival time

                                 10.000000   10.000000   clock clk (rise edge)
                                  0.000000   10.000000   clock network delay (propagated)
                                 -0.250000    9.750000   clock uncertainty
                                  0.000000    9.750000   clock reconvergence pessimism
                                 -2.000000    7.750000   output external delay
                                              7.750000   data required time
---------------------------------------------------------------------------------------------
                                              7.750000   data required time
                                             -0.742714   data arrival time
---------------------------------------------------------------------------------------------
                                              7.007287   slack (MET)




===========================================================================
report_checks --slack_max -0.01
============================================================================
======================= max_tt_025C_1v80 Corner ===================================

No paths found.


===========================================================================
 report_check_types -max_slew -max_cap -max_fanout -violators
============================================================================
======================= max_tt_025C_1v80 Corner ===================================



===========================================================================
report_parasitic_annotation -report_unannotated
============================================================================
Found 1 unannotated drivers.
 clkload0/X
Found 0 partially unannotated drivers.

===========================================================================
max slew violation count 0
max fanout violation count 0
max cap violation count 0
============================================================================

===========================================================================
check_setup -verbose -unconstrained_endpoints -multiple_clock -no_clock -no_input_delay -loops -generated_clocks
===========================================================================
Warning: There is 1 unconstrained endpoint.
  _24_/D
