Reading timing models for corner max_tt_025C_1v80…
Reading cell library for the 'max_tt_025C_1v80' corner at '/foss/pdks/sky130A/libs.ref/sky130_fd_sc_hd/lib/sky130_fd_sc_hd__tt_025C_1v80.lib'…
Reading top-level netlist at '/foss/designs/pmu_design/pmu/1-librelane/runs/run_pmu_flow/49-openroad-fillinsertion/pmu.nl.v'…
Linking design 'pmu' from netlist…
Warning: /foss/designs/pmu_design/pmu/1-librelane/runs/run_pmu_flow/49-openroad-fillinsertion/pmu.nl.v line 556, module sky130_fd_sc_hd__tapvpwrvgnd_1 not found. Creating black box for TAP_TAPCELL_ROW_0_24.
Warning: /foss/designs/pmu_design/pmu/1-librelane/runs/run_pmu_flow/49-openroad-fillinsertion/pmu.nl.v line 577, module sky130_fd_sc_hd__fill_1 not found. Creating black box for FILLER_0_12.
Warning: /foss/designs/pmu_design/pmu/1-librelane/runs/run_pmu_flow/49-openroad-fillinsertion/pmu.nl.v line 580, module sky130_fd_sc_hd__fill_2 not found. Creating black box for FILLER_0_60.
Reading design constraints file at '/foss/designs/pmu_design/pmu/1-librelane/pmu.sdc'…
[INFO] Using clock clk…
[INFO] Setting output delay to: 2
[INFO] Setting input delay to: 2
[INFO] Setting load to: 0.033442
[INFO] Setting clock uncertainty to: 0.25
[INFO] Setting clock transition to: 0.1499999999999999944488848768742172978818416595458984375
[INFO] Setting timing derate to: 5%
[INFO] Applying custom path constraint for delay chain (so that slack/hold violations are not considered)
Reading top-level design parasitics for the 'max_tt_025C_1v80' corner at '/foss/designs/pmu_design/pmu/1-librelane/runs/run_pmu_flow/51-openroad-rcx/max/pmu.max.spef'…
%OL_CREATE_REPORT min.rpt

===========================================================================
report_checks -path_delay min (Hold)
============================================================================
======================= max_tt_025C_1v80 Corner ===================================

Startpoint: _24_ (rising edge-triggered flip-flop clocked by clk)
Endpoint: _25_ (rising edge-triggered flip-flop clocked by clk)
Path Group: clk
Path Type: min

Fanout         Cap        Slew       Delay        Time   Description
---------------------------------------------------------------------------------------------
                                  0.000000    0.000000   clock clk (rise edge)
                                  0.000000    0.000000   clock source latency
     1    0.009329    0.048464    0.031982    0.031982 ^ clk (in)
                                                         clk (net)
                      0.048470    0.000000    0.031982 ^ clkbuf_0_clk/A (sky130_fd_sc_hd__clkbuf_16)
     2    0.017483    0.039700    0.124066    0.156048 ^ clkbuf_0_clk/X (sky130_fd_sc_hd__clkbuf_16)
                                                         clknet_0_clk (net)
                      0.039710    0.000635    0.156683 ^ clkbuf_1_1__f_clk/A (sky130_fd_sc_hd__clkbuf_16)
     2    0.006427    0.030089    0.110280    0.266963 ^ clkbuf_1_1__f_clk/X (sky130_fd_sc_hd__clkbuf_16)
                                                         clknet_1_1__leaf_clk (net)
                      0.030090    0.000323    0.267287 ^ _24_/CLK (sky130_fd_sc_hd__dfrtp_2)
     1    0.009648    0.067473    0.356426    0.623713 ^ _24_/Q (sky130_fd_sc_hd__dfrtp_2)
                                                         capture_q (net)
                      0.067475    0.000460    0.624173 ^ _13_/A (sky130_fd_sc_hd__xor2_2)
     1    0.001980    0.059565    0.103392    0.727565 ^ _13_/X (sky130_fd_sc_hd__xor2_2)
                                                         _05_ (net)
                      0.059565    0.000136    0.727701 ^ _14_/A0 (sky130_fd_sc_hd__mux2_1)
     1    0.006011    0.066342    0.141603    0.869304 ^ _14_/X (sky130_fd_sc_hd__mux2_1)
                                                         _00_ (net)
                      0.066343    0.000417    0.869721 ^ _25_/D (sky130_fd_sc_hd__dfrtp_2)
                                              0.869721   data arrival time

                                  0.000000    0.000000   clock clk (rise edge)
                                  0.000000    0.000000   clock source latency
     1    0.009329    0.048464    0.031982    0.031982 ^ clk (in)
                                                         clk (net)
                      0.048470    0.000000    0.031982 ^ clkbuf_0_clk/A (sky130_fd_sc_hd__clkbuf_16)
     2    0.017483    0.039700    0.124066    0.156048 ^ clkbuf_0_clk/X (sky130_fd_sc_hd__clkbuf_16)
                                                         clknet_0_clk (net)
                      0.039713    0.000902    0.156950 ^ clkbuf_1_0__f_clk/A (sky130_fd_sc_hd__clkbuf_16)
     2    0.005304    0.029049    0.108948    0.265898 ^ clkbuf_1_0__f_clk/X (sky130_fd_sc_hd__clkbuf_16)
                                                         clknet_1_0__leaf_clk (net)
                      0.029050    0.000241    0.266139 ^ _25_/CLK (sky130_fd_sc_hd__dfrtp_2)
                                  0.250000    0.516139   clock uncertainty
                                  0.000000    0.516139   clock reconvergence pessimism
                                 -0.041286    0.474853   library hold time
                                              0.474853   data required time
---------------------------------------------------------------------------------------------
                                              0.474853   data required time
                                             -0.869721   data arrival time
---------------------------------------------------------------------------------------------
                                              0.394868   slack (MET)


Startpoint: rst (input port clocked by clk)
Endpoint: _25_ (removal check against rising-edge clock clk)
Path Group: asynchronous
Path Type: min

Fanout         Cap        Slew       Delay        Time   Description
---------------------------------------------------------------------------------------------
                                  0.000000    0.000000   clock clk (rise edge)
                                  0.000000    0.000000   clock network delay (propagated)
                                  2.000000    2.000000 v input external delay
     3    0.018970    0.043867    0.030575    2.030575 v rst (in)
                                                         rst (net)
                      0.043873    0.000000    2.030575 v _22_/A (sky130_fd_sc_hd__inv_2)
     1    0.004001    0.026837    0.043865    2.074440 ^ _22_/Y (sky130_fd_sc_hd__inv_2)
                                                         _03_ (net)
                      0.026839    0.000215    2.074655 ^ _25_/RESET_B (sky130_fd_sc_hd__dfrtp_2)
                                              2.074655   data arrival time

                                  0.000000    0.000000   clock clk (rise edge)
                                  0.000000    0.000000   clock source latency
     1    0.009329    0.048464    0.031982    0.031982 ^ clk (in)
                                                         clk (net)
                      0.048470    0.000000    0.031982 ^ clkbuf_0_clk/A (sky130_fd_sc_hd__clkbuf_16)
     2    0.017483    0.039700    0.124066    0.156048 ^ clkbuf_0_clk/X (sky130_fd_sc_hd__clkbuf_16)
                                                         clknet_0_clk (net)
                      0.039713    0.000902    0.156950 ^ clkbuf_1_0__f_clk/A (sky130_fd_sc_hd__clkbuf_16)
     2    0.005304    0.029049    0.108948    0.265898 ^ clkbuf_1_0__f_clk/X (sky130_fd_sc_hd__clkbuf_16)
                                                         clknet_1_0__leaf_clk (net)
                      0.029050    0.000241    0.266139 ^ _25_/CLK (sky130_fd_sc_hd__dfrtp_2)
                                  0.250000    0.516139   clock uncertainty
                                  0.000000    0.516139   clock reconvergence pessimism
                                  0.310908    0.827047   library removal time
                                              0.827047   data required time
---------------------------------------------------------------------------------------------
                                              0.827047   data required time
                                             -2.074655   data arrival time
---------------------------------------------------------------------------------------------
                                              1.247609   slack (MET)


Startpoint: rst (input port clocked by clk)
Endpoint: _23_ (removal check against rising-edge clock clk)
Path Group: asynchronous
Path Type: min

Fanout         Cap        Slew       Delay        Time   Description
---------------------------------------------------------------------------------------------
                                  0.000000    0.000000   clock clk (rise edge)
                                  0.000000    0.000000   clock network delay (propagated)
                                  2.000000    2.000000 v input external delay
     3    0.018970    0.043867    0.030664    2.030664 v rst (in)
                                                         rst (net)
                      0.043876    0.000000    2.030664 v _12_/A (sky130_fd_sc_hd__inv_2)
     1    0.004153    0.027355    0.044401    2.075064 ^ _12_/Y (sky130_fd_sc_hd__inv_2)
                                                         _01_ (net)
                      0.027357    0.000222    2.075287 ^ _23_/RESET_B (sky130_fd_sc_hd__dfrtp_2)
                                              2.075287   data arrival time

                                  0.000000    0.000000   clock clk (rise edge)
                                  0.000000    0.000000   clock source latency
     1    0.009329    0.048464    0.031982    0.031982 ^ clk (in)
                                                         clk (net)
                      0.048470    0.000000    0.031982 ^ clkbuf_0_clk/A (sky130_fd_sc_hd__clkbuf_16)
     2    0.017483    0.039700    0.124066    0.156048 ^ clkbuf_0_clk/X (sky130_fd_sc_hd__clkbuf_16)
                                                         clknet_0_clk (net)
                      0.039713    0.000902    0.156950 ^ clkbuf_1_0__f_clk/A (sky130_fd_sc_hd__clkbuf_16)
     2    0.005304    0.029049    0.108948    0.265898 ^ clkbuf_1_0__f_clk/X (sky130_fd_sc_hd__clkbuf_16)
                                                         clknet_1_0__leaf_clk (net)
                      0.029050    0.000201    0.266099 ^ _23_/CLK (sky130_fd_sc_hd__dfrtp_2)
                                  0.250000    0.516099   clock uncertainty
                                  0.000000    0.516099   clock reconvergence pessimism
                                  0.311049    0.827148   library removal time
                                              0.827148   data required time
---------------------------------------------------------------------------------------------
                                              0.827148   data required time
                                             -2.075287   data arrival time
---------------------------------------------------------------------------------------------
                                              1.248138   slack (MET)


Startpoint: rst (input port clocked by clk)
Endpoint: _24_ (removal check against rising-edge clock clk)
Path Group: asynchronous
Path Type: min

Fanout         Cap        Slew       Delay        Time   Description
---------------------------------------------------------------------------------------------
                                  0.000000    0.000000   clock clk (rise edge)
                                  0.000000    0.000000   clock network delay (propagated)
                                  2.000000    2.000000 v input external delay
     3    0.018970    0.043867    0.030682    2.030682 v rst (in)
                                                         rst (net)
                      0.043877    0.000000    2.030682 v _21_/A (sky130_fd_sc_hd__inv_2)
     1    0.005758    0.033772    0.049496    2.080178 ^ _21_/Y (sky130_fd_sc_hd__inv_2)
                                                         _02_ (net)
                      0.033775    0.000346    2.080523 ^ _24_/RESET_B (sky130_fd_sc_hd__dfrtp_2)
                                              2.080523   data arrival time

                                  0.000000    0.000000   clock clk (rise edge)
                                  0.000000    0.000000   clock source latency
     1    0.009329    0.048464    0.031982    0.031982 ^ clk (in)
                                                         clk (net)
                      0.048470    0.000000    0.031982 ^ clkbuf_0_clk/A (sky130_fd_sc_hd__clkbuf_16)
     2    0.017483    0.039700    0.124066    0.156048 ^ clkbuf_0_clk/X (sky130_fd_sc_hd__clkbuf_16)
                                                         clknet_0_clk (net)
                      0.039710    0.000635    0.156683 ^ clkbuf_1_1__f_clk/A (sky130_fd_sc_hd__clkbuf_16)
     2    0.006427    0.030089    0.110280    0.266963 ^ clkbuf_1_1__f_clk/X (sky130_fd_sc_hd__clkbuf_16)
                                                         clknet_1_1__leaf_clk (net)
                      0.030090    0.000323    0.267287 ^ _24_/CLK (sky130_fd_sc_hd__dfrtp_2)
                                  0.250000    0.517287   clock uncertainty
                                  0.000000    0.517287   clock reconvergence pessimism
                                  0.313086    0.830373   library removal time
                                              0.830373   data required time
---------------------------------------------------------------------------------------------
                                              0.830373   data required time
                                             -2.080523   data arrival time
---------------------------------------------------------------------------------------------
                                              1.250151   slack (MET)


Startpoint: path_sel[2] (input port clocked by clk)
Endpoint: _23_ (rising edge-triggered flip-flop clocked by clk)
Path Group: clk
Path Type: min

Fanout         Cap        Slew       Delay        Time   Description
---------------------------------------------------------------------------------------------
                                  0.000000    0.000000   clock clk (rise edge)
                                  0.000000    0.000000   clock network delay (propagated)
                                  2.000000    2.000000 v input external delay
     2    0.012109    0.029110    0.019754    2.019754 v path_sel[2] (in)
                                                         path_sel[2] (net)
                      0.029116    0.000000    2.019754 v _11_/A (sky130_fd_sc_hd__inv_2)
     1    0.002977    0.021374    0.033993    2.053747 ^ _11_/Y (sky130_fd_sc_hd__inv_2)
                                                         _04_ (net)
                      0.021377    0.000139    2.053886 ^ _20_/A1 (sky130_fd_sc_hd__o21a_2)
     3    0.010253    0.064502    0.142659    2.196545 ^ _20_/X (sky130_fd_sc_hd__o21a_2)
                                                         dc_inst.in (net)
                      0.064514    0.000866    2.197412 ^ _23_/D (sky130_fd_sc_hd__dfrtp_2)
                                              2.197412   data arrival time

                                  0.000000    0.000000   clock clk (rise edge)
                                  0.000000    0.000000   clock source latency
     1    0.009329    0.048464    0.031982    0.031982 ^ clk (in)
                                                         clk (net)
                      0.048470    0.000000    0.031982 ^ clkbuf_0_clk/A (sky130_fd_sc_hd__clkbuf_16)
     2    0.017483    0.039700    0.124066    0.156048 ^ clkbuf_0_clk/X (sky130_fd_sc_hd__clkbuf_16)
                                                         clknet_0_clk (net)
                      0.039713    0.000902    0.156950 ^ clkbuf_1_0__f_clk/A (sky130_fd_sc_hd__clkbuf_16)
     2    0.005304    0.029049    0.108948    0.265898 ^ clkbuf_1_0__f_clk/X (sky130_fd_sc_hd__clkbuf_16)
                                                         clknet_1_0__leaf_clk (net)
                      0.029050    0.000201    0.266099 ^ _23_/CLK (sky130_fd_sc_hd__dfrtp_2)
                                  0.250000    0.516099   clock uncertainty
                                  0.000000    0.516099   clock reconvergence pessimism
                                 -0.040906    0.475193   library hold time
                                              0.475193   data required time
---------------------------------------------------------------------------------------------
                                              0.475193   data required time
                                             -2.197412   data arrival time
---------------------------------------------------------------------------------------------
                                              1.722219   slack (MET)


Startpoint: _25_ (rising edge-triggered flip-flop clocked by clk)
Endpoint: tdo (output port clocked by clk)
Path Group: clk
Path Type: min

Fanout         Cap        Slew       Delay        Time   Description
---------------------------------------------------------------------------------------------
                                  0.000000    0.000000   clock clk (rise edge)
                                  0.000000    0.000000   clock source latency
     1    0.009329    0.048464    0.031982    0.031982 ^ clk (in)
                                                         clk (net)
                      0.048470    0.000000    0.031982 ^ clkbuf_0_clk/A (sky130_fd_sc_hd__clkbuf_16)
     2    0.017483    0.039700    0.124066    0.156048 ^ clkbuf_0_clk/X (sky130_fd_sc_hd__clkbuf_16)
                                                         clknet_0_clk (net)
                      0.039713    0.000902    0.156950 ^ clkbuf_1_0__f_clk/A (sky130_fd_sc_hd__clkbuf_16)
     2    0.005304    0.029049    0.108948    0.265898 ^ clkbuf_1_0__f_clk/X (sky130_fd_sc_hd__clkbuf_16)
                                                         clknet_1_0__leaf_clk (net)
                      0.029050    0.000241    0.266139 ^ _25_/CLK (sky130_fd_sc_hd__dfrtp_2)
     1    0.039157    0.192589    0.457232    0.723371 ^ _25_/Q (sky130_fd_sc_hd__dfrtp_2)
                                                         tdo (net)
                      0.192689    0.004054    0.727425 ^ tdo (out)
                                              0.727425   data arrival time

                                  0.000000    0.000000   clock clk (rise edge)
                                  0.000000    0.000000   clock network delay (propagated)
                                  0.250000    0.250000   clock uncertainty
                                  0.000000    0.250000   clock reconvergence pessimism
                                 -2.000000   -1.750000   output external delay
                                             -1.750000   data required time
---------------------------------------------------------------------------------------------
                                             -1.750000   data required time
                                             -0.727425   data arrival time
---------------------------------------------------------------------------------------------
                                              2.477425   slack (MET)



%OL_END_REPORT
%OL_CREATE_REPORT max.rpt

===========================================================================
report_checks -path_delay max (Setup)
============================================================================
======================= max_tt_025C_1v80 Corner ===================================

Startpoint: _25_ (rising edge-triggered flip-flop clocked by clk)
Endpoint: tdo (output port clocked by clk)
Path Group: clk
Path Type: max

Fanout         Cap        Slew       Delay        Time   Description
---------------------------------------------------------------------------------------------
                                  0.000000    0.000000   clock clk (rise edge)
                                  0.000000    0.000000   clock source latency
     1    0.009329    0.048464    0.031982    0.031982 ^ clk (in)
                                                         clk (net)
                      0.048470    0.000000    0.031982 ^ clkbuf_0_clk/A (sky130_fd_sc_hd__clkbuf_16)
     2    0.017483    0.039700    0.124066    0.156048 ^ clkbuf_0_clk/X (sky130_fd_sc_hd__clkbuf_16)
                                                         clknet_0_clk (net)
                      0.039713    0.000902    0.156950 ^ clkbuf_1_0__f_clk/A (sky130_fd_sc_hd__clkbuf_16)
     2    0.005304    0.029049    0.108948    0.265898 ^ clkbuf_1_0__f_clk/X (sky130_fd_sc_hd__clkbuf_16)
                                                         clknet_1_0__leaf_clk (net)
                      0.029050    0.000241    0.266139 ^ _25_/CLK (sky130_fd_sc_hd__dfrtp_2)
     1    0.039157    0.118955    0.472526    0.738665 v _25_/Q (sky130_fd_sc_hd__dfrtp_2)
                                                         tdo (net)
                      0.119132    0.004049    0.742714 v tdo (out)
                                              0.742714   data arrival time

                                 10.000000   10.000000   clock clk (rise edge)
                                  0.000000   10.000000   clock network delay (propagated)
                                 -0.250000    9.750000   clock uncertainty
                                  0.000000    9.750000   clock reconvergence pessimism
                                 -2.000000    7.750000   output external delay
                                              7.750000   data required time
---------------------------------------------------------------------------------------------
                                              7.750000   data required time
                                             -0.742714   data arrival time
---------------------------------------------------------------------------------------------
                                              7.007287   slack (MET)


Startpoint: path_sel[0] (input port clocked by clk)
Endpoint: _23_ (rising edge-triggered flip-flop clocked by clk)
Path Group: clk
Path Type: max

Fanout         Cap        Slew       Delay        Time   Description
---------------------------------------------------------------------------------------------
                                  0.000000    0.000000   clock clk (rise edge)
                                  0.000000    0.000000   clock network delay (propagated)
                                  2.000000    2.000000 ^ input external delay
     4    0.023228    0.110146    0.076054    2.076054 ^ path_sel[0] (in)
                                                         path_sel[0] (net)
                      0.110160    0.000000    2.076054 ^ _18_/S (sky130_fd_sc_hd__mux2_1)
     1    0.002692    0.054436    0.325461    2.401515 v _18_/X (sky130_fd_sc_hd__mux2_1)
                                                         _09_ (net)
                      0.054436    0.000190    2.401704 v _19_/B1 (sky130_fd_sc_hd__a221o_2)
     1    0.003143    0.053015    0.329167    2.730871 v _19_/X (sky130_fd_sc_hd__a221o_2)
                                                         _10_ (net)
                      0.053015    0.000212    2.731083 v _20_/B1 (sky130_fd_sc_hd__o21a_2)
     3    0.009922    0.051492    0.133775    2.864859 v _20_/X (sky130_fd_sc_hd__o21a_2)
                                                         dc_inst.in (net)
                      0.051507    0.000839    2.865698 v _23_/D (sky130_fd_sc_hd__dfrtp_2)
                                              2.865698   data arrival time

                                 10.000000   10.000000   clock clk (rise edge)
                                  0.000000   10.000000   clock source latency
     1    0.009329    0.048464    0.031982   10.031982 ^ clk (in)
                                                         clk (net)
                      0.048470    0.000000   10.031982 ^ clkbuf_0_clk/A (sky130_fd_sc_hd__clkbuf_16)
     2    0.017483    0.039700    0.124065   10.156048 ^ clkbuf_0_clk/X (sky130_fd_sc_hd__clkbuf_16)
                                                         clknet_0_clk (net)
                      0.039713    0.000902   10.156949 ^ clkbuf_1_0__f_clk/A (sky130_fd_sc_hd__clkbuf_16)
     2    0.005304    0.029049    0.108948   10.265898 ^ clkbuf_1_0__f_clk/X (sky130_fd_sc_hd__clkbuf_16)
                                                         clknet_1_0__leaf_clk (net)
                      0.029050    0.000202   10.266099 ^ _23_/CLK (sky130_fd_sc_hd__dfrtp_2)
                                 -0.250000   10.016099   clock uncertainty
                                  0.000000   10.016099   clock reconvergence pessimism
                                 -0.122042    9.894057   library setup time
                                              9.894057   data required time
---------------------------------------------------------------------------------------------
                                              9.894057   data required time
                                             -2.865698   data arrival time
---------------------------------------------------------------------------------------------
                                              7.028359   slack (MET)


Startpoint: se (input port clocked by clk)
Endpoint: _25_ (rising edge-triggered flip-flop clocked by clk)
Path Group: clk
Path Type: max

Fanout         Cap        Slew       Delay        Time   Description
---------------------------------------------------------------------------------------------
                                  0.000000    0.000000   clock clk (rise edge)
                                  0.000000    0.000000   clock network delay (propagated)
                                  2.000000    2.000000 ^ input external delay
     1    0.005902    0.033256    0.020867    2.020867 ^ se (in)
                                                         se (net)
                      0.033259    0.000000    2.020867 ^ _14_/S (sky130_fd_sc_hd__mux2_1)
     1    0.005955    0.070575    0.327071    2.347938 v _14_/X (sky130_fd_sc_hd__mux2_1)
                                                         _00_ (net)
                      0.070576    0.000411    2.348350 v _25_/D (sky130_fd_sc_hd__dfrtp_2)
                                              2.348350   data arrival time

                                 10.000000   10.000000   clock clk (rise edge)
                                  0.000000   10.000000   clock source latency
     1    0.009329    0.048464    0.031982   10.031982 ^ clk (in)
                                                         clk (net)
                      0.048470    0.000000   10.031982 ^ clkbuf_0_clk/A (sky130_fd_sc_hd__clkbuf_16)
     2    0.017483    0.039700    0.124065   10.156048 ^ clkbuf_0_clk/X (sky130_fd_sc_hd__clkbuf_16)
                                                         clknet_0_clk (net)
                      0.039713    0.000902   10.156949 ^ clkbuf_1_0__f_clk/A (sky130_fd_sc_hd__clkbuf_16)
     2    0.005304    0.029049    0.108948   10.265898 ^ clkbuf_1_0__f_clk/X (sky130_fd_sc_hd__clkbuf_16)
                                                         clknet_1_0__leaf_clk (net)
                      0.029050    0.000242   10.266139 ^ _25_/CLK (sky130_fd_sc_hd__dfrtp_2)
                                 -0.250000   10.016139   clock uncertainty
                                  0.000000   10.016139   clock reconvergence pessimism
                                 -0.130417    9.885723   library setup time
                                              9.885723   data required time
---------------------------------------------------------------------------------------------
                                              9.885723   data required time
                                             -2.348350   data arrival time
---------------------------------------------------------------------------------------------
                                              7.537374   slack (MET)


Startpoint: rst (input port clocked by clk)
Endpoint: _24_ (recovery check against rising-edge clock clk)
Path Group: asynchronous
Path Type: max

Fanout         Cap        Slew       Delay        Time   Description
---------------------------------------------------------------------------------------------
                                  0.000000    0.000000   clock clk (rise edge)
                                  0.000000    0.000000   clock network delay (propagated)
                                  2.000000    2.000000 v input external delay
     3    0.018970    0.043867    0.030682    2.030682 v rst (in)
                                                         rst (net)
                      0.043877    0.000000    2.030682 v _21_/A (sky130_fd_sc_hd__inv_2)
     1    0.005758    0.033772    0.049496    2.080178 ^ _21_/Y (sky130_fd_sc_hd__inv_2)
                                                         _02_ (net)
                      0.033775    0.000346    2.080523 ^ _24_/RESET_B (sky130_fd_sc_hd__dfrtp_2)
                                              2.080523   data arrival time

                                 10.000000   10.000000   clock clk (rise edge)
                                  0.000000   10.000000   clock source latency
     1    0.009329    0.048464    0.031982   10.031982 ^ clk (in)
                                                         clk (net)
                      0.048470    0.000000   10.031982 ^ clkbuf_0_clk/A (sky130_fd_sc_hd__clkbuf_16)
     2    0.017483    0.039700    0.124065   10.156048 ^ clkbuf_0_clk/X (sky130_fd_sc_hd__clkbuf_16)
                                                         clknet_0_clk (net)
                      0.039710    0.000635   10.156683 ^ clkbuf_1_1__f_clk/A (sky130_fd_sc_hd__clkbuf_16)
     2    0.006427    0.030089    0.110281   10.266964 ^ clkbuf_1_1__f_clk/X (sky130_fd_sc_hd__clkbuf_16)
                                                         clknet_1_1__leaf_clk (net)
                      0.030090    0.000323   10.267287 ^ _24_/CLK (sky130_fd_sc_hd__dfrtp_2)
                                 -0.250000   10.017287   clock uncertainty
                                  0.000000   10.017287   clock reconvergence pessimism
                                  0.217965   10.235252   library recovery time
                                             10.235252   data required time
---------------------------------------------------------------------------------------------
                                             10.235252   data required time
                                             -2.080523   data arrival time
---------------------------------------------------------------------------------------------
                                              8.154729   slack (MET)


Startpoint: rst (input port clocked by clk)
Endpoint: _23_ (recovery check against rising-edge clock clk)
Path Group: asynchronous
Path Type: max

Fanout         Cap        Slew       Delay        Time   Description
---------------------------------------------------------------------------------------------
                                  0.000000    0.000000   clock clk (rise edge)
                                  0.000000    0.000000   clock network delay (propagated)
                                  2.000000    2.000000 v input external delay
     3    0.018970    0.043867    0.030664    2.030664 v rst (in)
                                                         rst (net)
                      0.043876    0.000000    2.030664 v _12_/A (sky130_fd_sc_hd__inv_2)
     1    0.004153    0.027355    0.044401    2.075064 ^ _12_/Y (sky130_fd_sc_hd__inv_2)
                                                         _01_ (net)
                      0.027357    0.000222    2.075287 ^ _23_/RESET_B (sky130_fd_sc_hd__dfrtp_2)
                                              2.075287   data arrival time

                                 10.000000   10.000000   clock clk (rise edge)
                                  0.000000   10.000000   clock source latency
     1    0.009329    0.048464    0.031982   10.031982 ^ clk (in)
                                                         clk (net)
                      0.048470    0.000000   10.031982 ^ clkbuf_0_clk/A (sky130_fd_sc_hd__clkbuf_16)
     2    0.017483    0.039700    0.124065   10.156048 ^ clkbuf_0_clk/X (sky130_fd_sc_hd__clkbuf_16)
                                                         clknet_0_clk (net)
                      0.039713    0.000902   10.156949 ^ clkbuf_1_0__f_clk/A (sky130_fd_sc_hd__clkbuf_16)
     2    0.005304    0.029049    0.108948   10.265898 ^ clkbuf_1_0__f_clk/X (sky130_fd_sc_hd__clkbuf_16)
                                                         clknet_1_0__leaf_clk (net)
                      0.029050    0.000202   10.266099 ^ _23_/CLK (sky130_fd_sc_hd__dfrtp_2)
                                 -0.250000   10.016099   clock uncertainty
                                  0.000000   10.016099   clock reconvergence pessimism
                                  0.219567   10.235667   library recovery time
                                             10.235667   data required time
---------------------------------------------------------------------------------------------
                                             10.235667   data required time
                                             -2.075287   data arrival time
---------------------------------------------------------------------------------------------
                                              8.160380   slack (MET)


Startpoint: rst (input port clocked by clk)
Endpoint: _25_ (recovery check against rising-edge clock clk)
Path Group: asynchronous
Path Type: max

Fanout         Cap        Slew       Delay        Time   Description
---------------------------------------------------------------------------------------------
                                  0.000000    0.000000   clock clk (rise edge)
                                  0.000000    0.000000   clock network delay (propagated)
                                  2.000000    2.000000 v input external delay
     3    0.018970    0.043867    0.030575    2.030575 v rst (in)
                                                         rst (net)
                      0.043873    0.000000    2.030575 v _22_/A (sky130_fd_sc_hd__inv_2)
     1    0.004001    0.026837    0.043865    2.074440 ^ _22_/Y (sky130_fd_sc_hd__inv_2)
                                                         _03_ (net)
                      0.026839    0.000215    2.074655 ^ _25_/RESET_B (sky130_fd_sc_hd__dfrtp_2)
                                              2.074655   data arrival time

                                 10.000000   10.000000   clock clk (rise edge)
                                  0.000000   10.000000   clock source latency
     1    0.009329    0.048464    0.031982   10.031982 ^ clk (in)
                                                         clk (net)
                      0.048470    0.000000   10.031982 ^ clkbuf_0_clk/A (sky130_fd_sc_hd__clkbuf_16)
     2    0.017483    0.039700    0.124065   10.156048 ^ clkbuf_0_clk/X (sky130_fd_sc_hd__clkbuf_16)
                                                         clknet_0_clk (net)
                      0.039713    0.000902   10.156949 ^ clkbuf_1_0__f_clk/A (sky130_fd_sc_hd__clkbuf_16)
     2    0.005304    0.029049    0.108948   10.265898 ^ clkbuf_1_0__f_clk/X (sky130_fd_sc_hd__clkbuf_16)
                                                         clknet_1_0__leaf_clk (net)
                      0.029050    0.000242   10.266139 ^ _25_/CLK (sky130_fd_sc_hd__dfrtp_2)
                                 -0.250000   10.016139   clock uncertainty
                                  0.000000   10.016139   clock reconvergence pessimism
                                  0.219722   10.235862   library recovery time
                                             10.235862   data required time
---------------------------------------------------------------------------------------------
                                             10.235862   data required time
                                             -2.074655   data arrival time
---------------------------------------------------------------------------------------------
                                              8.161206   slack (MET)



%OL_END_REPORT
%OL_CREATE_REPORT checks.rpt

===========================================================================
report_checks -unconstrained
===========================================================================
======================= max_tt_025C_1v80 Corner ===================================

Startpoint: rst (input port clocked by clk)
Endpoint: _24_ (recovery check against rising-edge clock clk)
Path Group: asynchronous
Path Type: max

Fanout         Cap        Slew       Delay        Time   Description
---------------------------------------------------------------------------------------------
                                  0.000000    0.000000   clock clk (rise edge)
                                  0.000000    0.000000   clock network delay (propagated)
                                  2.000000    2.000000 v input external delay
     3    0.018970    0.043867    0.030682    2.030682 v rst (in)
                                                         rst (net)
                      0.043877    0.000000    2.030682 v _21_/A (sky130_fd_sc_hd__inv_2)
     1    0.005758    0.033772    0.049496    2.080178 ^ _21_/Y (sky130_fd_sc_hd__inv_2)
                                                         _02_ (net)
                      0.033775    0.000346    2.080523 ^ _24_/RESET_B (sky130_fd_sc_hd__dfrtp_2)
                                              2.080523   data arrival time

                                 10.000000   10.000000   clock clk (rise edge)
                                  0.000000   10.000000   clock source latency
     1    0.009329    0.048464    0.031982   10.031982 ^ clk (in)
                                                         clk (net)
                      0.048470    0.000000   10.031982 ^ clkbuf_0_clk/A (sky130_fd_sc_hd__clkbuf_16)
     2    0.017483    0.039700    0.124065   10.156048 ^ clkbuf_0_clk/X (sky130_fd_sc_hd__clkbuf_16)
                                                         clknet_0_clk (net)
                      0.039710    0.000635   10.156683 ^ clkbuf_1_1__f_clk/A (sky130_fd_sc_hd__clkbuf_16)
     2    0.006427    0.030089    0.110281   10.266964 ^ clkbuf_1_1__f_clk/X (sky130_fd_sc_hd__clkbuf_16)
                                                         clknet_1_1__leaf_clk (net)
                      0.030090    0.000323   10.267287 ^ _24_/CLK (sky130_fd_sc_hd__dfrtp_2)
                                 -0.250000   10.017287   clock uncertainty
                                  0.000000   10.017287   clock reconvergence pessimism
                                  0.217965   10.235252   library recovery time
                                             10.235252   data required time
---------------------------------------------------------------------------------------------
                                             10.235252   data required time
                                             -2.080523   data arrival time
---------------------------------------------------------------------------------------------
                                              8.154729   slack (MET)


Startpoint: _25_ (rising edge-triggered flip-flop clocked by clk)
Endpoint: tdo (output port clocked by clk)
Path Group: clk
Path Type: max

Fanout         Cap        Slew       Delay        Time   Description
---------------------------------------------------------------------------------------------
                                  0.000000    0.000000   clock clk (rise edge)
                                  0.000000    0.000000   clock source latency
     1    0.009329    0.048464    0.031982    0.031982 ^ clk (in)
                                                         clk (net)
                      0.048470    0.000000    0.031982 ^ clkbuf_0_clk/A (sky130_fd_sc_hd__clkbuf_16)
     2    0.017483    0.039700    0.124066    0.156048 ^ clkbuf_0_clk/X (sky130_fd_sc_hd__clkbuf_16)
                                                         clknet_0_clk (net)
                      0.039713    0.000902    0.156950 ^ clkbuf_1_0__f_clk/A (sky130_fd_sc_hd__clkbuf_16)
     2    0.005304    0.029049    0.108948    0.265898 ^ clkbuf_1_0__f_clk/X (sky130_fd_sc_hd__clkbuf_16)
                                                         clknet_1_0__leaf_clk (net)
                      0.029050    0.000241    0.266139 ^ _25_/CLK (sky130_fd_sc_hd__dfrtp_2)
     1    0.039157    0.118955    0.472526    0.738665 v _25_/Q (sky130_fd_sc_hd__dfrtp_2)
                                                         tdo (net)
                      0.119132    0.004049    0.742714 v tdo (out)
                                              0.742714   data arrival time

                                 10.000000   10.000000   clock clk (rise edge)
                                  0.000000   10.000000   clock network delay (propagated)
                                 -0.250000    9.750000   clock uncertainty
                                  0.000000    9.750000   clock reconvergence pessimism
                                 -2.000000    7.750000   output external delay
                                              7.750000   data required time
---------------------------------------------------------------------------------------------
                                              7.750000   data required time
                                             -0.742714   data arrival time
---------------------------------------------------------------------------------------------
                                              7.007287   slack (MET)




===========================================================================
report_checks --slack_max -0.01
============================================================================
======================= max_tt_025C_1v80 Corner ===================================

No paths found.


===========================================================================
 report_check_types -max_slew -max_cap -max_fanout -violators
============================================================================
======================= max_tt_025C_1v80 Corner ===================================



===========================================================================
report_parasitic_annotation -report_unannotated
============================================================================
Found 1 unannotated drivers.
 clkload0/X
Found 0 partially unannotated drivers.

===========================================================================
max slew violation count 0
%OL_METRIC_I design__max_slew_violation__count__corner:max_tt_025C_1v80 0
max fanout violation count 0
%OL_METRIC_I design__max_fanout_violation__count__corner:max_tt_025C_1v80 0
max cap violation count 0
%OL_METRIC_I design__max_cap_violation__count__corner:max_tt_025C_1v80 0
============================================================================

===========================================================================
check_setup -verbose -unconstrained_endpoints -multiple_clock -no_clock -no_input_delay -loops -generated_clocks
===========================================================================
Warning: There is 1 unconstrained endpoint.
  _24_/D
%OL_END_REPORT
%OL_CREATE_REPORT power.rpt

===========================================================================
 report_power
============================================================================
======================= max_tt_025C_1v80 Corner ===================================

Group                    Internal    Switching      Leakage        Total
                            Power        Power        Power        Power (Watts)
------------------------------------------------------------------------
Sequential           1.472981e-05 3.412403e-06 3.160871e-11 1.814224e-05  20.0%
Combinational        5.837334e-06 2.217506e-06 2.527064e-10 8.055093e-06   8.9%
Clock                5.501429e-05 9.465553e-06 1.387712e-10 6.447998e-05  71.1%
Macro                0.000000e+00 0.000000e+00 0.000000e+00 0.000000e+00   0.0%
Pad                  0.000000e+00 0.000000e+00 0.000000e+00 0.000000e+00   0.0%
------------------------------------------------------------------------
Total                7.558143e-05 1.509546e-05 4.230862e-10 9.067732e-05 100.0%
                            83.4%        16.6%         0.0%
%OL_METRIC_F power__internal__total 7.558143261121586e-5
%OL_METRIC_F power__switching__total 1.5095462003955618e-5
%OL_METRIC_F power__leakage__total 4.230862049592332e-10
%OL_METRIC_F power__total 9.067732025869191e-5

%OL_END_REPORT
%OL_CREATE_REPORT skew.min.rpt

===========================================================================
Clock Skew (Hold)
============================================================================
%OL_METRIC_F clock__skew__worst_hold__corner:max_tt_025C_1v80 -0.2500399125188641
======================= max_tt_025C_1v80 Corner ===================================

Clock clk
0.266099 source latency _23_/CLK ^
-0.266139 target latency _25_/CLK ^
-0.250000 clock uncertainty
0.000000 CRPR
--------------
-0.250040 hold skew

%OL_END_REPORT
%OL_CREATE_REPORT skew.max.rpt

===========================================================================
Clock Skew (Setup)
============================================================================
%OL_METRIC_F clock__skew__worst_setup__corner:max_tt_025C_1v80 0.2511477763508944
======================= max_tt_025C_1v80 Corner ===================================

Clock clk
0.267287 source latency _24_/CLK ^
-0.266139 target latency _25_/CLK ^
0.250000 clock uncertainty
0.000000 CRPR
--------------
0.251148 setup skew

%OL_END_REPORT
%OL_CREATE_REPORT ws.min.rpt

===========================================================================
Worst Slack (Hold)
============================================================================
%OL_METRIC_F timing__hold__ws__corner:max_tt_025C_1v80 0.3948679273101438
max_tt_025C_1v80: 0.3948679273101438
%OL_END_REPORT
%OL_CREATE_REPORT ws.max.rpt

===========================================================================
Worst Slack (Setup)
============================================================================
%OL_METRIC_F timing__setup__ws__corner:max_tt_025C_1v80 7.007286504938993
max_tt_025C_1v80: 7.007286504938993
%OL_END_REPORT
%OL_CREATE_REPORT tns.min.rpt

===========================================================================
Total Negative Slack (Hold)
============================================================================
%OL_METRIC_F timing__hold__tns__corner:max_tt_025C_1v80 0.0
max_tt_025C_1v80: 0.0
%OL_END_REPORT
%OL_CREATE_REPORT tns.max.rpt

===========================================================================
Total Negative Slack (Setup)
============================================================================
%OL_METRIC_F timing__setup__tns__corner:max_tt_025C_1v80 0.0
max_tt_025C_1v80: 0.0
%OL_END_REPORT
%OL_CREATE_REPORT wns.min.rpt

===========================================================================
Worst Negative Slack (Hold)
============================================================================
%OL_METRIC_F timing__hold__wns__corner:max_tt_025C_1v80 0
max_tt_025C_1v80: 0
%OL_END_REPORT
%OL_CREATE_REPORT wns.max.rpt

===========================================================================
Worst Negative Slack (Setup)
============================================================================
%OL_METRIC_F timing__setup__wns__corner:max_tt_025C_1v80 0.0
max_tt_025C_1v80: 0.0
%OL_END_REPORT
%OL_CREATE_REPORT violator_list.rpt

===========================================================================
Violator List
============================================================================
%OL_METRIC_I timing__hold_vio__count__corner:max_tt_025C_1v80 0
%OL_METRIC_F timing__hold_r2r__ws__corner:max_tt_025C_1v80 0.394868
%OL_METRIC_I timing__hold_r2r_vio__count__corner:max_tt_025C_1v80 0
%OL_METRIC_I timing__setup_vio__count__corner:max_tt_025C_1v80 0
%OL_METRIC_F timing__setup_r2r__ws__corner:max_tt_025C_1v80 inf
%OL_METRIC_I timing__setup_r2r_vio__count__corner:max_tt_025C_1v80 0
%OL_END_REPORT
%OL_CREATE_REPORT unpropagated.rpt
%OL_END_REPORT
%OL_CREATE_REPORT clock.rpt
Clock: clk
Sources: clk 
Generated: no
Virtual: yes
Propagated: no
Period: 10.000000

===========================================================================
report_clock_properties
============================================================================
Clock                   Period          Waveform
----------------------------------------------------
clk                  10.000000    0.000000  5.000000

===========================================================================
report_clock_latency
============================================================================
Clock clk
rise -> rise
    min     max
0.000000 0.000000 source latency
0.266099         network latency _23_/CLK
        0.267287 network latency _24_/CLK
---------------
0.266099 0.267287 latency
        0.001188 skew

fall -> fall
    min     max
0.000000 0.000000 source latency
0.275713         network latency _23_/CLK
        0.276701 network latency _24_/CLK
---------------
0.275713 0.276701 latency
        0.000989 skew



===========================================================================
report_clock_min_period
============================================================================
clk period_min = 1.24 fmax = 808.28
%OL_END_REPORT
Writing SDF files for all corners…
Removing Clock latencies before writing libs…
Writing timing models for all corners…
Writing timing models for the max_tt_025C_1v80 corner to /foss/designs/pmu_design/pmu/1-librelane/runs/run_pmu_flow/52-openroad-stapostpnr/max_tt_025C_1v80/pmu__max_tt_025C_1v80.lib…
