94. Printing statistics.

=== pmu ===

        +----------Local Count, excluding submodules.
        |        +-Local Area, excluding submodules.
        |        | 
      165        - wires
      176        - wire bits
      154        - public wires
      165        - public wire bits
        8        - ports
       19        - port bits
      158  675.648 cells
        8        -   $_MUX_
        3        -   $_NOT_
        1        -   $_XOR_
      134  502.982   sky130_fd_sc_hd__buf_1
        6   30.029   sky130_fd_sc_hd__buf_2
        3   78.826   sky130_fd_sc_hd__dfrtp_2
        1   11.261   sky130_fd_sc_hd__mux2_1
        2    52.55   sky130_fd_sc_hd__mux4_1

   Area for cell type $_MUX_ is unknown!
   Area for cell type $_NOT_ is unknown!
   Area for cell type $_XOR_ is unknown!

   Chip area for module '\pmu': 675.648000
     of which used for sequential elements: 78.825600 (11.67%)

