Clock: clk
Sources: clk 
Generated: no
Virtual: no
Propagated: no
Period: 15.000000

===========================================================================
report_clock_properties
============================================================================
Clock                   Period          Waveform
----------------------------------------------------
clk                  15.000000    0.000000  7.500000

===========================================================================
report_clock_latency
============================================================================
Clock clk
rise -> rise
    min     max
0.000000 0.000000 source latency
0.316060         network latency _255_/CLK
        0.661678 network latency pmu_inst/_24_/CLK
---------------
0.316060 0.661678 latency
        0.345618 skew

fall -> fall
    min     max
0.000000 0.000000 source latency
0.149683         network latency _255_/CLK
        0.495860 network latency pmu_inst/_24_/CLK
---------------
0.149683 0.495860 latency
        0.346177 skew



===========================================================================
report_clock_min_period
============================================================================
clk period_min = 4.92 fmax = 203.13
