Clock: clk
Sources: clk 
Generated: no
Virtual: yes
Propagated: no
Period: 10.000000

===========================================================================
report_clock_properties
============================================================================
Clock                   Period          Waveform
----------------------------------------------------
clk                  10.000000    0.000000  5.000000

===========================================================================
report_clock_latency
============================================================================
Clock clk
rise -> rise
    min     max
0.000000 0.000000 source latency
0.027213         network latency _25_/CLK
        0.027222 network latency _23_/CLK
---------------
0.027213 0.027222 latency
        0.000009 skew

fall -> fall
    min     max
0.000000 0.000000 source latency
0.012065         network latency _25_/CLK
        0.012074 network latency _23_/CLK
---------------
0.012065 0.012074 latency
        0.000009 skew



===========================================================================
report_clock_min_period
============================================================================
clk period_min = 1.21 fmax = 827.09
