Clock: clk
Sources: clk 
Generated: no
Virtual: yes
Propagated: no
Period: 15.000000

===========================================================================
report_clock_properties
============================================================================
Clock                   Period          Waveform
----------------------------------------------------
clk                  15.000000    0.000000  7.500000

===========================================================================
report_clock_latency
============================================================================
Clock clk
rise -> rise
    min     max
0.000000 0.000000 source latency
0.976405         network latency _264_/CLK
        1.070799 network latency pmu_inst/_24_/CLK
---------------
0.976405 1.070799 latency
        0.094394 skew

fall -> fall
    min     max
0.000000 0.000000 source latency
0.933545         network latency _264_/CLK
        1.084236 network latency pmu_inst/_24_/CLK
---------------
0.933545 1.084236 latency
        0.150691 skew



===========================================================================
report_clock_min_period
============================================================================
clk period_min = 8.04 fmax = 124.32
