Reading OpenROAD database at '/foss/designs/pmu_design/rca/1-librelane/runs/run_rca_flow/128-openroad-repairantennas/1-diodeinsertion/rca.odb'…
Reading library file at '/foss/pdks/sky130A/libs.ref/sky130_fd_sc_hd/lib/sky130_fd_sc_hd__tt_025C_1v80.lib'…
Reading library file at '/foss/designs/pmu_design/rca/1-librelane/macros/pmu/lib/nom_tt_025C_1v80/pmu__nom_tt_025C_1v80.lib'…
Reading macro library file at '/foss/designs/pmu_design/rca/1-librelane/macros/pmu/lib/nom_tt_025C_1v80/pmu__nom_tt_025C_1v80.lib'…
[WARNING STA-1140] /foss/designs/pmu_design/rca/1-librelane/macros/pmu/lib/nom_tt_025C_1v80/pmu__nom_tt_025C_1v80.lib line 1, library pmu already exists.
Reading design constraints file at '/foss/designs/pmu_design/rca/1-librelane/rca.sdc'…
[INFO] Using clock clk…
[INFO] Setting output delay to: 3
[INFO] Setting input delay to: 3
[INFO] Setting load to: 0.033442
[INFO] Setting clock uncertainty to: 0.25
[INFO] Setting clock transition to: 0.1499999999999999944488848768742172978818416595458984375
[INFO] Setting timing derate to: 5%
[INFO] Applying custom path constraint for delay chain (so that slack/hold violations are not considered)
[INFO ORD-0030] Using 20 thread(s).
[INFO DRT-0149] Reading tech and libs.
[WARNING DRT-0349] LEF58_ENCLOSURE with no CUTCLASS is not supported. Skipping for layer mcon
[WARNING DRT-0349] LEF58_ENCLOSURE with no CUTCLASS is not supported. Skipping for layer mcon
[WARNING DRT-0349] LEF58_ENCLOSURE with no CUTCLASS is not supported. Skipping for layer via
[WARNING DRT-0349] LEF58_ENCLOSURE with no CUTCLASS is not supported. Skipping for layer via
[WARNING DRT-0349] LEF58_ENCLOSURE with no CUTCLASS is not supported. Skipping for layer via2
[WARNING DRT-0349] LEF58_ENCLOSURE with no CUTCLASS is not supported. Skipping for layer via2
[WARNING DRT-0349] LEF58_ENCLOSURE with no CUTCLASS is not supported. Skipping for layer via3
[WARNING DRT-0349] LEF58_ENCLOSURE with no CUTCLASS is not supported. Skipping for layer via3
[WARNING DRT-0349] LEF58_ENCLOSURE with no CUTCLASS is not supported. Skipping for layer via4
[WARNING DRT-0349] LEF58_ENCLOSURE with no CUTCLASS is not supported. Skipping for layer via4

Units:                1000
Number of layers:     13
Number of macros:     446
Number of vias:       29
Number of viarulegen: 25

[INFO DRT-0150] Reading design.

Design:                   rca
Die area:                 ( 0 0 ) ( 200000 200000 )
Number of track patterns: 12
Number of DEF vias:       0
Number of components:     852
Number of terminals:      58
Number of snets:          2
Number of nets:           302

[INFO DRT-0167] List of default vias:
  Layer via
    default via: M1M2_PR
  Layer via2
    default via: M2M3_PR
  Layer via3
    default via: M3M4_PR
  Layer via4
    default via: M4M5_PR
[INFO DRT-0162] Library cell analysis.
[INFO DRT-0163] Instance analysis.
[INFO DRT-0164] Number of unique instances = 53.
[INFO DRT-0168] Init region query.
[INFO DRT-0024]   Complete FR_MASTERSLICE.
[INFO DRT-0024]   Complete licon.
[INFO DRT-0024]   Complete li1.
[INFO DRT-0024]   Complete mcon.
[INFO DRT-0024]   Complete met1.
[INFO DRT-0024]   Complete via.
[INFO DRT-0024]   Complete met2.
[INFO DRT-0024]   Complete via2.
[INFO DRT-0024]   Complete met3.
[INFO DRT-0024]   Complete via3.
[INFO DRT-0024]   Complete met4.
[INFO DRT-0024]   Complete via4.
[INFO DRT-0024]   Complete met5.
[INFO DRT-0033] FR_MASTERSLICE shape region query size = 0.
[INFO DRT-0033] licon shape region query size = 0.
[INFO DRT-0033] li1 shape region query size = 10112.
[INFO DRT-0033] mcon shape region query size = 0.
[INFO DRT-0033] met1 shape region query size = 2622.
[INFO DRT-0033] via shape region query size = 660.
[INFO DRT-0033] met2 shape region query size = 413.
[INFO DRT-0033] via2 shape region query size = 528.
[INFO DRT-0033] met3 shape region query size = 486.
[INFO DRT-0033] via3 shape region query size = 528.
[INFO DRT-0033] met4 shape region query size = 184.
[INFO DRT-0033] via4 shape region query size = 34.
[INFO DRT-0033] met5 shape region query size = 50.
[INFO DRT-0165] Start pin access.
[INFO DRT-0078]   Complete 126 pins.
[INFO DRT-0081]   Complete 46 unique inst patterns.
[INFO DRT-0084]   Complete 221 groups.
#scanned instances     = 852
#unique  instances     = 53
#stdCellGenAp          = 983
#stdCellValidPlanarAp  = 8
#stdCellValidViaAp     = 703
#stdCellPinNoAp        = 0
#stdCellPinCnt         = 713
#instTermValidViaApCnt = 0
#macroGenAp            = 85
#macroValidPlanarAp    = 85
#macroValidViaAp       = 77
#macroNoAp             = 0
[INFO DRT-0166] Complete pin access.
[INFO DRT-0267] cpu time = 00:00:03, elapsed time = 00:00:00, memory = 137.53 (MB), peak = 137.53 (MB)

[INFO DRT-0157] Number of guides:     1753

[INFO DRT-0169] Post process guides.
[INFO DRT-0176] GCELLGRID X 0 DO 28 STEP 6900 ;
[INFO DRT-0177] GCELLGRID Y 0 DO 28 STEP 6900 ;
[INFO DRT-0028]   Complete FR_MASTERSLICE.
[INFO DRT-0028]   Complete licon.
[INFO DRT-0028]   Complete li1.
[INFO DRT-0028]   Complete mcon.
[INFO DRT-0028]   Complete met1.
[INFO DRT-0028]   Complete via.
[INFO DRT-0028]   Complete met2.
[INFO DRT-0028]   Complete via2.
[INFO DRT-0028]   Complete met3.
[INFO DRT-0028]   Complete via3.
[INFO DRT-0028]   Complete met4.
[INFO DRT-0028]   Complete via4.
[INFO DRT-0028]   Complete met5.
[INFO DRT-0178] Init guide query.
[INFO DRT-0035]   Complete FR_MASTERSLICE (guide).
[INFO DRT-0035]   Complete licon (guide).
[INFO DRT-0035]   Complete li1 (guide).
[INFO DRT-0035]   Complete mcon (guide).
[INFO DRT-0035]   Complete met1 (guide).
[INFO DRT-0035]   Complete via (guide).
[INFO DRT-0035]   Complete met2 (guide).
[INFO DRT-0035]   Complete via2 (guide).
[INFO DRT-0035]   Complete met3 (guide).
[INFO DRT-0035]   Complete via3 (guide).
[INFO DRT-0035]   Complete met4 (guide).
[INFO DRT-0035]   Complete via4 (guide).
[INFO DRT-0035]   Complete met5 (guide).
[INFO DRT-0036] FR_MASTERSLICE guide region query size = 0.
[INFO DRT-0036] licon guide region query size = 0.
[INFO DRT-0036] li1 guide region query size = 559.
[INFO DRT-0036] mcon guide region query size = 0.
[INFO DRT-0036] met1 guide region query size = 493.
[INFO DRT-0036] via guide region query size = 0.
[INFO DRT-0036] met2 guide region query size = 277.
[INFO DRT-0036] via2 guide region query size = 0.
[INFO DRT-0036] met3 guide region query size = 73.
[INFO DRT-0036] via3 guide region query size = 0.
[INFO DRT-0036] met4 guide region query size = 6.
[INFO DRT-0036] via4 guide region query size = 0.
[INFO DRT-0036] met5 guide region query size = 3.
[INFO DRT-0179] Init gr pin query.
[INFO DRT-0245] skipped writing guide updates to database.
[INFO DRT-0185] Post process initialize RPin region query.
[INFO DRT-0181] Start track assignment.
[INFO DRT-0184] Done with 842 vertical wires in 1 frboxes and 569 horizontal wires in 1 frboxes.
[INFO DRT-0186] Done with 35 vertical wires in 1 frboxes and 67 horizontal wires in 1 frboxes.
[INFO DRT-0182] Complete track assignment.
[INFO DRT-0267] cpu time = 00:00:00, elapsed time = 00:00:00, memory = 142.38 (MB), peak = 142.38 (MB)
[INFO DRT-0187] Start routing data preparation.
[INFO DRT-0267] cpu time = 00:00:00, elapsed time = 00:00:00, memory = 142.69 (MB), peak = 142.69 (MB)
[INFO DRT-0194] Start detail routing.
[INFO DRT-0195] Start 0th optimization iteration.
    Completing 10% with 0 violations.
    elapsed time = 00:00:00, memory = 165.58 (MB).
    Completing 20% with 0 violations.
    elapsed time = 00:00:00, memory = 153.71 (MB).
    Completing 30% with 17 violations.
    elapsed time = 00:00:00, memory = 181.99 (MB).
    Completing 40% with 17 violations.
    elapsed time = 00:00:00, memory = 188.40 (MB).
    Completing 50% with 17 violations.
    elapsed time = 00:00:00, memory = 179.79 (MB).
    Completing 60% with 32 violations.
    elapsed time = 00:00:00, memory = 194.63 (MB).
    Completing 70% with 32 violations.
    elapsed time = 00:00:00, memory = 194.63 (MB).
    Completing 80% with 39 violations.
    elapsed time = 00:00:00, memory = 218.85 (MB).
    Completing 90% with 39 violations.
    elapsed time = 00:00:00, memory = 219.16 (MB).
    Completing 100% with 39 violations.
    elapsed time = 00:00:00, memory = 219.16 (MB).
[INFO DRT-0199]   Number of violations = 40.
Viol/Layer        met1   met2   met3
Metal Spacing        8      4     25
Recheck              1      0      0
Short                2      0      0
[INFO DRT-0267] cpu time = 00:00:02, elapsed time = 00:00:00, memory = 581.19 (MB), peak = 581.19 (MB)
Total wire length = 8618 um.
Total wire length on LAYER li1 = 0 um.
Total wire length on LAYER met1 = 4209 um.
Total wire length on LAYER met2 = 3717 um.
Total wire length on LAYER met3 = 350 um.
Total wire length on LAYER met4 = 5 um.
Total wire length on LAYER met5 = 334 um.
Total number of vias = 1329.
Up-via summary (total 1329):

-----------------------
 FR_MASTERSLICE       0
            li1     666
           met1     578
           met2      73
           met3       6
           met4       6
-----------------------
                   1329


[INFO DRT-0195] Start 1st optimization iteration.
    Completing 10% with 40 violations.
    elapsed time = 00:00:00, memory = 596.35 (MB).
    Completing 20% with 40 violations.
    elapsed time = 00:00:00, memory = 597.29 (MB).
    Completing 30% with 40 violations.
    elapsed time = 00:00:00, memory = 598.07 (MB).
    Completing 40% with 26 violations.
    elapsed time = 00:00:00, memory = 614.16 (MB).
    Completing 50% with 26 violations.
    elapsed time = 00:00:00, memory = 614.16 (MB).
    Completing 60% with 26 violations.
    elapsed time = 00:00:00, memory = 614.16 (MB).
    Completing 70% with 9 violations.
    elapsed time = 00:00:00, memory = 620.25 (MB).
    Completing 80% with 9 violations.
    elapsed time = 00:00:00, memory = 620.25 (MB).
    Completing 90% with 6 violations.
    elapsed time = 00:00:00, memory = 637.29 (MB).
    Completing 100% with 0 violations.
    elapsed time = 00:00:00, memory = 637.44 (MB).
[INFO DRT-0199]   Number of violations = 0.
[INFO DRT-0267] cpu time = 00:00:02, elapsed time = 00:00:00, memory = 638.69 (MB), peak = 638.69 (MB)
Total wire length = 8584 um.
Total wire length on LAYER li1 = 0 um.
Total wire length on LAYER met1 = 4174 um.
Total wire length on LAYER met2 = 3699 um.
Total wire length on LAYER met3 = 370 um.
Total wire length on LAYER met4 = 5 um.
Total wire length on LAYER met5 = 334 um.
Total number of vias = 1328.
Up-via summary (total 1328):

-----------------------
 FR_MASTERSLICE       0
            li1     666
           met1     577
           met2      73
           met3       6
           met4       6
-----------------------
                   1328


[INFO DRT-0198] Complete detail routing.
Total wire length = 8584 um.
Total wire length on LAYER li1 = 0 um.
Total wire length on LAYER met1 = 4174 um.
Total wire length on LAYER met2 = 3699 um.
Total wire length on LAYER met3 = 370 um.
Total wire length on LAYER met4 = 5 um.
Total wire length on LAYER met5 = 334 um.
Total number of vias = 1328.
Up-via summary (total 1328):

-----------------------
 FR_MASTERSLICE       0
            li1     666
           met1     577
           met2      73
           met3       6
           met4       6
-----------------------
                   1328


[INFO DRT-0267] cpu time = 00:00:05, elapsed time = 00:00:00, memory = 638.85 (MB), peak = 638.85 (MB)

[INFO DRT-0180] Post processing.
Setting global connections for newly added cells…
[INFO] Setting global connections...
Updating metrics…
Cell type report:                       Count       Area
  Macro                                     1    2472.27
  Fill cell                               172     645.62
  Tap cell                                410     512.99
  Antenna cell                              3       7.51
  Clock buffer                              9     207.70
  Timing Repair Buffer                     63     296.53
  Inverter                                 50     187.68
  Clock inverter                            2      37.54
  Sequential cell                          50    1251.20
  Multi-Input combinational cell           92     575.55
  Total                                   852    6194.59
Writing OpenROAD database to '/foss/designs/pmu_design/rca/1-librelane/runs/run_rca_flow/130-openroad-detailedrouting/rca.odb'…
Writing netlist to '/foss/designs/pmu_design/rca/1-librelane/runs/run_rca_flow/130-openroad-detailedrouting/rca.nl.v'…
Writing powered netlist to '/foss/designs/pmu_design/rca/1-librelane/runs/run_rca_flow/130-openroad-detailedrouting/rca.pnl.v'…
Writing layout to '/foss/designs/pmu_design/rca/1-librelane/runs/run_rca_flow/130-openroad-detailedrouting/rca.def'…
Writing timing constraints to '/foss/designs/pmu_design/rca/1-librelane/runs/run_rca_flow/130-openroad-detailedrouting/rca.sdc'…
