
===========================================================================
report_checks -path_delay min (Hold)
============================================================================
======================= min_ss_100C_1v60 Corner ===================================

Startpoint: rst (input port clocked by clk)
Endpoint: _25_ (removal check against rising-edge clock clk)
Path Group: asynchronous
Path Type: min

Fanout         Cap        Slew       Delay        Time   Description
---------------------------------------------------------------------------------------------
                                  0.000000    0.000000   clock clk (rise edge)
                                  0.000000    0.000000   clock network delay (propagated)
                                  2.000000    2.000000 v input external delay
     3    0.018126    0.080728    0.055853    2.055853 v rst (in)
                                                         rst (net)
                      0.080729    0.000000    2.055853 v _22_/A (sky130_fd_sc_hd__inv_2)
     1    0.003579    0.040998    0.075317    2.131170 ^ _22_/Y (sky130_fd_sc_hd__inv_2)
                                                         _03_ (net)
                      0.040998    0.000026    2.131196 ^ _25_/RESET_B (sky130_fd_sc_hd__dfrtp_2)
                                              2.131196   data arrival time

                                  0.000000    0.000000   clock clk (rise edge)
                                  0.000000    0.000000   clock source latency
     1    0.009152    0.075327    0.048179    0.048179 ^ clk (in)
                                                         clk (net)
                      0.075327    0.000000    0.048179 ^ clkbuf_0_clk/A (sky130_fd_sc_hd__clkbuf_16)
     2    0.017218    0.063955    0.220074    0.268253 ^ clkbuf_0_clk/X (sky130_fd_sc_hd__clkbuf_16)
                                                         clknet_0_clk (net)
                      0.063955    0.000122    0.268375 ^ clkbuf_1_0__f_clk/A (sky130_fd_sc_hd__clkbuf_16)
     2    0.004887    0.047651    0.195189    0.463564 ^ clkbuf_1_0__f_clk/X (sky130_fd_sc_hd__clkbuf_16)
                                                         clknet_1_0__leaf_clk (net)
                      0.047651    0.000026    0.463590 ^ _25_/CLK (sky130_fd_sc_hd__dfrtp_2)
                                  0.250000    0.713590   clock uncertainty
                                  0.000000    0.713590   clock reconvergence pessimism
                                  0.641775    1.355365   library removal time
                                              1.355365   data required time
---------------------------------------------------------------------------------------------
                                              1.355365   data required time
                                             -2.131196   data arrival time
---------------------------------------------------------------------------------------------
                                              0.775831   slack (MET)


Startpoint: rst (input port clocked by clk)
Endpoint: _23_ (removal check against rising-edge clock clk)
Path Group: asynchronous
Path Type: min

Fanout         Cap        Slew       Delay        Time   Description
---------------------------------------------------------------------------------------------
                                  0.000000    0.000000   clock clk (rise edge)
                                  0.000000    0.000000   clock network delay (propagated)
                                  2.000000    2.000000 v input external delay
     3    0.018126    0.080728    0.055892    2.055892 v rst (in)
                                                         rst (net)
                      0.080729    0.000000    2.055892 v _12_/A (sky130_fd_sc_hd__inv_2)
     1    0.003717    0.041736    0.076043    2.131934 ^ _12_/Y (sky130_fd_sc_hd__inv_2)
                                                         _01_ (net)
                      0.041736    0.000031    2.131965 ^ _23_/RESET_B (sky130_fd_sc_hd__dfrtp_2)
                                              2.131965   data arrival time

                                  0.000000    0.000000   clock clk (rise edge)
                                  0.000000    0.000000   clock source latency
     1    0.009152    0.075327    0.048179    0.048179 ^ clk (in)
                                                         clk (net)
                      0.075327    0.000000    0.048179 ^ clkbuf_0_clk/A (sky130_fd_sc_hd__clkbuf_16)
     2    0.017218    0.063955    0.220074    0.268253 ^ clkbuf_0_clk/X (sky130_fd_sc_hd__clkbuf_16)
                                                         clknet_0_clk (net)
                      0.063955    0.000122    0.268375 ^ clkbuf_1_0__f_clk/A (sky130_fd_sc_hd__clkbuf_16)
     2    0.004887    0.047651    0.195189    0.463564 ^ clkbuf_1_0__f_clk/X (sky130_fd_sc_hd__clkbuf_16)
                                                         clknet_1_0__leaf_clk (net)
                      0.047651    0.000028    0.463592 ^ _23_/CLK (sky130_fd_sc_hd__dfrtp_2)
                                  0.250000    0.713592   clock uncertainty
                                  0.000000    0.713592   clock reconvergence pessimism
                                  0.642001    1.355593   library removal time
                                              1.355593   data required time
---------------------------------------------------------------------------------------------
                                              1.355593   data required time
                                             -2.131965   data arrival time
---------------------------------------------------------------------------------------------
                                              0.776372   slack (MET)


Startpoint: rst (input port clocked by clk)
Endpoint: _24_ (removal check against rising-edge clock clk)
Path Group: asynchronous
Path Type: min

Fanout         Cap        Slew       Delay        Time   Description
---------------------------------------------------------------------------------------------
                                  0.000000    0.000000   clock clk (rise edge)
                                  0.000000    0.000000   clock network delay (propagated)
                                  2.000000    2.000000 v input external delay
     3    0.018126    0.080728    0.055910    2.055910 v rst (in)
                                                         rst (net)
                      0.080729    0.000000    2.055910 v _21_/A (sky130_fd_sc_hd__inv_2)
     1    0.005089    0.049374    0.083253    2.139163 ^ _21_/Y (sky130_fd_sc_hd__inv_2)
                                                         _02_ (net)
                      0.049374    0.000069    2.139232 ^ _24_/RESET_B (sky130_fd_sc_hd__dfrtp_2)
                                              2.139232   data arrival time

                                  0.000000    0.000000   clock clk (rise edge)
                                  0.000000    0.000000   clock source latency
     1    0.009152    0.075327    0.048179    0.048179 ^ clk (in)
                                                         clk (net)
                      0.075327    0.000000    0.048179 ^ clkbuf_0_clk/A (sky130_fd_sc_hd__clkbuf_16)
     2    0.017218    0.063955    0.220074    0.268253 ^ clkbuf_0_clk/X (sky130_fd_sc_hd__clkbuf_16)
                                                         clknet_0_clk (net)
                      0.063955    0.000068    0.268321 ^ clkbuf_1_1__f_clk/A (sky130_fd_sc_hd__clkbuf_16)
     2    0.005964    0.049119    0.197228    0.465549 ^ clkbuf_1_1__f_clk/X (sky130_fd_sc_hd__clkbuf_16)
                                                         clknet_1_1__leaf_clk (net)
                      0.049119    0.000063    0.465612 ^ _24_/CLK (sky130_fd_sc_hd__dfrtp_2)
                                  0.250000    0.715612   clock uncertainty
                                  0.000000    0.715612   clock reconvergence pessimism
                                  0.644787    1.360399   library removal time
                                              1.360399   data required time
---------------------------------------------------------------------------------------------
                                              1.360399   data required time
                                             -2.139232   data arrival time
---------------------------------------------------------------------------------------------
                                              0.778833   slack (MET)


Startpoint: _24_ (rising edge-triggered flip-flop clocked by clk)
Endpoint: _25_ (rising edge-triggered flip-flop clocked by clk)
Path Group: clk
Path Type: min

Fanout         Cap        Slew       Delay        Time   Description
---------------------------------------------------------------------------------------------
                                  0.000000    0.000000   clock clk (rise edge)
                                  0.000000    0.000000   clock source latency
     1    0.009152    0.075327    0.048179    0.048179 ^ clk (in)
                                                         clk (net)
                      0.075327    0.000000    0.048179 ^ clkbuf_0_clk/A (sky130_fd_sc_hd__clkbuf_16)
     2    0.017218    0.063955    0.220074    0.268253 ^ clkbuf_0_clk/X (sky130_fd_sc_hd__clkbuf_16)
                                                         clknet_0_clk (net)
                      0.063955    0.000068    0.268321 ^ clkbuf_1_1__f_clk/A (sky130_fd_sc_hd__clkbuf_16)
     2    0.005964    0.049119    0.197228    0.465549 ^ clkbuf_1_1__f_clk/X (sky130_fd_sc_hd__clkbuf_16)
                                                         clknet_1_1__leaf_clk (net)
                      0.049119    0.000063    0.465612 ^ _24_/CLK (sky130_fd_sc_hd__dfrtp_2)
     1    0.009635    0.119799    0.718584    1.184196 ^ _24_/Q (sky130_fd_sc_hd__dfrtp_2)
                                                         capture_q (net)
                      0.119799    0.000045    1.184241 ^ _13_/A (sky130_fd_sc_hd__xor2_2)
     1    0.001842    0.094280    0.194713    1.378953 ^ _13_/X (sky130_fd_sc_hd__xor2_2)
                                                         _05_ (net)
                      0.094280    0.000016    1.378970 ^ _14_/A0 (sky130_fd_sc_hd__mux2_1)
     1    0.005233    0.101645    0.264767    1.643736 ^ _14_/X (sky130_fd_sc_hd__mux2_1)
                                                         _00_ (net)
                      0.101645    0.000097    1.643833 ^ _25_/D (sky130_fd_sc_hd__dfrtp_2)
                                              1.643833   data arrival time

                                  0.000000    0.000000   clock clk (rise edge)
                                  0.000000    0.000000   clock source latency
     1    0.009152    0.075327    0.048179    0.048179 ^ clk (in)
                                                         clk (net)
                      0.075327    0.000000    0.048179 ^ clkbuf_0_clk/A (sky130_fd_sc_hd__clkbuf_16)
     2    0.017218    0.063955    0.220074    0.268253 ^ clkbuf_0_clk/X (sky130_fd_sc_hd__clkbuf_16)
                                                         clknet_0_clk (net)
                      0.063955    0.000122    0.268375 ^ clkbuf_1_0__f_clk/A (sky130_fd_sc_hd__clkbuf_16)
     2    0.004887    0.047651    0.195189    0.463564 ^ clkbuf_1_0__f_clk/X (sky130_fd_sc_hd__clkbuf_16)
                                                         clknet_1_0__leaf_clk (net)
                      0.047651    0.000026    0.463590 ^ _25_/CLK (sky130_fd_sc_hd__dfrtp_2)
                                  0.250000    0.713590   clock uncertainty
                                  0.000000    0.713590   clock reconvergence pessimism
                                 -0.087767    0.625823   library hold time
                                              0.625823   data required time
---------------------------------------------------------------------------------------------
                                              0.625823   data required time
                                             -1.643833   data arrival time
---------------------------------------------------------------------------------------------
                                              1.018010   slack (MET)


Startpoint: path_sel[2] (input port clocked by clk)
Endpoint: _23_ (rising edge-triggered flip-flop clocked by clk)
Path Group: clk
Path Type: min

Fanout         Cap        Slew       Delay        Time   Description
---------------------------------------------------------------------------------------------
                                  0.000000    0.000000   clock clk (rise edge)
                                  0.000000    0.000000   clock network delay (propagated)
                                  2.000000    2.000000 v input external delay
     2    0.011319    0.052713    0.035301    2.035301 v path_sel[2] (in)
                                                         path_sel[2] (net)
                      0.052713    0.000000    2.035301 v _11_/A (sky130_fd_sc_hd__inv_2)
     1    0.002889    0.034810    0.059105    2.094406 ^ _11_/Y (sky130_fd_sc_hd__inv_2)
                                                         _04_ (net)
                      0.034810    0.000017    2.094423 ^ _20_/A1 (sky130_fd_sc_hd__o21a_2)
     3    0.009141    0.100597    0.279497    2.373920 ^ _20_/X (sky130_fd_sc_hd__o21a_2)
                                                         dc_inst.in (net)
                      0.100597    0.000182    2.374102 ^ _23_/D (sky130_fd_sc_hd__dfrtp_2)
                                              2.374102   data arrival time

                                  0.000000    0.000000   clock clk (rise edge)
                                  0.000000    0.000000   clock source latency
     1    0.009152    0.075327    0.048179    0.048179 ^ clk (in)
                                                         clk (net)
                      0.075327    0.000000    0.048179 ^ clkbuf_0_clk/A (sky130_fd_sc_hd__clkbuf_16)
     2    0.017218    0.063955    0.220074    0.268253 ^ clkbuf_0_clk/X (sky130_fd_sc_hd__clkbuf_16)
                                                         clknet_0_clk (net)
                      0.063955    0.000122    0.268375 ^ clkbuf_1_0__f_clk/A (sky130_fd_sc_hd__clkbuf_16)
     2    0.004887    0.047651    0.195189    0.463564 ^ clkbuf_1_0__f_clk/X (sky130_fd_sc_hd__clkbuf_16)
                                                         clknet_1_0__leaf_clk (net)
                      0.047651    0.000028    0.463592 ^ _23_/CLK (sky130_fd_sc_hd__dfrtp_2)
                                  0.250000    0.713592   clock uncertainty
                                  0.000000    0.713592   clock reconvergence pessimism
                                 -0.087529    0.626063   library hold time
                                              0.626063   data required time
---------------------------------------------------------------------------------------------
                                              0.626063   data required time
                                             -2.374102   data arrival time
---------------------------------------------------------------------------------------------
                                              1.748039   slack (MET)


Startpoint: _25_ (rising edge-triggered flip-flop clocked by clk)
Endpoint: tdo (output port clocked by clk)
Path Group: clk
Path Type: min

Fanout         Cap        Slew       Delay        Time   Description
---------------------------------------------------------------------------------------------
                                  0.000000    0.000000   clock clk (rise edge)
                                  0.000000    0.000000   clock source latency
     1    0.009152    0.075327    0.048179    0.048179 ^ clk (in)
                                                         clk (net)
                      0.075327    0.000000    0.048179 ^ clkbuf_0_clk/A (sky130_fd_sc_hd__clkbuf_16)
     2    0.017218    0.063955    0.220074    0.268253 ^ clkbuf_0_clk/X (sky130_fd_sc_hd__clkbuf_16)
                                                         clknet_0_clk (net)
                      0.063955    0.000122    0.268375 ^ clkbuf_1_0__f_clk/A (sky130_fd_sc_hd__clkbuf_16)
     2    0.004887    0.047651    0.195189    0.463564 ^ clkbuf_1_0__f_clk/X (sky130_fd_sc_hd__clkbuf_16)
                                                         clknet_1_0__leaf_clk (net)
                      0.047651    0.000026    0.463590 ^ _25_/CLK (sky130_fd_sc_hd__dfrtp_2)
     1    0.037987    0.307584    0.882172    1.345762 ^ _25_/Q (sky130_fd_sc_hd__dfrtp_2)
                                                         tdo (net)
                      0.307586    0.001363    1.347125 ^ tdo (out)
                                              1.347125   data arrival time

                                  0.000000    0.000000   clock clk (rise edge)
                                  0.000000    0.000000   clock network delay (propagated)
                                  0.250000    0.250000   clock uncertainty
                                  0.000000    0.250000   clock reconvergence pessimism
                                 -2.000000   -1.750000   output external delay
                                             -1.750000   data required time
---------------------------------------------------------------------------------------------
                                             -1.750000   data required time
                                             -1.347125   data arrival time
---------------------------------------------------------------------------------------------
                                              3.097124   slack (MET)



