Reading OpenROAD database at '/foss/designs/pmu_design/pmu/1-librelane/runs/run_pmu_flow/39-openroad-repairantennas/1-diodeinsertion/pmu.odb'…
Reading library file at '/foss/pdks/sky130A/libs.ref/sky130_fd_sc_hd/lib/sky130_fd_sc_hd__tt_025C_1v80.lib'…
Reading design constraints file at '/foss/designs/pmu_design/pmu/1-librelane/pmu.sdc'…
[INFO] Using clock clk…
[INFO] Setting output delay to: 2
[INFO] Setting input delay to: 2
[INFO] Setting load to: 0.033442
[INFO] Setting clock uncertainty to: 0.25
[INFO] Setting clock transition to: 0.1499999999999999944488848768742172978818416595458984375
[INFO] Setting timing derate to: 5%
[INFO] Applying custom path constraint for delay chain (so that slack/hold violations are not considered)
[INFO ORD-0030] Using 20 thread(s).
[INFO DRT-0149] Reading tech and libs.
[WARNING DRT-0349] LEF58_ENCLOSURE with no CUTCLASS is not supported. Skipping for layer mcon
[WARNING DRT-0349] LEF58_ENCLOSURE with no CUTCLASS is not supported. Skipping for layer mcon
[WARNING DRT-0349] LEF58_ENCLOSURE with no CUTCLASS is not supported. Skipping for layer via
[WARNING DRT-0349] LEF58_ENCLOSURE with no CUTCLASS is not supported. Skipping for layer via
[WARNING DRT-0349] LEF58_ENCLOSURE with no CUTCLASS is not supported. Skipping for layer via2
[WARNING DRT-0349] LEF58_ENCLOSURE with no CUTCLASS is not supported. Skipping for layer via2
[WARNING DRT-0349] LEF58_ENCLOSURE with no CUTCLASS is not supported. Skipping for layer via3
[WARNING DRT-0349] LEF58_ENCLOSURE with no CUTCLASS is not supported. Skipping for layer via3
[WARNING DRT-0349] LEF58_ENCLOSURE with no CUTCLASS is not supported. Skipping for layer via4
[WARNING DRT-0349] LEF58_ENCLOSURE with no CUTCLASS is not supported. Skipping for layer via4

Units:                1000
Number of layers:     13
Number of macros:     445
Number of vias:       28
Number of viarulegen: 25

[INFO DRT-0150] Reading design.

Design:                   pmu
Die area:                 ( 0 0 ) ( 44650 55370 )
Number of track patterns: 12
Number of DEF vias:       0
Number of components:     200
Number of terminals:      21
Number of snets:          2
Number of nets:           179

[INFO DRT-0167] List of default vias:
  Layer via
    default via: M1M2_PR
  Layer via2
    default via: M2M3_PR
  Layer via3
    default via: M3M4_PR
  Layer via4
    default via: M4M5_PR
[INFO DRT-0162] Library cell analysis.
[INFO DRT-0163] Instance analysis.
[INFO DRT-0164] Number of unique instances = 30.
[INFO DRT-0168] Init region query.
[INFO DRT-0024]   Complete FR_MASTERSLICE.
[INFO DRT-0024]   Complete licon.
[INFO DRT-0024]   Complete li1.
[INFO DRT-0024]   Complete mcon.
[INFO DRT-0024]   Complete met1.
[INFO DRT-0024]   Complete via.
[INFO DRT-0024]   Complete met2.
[INFO DRT-0024]   Complete via2.
[INFO DRT-0024]   Complete met3.
[INFO DRT-0024]   Complete via3.
[INFO DRT-0024]   Complete met4.
[INFO DRT-0024]   Complete via4.
[INFO DRT-0024]   Complete met5.
[INFO DRT-0033] FR_MASTERSLICE shape region query size = 0.
[INFO DRT-0033] licon shape region query size = 0.
[INFO DRT-0033] li1 shape region query size = 3125.
[INFO DRT-0033] mcon shape region query size = 0.
[INFO DRT-0033] met1 shape region query size = 518.
[INFO DRT-0033] via shape region query size = 65.
[INFO DRT-0033] met2 shape region query size = 44.
[INFO DRT-0033] via2 shape region query size = 52.
[INFO DRT-0033] met3 shape region query size = 53.
[INFO DRT-0033] via3 shape region query size = 52.
[INFO DRT-0033] met4 shape region query size = 17.
[INFO DRT-0033] via4 shape region query size = 0.
[INFO DRT-0033] met5 shape region query size = 0.
[INFO DRT-0165] Start pin access.
[INFO DRT-0078]   Complete 75 pins.
[INFO DRT-0081]   Complete 24 unique inst patterns.
[INFO DRT-0084]   Complete 53 groups.
#scanned instances     = 200
#unique  instances     = 30
#stdCellGenAp          = 661
#stdCellValidPlanarAp  = 29
#stdCellValidViaAp     = 454
#stdCellPinNoAp        = 0
#stdCellPinCnt         = 360
#instTermValidViaApCnt = 0
#macroGenAp            = 0
#macroValidPlanarAp    = 0
#macroValidViaAp       = 0
#macroNoAp             = 0
[INFO DRT-0166] Complete pin access.
[INFO DRT-0267] cpu time = 00:00:03, elapsed time = 00:00:00, memory = 134.73 (MB), peak = 134.73 (MB)

[INFO DRT-0157] Number of guides:     692

[INFO DRT-0169] Post process guides.
[INFO DRT-0176] GCELLGRID X 0 DO 6 STEP 6900 ;
[INFO DRT-0177] GCELLGRID Y 0 DO 8 STEP 6900 ;
[INFO DRT-0028]   Complete FR_MASTERSLICE.
[INFO DRT-0028]   Complete licon.
[INFO DRT-0028]   Complete li1.
[INFO DRT-0028]   Complete mcon.
[INFO DRT-0028]   Complete met1.
[INFO DRT-0028]   Complete via.
[INFO DRT-0028]   Complete met2.
[INFO DRT-0028]   Complete via2.
[INFO DRT-0028]   Complete met3.
[INFO DRT-0028]   Complete via3.
[INFO DRT-0028]   Complete met4.
[INFO DRT-0028]   Complete via4.
[INFO DRT-0028]   Complete met5.
[INFO DRT-0178] Init guide query.
[INFO DRT-0035]   Complete FR_MASTERSLICE (guide).
[INFO DRT-0035]   Complete licon (guide).
[INFO DRT-0035]   Complete li1 (guide).
[INFO DRT-0035]   Complete mcon (guide).
[INFO DRT-0035]   Complete met1 (guide).
[INFO DRT-0035]   Complete via (guide).
[INFO DRT-0035]   Complete met2 (guide).
[INFO DRT-0035]   Complete via2 (guide).
[INFO DRT-0035]   Complete met3 (guide).
[INFO DRT-0035]   Complete via3 (guide).
[INFO DRT-0035]   Complete met4 (guide).
[INFO DRT-0035]   Complete via4 (guide).
[INFO DRT-0035]   Complete met5 (guide).
[INFO DRT-0036] FR_MASTERSLICE guide region query size = 0.
[INFO DRT-0036] licon guide region query size = 0.
[INFO DRT-0036] li1 guide region query size = 263.
[INFO DRT-0036] mcon guide region query size = 0.
[INFO DRT-0036] met1 guide region query size = 152.
[INFO DRT-0036] via guide region query size = 0.
[INFO DRT-0036] met2 guide region query size = 71.
[INFO DRT-0036] via2 guide region query size = 0.
[INFO DRT-0036] met3 guide region query size = 14.
[INFO DRT-0036] via3 guide region query size = 0.
[INFO DRT-0036] met4 guide region query size = 0.
[INFO DRT-0036] via4 guide region query size = 0.
[INFO DRT-0036] met5 guide region query size = 0.
[INFO DRT-0179] Init gr pin query.
[INFO DRT-0245] skipped writing guide updates to database.
[INFO DRT-0185] Post process initialize RPin region query.
[INFO DRT-0181] Start track assignment.
[INFO DRT-0184] Done with 334 vertical wires in 1 frboxes and 166 horizontal wires in 1 frboxes.
[INFO DRT-0186] Done with 21 vertical wires in 1 frboxes and 42 horizontal wires in 1 frboxes.
[INFO DRT-0182] Complete track assignment.
[INFO DRT-0267] cpu time = 00:00:00, elapsed time = 00:00:00, memory = 136.29 (MB), peak = 136.29 (MB)
[INFO DRT-0187] Start routing data preparation.
[INFO DRT-0267] cpu time = 00:00:00, elapsed time = 00:00:00, memory = 136.45 (MB), peak = 136.45 (MB)
[INFO DRT-0194] Start detail routing.
[INFO DRT-0195] Start 0th optimization iteration.
    Completing 10% with 0 violations.
    elapsed time = 00:00:00, memory = 145.35 (MB).
    Completing 20% with 8 violations.
    elapsed time = 00:00:00, memory = 146.45 (MB).
[INFO DRT-0199]   Number of violations = 10.
Viol/Layer        met1   met2   met3
Metal Spacing        1      1      2
Short                6      0      0
[INFO DRT-0267] cpu time = 00:00:01, elapsed time = 00:00:00, memory = 507.70 (MB), peak = 507.70 (MB)
Total wire length = 1297 um.
Total wire length on LAYER li1 = 0 um.
Total wire length on LAYER met1 = 570 um.
Total wire length on LAYER met2 = 566 um.
Total wire length on LAYER met3 = 161 um.
Total wire length on LAYER met4 = 0 um.
Total wire length on LAYER met5 = 0 um.
Total number of vias = 602.
Up-via summary (total 602):

----------------------
 FR_MASTERSLICE      0
            li1    355
           met1    233
           met2     14
           met3      0
           met4      0
----------------------
                   602


[INFO DRT-0195] Start 1st optimization iteration.
    Completing 10% with 10 violations.
    elapsed time = 00:00:00, memory = 515.35 (MB).
    Completing 20% with 2 violations.
    elapsed time = 00:00:01, memory = 519.73 (MB).
    Completing 30% with 3 violations.
    elapsed time = 00:00:03, memory = 522.38 (MB).
    Completing 40% with 3 violations.
    elapsed time = 00:00:03, memory = 523.63 (MB).
[INFO DRT-0199]   Number of violations = 1.
Viol/Layer        met1
Metal Spacing        1
[INFO DRT-0267] cpu time = 00:00:01, elapsed time = 00:00:03, memory = 524.73 (MB), peak = 524.73 (MB)
Total wire length = 1293 um.
Total wire length on LAYER li1 = 0 um.
Total wire length on LAYER met1 = 568 um.
Total wire length on LAYER met2 = 565 um.
Total wire length on LAYER met3 = 159 um.
Total wire length on LAYER met4 = 0 um.
Total wire length on LAYER met5 = 0 um.
Total number of vias = 605.
Up-via summary (total 605):

----------------------
 FR_MASTERSLICE      0
            li1    355
           met1    236
           met2     14
           met3      0
           met4      0
----------------------
                   605


[INFO DRT-0195] Start 2nd optimization iteration.
    Completing 10% with 1 violations.
    elapsed time = 00:00:00, memory = 524.73 (MB).
    Completing 20% with 1 violations.
    elapsed time = 00:00:00, memory = 524.73 (MB).
    Completing 30% with 1 violations.
    elapsed time = 00:00:00, memory = 524.73 (MB).
    Completing 40% with 1 violations.
    elapsed time = 00:00:00, memory = 539.26 (MB).
[INFO DRT-0199]   Number of violations = 1.
Viol/Layer        met1
Metal Spacing        1
[INFO DRT-0267] cpu time = 00:00:01, elapsed time = 00:00:00, memory = 539.26 (MB), peak = 539.26 (MB)
Total wire length = 1293 um.
Total wire length on LAYER li1 = 0 um.
Total wire length on LAYER met1 = 568 um.
Total wire length on LAYER met2 = 565 um.
Total wire length on LAYER met3 = 159 um.
Total wire length on LAYER met4 = 0 um.
Total wire length on LAYER met5 = 0 um.
Total number of vias = 605.
Up-via summary (total 605):

----------------------
 FR_MASTERSLICE      0
            li1    355
           met1    236
           met2     14
           met3      0
           met4      0
----------------------
                   605


[INFO DRT-0195] Start 3rd optimization iteration.
    Completing 10% with 1 violations.
    elapsed time = 00:00:00, memory = 539.37 (MB).
    Completing 20% with 0 violations.
    elapsed time = 00:00:00, memory = 539.37 (MB).
[INFO DRT-0199]   Number of violations = 0.
[INFO DRT-0267] cpu time = 00:00:00, elapsed time = 00:00:00, memory = 539.37 (MB), peak = 552.07 (MB)
Total wire length = 1293 um.
Total wire length on LAYER li1 = 0 um.
Total wire length on LAYER met1 = 567 um.
Total wire length on LAYER met2 = 567 um.
Total wire length on LAYER met3 = 159 um.
Total wire length on LAYER met4 = 0 um.
Total wire length on LAYER met5 = 0 um.
Total number of vias = 607.
Up-via summary (total 607):

----------------------
 FR_MASTERSLICE      0
            li1    355
           met1    238
           met2     14
           met3      0
           met4      0
----------------------
                   607


[INFO DRT-0198] Complete detail routing.
Total wire length = 1293 um.
Total wire length on LAYER li1 = 0 um.
Total wire length on LAYER met1 = 567 um.
Total wire length on LAYER met2 = 567 um.
Total wire length on LAYER met3 = 159 um.
Total wire length on LAYER met4 = 0 um.
Total wire length on LAYER met5 = 0 um.
Total number of vias = 607.
Up-via summary (total 607):

----------------------
 FR_MASTERSLICE      0
            li1    355
           met1    238
           met2     14
           met3      0
           met4      0
----------------------
                   607


[INFO DRT-0267] cpu time = 00:00:05, elapsed time = 00:00:04, memory = 539.37 (MB), peak = 552.07 (MB)

[INFO DRT-0180] Post processing.
Setting global connections for newly added cells…
[INFO] Setting global connections...
Updating metrics…
Cell type report:                       Count       Area
  Fill cell                                24      90.09
  Tap cell                                 14      17.52
  Buffer                                  140     533.01
  Clock buffer                              4      82.58
  Inverter                                  4      15.01
  Sequential cell                           3      78.83
  Multi-Input combinational cell           11     163.91
  Total                                   200     980.94
Writing OpenROAD database to '/foss/designs/pmu_design/pmu/1-librelane/runs/run_pmu_flow/41-openroad-detailedrouting/pmu.odb'…
Writing netlist to '/foss/designs/pmu_design/pmu/1-librelane/runs/run_pmu_flow/41-openroad-detailedrouting/pmu.nl.v'…
Writing powered netlist to '/foss/designs/pmu_design/pmu/1-librelane/runs/run_pmu_flow/41-openroad-detailedrouting/pmu.pnl.v'…
Writing layout to '/foss/designs/pmu_design/pmu/1-librelane/runs/run_pmu_flow/41-openroad-detailedrouting/pmu.def'…
Writing timing constraints to '/foss/designs/pmu_design/pmu/1-librelane/runs/run_pmu_flow/41-openroad-detailedrouting/pmu.sdc'…
