Clock: clk
Sources: clk 
Generated: no
Virtual: yes
Propagated: no
Period: 10.000000

===========================================================================
report_clock_properties
============================================================================
Clock                   Period          Waveform
----------------------------------------------------
clk                  10.000000    0.000000  5.000000

===========================================================================
report_clock_latency
============================================================================
Clock clk
rise -> rise
    min     max
0.000000 0.000000 source latency
0.181800         network latency _23_/CLK
        0.182619 network latency _24_/CLK
---------------
0.181800 0.182619 latency
        0.000820 skew

fall -> fall
    min     max
0.000000 0.000000 source latency
0.184539         network latency _23_/CLK
        0.185218 network latency _24_/CLK
---------------
0.184539 0.185218 latency
        0.000679 skew



===========================================================================
report_clock_min_period
============================================================================
clk period_min = 0.84 fmax = 1191.15
