
===========================================================================
report_checks -path_delay max (Setup)
============================================================================
======================= nom_ff_n40C_1v95 Corner ===================================

Startpoint: _25_ (rising edge-triggered flip-flop clocked by clk)
Endpoint: tdo (output port clocked by clk)
Path Group: clk
Path Type: max

Fanout         Cap        Slew       Delay        Time   Description
---------------------------------------------------------------------------------------------
                                  0.000000    0.000000   clock clk (rise edge)
                                  0.000000    0.000000   clock source latency
     1    0.009315    0.036210    0.023463    0.023463 ^ clk (in)
                                                         clk (net)
                      0.036212    0.000000    0.023463 ^ clkbuf_0_clk/A (sky130_fd_sc_hd__clkbuf_16)
     2    0.017513    0.029521    0.084264    0.107727 ^ clkbuf_0_clk/X (sky130_fd_sc_hd__clkbuf_16)
                                                         clknet_0_clk (net)
                      0.029523    0.000375    0.108102 ^ clkbuf_1_0__f_clk/A (sky130_fd_sc_hd__clkbuf_16)
     2    0.005348    0.021229    0.073604    0.181706 ^ clkbuf_1_0__f_clk/X (sky130_fd_sc_hd__clkbuf_16)
                                                         clknet_1_0__leaf_clk (net)
                      0.021229    0.000100    0.181806 ^ _25_/CLK (sky130_fd_sc_hd__dfrtp_2)
     1    0.038460    0.087556    0.300875    0.482680 v _25_/Q (sky130_fd_sc_hd__dfrtp_2)
                                                         tdo (net)
                      0.087618    0.002116    0.484797 v tdo (out)
                                              0.484797   data arrival time

                                 10.000000   10.000000   clock clk (rise edge)
                                  0.000000   10.000000   clock network delay (propagated)
                                 -0.250000    9.750000   clock uncertainty
                                  0.000000    9.750000   clock reconvergence pessimism
                                 -2.000000    7.750000   output external delay
                                              7.750000   data required time
---------------------------------------------------------------------------------------------
                                              7.750000   data required time
                                             -0.484797   data arrival time
---------------------------------------------------------------------------------------------
                                              7.265203   slack (MET)


Startpoint: path_sel[0] (input port clocked by clk)
Endpoint: _23_ (rising edge-triggered flip-flop clocked by clk)
Path Group: clk
Path Type: max

Fanout         Cap        Slew       Delay        Time   Description
---------------------------------------------------------------------------------------------
                                  0.000000    0.000000   clock clk (rise edge)
                                  0.000000    0.000000   clock network delay (propagated)
                                  2.000000    2.000000 ^ input external delay
     4    0.023240    0.082441    0.056491    2.056491 ^ path_sel[0] (in)
                                                         path_sel[0] (net)
                      0.082446    0.000000    2.056491 ^ _18_/S (sky130_fd_sc_hd__mux2_1)
     1    0.002704    0.037571    0.187403    2.243895 v _18_/X (sky130_fd_sc_hd__mux2_1)
                                                         _09_ (net)
                      0.037571    0.000079    2.243973 v _19_/B1 (sky130_fd_sc_hd__a221o_2)
     1    0.003096    0.032170    0.159727    2.403700 v _19_/X (sky130_fd_sc_hd__a221o_2)
                                                         _10_ (net)
                      0.032170    0.000092    2.403792 v _20_/B1 (sky130_fd_sc_hd__o21a_2)
     3    0.009752    0.036700    0.081342    2.485135 v _20_/X (sky130_fd_sc_hd__o21a_2)
                                                         dc_inst.in (net)
                      0.036704    0.000377    2.485512 v _23_/D (sky130_fd_sc_hd__dfrtp_2)
                                              2.485512   data arrival time

                                 10.000000   10.000000   clock clk (rise edge)
                                  0.000000   10.000000   clock source latency
     1    0.009315    0.036210    0.023463   10.023463 ^ clk (in)
                                                         clk (net)
                      0.036212    0.000000   10.023463 ^ clkbuf_0_clk/A (sky130_fd_sc_hd__clkbuf_16)
     2    0.017513    0.029521    0.084264   10.107727 ^ clkbuf_0_clk/X (sky130_fd_sc_hd__clkbuf_16)
                                                         clknet_0_clk (net)
                      0.029523    0.000375   10.108102 ^ clkbuf_1_0__f_clk/A (sky130_fd_sc_hd__clkbuf_16)
     2    0.005348    0.021229    0.073604   10.181706 ^ clkbuf_1_0__f_clk/X (sky130_fd_sc_hd__clkbuf_16)
                                                         clknet_1_0__leaf_clk (net)
                      0.021229    0.000093   10.181800 ^ _23_/CLK (sky130_fd_sc_hd__dfrtp_2)
                                 -0.250000    9.931800   clock uncertainty
                                  0.000000    9.931800   clock reconvergence pessimism
                                 -0.076383    9.855417   library setup time
                                              9.855417   data required time
---------------------------------------------------------------------------------------------
                                              9.855417   data required time
                                             -2.485512   data arrival time
---------------------------------------------------------------------------------------------
                                              7.369906   slack (MET)


Startpoint: se (input port clocked by clk)
Endpoint: _25_ (rising edge-triggered flip-flop clocked by clk)
Path Group: clk
Path Type: max

Fanout         Cap        Slew       Delay        Time   Description
---------------------------------------------------------------------------------------------
                                  0.000000    0.000000   clock clk (rise edge)
                                  0.000000    0.000000   clock network delay (propagated)
                                  2.000000    2.000000 ^ input external delay
     1    0.005961    0.024914    0.015330    2.015330 ^ se (in)
                                                         se (net)
                      0.024916    0.000000    2.015330 ^ _14_/S (sky130_fd_sc_hd__mux2_1)
     1    0.005850    0.049414    0.195119    2.210449 v _14_/X (sky130_fd_sc_hd__mux2_1)
                                                         _00_ (net)
                      0.049414    0.000210    2.210659 v _25_/D (sky130_fd_sc_hd__dfrtp_2)
                                              2.210659   data arrival time

                                 10.000000   10.000000   clock clk (rise edge)
                                  0.000000   10.000000   clock source latency
     1    0.009315    0.036210    0.023463   10.023463 ^ clk (in)
                                                         clk (net)
                      0.036212    0.000000   10.023463 ^ clkbuf_0_clk/A (sky130_fd_sc_hd__clkbuf_16)
     2    0.017513    0.029521    0.084264   10.107727 ^ clkbuf_0_clk/X (sky130_fd_sc_hd__clkbuf_16)
                                                         clknet_0_clk (net)
                      0.029523    0.000375   10.108102 ^ clkbuf_1_0__f_clk/A (sky130_fd_sc_hd__clkbuf_16)
     2    0.005348    0.021229    0.073604   10.181706 ^ clkbuf_1_0__f_clk/X (sky130_fd_sc_hd__clkbuf_16)
                                                         clknet_1_0__leaf_clk (net)
                      0.021229    0.000099   10.181806 ^ _25_/CLK (sky130_fd_sc_hd__dfrtp_2)
                                 -0.250000    9.931806   clock uncertainty
                                  0.000000    9.931806   clock reconvergence pessimism
                                 -0.080924    9.850883   library setup time
                                              9.850883   data required time
---------------------------------------------------------------------------------------------
                                              9.850883   data required time
                                             -2.210659   data arrival time
---------------------------------------------------------------------------------------------
                                              7.640223   slack (MET)


Startpoint: rst (input port clocked by clk)
Endpoint: _24_ (recovery check against rising-edge clock clk)
Path Group: asynchronous
Path Type: max

Fanout         Cap        Slew       Delay        Time   Description
---------------------------------------------------------------------------------------------
                                  0.000000    0.000000   clock clk (rise edge)
                                  0.000000    0.000000   clock network delay (propagated)
                                  2.000000    2.000000 v input external delay
     3    0.018598    0.029845    0.019572    2.019572 v rst (in)
                                                         rst (net)
                      0.029851    0.000000    2.019572 v _21_/A (sky130_fd_sc_hd__inv_2)
     1    0.005650    0.024883    0.034012    2.053584 ^ _21_/Y (sky130_fd_sc_hd__inv_2)
                                                         _02_ (net)
                      0.024884    0.000147    2.053731 ^ _24_/RESET_B (sky130_fd_sc_hd__dfrtp_2)
                                              2.053731   data arrival time

                                 10.000000   10.000000   clock clk (rise edge)
                                  0.000000   10.000000   clock source latency
     1    0.009315    0.036210    0.023463   10.023463 ^ clk (in)
                                                         clk (net)
                      0.036212    0.000000   10.023463 ^ clkbuf_0_clk/A (sky130_fd_sc_hd__clkbuf_16)
     2    0.017513    0.029521    0.084264   10.107727 ^ clkbuf_0_clk/X (sky130_fd_sc_hd__clkbuf_16)
                                                         clknet_0_clk (net)
                      0.029522    0.000275   10.108003 ^ clkbuf_1_1__f_clk/A (sky130_fd_sc_hd__clkbuf_16)
     2    0.006357    0.021926    0.074460   10.182463 ^ clkbuf_1_1__f_clk/X (sky130_fd_sc_hd__clkbuf_16)
                                                         clknet_1_1__leaf_clk (net)
                      0.021926    0.000156   10.182619 ^ _24_/CLK (sky130_fd_sc_hd__dfrtp_2)
                                 -0.250000    9.932619   clock uncertainty
                                  0.000000    9.932619   clock reconvergence pessimism
                                  0.133908   10.066527   library recovery time
                                             10.066527   data required time
---------------------------------------------------------------------------------------------
                                             10.066527   data required time
                                             -2.053731   data arrival time
---------------------------------------------------------------------------------------------
                                              8.012796   slack (MET)


Startpoint: rst (input port clocked by clk)
Endpoint: _23_ (recovery check against rising-edge clock clk)
Path Group: asynchronous
Path Type: max

Fanout         Cap        Slew       Delay        Time   Description
---------------------------------------------------------------------------------------------
                                  0.000000    0.000000   clock clk (rise edge)
                                  0.000000    0.000000   clock network delay (propagated)
                                  2.000000    2.000000 v input external delay
     3    0.018598    0.029845    0.019535    2.019536 v rst (in)
                                                         rst (net)
                      0.029850    0.000000    2.019536 v _12_/A (sky130_fd_sc_hd__inv_2)
     1    0.004110    0.020311    0.030198    2.049733 ^ _12_/Y (sky130_fd_sc_hd__inv_2)
                                                         _01_ (net)
                      0.020311    0.000087    2.049820 ^ _23_/RESET_B (sky130_fd_sc_hd__dfrtp_2)
                                              2.049820   data arrival time

                                 10.000000   10.000000   clock clk (rise edge)
                                  0.000000   10.000000   clock source latency
     1    0.009315    0.036210    0.023463   10.023463 ^ clk (in)
                                                         clk (net)
                      0.036212    0.000000   10.023463 ^ clkbuf_0_clk/A (sky130_fd_sc_hd__clkbuf_16)
     2    0.017513    0.029521    0.084264   10.107727 ^ clkbuf_0_clk/X (sky130_fd_sc_hd__clkbuf_16)
                                                         clknet_0_clk (net)
                      0.029523    0.000375   10.108102 ^ clkbuf_1_0__f_clk/A (sky130_fd_sc_hd__clkbuf_16)
     2    0.005348    0.021229    0.073604   10.181706 ^ clkbuf_1_0__f_clk/X (sky130_fd_sc_hd__clkbuf_16)
                                                         clknet_1_0__leaf_clk (net)
                      0.021229    0.000093   10.181800 ^ _23_/CLK (sky130_fd_sc_hd__dfrtp_2)
                                 -0.250000    9.931800   clock uncertainty
                                  0.000000    9.931800   clock reconvergence pessimism
                                  0.134979   10.066779   library recovery time
                                             10.066779   data required time
---------------------------------------------------------------------------------------------
                                             10.066779   data required time
                                             -2.049820   data arrival time
---------------------------------------------------------------------------------------------
                                              8.016958   slack (MET)


Startpoint: rst (input port clocked by clk)
Endpoint: _25_ (recovery check against rising-edge clock clk)
Path Group: asynchronous
Path Type: max

Fanout         Cap        Slew       Delay        Time   Description
---------------------------------------------------------------------------------------------
                                  0.000000    0.000000   clock clk (rise edge)
                                  0.000000    0.000000   clock network delay (propagated)
                                  2.000000    2.000000 v input external delay
     3    0.018598    0.029845    0.019480    2.019480 v rst (in)
                                                         rst (net)
                      0.029848    0.000000    2.019480 v _22_/A (sky130_fd_sc_hd__inv_2)
     1    0.003963    0.019907    0.029817    2.049297 ^ _22_/Y (sky130_fd_sc_hd__inv_2)
                                                         _03_ (net)
                      0.019907    0.000079    2.049376 ^ _25_/RESET_B (sky130_fd_sc_hd__dfrtp_2)
                                              2.049376   data arrival time

                                 10.000000   10.000000   clock clk (rise edge)
                                  0.000000   10.000000   clock source latency
     1    0.009315    0.036210    0.023463   10.023463 ^ clk (in)
                                                         clk (net)
                      0.036212    0.000000   10.023463 ^ clkbuf_0_clk/A (sky130_fd_sc_hd__clkbuf_16)
     2    0.017513    0.029521    0.084264   10.107727 ^ clkbuf_0_clk/X (sky130_fd_sc_hd__clkbuf_16)
                                                         clknet_0_clk (net)
                      0.029523    0.000375   10.108102 ^ clkbuf_1_0__f_clk/A (sky130_fd_sc_hd__clkbuf_16)
     2    0.005348    0.021229    0.073604   10.181706 ^ clkbuf_1_0__f_clk/X (sky130_fd_sc_hd__clkbuf_16)
                                                         clknet_1_0__leaf_clk (net)
                      0.021229    0.000099   10.181806 ^ _25_/CLK (sky130_fd_sc_hd__dfrtp_2)
                                 -0.250000    9.931806   clock uncertainty
                                  0.000000    9.931806   clock reconvergence pessimism
                                  0.135083   10.066889   library recovery time
                                             10.066889   data required time
---------------------------------------------------------------------------------------------
                                             10.066889   data required time
                                             -2.049376   data arrival time
---------------------------------------------------------------------------------------------
                                              8.017513   slack (MET)



