Reading OpenROAD database at '/foss/designs/pmu_design/pmu/1-librelane/runs/run_pmu_flow/45-odb-reportdisconnectedpins/pmu.odb'…
Reading library file at '/foss/pdks/sky130A/libs.ref/sky130_fd_sc_hd/lib/sky130_fd_sc_hd__tt_025C_1v80.lib'…
Reading design constraints file at '/foss/designs/pmu_design/pmu/1-librelane/pmu.sdc'…
[INFO] Using clock clk…
[INFO] Setting output delay to: 2
[INFO] Setting input delay to: 2
[INFO] Setting load to: 0.033442
[INFO] Setting clock uncertainty to: 0.25
[INFO] Setting clock transition to: 0.1499999999999999944488848768742172978818416595458984375
[INFO] Setting timing derate to: 5%
[INFO] Applying custom path constraint for delay chain (so that slack/hold violations are not considered)
sky130_fd_sc_hd__decap_3 sky130_fd_sc_hd__fill_2 sky130_fd_sc_hd__fill_1
[INFO DPL-0001] Placed 57 filler instances.
Setting global connections for newly added cells…
[INFO] Setting global connections...
Updating metrics…
Cell type report:                       Count       Area
  Fill cell                                81     205.20
  Tap cell                                 14      17.52
  Buffer                                  140     533.01
  Clock buffer                              4      82.58
  Inverter                                  4      15.01
  Sequential cell                           3      78.83
  Multi-Input combinational cell           11     163.91
  Total                                   257    1096.05
Writing OpenROAD database to '/foss/designs/pmu_design/pmu/1-librelane/runs/run_pmu_flow/49-openroad-fillinsertion/pmu.odb'…
Writing netlist to '/foss/designs/pmu_design/pmu/1-librelane/runs/run_pmu_flow/49-openroad-fillinsertion/pmu.nl.v'…
Writing powered netlist to '/foss/designs/pmu_design/pmu/1-librelane/runs/run_pmu_flow/49-openroad-fillinsertion/pmu.pnl.v'…
Writing layout to '/foss/designs/pmu_design/pmu/1-librelane/runs/run_pmu_flow/49-openroad-fillinsertion/pmu.def'…
Writing timing constraints to '/foss/designs/pmu_design/pmu/1-librelane/runs/run_pmu_flow/49-openroad-fillinsertion/pmu.sdc'…
