Clock: clk
Sources: clk 
Generated: no
Virtual: no
Propagated: no
Period: 15.000000

===========================================================================
report_clock_properties
============================================================================
Clock                   Period          Waveform
----------------------------------------------------
clk                  15.000000    0.000000  7.500000

===========================================================================
report_clock_latency
============================================================================
Clock clk
rise -> rise
    min     max
0.000000 0.000000 source latency
0.316060         network latency _255_/CLK
        0.660932 network latency pmu_inst/_24_/CLK
---------------
0.316060 0.660932 latency
        0.344872 skew

fall -> fall
    min     max
0.000000 0.000000 source latency
0.149683         network latency _255_/CLK
        0.495191 network latency pmu_inst/_24_/CLK
---------------
0.149683 0.495191 latency
        0.345508 skew



===========================================================================
report_clock_min_period
============================================================================
clk period_min = 4.67 fmax = 214.34
