Clock: clk
Sources: clk 
Generated: no
Virtual: no
Propagated: no
Period: 10.000000

===========================================================================
report_clock_properties
============================================================================
Clock                   Period          Waveform
----------------------------------------------------
clk                  10.000000    0.000000  5.000000

===========================================================================
report_clock_latency
============================================================================
Clock clk
rise -> rise
    min     max
0.000000 0.000000 source latency
0.014989         network latency _23_/CLK
        0.014989 network latency _23_/CLK
---------------
0.014989 0.014989 latency
        0.000000 skew

fall -> fall
    min     max
0.000000 0.000000 source latency
0.004690         network latency _23_/CLK
        0.004690 network latency _23_/CLK
---------------
0.004690 0.004690 latency
        0.000000 skew



===========================================================================
report_clock_min_period
============================================================================
clk period_min = 0.83 fmax = 1204.20
