[INFO GRT-0043] No OR_DEFAULT vias defined.
Net: net42
  Pin:   output42/A (sky130_fd_sc_hd__buf_2)
    Layer: mcon
      Partial area ratio:    0.18
      Required ratio:    3.00 (Gate area) 
      Cumulative area ratio:    0.18
      Required ratio:    0.00 (Cumulative area) 

    Layer: met1
      Partial area ratio:  119.97
      Required ratio:    0.00 (Gate area) 
      Cumulative area ratio:  119.97
      Required ratio:    0.00 (Cumulative area) 
      Partial area ratio:  598.68
      Required ratio:  400.00 (Side area) (VIOLATED)
      Cumulative area ratio:  598.68
      Required ratio:    0.00 (Cumulative side area) 

    Layer: via
      Partial area ratio:    0.28
      Required ratio:    6.00 (Gate area) 
      Cumulative area ratio:    0.46
      Required ratio:    0.00 (Cumulative area) 

    Layer: met2
      Partial area ratio:    7.89
      Required ratio:    0.00 (Gate area) 
      Cumulative area ratio:  127.86
      Required ratio:    0.00 (Cumulative area) 
      Partial area ratio:   38.57
      Required ratio: 2771.60 (Side area) 
      Cumulative area ratio:  637.25
      Required ratio:    0.00 (Cumulative side area) 



Net: net44
  Pin:   output44/A (sky130_fd_sc_hd__buf_2)
    Layer: mcon
      Partial area ratio:    0.18
      Required ratio:    3.00 (Gate area) 
      Cumulative area ratio:    0.18
      Required ratio:    0.00 (Cumulative area) 

    Layer: met1
      Partial area ratio:  119.04
      Required ratio:    0.00 (Gate area) 
      Cumulative area ratio:  119.04
      Required ratio:    0.00 (Cumulative area) 
      Partial area ratio:  594.02
      Required ratio:  400.00 (Side area) (VIOLATED)
      Cumulative area ratio:  594.02
      Required ratio:    0.00 (Cumulative side area) 

    Layer: via
      Partial area ratio:    0.28
      Required ratio:    6.00 (Gate area) 
      Cumulative area ratio:    0.46
      Required ratio:    0.00 (Cumulative area) 

    Layer: met2
      Partial area ratio:    7.89
      Required ratio:    0.00 (Gate area) 
      Cumulative area ratio:  126.92
      Required ratio:    0.00 (Cumulative area) 
      Partial area ratio:   38.57
      Required ratio: 2771.60 (Side area) 
      Cumulative area ratio:  632.58
      Required ratio:    0.00 (Cumulative side area) 



Net: net52
  Pin:   output52/A (sky130_fd_sc_hd__buf_2)
    Layer: mcon
      Partial area ratio:    0.18
      Required ratio:    3.00 (Gate area) 
      Cumulative area ratio:    0.18
      Required ratio:    0.00 (Cumulative area) 

    Layer: met1
      Partial area ratio:  125.34
      Required ratio:    0.00 (Gate area) 
      Cumulative area ratio:  125.34
      Required ratio:    0.00 (Cumulative area) 
      Partial area ratio:  625.54
      Required ratio:  400.00 (Side area) (VIOLATED)
      Cumulative area ratio:  625.54
      Required ratio:    0.00 (Cumulative side area) 

    Layer: via
      Partial area ratio:    0.28
      Required ratio:    6.00 (Gate area) 
      Cumulative area ratio:    0.46
      Required ratio:    0.00 (Cumulative area) 

    Layer: met2
      Partial area ratio:    7.89
      Required ratio:    0.00 (Gate area) 
      Cumulative area ratio:  133.23
      Required ratio:    0.00 (Cumulative area) 
      Partial area ratio:   38.57
      Required ratio: 2771.60 (Side area) 
      Cumulative area ratio:  664.11
      Required ratio:    0.00 (Cumulative side area) 



[INFO ANT-0002] Found 3 net violations.
[INFO ANT-0001] Found 3 pin violations.
