Clock: clk
Sources: clk 
Generated: no
Virtual: yes
Propagated: no
Period: 15.000000

===========================================================================
report_clock_properties
============================================================================
Clock                   Period          Waveform
----------------------------------------------------
clk                  15.000000    0.000000  7.500000

===========================================================================
report_clock_latency
============================================================================
Clock clk
rise -> rise
    min     max
0.000000 0.000000 source latency
0.404655         network latency _264_/CLK
        0.430650 network latency pmu_inst/_24_/CLK
---------------
0.404655 0.430650 latency
        0.025995 skew

fall -> fall
    min     max
0.000000 0.000000 source latency
0.365894         network latency _264_/CLK
        0.415312 network latency pmu_inst/_24_/CLK
---------------
0.365894 0.415312 latency
        0.049418 skew



===========================================================================
report_clock_min_period
============================================================================
clk period_min = 2.90 fmax = 344.75
