[WARNING ORD-0039] .openroad ignored with -python
Top-level design name: pmu
Block boundaries: 0 0 44650 55370
Horizontal Tracks Origin: 340, Count: 81, Step: 680
Vertical Tracks Origin: 230, Count: 97, Step: 460
Placement details for the N side
Virtual pin count:  0
Actual pin count:  4
Total pin count:  4
Tracks count:  97
Tracks per pin:  24
Used tracks count:  73
Unused track count:  24
Starting track index:  12
Placement details for the E side
Virtual pin count:  0
Actual pin count:  8
Total pin count:  8
Tracks count:  41
Tracks per pin:  5
Used tracks count:  36
Unused track count:  5
Starting track index:  2
Placement details for the W side
Virtual pin count:  0
Actual pin count:  6
Total pin count:  6
Tracks count:  41
Tracks per pin:  6
Used tracks count:  31
Unused track count:  10
Starting track index:  5
Placement details for the S side
Virtual pin count:  0
Actual pin count:  1
Total pin count:  1
Tracks count:  97
Tracks per pin:  97
Used tracks count:  1
Unused track count:  96
Starting track index:  48
