Reading timing models for corner max_tt_025C_1v80…
Reading timing library for the 'max_tt_025C_1v80' corner at '/foss/pdks/sky130A/libs.ref/sky130_fd_sc_hd/lib/sky130_fd_sc_hd__tt_025C_1v80.lib'…
Reading timing library for the 'max_tt_025C_1v80' corner at '/foss/designs/pmu_design/rca/1-librelane/macros/pmu/lib/max_tt_025C_1v80/pmu__max_tt_025C_1v80.lib'…
Reading timing models for corner min_ss_100C_1v60…
Reading timing library for the 'min_ss_100C_1v60' corner at '/foss/pdks/sky130A/libs.ref/sky130_fd_sc_hd/lib/sky130_fd_sc_hd__ss_100C_1v60.lib'…
Reading timing library for the 'min_ss_100C_1v60' corner at '/foss/designs/pmu_design/rca/1-librelane/macros/pmu/lib/min_ss_100C_1v60/pmu__min_ss_100C_1v60.lib'…
[WARNING STA-1140] /foss/designs/pmu_design/rca/1-librelane/macros/pmu/lib/min_ss_100C_1v60/pmu__min_ss_100C_1v60.lib line 1, library pmu already exists.
Reading timing models for corner nom_tt_025C_1v80…
Reading timing library for the 'nom_tt_025C_1v80' corner at '/foss/pdks/sky130A/libs.ref/sky130_fd_sc_hd/lib/sky130_fd_sc_hd__tt_025C_1v80.lib'…
[WARNING STA-1140] /foss/pdks/sky130A/libs.ref/sky130_fd_sc_hd/lib/sky130_fd_sc_hd__tt_025C_1v80.lib line 1, library sky130_fd_sc_hd__tt_025C_1v80 already exists.
Reading timing library for the 'nom_tt_025C_1v80' corner at '/foss/designs/pmu_design/rca/1-librelane/macros/pmu/lib/nom_tt_025C_1v80/pmu__nom_tt_025C_1v80.lib'…
[WARNING STA-1140] /foss/designs/pmu_design/rca/1-librelane/macros/pmu/lib/nom_tt_025C_1v80/pmu__nom_tt_025C_1v80.lib line 1, library pmu already exists.
Reading timing models for corner max_ff_n40C_1v95…
Reading timing library for the 'max_ff_n40C_1v95' corner at '/foss/pdks/sky130A/libs.ref/sky130_fd_sc_hd/lib/sky130_fd_sc_hd__ff_n40C_1v95.lib'…
Reading timing library for the 'max_ff_n40C_1v95' corner at '/foss/designs/pmu_design/rca/1-librelane/macros/pmu/lib/max_ff_n40C_1v95/pmu__max_ff_n40C_1v95.lib'…
[WARNING STA-1140] /foss/designs/pmu_design/rca/1-librelane/macros/pmu/lib/max_ff_n40C_1v95/pmu__max_ff_n40C_1v95.lib line 1, library pmu already exists.
Reading timing models for corner nom_ff_n40C_1v95…
Reading timing library for the 'nom_ff_n40C_1v95' corner at '/foss/pdks/sky130A/libs.ref/sky130_fd_sc_hd/lib/sky130_fd_sc_hd__ff_n40C_1v95.lib'…
[WARNING STA-1140] /foss/pdks/sky130A/libs.ref/sky130_fd_sc_hd/lib/sky130_fd_sc_hd__ff_n40C_1v95.lib line 1, library sky130_fd_sc_hd__ff_n40C_1v95 already exists.
Reading timing library for the 'nom_ff_n40C_1v95' corner at '/foss/designs/pmu_design/rca/1-librelane/macros/pmu/lib/nom_ff_n40C_1v95/pmu__nom_ff_n40C_1v95.lib'…
[WARNING STA-1140] /foss/designs/pmu_design/rca/1-librelane/macros/pmu/lib/nom_ff_n40C_1v95/pmu__nom_ff_n40C_1v95.lib line 1, library pmu already exists.
Reading timing models for corner max_ss_100C_1v60…
Reading timing library for the 'max_ss_100C_1v60' corner at '/foss/pdks/sky130A/libs.ref/sky130_fd_sc_hd/lib/sky130_fd_sc_hd__ss_100C_1v60.lib'…
[WARNING STA-1140] /foss/pdks/sky130A/libs.ref/sky130_fd_sc_hd/lib/sky130_fd_sc_hd__ss_100C_1v60.lib line 1, library sky130_fd_sc_hd__ss_100C_1v60 already exists.
Reading timing library for the 'max_ss_100C_1v60' corner at '/foss/designs/pmu_design/rca/1-librelane/macros/pmu/lib/max_ss_100C_1v60/pmu__max_ss_100C_1v60.lib'…
[WARNING STA-1140] /foss/designs/pmu_design/rca/1-librelane/macros/pmu/lib/max_ss_100C_1v60/pmu__max_ss_100C_1v60.lib line 1, library pmu already exists.
Reading timing models for corner min_tt_025C_1v80…
Reading timing library for the 'min_tt_025C_1v80' corner at '/foss/pdks/sky130A/libs.ref/sky130_fd_sc_hd/lib/sky130_fd_sc_hd__tt_025C_1v80.lib'…
[WARNING STA-1140] /foss/pdks/sky130A/libs.ref/sky130_fd_sc_hd/lib/sky130_fd_sc_hd__tt_025C_1v80.lib line 1, library sky130_fd_sc_hd__tt_025C_1v80 already exists.
Reading timing library for the 'min_tt_025C_1v80' corner at '/foss/designs/pmu_design/rca/1-librelane/macros/pmu/lib/min_tt_025C_1v80/pmu__min_tt_025C_1v80.lib'…
[WARNING STA-1140] /foss/designs/pmu_design/rca/1-librelane/macros/pmu/lib/min_tt_025C_1v80/pmu__min_tt_025C_1v80.lib line 1, library pmu already exists.
Reading timing models for corner nom_ss_100C_1v60…
Reading timing library for the 'nom_ss_100C_1v60' corner at '/foss/pdks/sky130A/libs.ref/sky130_fd_sc_hd/lib/sky130_fd_sc_hd__ss_100C_1v60.lib'…
[WARNING STA-1140] /foss/pdks/sky130A/libs.ref/sky130_fd_sc_hd/lib/sky130_fd_sc_hd__ss_100C_1v60.lib line 1, library sky130_fd_sc_hd__ss_100C_1v60 already exists.
Reading timing library for the 'nom_ss_100C_1v60' corner at '/foss/designs/pmu_design/rca/1-librelane/macros/pmu/lib/nom_ss_100C_1v60/pmu__nom_ss_100C_1v60.lib'…
[WARNING STA-1140] /foss/designs/pmu_design/rca/1-librelane/macros/pmu/lib/nom_ss_100C_1v60/pmu__nom_ss_100C_1v60.lib line 1, library pmu already exists.
Reading timing models for corner min_ff_n40C_1v95…
Reading timing library for the 'min_ff_n40C_1v95' corner at '/foss/pdks/sky130A/libs.ref/sky130_fd_sc_hd/lib/sky130_fd_sc_hd__ff_n40C_1v95.lib'…
[WARNING STA-1140] /foss/pdks/sky130A/libs.ref/sky130_fd_sc_hd/lib/sky130_fd_sc_hd__ff_n40C_1v95.lib line 1, library sky130_fd_sc_hd__ff_n40C_1v95 already exists.
Reading timing library for the 'min_ff_n40C_1v95' corner at '/foss/designs/pmu_design/rca/1-librelane/macros/pmu/lib/min_ff_n40C_1v95/pmu__min_ff_n40C_1v95.lib'…
[WARNING STA-1140] /foss/designs/pmu_design/rca/1-librelane/macros/pmu/lib/min_ff_n40C_1v95/pmu__min_ff_n40C_1v95.lib line 1, library pmu already exists.
Reading OpenROAD database at '/foss/designs/pmu_design/rca/1-librelane/runs/run_rca_flow/121-openroad-cts/rca.odb'…
Reading design constraints file at '/foss/designs/pmu_design/rca/1-librelane/rca.sdc'…
[INFO] Using clock clk…
[INFO] Setting output delay to: 3
[INFO] Setting input delay to: 3
[INFO] Setting load to: 0.033442
[INFO] Setting clock uncertainty to: 0.25
[INFO] Setting clock transition to: 0.1499999999999999944488848768742172978818416595458984375
[INFO] Setting timing derate to: 5%
[INFO] Applying custom path constraint for delay chain (so that slack/hold violations are not considered)
[INFO] Setting RC values…
[INFO RSZ-0098] No setup violations found
[INFO RSZ-0046] Found 1 endpoints with hold violations.
Iteration | Resized | Buffers | Cloned Gates |   WNS   |   TNS   | Endpoint
---------------------------------------------------------------------------
        0 |       0 |       0 |            0 |   0.051 |   0.000 | _255_/D
    final |       0 |       1 |            0 |   0.109 |   0.000 | _255_/D
---------------------------------------------------------------------------
[INFO RSZ-0032] Inserted 1 hold buffers.
Placement Analysis
---------------------------------
total displacement          4.2 u
average displacement        0.0 u
max displacement            4.1 u
original HPWL            8380.6 u
legalized HPWL           8465.1 u
delta HPWL                    1 %

[INFO DPL-0020] Mirrored 90 instances
[INFO DPL-0021] HPWL before            8465.1 u
[INFO DPL-0022] HPWL after             8387.0 u
[INFO DPL-0023] HPWL delta               -0.9 %
[INFO] Setting RC values…
Setting global connections for newly added cells…
[INFO] Setting global connections...
Updating metrics…
Cell type report:                       Count       Area
  Macro                                     1    2472.27
  Fill cell                               172     645.62
  Tap cell                                410     512.99
  Clock buffer                              9     207.70
  Timing Repair Buffer                     63     296.53
  Inverter                                 50     187.68
  Clock inverter                            2      37.54
  Sequential cell                          50    1251.20
  Multi-Input combinational cell           92     575.55
  Total                                   849    6187.08
Writing OpenROAD database to '/foss/designs/pmu_design/rca/1-librelane/runs/run_rca_flow/123-openroad-resizertimingpostcts/rca.odb'…
Writing netlist to '/foss/designs/pmu_design/rca/1-librelane/runs/run_rca_flow/123-openroad-resizertimingpostcts/rca.nl.v'…
Writing powered netlist to '/foss/designs/pmu_design/rca/1-librelane/runs/run_rca_flow/123-openroad-resizertimingpostcts/rca.pnl.v'…
Writing layout to '/foss/designs/pmu_design/rca/1-librelane/runs/run_rca_flow/123-openroad-resizertimingpostcts/rca.def'…
Writing timing constraints to '/foss/designs/pmu_design/rca/1-librelane/runs/run_rca_flow/123-openroad-resizertimingpostcts/rca.sdc'…
