
===========================================================================
report_checks -unconstrained
===========================================================================
======================= nom_tt_025C_1v80 Corner ===================================

Startpoint: rst (input port clocked by clk)
Endpoint: _255_ (recovery check against rising-edge clock clk)
Path Group: asynchronous
Path Type: max

Fanout         Cap        Slew       Delay        Time   Description
---------------------------------------------------------------------------------------------
                      0.150000    0.000000    0.000000   clock clk (rise edge)
                                  0.000000    0.000000   clock network delay (ideal)
                                  3.000000    3.000000 v input external delay
    53    0.226628    0.482667    0.366781    3.366781 v rst (in)
                                                         rst (net)
                      0.482667    0.000000    3.366781 v _125_/A (sky130_fd_sc_hd__inv_2)
     1    0.003612    0.092888    0.138784    3.505565 ^ _125_/Y (sky130_fd_sc_hd__inv_2)
                                                         _000_ (net)
                      0.092888    0.000000    3.505565 ^ _255_/RESET_B (sky130_fd_sc_hd__dfrtp_2)
                                              3.505565   data arrival time

                      0.150000   15.000000   15.000000   clock clk (rise edge)
                                  0.000000   15.000000   clock network delay (ideal)
                                 -0.250000   14.750000   clock uncertainty
                                  0.000000   14.750000   clock reconvergence pessimism
                                             14.750000 ^ _255_/CLK (sky130_fd_sc_hd__dfrtp_2)
                                  0.237378   14.987379   library recovery time
                                             14.987379   data required time
---------------------------------------------------------------------------------------------
                                             14.987379   data required time
                                             -3.505565   data arrival time
---------------------------------------------------------------------------------------------
                                             11.481814   slack (MET)


Startpoint: _288_ (rising edge-triggered flip-flop clocked by clk)
Endpoint: _271_ (rising edge-triggered flip-flop clocked by clk)
Path Group: clk
Path Type: max

Fanout         Cap        Slew       Delay        Time   Description
---------------------------------------------------------------------------------------------
                      0.150000    0.000000    0.000000   clock clk (rise edge)
                                  0.000000    0.000000   clock network delay (ideal)
                      0.150000    0.000000    0.000000 ^ _288_/CLK (sky130_fd_sc_hd__dfrtp_2)
     2    0.005719    0.047989    0.428583    0.428583 v _288_/Q (sky130_fd_sc_hd__dfrtp_2)
                                                         genblk1[0].fa_inst.b (net)
                      0.047989    0.000000    0.428583 v _126_/A (sky130_fd_sc_hd__or2_2)
     2    0.006568    0.067362    0.306753    0.735336 v _126_/X (sky130_fd_sc_hd__or2_2)
                                                         _050_ (net)
                      0.067362    0.000000    0.735336 v _130_/A2 (sky130_fd_sc_hd__a21bo_2)
     2    0.010623    0.055285    0.241964    0.977300 v _130_/X (sky130_fd_sc_hd__a21bo_2)
                                                         _053_ (net)
                      0.055285    0.000000    0.977300 v _135_/A1 (sky130_fd_sc_hd__a21bo_2)
     2    0.010623    0.055285    0.215933    1.193233 v _135_/X (sky130_fd_sc_hd__a21bo_2)
                                                         _057_ (net)
                      0.055285    0.000000    1.193233 v _143_/A1 (sky130_fd_sc_hd__a21bo_2)
     2    0.010341    0.054597    0.215024    1.408257 v _143_/X (sky130_fd_sc_hd__a21bo_2)
                                                         _064_ (net)
                      0.054597    0.000000    1.408257 v _148_/A2 (sky130_fd_sc_hd__a21bo_2)
     2    0.010341    0.054575    0.236124    1.644381 v _148_/X (sky130_fd_sc_hd__a21bo_2)
                                                         _068_ (net)
                      0.054575    0.000000    1.644381 v _153_/A2 (sky130_fd_sc_hd__a21bo_2)
     2    0.010341    0.054575    0.236116    1.880496 v _153_/X (sky130_fd_sc_hd__a21bo_2)
                                                         _072_ (net)
                      0.054575    0.000000    1.880496 v _158_/A2 (sky130_fd_sc_hd__a21bo_2)
     2    0.010341    0.054575    0.236116    2.116612 v _158_/X (sky130_fd_sc_hd__a21bo_2)
                                                         _076_ (net)
                      0.054575    0.000000    2.116612 v _163_/A2 (sky130_fd_sc_hd__a21bo_2)
     2    0.010341    0.054575    0.236116    2.352727 v _163_/X (sky130_fd_sc_hd__a21bo_2)
                                                         _080_ (net)
                      0.054575    0.000000    2.352727 v _168_/A2 (sky130_fd_sc_hd__a21bo_2)
     2    0.010341    0.054575    0.236116    2.588843 v _168_/X (sky130_fd_sc_hd__a21bo_2)
                                                         _084_ (net)
                      0.054575    0.000000    2.588843 v _173_/A2 (sky130_fd_sc_hd__a21bo_2)
     2    0.010341    0.054575    0.236116    2.824959 v _173_/X (sky130_fd_sc_hd__a21bo_2)
                                                         _088_ (net)
                      0.054575    0.000000    2.824959 v _178_/A2 (sky130_fd_sc_hd__a21bo_2)
     2    0.010341    0.054575    0.236116    3.061074 v _178_/X (sky130_fd_sc_hd__a21bo_2)
                                                         _092_ (net)
                      0.054575    0.000000    3.061074 v _183_/A2 (sky130_fd_sc_hd__a21bo_2)
     2    0.010341    0.054575    0.236116    3.297190 v _183_/X (sky130_fd_sc_hd__a21bo_2)
                                                         _096_ (net)
                      0.054575    0.000000    3.297190 v _188_/A2 (sky130_fd_sc_hd__a21bo_2)
     2    0.010341    0.054575    0.236116    3.533305 v _188_/X (sky130_fd_sc_hd__a21bo_2)
                                                         _100_ (net)
                      0.054575    0.000000    3.533305 v _193_/A2 (sky130_fd_sc_hd__a21bo_2)
     2    0.010341    0.054575    0.236116    3.769421 v _193_/X (sky130_fd_sc_hd__a21bo_2)
                                                         _104_ (net)
                      0.054575    0.000000    3.769421 v _198_/A2 (sky130_fd_sc_hd__a21bo_2)
     2    0.012650    0.059946    0.243145    4.012566 v _198_/X (sky130_fd_sc_hd__a21bo_2)
                                                         _108_ (net)
                      0.059946    0.000000    4.012566 v _201_/A2 (sky130_fd_sc_hd__a21boi_2)
     2    0.013635    0.193780    0.211849    4.224414 ^ _201_/Y (sky130_fd_sc_hd__a21boi_2)
                                                         _110_ (net)
                      0.193780    0.000000    4.224414 ^ _204_/A1 (sky130_fd_sc_hd__o21bai_2)
     2    0.004225    0.054143    0.095957    4.320372 v _204_/Y (sky130_fd_sc_hd__o21bai_2)
                                                         cout_next (net)
                      0.054143    0.000000    4.320372 v _271_/D (sky130_fd_sc_hd__dfrtp_2)
                                              4.320372   data arrival time

                      0.150000   15.000000   15.000000   clock clk (rise edge)
                                  0.000000   15.000000   clock network delay (ideal)
                                 -0.250000   14.750000   clock uncertainty
                                  0.000000   14.750000   clock reconvergence pessimism
                                             14.750000 ^ _271_/CLK (sky130_fd_sc_hd__dfrtp_2)
                                 -0.095194   14.654806   library setup time
                                             14.654806   data required time
---------------------------------------------------------------------------------------------
                                             14.654806   data required time
                                             -4.320372   data arrival time
---------------------------------------------------------------------------------------------
                                             10.334435   slack (MET)




===========================================================================
report_checks --slack_max -0.01
============================================================================
======================= nom_tt_025C_1v80 Corner ===================================

No paths found.


===========================================================================
 report_check_types -max_slew -max_cap -max_fanout -violators
============================================================================
======================= nom_tt_025C_1v80 Corner ===================================

max slew

Pin                                        Limit        Slew       Slack
------------------------------------------------------------------------
rst                                     0.750000    1.108740   -0.358740 (VIOLATED)
_125_/A                                 0.750000    1.108740   -0.358740 (VIOLATED)
_206_/A                                 0.750000    1.108740   -0.358740 (VIOLATED)
_207_/A                                 0.750000    1.108740   -0.358740 (VIOLATED)
_208_/A                                 0.750000    1.108740   -0.358740 (VIOLATED)
_209_/A                                 0.750000    1.108740   -0.358740 (VIOLATED)
_210_/A                                 0.750000    1.108740   -0.358740 (VIOLATED)
_211_/A                                 0.750000    1.108740   -0.358740 (VIOLATED)
_212_/A                                 0.750000    1.108740   -0.358740 (VIOLATED)
_213_/A                                 0.750000    1.108740   -0.358740 (VIOLATED)
_214_/A                                 0.750000    1.108740   -0.358740 (VIOLATED)
_215_/A                                 0.750000    1.108740   -0.358740 (VIOLATED)
_216_/A                                 0.750000    1.108740   -0.358740 (VIOLATED)
_217_/A                                 0.750000    1.108740   -0.358740 (VIOLATED)
_218_/A                                 0.750000    1.108740   -0.358740 (VIOLATED)
_219_/A                                 0.750000    1.108740   -0.358740 (VIOLATED)
_220_/A                                 0.750000    1.108740   -0.358740 (VIOLATED)
_221_/A                                 0.750000    1.108740   -0.358740 (VIOLATED)
_222_/A                                 0.750000    1.108740   -0.358740 (VIOLATED)
_223_/A                                 0.750000    1.108740   -0.358740 (VIOLATED)
_224_/A                                 0.750000    1.108740   -0.358740 (VIOLATED)
_225_/A                                 0.750000    1.108740   -0.358740 (VIOLATED)
_226_/A                                 0.750000    1.108740   -0.358740 (VIOLATED)
_227_/A                                 0.750000    1.108740   -0.358740 (VIOLATED)
_228_/A                                 0.750000    1.108740   -0.358740 (VIOLATED)
_229_/A                                 0.750000    1.108740   -0.358740 (VIOLATED)
_230_/A                                 0.750000    1.108740   -0.358740 (VIOLATED)
_231_/A                                 0.750000    1.108740   -0.358740 (VIOLATED)
_232_/A                                 0.750000    1.108740   -0.358740 (VIOLATED)
_233_/A                                 0.750000    1.108740   -0.358740 (VIOLATED)
_234_/A                                 0.750000    1.108740   -0.358740 (VIOLATED)
_235_/A                                 0.750000    1.108740   -0.358740 (VIOLATED)
_236_/A                                 0.750000    1.108740   -0.358740 (VIOLATED)
_237_/A                                 0.750000    1.108740   -0.358740 (VIOLATED)
_238_/A                                 0.750000    1.108740   -0.358740 (VIOLATED)
_239_/A                                 0.750000    1.108740   -0.358740 (VIOLATED)
_240_/A                                 0.750000    1.108740   -0.358740 (VIOLATED)
_241_/A                                 0.750000    1.108740   -0.358740 (VIOLATED)
_242_/A                                 0.750000    1.108740   -0.358740 (VIOLATED)
_243_/A                                 0.750000    1.108740   -0.358740 (VIOLATED)
_244_/A                                 0.750000    1.108740   -0.358740 (VIOLATED)
_245_/A                                 0.750000    1.108740   -0.358740 (VIOLATED)
_246_/A                                 0.750000    1.108740   -0.358740 (VIOLATED)
_247_/A                                 0.750000    1.108740   -0.358740 (VIOLATED)
_248_/A                                 0.750000    1.108740   -0.358740 (VIOLATED)
_249_/A                                 0.750000    1.108740   -0.358740 (VIOLATED)
_250_/A                                 0.750000    1.108740   -0.358740 (VIOLATED)
_251_/A                                 0.750000    1.108740   -0.358740 (VIOLATED)
_252_/A                                 0.750000    1.108740   -0.358740 (VIOLATED)
_253_/A                                 0.750000    1.108740   -0.358740 (VIOLATED)
_254_/A                                 0.750000    1.108740   -0.358740 (VIOLATED)
pmu_inst/_12_/A                         0.750000    1.108740   -0.358740 (VIOLATED)
pmu_inst/_21_/A                         0.750000    1.108740   -0.358740 (VIOLATED)
pmu_inst/_22_/A                         0.750000    1.108740   -0.358740 (VIOLATED)

max fanout

Pin                                   Limit Fanout  Slack
---------------------------------------------------------
rst                                      10     53    -43 (VIOLATED)

max capacitance

Pin                                        Limit         Cap       Slack
------------------------------------------------------------------------
rst                                     0.200000    0.246026   -0.046026 (VIOLATED)



===========================================================================
report_parasitic_annotation -report_unannotated
============================================================================
Found 225 unannotated drivers.
 a[0]
 a[10]
 a[11]
 a[12]
 a[13]
 a[14]
 a[15]
 a[1]
 a[2]
 a[3]
 a[4]
 a[5]
 a[6]
 a[7]
 a[8]
 a[9]
 b[0]
 b[10]
 b[11]
 b[12]
 b[13]
 b[14]
 b[15]
 b[1]
 b[2]
 b[3]
 b[4]
 b[5]
 b[6]
 b[7]
 b[8]
 b[9]
 cin
 _125_/Y
 _126_/X
 _127_/Y
 _128_/Y
 _129_/Y
 _130_/X
 _131_/X
 _132_/Y
 _133_/Y
 _134_/Y
 _135_/X
 _136_/X
 _137_/Y
 _138_/Y
 _139_/Y
 _140_/X
 _141_/Y
 _142_/Y
 _143_/X
 _144_/Y
 _145_/X
 _146_/Y
 _147_/Y
 _148_/X
 _149_/Y
 _150_/X
 _151_/Y
 _152_/Y
 _153_/X
 _154_/Y
 _155_/X
 _156_/Y
 _157_/Y
 _158_/X
 _159_/Y
 _160_/X
 _161_/Y
 _162_/Y
 _163_/X
 _164_/Y
 _165_/X
 _166_/Y
 _167_/Y
 _168_/X
 _169_/Y
 _170_/X
 _171_/Y
 _172_/Y
 _173_/X
 _174_/Y
 _175_/X
 _176_/Y
 _177_/Y
 _178_/X
 _179_/Y
 _180_/X
 _181_/Y
 _182_/Y
 _183_/X
 _184_/Y
 _185_/X
 _186_/Y
 _187_/Y
 _188_/X
 _189_/Y
 _190_/X
 _191_/Y
 _192_/Y
 _193_/X
 _194_/Y
 _195_/X
 _196_/Y
 _197_/Y
 _198_/X
 _199_/Y
 _200_/X
 _201_/Y
 _202_/Y
 _203_/Y
 _205_/Y
 _206_/Y
 _207_/Y
 _208_/Y
 _209_/Y
 _210_/Y
 _211_/Y
 _212_/Y
 _213_/Y
 _214_/Y
 _215_/Y
 _216_/Y
 _217_/Y
 _218_/Y
 _219_/Y
 _220_/Y
 _221_/Y
 _222_/Y
 _223_/Y
 _224_/Y
 _225_/Y
 _226_/Y
 _227_/Y
 _228_/Y
 _229_/Y
 _230_/Y
 _231_/Y
 _232_/Y
 _233_/Y
 _234_/Y
 _235_/Y
 _236_/Y
 _237_/Y
 _238_/Y
 _239_/Y
 _240_/Y
 _241_/Y
 _242_/Y
 _243_/Y
 _244_/Y
 _245_/Y
 _246_/Y
 _247_/Y
 _248_/Y
 _249_/Y
 _250_/Y
 _251_/Y
 _252_/Y
 _253_/Y
 _254_/Y
 _255_/Q
 _256_/Q
 _257_/Q
 _258_/Q
 _259_/Q
 _260_/Q
 _261_/Q
 _262_/Q
 _263_/Q
 _264_/Q
 _265_/Q
 _266_/Q
 _267_/Q
 _268_/Q
 _269_/Q
 _270_/Q
 _271_/Q
 _272_/Q
 _273_/Q
 _274_/Q
 _275_/Q
 _276_/Q
 _277_/Q
 _278_/Q
 _279_/Q
 _280_/Q
 _281_/Q
 _282_/Q
 _283_/Q
 _284_/Q
 _285_/Q
 _286_/Q
 _287_/Q
 _288_/Q
 _289_/Q
 _290_/Q
 _291_/Q
 _292_/Q
 _293_/Q
 _294_/Q
 _295_/Q
 _296_/Q
 _297_/Q
 _298_/Q
 _299_/Q
 _300_/Q
 _301_/Q
 _302_/Q
 _303_/Q
 _304_/Q
 _305_/HI
 _306_/HI
 _307_/HI
 _308_/HI
 _309_/HI
 _310_/HI
 _311_/HI
 _312_/HI
 _313_/HI
 _314_/HI
 _315_/HI
 _316_/HI
 pmu_inst/clkload0/X
Found 19 partially unannotated drivers.
 clk
  _255_/CLK
  _256_/CLK
  _257_/CLK
  _258_/CLK
  _259_/CLK
  _260_/CLK
  _261_/CLK
  _262_/CLK
  _263_/CLK
  _264_/CLK
  _265_/CLK
  _266_/CLK
  _267_/CLK
  _268_/CLK
  _269_/CLK
  _270_/CLK
  _271_/CLK
  _272_/CLK
  _273_/CLK
  _274_/CLK
  _275_/CLK
  _276_/CLK
  _277_/CLK
  _278_/CLK
  _279_/CLK
  _280_/CLK
  _281_/CLK
  _282_/CLK
  _283_/CLK
  _284_/CLK
  _285_/CLK
  _286_/CLK
  _287_/CLK
  _288_/CLK
  _289_/CLK
  _290_/CLK
  _291_/CLK
  _292_/CLK
  _293_/CLK
  _294_/CLK
  _295_/CLK
  _296_/CLK
  _297_/CLK
  _298_/CLK
  _299_/CLK
  _300_/CLK
  _301_/CLK
  _302_/CLK
  _303_/CLK
  _304_/CLK
  pmu_inst/clkbuf_0_clk/A
 delay_sel[0]
  pmu_inst/dc_inst.x8/S0
  pmu_inst/dc_inst.x9/S0
 delay_sel[1]
  pmu_inst/dc_inst.x8/S1
  pmu_inst/dc_inst.x9/S1
 delay_sel[2]
  pmu_inst/dc_inst.x10/S
 rst
  _125_/A
  _206_/A
  _207_/A
  _208_/A
  _209_/A
  _210_/A
  _211_/A
  _212_/A
  _213_/A
  _214_/A
  _215_/A
  _216_/A
  _217_/A
  _218_/A
  _219_/A
  _220_/A
  _221_/A
  _222_/A
  _223_/A
  _224_/A
  _225_/A
  _226_/A
  _227_/A
  _228_/A
  _229_/A
  _230_/A
  _231_/A
  _232_/A
  _233_/A
  _234_/A
  _235_/A
  _236_/A
  _237_/A
  _238_/A
  _239_/A
  _240_/A
  _241_/A
  _242_/A
  _243_/A
  _244_/A
  _245_/A
  _246_/A
  _247_/A
  _248_/A
  _249_/A
  _250_/A
  _251_/A
  _252_/A
  _253_/A
  _254_/A
  pmu_inst/_12_/A
  pmu_inst/_21_/A
  pmu_inst/_22_/A
 _204_/Y
  _271_/D
  pmu_inst/_17_/A1
 _305_/LO
  pmu_inst/_16_/A_N
 _306_/LO
  pmu_inst/_18_/A0
 _307_/LO
  pmu_inst/_18_/A1
 _308_/LO
  pmu_inst/_15_/A0
 _309_/LO
  pmu_inst/_15_/A1
 _310_/LO
  pmu_inst/_15_/A2
 _311_/LO
  pmu_inst/_15_/A3
 _312_/LO
  pmu_inst/_15_/S0
  pmu_inst/_16_/B
  pmu_inst/_17_/A2
  pmu_inst/_18_/S
 _313_/LO
  pmu_inst/_15_/S1
  pmu_inst/_17_/B1_N
  pmu_inst/_19_/B2
 _314_/LO
  pmu_inst/_11_/A
  pmu_inst/_19_/C1
 _315_/LO
  pmu_inst/_14_/S
 _316_/LO
  pmu_inst/_14_/A1
 pmu_inst/_25_/Q
  tdo

===========================================================================
max slew violation count 54
max fanout violation count 1
max cap violation count 1
============================================================================

===========================================================================
check_setup -verbose -unconstrained_endpoints -multiple_clock -no_clock -no_input_delay -loops -generated_clocks
===========================================================================
Warning: There are 2 unconstrained endpoints.
  pmu_inst/_23_/D
  pmu_inst/_24_/D
