
===========================================================================
report_checks -path_delay max (Setup)
============================================================================
======================= max_ss_100C_1v60 Corner ===================================

Startpoint: path_sel[0] (input port clocked by clk)
Endpoint: _23_ (rising edge-triggered flip-flop clocked by clk)
Path Group: clk
Path Type: max

Fanout         Cap        Slew       Delay        Time   Description
---------------------------------------------------------------------------------------------
                                  0.000000    0.000000   clock clk (rise edge)
                                  0.000000    0.000000   clock network delay (propagated)
                                  2.000000    2.000000 ^ input external delay
     4    0.022619    0.168263    0.115320    2.115319 ^ path_sel[0] (in)
                                                         path_sel[0] (net)
                      0.168271    0.000000    2.115319 ^ _18_/S (sky130_fd_sc_hd__mux2_1)
     1    0.002762    0.109713    0.731773    2.847093 v _18_/X (sky130_fd_sc_hd__mux2_1)
                                                         _09_ (net)
                      0.109713    0.000195    2.847288 v _19_/B1 (sky130_fd_sc_hd__a221o_2)
     1    0.003173    0.089604    0.630847    3.478135 v _19_/X (sky130_fd_sc_hd__a221o_2)
                                                         _10_ (net)
                      0.089604    0.000215    3.478350 v _20_/B1 (sky130_fd_sc_hd__o21a_2)
     3    0.009743    0.090822    0.252611    3.730961 v _20_/X (sky130_fd_sc_hd__o21a_2)
                                                         dc_inst.in (net)
                      0.090828    0.000819    3.731780 v _23_/D (sky130_fd_sc_hd__dfrtp_2)
                                              3.731780   data arrival time

                                 10.000000   10.000000   clock clk (rise edge)
                                  0.000000   10.000000   clock source latency
     1    0.009329    0.076569    0.049206   10.049206 ^ clk (in)
                                                         clk (net)
                      0.076573    0.000000   10.049206 ^ clkbuf_0_clk/A (sky130_fd_sc_hd__clkbuf_16)
     2    0.017483    0.064304    0.220798   10.270004 ^ clkbuf_0_clk/X (sky130_fd_sc_hd__clkbuf_16)
                                                         clknet_0_clk (net)
                      0.064304    0.000902   10.270907 ^ clkbuf_1_0__f_clk/A (sky130_fd_sc_hd__clkbuf_16)
     2    0.005112    0.047965    0.195747   10.466655 ^ clkbuf_1_0__f_clk/X (sky130_fd_sc_hd__clkbuf_16)
                                                         clknet_1_0__leaf_clk (net)
                      0.047966    0.000194   10.466848 ^ _23_/CLK (sky130_fd_sc_hd__dfrtp_2)
                                 -0.250000   10.216848   clock uncertainty
                                  0.000000   10.216848   clock reconvergence pessimism
                                 -0.291186    9.925662   library setup time
                                              9.925662   data required time
---------------------------------------------------------------------------------------------
                                              9.925662   data required time
                                             -3.731780   data arrival time
---------------------------------------------------------------------------------------------
                                              6.193882   slack (MET)


Startpoint: _25_ (rising edge-triggered flip-flop clocked by clk)
Endpoint: tdo (output port clocked by clk)
Path Group: clk
Path Type: max

Fanout         Cap        Slew       Delay        Time   Description
---------------------------------------------------------------------------------------------
                                  0.000000    0.000000   clock clk (rise edge)
                                  0.000000    0.000000   clock source latency
     1    0.009329    0.076569    0.049206    0.049206 ^ clk (in)
                                                         clk (net)
                      0.076573    0.000000    0.049206 ^ clkbuf_0_clk/A (sky130_fd_sc_hd__clkbuf_16)
     2    0.017483    0.064304    0.220798    0.270004 ^ clkbuf_0_clk/X (sky130_fd_sc_hd__clkbuf_16)
                                                         clknet_0_clk (net)
                      0.064304    0.000902    0.270907 ^ clkbuf_1_0__f_clk/A (sky130_fd_sc_hd__clkbuf_16)
     2    0.005112    0.047965    0.195748    0.466655 ^ clkbuf_1_0__f_clk/X (sky130_fd_sc_hd__clkbuf_16)
                                                         clknet_1_0__leaf_clk (net)
                      0.047966    0.000231    0.466886 ^ _25_/CLK (sky130_fd_sc_hd__dfrtp_2)
     1    0.039157    0.229483    0.965751    1.432637 v _25_/Q (sky130_fd_sc_hd__dfrtp_2)
                                                         tdo (net)
                      0.229564    0.004055    1.436692 v tdo (out)
                                              1.436692   data arrival time

                                 10.000000   10.000000   clock clk (rise edge)
                                  0.000000   10.000000   clock network delay (propagated)
                                 -0.250000    9.750000   clock uncertainty
                                  0.000000    9.750000   clock reconvergence pessimism
                                 -2.000000    7.750000   output external delay
                                              7.750000   data required time
---------------------------------------------------------------------------------------------
                                              7.750000   data required time
                                             -1.436692   data arrival time
---------------------------------------------------------------------------------------------
                                              6.313308   slack (MET)


Startpoint: se (input port clocked by clk)
Endpoint: _25_ (rising edge-triggered flip-flop clocked by clk)
Path Group: clk
Path Type: max

Fanout         Cap        Slew       Delay        Time   Description
---------------------------------------------------------------------------------------------
                                  0.000000    0.000000   clock clk (rise edge)
                                  0.000000    0.000000   clock network delay (propagated)
                                  2.000000    2.000000 ^ input external delay
     1    0.005738    0.052208    0.031346    2.031346 ^ se (in)
                                                         se (net)
                      0.052210    0.000000    2.031346 ^ _14_/S (sky130_fd_sc_hd__mux2_1)
     1    0.005844    0.140083    0.726125    2.757470 v _14_/X (sky130_fd_sc_hd__mux2_1)
                                                         _00_ (net)
                      0.140083    0.000400    2.757871 v _25_/D (sky130_fd_sc_hd__dfrtp_2)
                                              2.757871   data arrival time

                                 10.000000   10.000000   clock clk (rise edge)
                                  0.000000   10.000000   clock source latency
     1    0.009329    0.076569    0.049206   10.049206 ^ clk (in)
                                                         clk (net)
                      0.076573    0.000000   10.049206 ^ clkbuf_0_clk/A (sky130_fd_sc_hd__clkbuf_16)
     2    0.017483    0.064304    0.220798   10.270004 ^ clkbuf_0_clk/X (sky130_fd_sc_hd__clkbuf_16)
                                                         clknet_0_clk (net)
                      0.064304    0.000902   10.270907 ^ clkbuf_1_0__f_clk/A (sky130_fd_sc_hd__clkbuf_16)
     2    0.005112    0.047965    0.195747   10.466655 ^ clkbuf_1_0__f_clk/X (sky130_fd_sc_hd__clkbuf_16)
                                                         clknet_1_0__leaf_clk (net)
                      0.047966    0.000231   10.466886 ^ _25_/CLK (sky130_fd_sc_hd__dfrtp_2)
                                 -0.250000   10.216886   clock uncertainty
                                  0.000000   10.216886   clock reconvergence pessimism
                                 -0.311773    9.905112   library setup time
                                              9.905112   data required time
---------------------------------------------------------------------------------------------
                                              9.905112   data required time
                                             -2.757871   data arrival time
---------------------------------------------------------------------------------------------
                                              7.147242   slack (MET)


Startpoint: rst (input port clocked by clk)
Endpoint: _24_ (recovery check against rising-edge clock clk)
Path Group: asynchronous
Path Type: max

Fanout         Cap        Slew       Delay        Time   Description
---------------------------------------------------------------------------------------------
                                  0.000000    0.000000   clock clk (rise edge)
                                  0.000000    0.000000   clock network delay (propagated)
                                  2.000000    2.000000 v input external delay
     3    0.019042    0.084709    0.058796    2.058796 v rst (in)
                                                         rst (net)
                      0.084714    0.000000    2.058796 v _21_/A (sky130_fd_sc_hd__inv_2)
     1    0.005409    0.051993    0.086479    2.145275 ^ _21_/Y (sky130_fd_sc_hd__inv_2)
                                                         _02_ (net)
                      0.051994    0.000322    2.145597 ^ _24_/RESET_B (sky130_fd_sc_hd__dfrtp_2)
                                              2.145597   data arrival time

                                 10.000000   10.000000   clock clk (rise edge)
                                  0.000000   10.000000   clock source latency
     1    0.009329    0.076569    0.049206   10.049206 ^ clk (in)
                                                         clk (net)
                      0.076573    0.000000   10.049206 ^ clkbuf_0_clk/A (sky130_fd_sc_hd__clkbuf_16)
     2    0.017483    0.064304    0.220798   10.270004 ^ clkbuf_0_clk/X (sky130_fd_sc_hd__clkbuf_16)
                                                         clknet_0_clk (net)
                      0.064304    0.000635   10.270639 ^ clkbuf_1_1__f_clk/A (sky130_fd_sc_hd__clkbuf_16)
     2    0.006324    0.049615    0.198034   10.468675 ^ clkbuf_1_1__f_clk/X (sky130_fd_sc_hd__clkbuf_16)
                                                         clknet_1_1__leaf_clk (net)
                      0.049616    0.000314   10.468988 ^ _24_/CLK (sky130_fd_sc_hd__dfrtp_2)
                                 -0.250000   10.218988   clock uncertainty
                                  0.000000   10.218988   clock reconvergence pessimism
                                  0.445455   10.664444   library recovery time
                                             10.664444   data required time
---------------------------------------------------------------------------------------------
                                             10.664444   data required time
                                             -2.145597   data arrival time
---------------------------------------------------------------------------------------------
                                              8.518847   slack (MET)


Startpoint: rst (input port clocked by clk)
Endpoint: _23_ (recovery check against rising-edge clock clk)
Path Group: asynchronous
Path Type: max

Fanout         Cap        Slew       Delay        Time   Description
---------------------------------------------------------------------------------------------
                                  0.000000    0.000000   clock clk (rise edge)
                                  0.000000    0.000000   clock network delay (propagated)
                                  2.000000    2.000000 v input external delay
     3    0.019042    0.084709    0.058777    2.058777 v rst (in)
                                                         rst (net)
                      0.084714    0.000000    2.058777 v _12_/A (sky130_fd_sc_hd__inv_2)
     1    0.003804    0.042985    0.077901    2.136678 ^ _12_/Y (sky130_fd_sc_hd__inv_2)
                                                         _01_ (net)
                      0.042993    0.000202    2.136881 ^ _23_/RESET_B (sky130_fd_sc_hd__dfrtp_2)
                                              2.136881   data arrival time

                                 10.000000   10.000000   clock clk (rise edge)
                                  0.000000   10.000000   clock source latency
     1    0.009329    0.076569    0.049206   10.049206 ^ clk (in)
                                                         clk (net)
                      0.076573    0.000000   10.049206 ^ clkbuf_0_clk/A (sky130_fd_sc_hd__clkbuf_16)
     2    0.017483    0.064304    0.220798   10.270004 ^ clkbuf_0_clk/X (sky130_fd_sc_hd__clkbuf_16)
                                                         clknet_0_clk (net)
                      0.064304    0.000902   10.270907 ^ clkbuf_1_0__f_clk/A (sky130_fd_sc_hd__clkbuf_16)
     2    0.005112    0.047965    0.195747   10.466655 ^ clkbuf_1_0__f_clk/X (sky130_fd_sc_hd__clkbuf_16)
                                                         clknet_1_0__leaf_clk (net)
                      0.047966    0.000194   10.466848 ^ _23_/CLK (sky130_fd_sc_hd__dfrtp_2)
                                 -0.250000   10.216848   clock uncertainty
                                  0.000000   10.216848   clock reconvergence pessimism
                                  0.448759   10.665606   library recovery time
                                             10.665606   data required time
---------------------------------------------------------------------------------------------
                                             10.665606   data required time
                                             -2.136881   data arrival time
---------------------------------------------------------------------------------------------
                                              8.528726   slack (MET)


Startpoint: rst (input port clocked by clk)
Endpoint: _25_ (recovery check against rising-edge clock clk)
Path Group: asynchronous
Path Type: max

Fanout         Cap        Slew       Delay        Time   Description
---------------------------------------------------------------------------------------------
                                  0.000000    0.000000   clock clk (rise edge)
                                  0.000000    0.000000   clock network delay (propagated)
                                  2.000000    2.000000 v input external delay
     3    0.019042    0.084709    0.058689    2.058689 v rst (in)
                                                         rst (net)
                      0.084712    0.000000    2.058689 v _22_/A (sky130_fd_sc_hd__inv_2)
     1    0.003652    0.042177    0.077087    2.135775 ^ _22_/Y (sky130_fd_sc_hd__inv_2)
                                                         _03_ (net)
                      0.042177    0.000196    2.135972 ^ _25_/RESET_B (sky130_fd_sc_hd__dfrtp_2)
                                              2.135972   data arrival time

                                 10.000000   10.000000   clock clk (rise edge)
                                  0.000000   10.000000   clock source latency
     1    0.009329    0.076569    0.049206   10.049206 ^ clk (in)
                                                         clk (net)
                      0.076573    0.000000   10.049206 ^ clkbuf_0_clk/A (sky130_fd_sc_hd__clkbuf_16)
     2    0.017483    0.064304    0.220798   10.270004 ^ clkbuf_0_clk/X (sky130_fd_sc_hd__clkbuf_16)
                                                         clknet_0_clk (net)
                      0.064304    0.000902   10.270907 ^ clkbuf_1_0__f_clk/A (sky130_fd_sc_hd__clkbuf_16)
     2    0.005112    0.047965    0.195747   10.466655 ^ clkbuf_1_0__f_clk/X (sky130_fd_sc_hd__clkbuf_16)
                                                         clknet_1_0__leaf_clk (net)
                      0.047966    0.000231   10.466886 ^ _25_/CLK (sky130_fd_sc_hd__dfrtp_2)
                                 -0.250000   10.216886   clock uncertainty
                                  0.000000   10.216886   clock reconvergence pessimism
                                  0.449108   10.665993   library recovery time
                                             10.665993   data required time
---------------------------------------------------------------------------------------------
                                             10.665993   data required time
                                             -2.135972   data arrival time
---------------------------------------------------------------------------------------------
                                              8.530022   slack (MET)



