Reading timing models for corner max_ss_100C_1v60…
Reading cell library for the 'max_ss_100C_1v60' corner at '/foss/pdks/sky130A/libs.ref/sky130_fd_sc_hd/lib/sky130_fd_sc_hd__ss_100C_1v60.lib'…
Reading top-level netlist at '/foss/designs/pmu_design/pmu/1-librelane/runs/run_pmu_flow/49-openroad-fillinsertion/pmu.nl.v'…
Linking design 'pmu' from netlist…
Warning: /foss/designs/pmu_design/pmu/1-librelane/runs/run_pmu_flow/49-openroad-fillinsertion/pmu.nl.v line 556, module sky130_fd_sc_hd__tapvpwrvgnd_1 not found. Creating black box for TAP_TAPCELL_ROW_0_24.
Warning: /foss/designs/pmu_design/pmu/1-librelane/runs/run_pmu_flow/49-openroad-fillinsertion/pmu.nl.v line 577, module sky130_fd_sc_hd__fill_1 not found. Creating black box for FILLER_0_12.
Warning: /foss/designs/pmu_design/pmu/1-librelane/runs/run_pmu_flow/49-openroad-fillinsertion/pmu.nl.v line 580, module sky130_fd_sc_hd__fill_2 not found. Creating black box for FILLER_0_60.
Reading design constraints file at '/foss/designs/pmu_design/pmu/1-librelane/pmu.sdc'…
[INFO] Using clock clk…
[INFO] Setting output delay to: 2
[INFO] Setting input delay to: 2
[INFO] Setting load to: 0.033442
[INFO] Setting clock uncertainty to: 0.25
[INFO] Setting clock transition to: 0.1499999999999999944488848768742172978818416595458984375
[INFO] Setting timing derate to: 5%
[INFO] Applying custom path constraint for delay chain (so that slack/hold violations are not considered)
Reading top-level design parasitics for the 'max_ss_100C_1v60' corner at '/foss/designs/pmu_design/pmu/1-librelane/runs/run_pmu_flow/51-openroad-rcx/max/pmu.max.spef'…
%OL_CREATE_REPORT min.rpt

===========================================================================
report_checks -path_delay min (Hold)
============================================================================
======================= max_ss_100C_1v60 Corner ===================================

Startpoint: rst (input port clocked by clk)
Endpoint: _25_ (removal check against rising-edge clock clk)
Path Group: asynchronous
Path Type: min

Fanout         Cap        Slew       Delay        Time   Description
---------------------------------------------------------------------------------------------
                                  0.000000    0.000000   clock clk (rise edge)
                                  0.000000    0.000000   clock network delay (propagated)
                                  2.000000    2.000000 v input external delay
     3    0.019042    0.084709    0.058689    2.058689 v rst (in)
                                                         rst (net)
                      0.084712    0.000000    2.058689 v _22_/A (sky130_fd_sc_hd__inv_2)
     1    0.003652    0.042177    0.077087    2.135775 ^ _22_/Y (sky130_fd_sc_hd__inv_2)
                                                         _03_ (net)
                      0.042177    0.000196    2.135972 ^ _25_/RESET_B (sky130_fd_sc_hd__dfrtp_2)
                                              2.135972   data arrival time

                                  0.000000    0.000000   clock clk (rise edge)
                                  0.000000    0.000000   clock source latency
     1    0.009329    0.076569    0.049206    0.049206 ^ clk (in)
                                                         clk (net)
                      0.076573    0.000000    0.049206 ^ clkbuf_0_clk/A (sky130_fd_sc_hd__clkbuf_16)
     2    0.017483    0.064304    0.220798    0.270004 ^ clkbuf_0_clk/X (sky130_fd_sc_hd__clkbuf_16)
                                                         clknet_0_clk (net)
                      0.064304    0.000902    0.270907 ^ clkbuf_1_0__f_clk/A (sky130_fd_sc_hd__clkbuf_16)
     2    0.005112    0.047965    0.195748    0.466655 ^ clkbuf_1_0__f_clk/X (sky130_fd_sc_hd__clkbuf_16)
                                                         clknet_1_0__leaf_clk (net)
                      0.047966    0.000231    0.466886 ^ _25_/CLK (sky130_fd_sc_hd__dfrtp_2)
                                  0.250000    0.716886   clock uncertainty
                                  0.000000    0.716886   clock reconvergence pessimism
                                  0.642232    1.359117   library removal time
                                              1.359117   data required time
---------------------------------------------------------------------------------------------
                                              1.359117   data required time
                                             -2.135972   data arrival time
---------------------------------------------------------------------------------------------
                                              0.776854   slack (MET)


Startpoint: rst (input port clocked by clk)
Endpoint: _23_ (removal check against rising-edge clock clk)
Path Group: asynchronous
Path Type: min

Fanout         Cap        Slew       Delay        Time   Description
---------------------------------------------------------------------------------------------
                                  0.000000    0.000000   clock clk (rise edge)
                                  0.000000    0.000000   clock network delay (propagated)
                                  2.000000    2.000000 v input external delay
     3    0.019042    0.084709    0.058777    2.058777 v rst (in)
                                                         rst (net)
                      0.084714    0.000000    2.058777 v _12_/A (sky130_fd_sc_hd__inv_2)
     1    0.003804    0.042985    0.077901    2.136678 ^ _12_/Y (sky130_fd_sc_hd__inv_2)
                                                         _01_ (net)
                      0.042993    0.000202    2.136881 ^ _23_/RESET_B (sky130_fd_sc_hd__dfrtp_2)
                                              2.136881   data arrival time

                                  0.000000    0.000000   clock clk (rise edge)
                                  0.000000    0.000000   clock source latency
     1    0.009329    0.076569    0.049206    0.049206 ^ clk (in)
                                                         clk (net)
                      0.076573    0.000000    0.049206 ^ clkbuf_0_clk/A (sky130_fd_sc_hd__clkbuf_16)
     2    0.017483    0.064304    0.220798    0.270004 ^ clkbuf_0_clk/X (sky130_fd_sc_hd__clkbuf_16)
                                                         clknet_0_clk (net)
                      0.064304    0.000902    0.270907 ^ clkbuf_1_0__f_clk/A (sky130_fd_sc_hd__clkbuf_16)
     2    0.005112    0.047965    0.195748    0.466655 ^ clkbuf_1_0__f_clk/X (sky130_fd_sc_hd__clkbuf_16)
                                                         clknet_1_0__leaf_clk (net)
                      0.047966    0.000193    0.466848 ^ _23_/CLK (sky130_fd_sc_hd__dfrtp_2)
                                  0.250000    0.716848   clock uncertainty
                                  0.000000    0.716848   clock reconvergence pessimism
                                  0.642482    1.359330   library removal time
                                              1.359330   data required time
---------------------------------------------------------------------------------------------
                                              1.359330   data required time
                                             -2.136881   data arrival time
---------------------------------------------------------------------------------------------
                                              0.777551   slack (MET)


Startpoint: rst (input port clocked by clk)
Endpoint: _24_ (removal check against rising-edge clock clk)
Path Group: asynchronous
Path Type: min

Fanout         Cap        Slew       Delay        Time   Description
---------------------------------------------------------------------------------------------
                                  0.000000    0.000000   clock clk (rise edge)
                                  0.000000    0.000000   clock network delay (propagated)
                                  2.000000    2.000000 v input external delay
     3    0.019042    0.084709    0.058796    2.058796 v rst (in)
                                                         rst (net)
                      0.084714    0.000000    2.058796 v _21_/A (sky130_fd_sc_hd__inv_2)
     1    0.005409    0.051993    0.086479    2.145275 ^ _21_/Y (sky130_fd_sc_hd__inv_2)
                                                         _02_ (net)
                      0.051994    0.000322    2.145597 ^ _24_/RESET_B (sky130_fd_sc_hd__dfrtp_2)
                                              2.145597   data arrival time

                                  0.000000    0.000000   clock clk (rise edge)
                                  0.000000    0.000000   clock source latency
     1    0.009329    0.076569    0.049206    0.049206 ^ clk (in)
                                                         clk (net)
                      0.076573    0.000000    0.049206 ^ clkbuf_0_clk/A (sky130_fd_sc_hd__clkbuf_16)
     2    0.017483    0.064304    0.220798    0.270004 ^ clkbuf_0_clk/X (sky130_fd_sc_hd__clkbuf_16)
                                                         clknet_0_clk (net)
                      0.064304    0.000636    0.270640 ^ clkbuf_1_1__f_clk/A (sky130_fd_sc_hd__clkbuf_16)
     2    0.006324    0.049615    0.198034    0.468674 ^ clkbuf_1_1__f_clk/X (sky130_fd_sc_hd__clkbuf_16)
                                                         clknet_1_1__leaf_clk (net)
                      0.049616    0.000314    0.468988 ^ _24_/CLK (sky130_fd_sc_hd__dfrtp_2)
                                  0.250000    0.718988   clock uncertainty
                                  0.000000    0.718988   clock reconvergence pessimism
                                  0.645740    1.364728   library removal time
                                              1.364728   data required time
---------------------------------------------------------------------------------------------
                                              1.364728   data required time
                                             -2.145597   data arrival time
---------------------------------------------------------------------------------------------
                                              0.780869   slack (MET)


Startpoint: _24_ (rising edge-triggered flip-flop clocked by clk)
Endpoint: _25_ (rising edge-triggered flip-flop clocked by clk)
Path Group: clk
Path Type: min

Fanout         Cap        Slew       Delay        Time   Description
---------------------------------------------------------------------------------------------
                                  0.000000    0.000000   clock clk (rise edge)
                                  0.000000    0.000000   clock source latency
     1    0.009329    0.076569    0.049206    0.049206 ^ clk (in)
                                                         clk (net)
                      0.076573    0.000000    0.049206 ^ clkbuf_0_clk/A (sky130_fd_sc_hd__clkbuf_16)
     2    0.017483    0.064304    0.220798    0.270004 ^ clkbuf_0_clk/X (sky130_fd_sc_hd__clkbuf_16)
                                                         clknet_0_clk (net)
                      0.064304    0.000636    0.270640 ^ clkbuf_1_1__f_clk/A (sky130_fd_sc_hd__clkbuf_16)
     2    0.006324    0.049615    0.198034    0.468674 ^ clkbuf_1_1__f_clk/X (sky130_fd_sc_hd__clkbuf_16)
                                                         clknet_1_1__leaf_clk (net)
                      0.049616    0.000314    0.468988 ^ _24_/CLK (sky130_fd_sc_hd__dfrtp_2)
     1    0.009664    0.116002    0.718762    1.187750 ^ _24_/Q (sky130_fd_sc_hd__dfrtp_2)
                                                         capture_q (net)
                      0.116002    0.000461    1.188211 ^ _13_/A (sky130_fd_sc_hd__xor2_2)
     1    0.001918    0.094542    0.194117    1.382328 ^ _13_/X (sky130_fd_sc_hd__xor2_2)
                                                         _05_ (net)
                      0.094542    0.000131    1.382459 ^ _14_/A0 (sky130_fd_sc_hd__mux2_1)
     1    0.005859    0.109443    0.271397    1.653856 ^ _14_/X (sky130_fd_sc_hd__mux2_1)
                                                         _00_ (net)
                      0.109443    0.000402    1.654257 ^ _25_/D (sky130_fd_sc_hd__dfrtp_2)
                                              1.654257   data arrival time

                                  0.000000    0.000000   clock clk (rise edge)
                                  0.000000    0.000000   clock source latency
     1    0.009329    0.076569    0.049206    0.049206 ^ clk (in)
                                                         clk (net)
                      0.076573    0.000000    0.049206 ^ clkbuf_0_clk/A (sky130_fd_sc_hd__clkbuf_16)
     2    0.017483    0.064304    0.220798    0.270004 ^ clkbuf_0_clk/X (sky130_fd_sc_hd__clkbuf_16)
                                                         clknet_0_clk (net)
                      0.064304    0.000902    0.270907 ^ clkbuf_1_0__f_clk/A (sky130_fd_sc_hd__clkbuf_16)
     2    0.005112    0.047965    0.195748    0.466655 ^ clkbuf_1_0__f_clk/X (sky130_fd_sc_hd__clkbuf_16)
                                                         clknet_1_0__leaf_clk (net)
                      0.047966    0.000231    0.466886 ^ _25_/CLK (sky130_fd_sc_hd__dfrtp_2)
                                  0.250000    0.716886   clock uncertainty
                                  0.000000    0.716886   clock reconvergence pessimism
                                 -0.089491    0.627395   library hold time
                                              0.627395   data required time
---------------------------------------------------------------------------------------------
                                              0.627395   data required time
                                             -1.654257   data arrival time
---------------------------------------------------------------------------------------------
                                              1.026863   slack (MET)


Startpoint: path_sel[2] (input port clocked by clk)
Endpoint: _23_ (rising edge-triggered flip-flop clocked by clk)
Path Group: clk
Path Type: min

Fanout         Cap        Slew       Delay        Time   Description
---------------------------------------------------------------------------------------------
                                  0.000000    0.000000   clock clk (rise edge)
                                  0.000000    0.000000   clock network delay (propagated)
                                  2.000000    2.000000 v input external delay
     2    0.012205    0.056370    0.038126    2.038126 v path_sel[2] (in)
                                                         path_sel[2] (net)
                      0.056373    0.000000    2.038126 v _11_/A (sky130_fd_sc_hd__inv_2)
     1    0.002975    0.035613    0.061181    2.099307 ^ _11_/Y (sky130_fd_sc_hd__inv_2)
                                                         _04_ (net)
                      0.035613    0.000139    2.099445 ^ _20_/A1 (sky130_fd_sc_hd__o21a_2)
     3    0.009963    0.106899    0.284932    2.384378 ^ _20_/X (sky130_fd_sc_hd__o21a_2)
                                                         dc_inst.in (net)
                      0.106904    0.000836    2.385214 ^ _23_/D (sky130_fd_sc_hd__dfrtp_2)
                                              2.385214   data arrival time

                                  0.000000    0.000000   clock clk (rise edge)
                                  0.000000    0.000000   clock source latency
     1    0.009329    0.076569    0.049206    0.049206 ^ clk (in)
                                                         clk (net)
                      0.076573    0.000000    0.049206 ^ clkbuf_0_clk/A (sky130_fd_sc_hd__clkbuf_16)
     2    0.017483    0.064304    0.220798    0.270004 ^ clkbuf_0_clk/X (sky130_fd_sc_hd__clkbuf_16)
                                                         clknet_0_clk (net)
                      0.064304    0.000902    0.270907 ^ clkbuf_1_0__f_clk/A (sky130_fd_sc_hd__clkbuf_16)
     2    0.005112    0.047965    0.195748    0.466655 ^ clkbuf_1_0__f_clk/X (sky130_fd_sc_hd__clkbuf_16)
                                                         clknet_1_0__leaf_clk (net)
                      0.047966    0.000193    0.466848 ^ _23_/CLK (sky130_fd_sc_hd__dfrtp_2)
                                  0.250000    0.716848   clock uncertainty
                                  0.000000    0.716848   clock reconvergence pessimism
                                 -0.088913    0.627935   library hold time
                                              0.627935   data required time
---------------------------------------------------------------------------------------------
                                              0.627935   data required time
                                             -2.385214   data arrival time
---------------------------------------------------------------------------------------------
                                              1.757279   slack (MET)


Startpoint: _25_ (rising edge-triggered flip-flop clocked by clk)
Endpoint: tdo (output port clocked by clk)
Path Group: clk
Path Type: min

Fanout         Cap        Slew       Delay        Time   Description
---------------------------------------------------------------------------------------------
                                  0.000000    0.000000   clock clk (rise edge)
                                  0.000000    0.000000   clock source latency
     1    0.009329    0.076569    0.049206    0.049206 ^ clk (in)
                                                         clk (net)
                      0.076573    0.000000    0.049206 ^ clkbuf_0_clk/A (sky130_fd_sc_hd__clkbuf_16)
     2    0.017483    0.064304    0.220798    0.270004 ^ clkbuf_0_clk/X (sky130_fd_sc_hd__clkbuf_16)
                                                         clknet_0_clk (net)
                      0.064304    0.000902    0.270907 ^ clkbuf_1_0__f_clk/A (sky130_fd_sc_hd__clkbuf_16)
     2    0.005112    0.047965    0.195748    0.466655 ^ clkbuf_1_0__f_clk/X (sky130_fd_sc_hd__clkbuf_16)
                                                         clknet_1_0__leaf_clk (net)
                      0.047966    0.000231    0.466886 ^ _25_/CLK (sky130_fd_sc_hd__dfrtp_2)
     1    0.039157    0.316328    0.886787    1.353673 ^ _25_/Q (sky130_fd_sc_hd__dfrtp_2)
                                                         tdo (net)
                      0.316380    0.004057    1.357730 ^ tdo (out)
                                              1.357730   data arrival time

                                  0.000000    0.000000   clock clk (rise edge)
                                  0.000000    0.000000   clock network delay (propagated)
                                  0.250000    0.250000   clock uncertainty
                                  0.000000    0.250000   clock reconvergence pessimism
                                 -2.000000   -1.750000   output external delay
                                             -1.750000   data required time
---------------------------------------------------------------------------------------------
                                             -1.750000   data required time
                                             -1.357730   data arrival time
---------------------------------------------------------------------------------------------
                                              3.107730   slack (MET)



%OL_END_REPORT
%OL_CREATE_REPORT max.rpt

===========================================================================
report_checks -path_delay max (Setup)
============================================================================
======================= max_ss_100C_1v60 Corner ===================================

Startpoint: path_sel[0] (input port clocked by clk)
Endpoint: _23_ (rising edge-triggered flip-flop clocked by clk)
Path Group: clk
Path Type: max

Fanout         Cap        Slew       Delay        Time   Description
---------------------------------------------------------------------------------------------
                                  0.000000    0.000000   clock clk (rise edge)
                                  0.000000    0.000000   clock network delay (propagated)
                                  2.000000    2.000000 ^ input external delay
     4    0.022619    0.168263    0.115320    2.115319 ^ path_sel[0] (in)
                                                         path_sel[0] (net)
                      0.168271    0.000000    2.115319 ^ _18_/S (sky130_fd_sc_hd__mux2_1)
     1    0.002762    0.109713    0.731773    2.847093 v _18_/X (sky130_fd_sc_hd__mux2_1)
                                                         _09_ (net)
                      0.109713    0.000195    2.847288 v _19_/B1 (sky130_fd_sc_hd__a221o_2)
     1    0.003173    0.089604    0.630847    3.478135 v _19_/X (sky130_fd_sc_hd__a221o_2)
                                                         _10_ (net)
                      0.089604    0.000215    3.478350 v _20_/B1 (sky130_fd_sc_hd__o21a_2)
     3    0.009743    0.090822    0.252611    3.730961 v _20_/X (sky130_fd_sc_hd__o21a_2)
                                                         dc_inst.in (net)
                      0.090828    0.000819    3.731780 v _23_/D (sky130_fd_sc_hd__dfrtp_2)
                                              3.731780   data arrival time

                                 10.000000   10.000000   clock clk (rise edge)
                                  0.000000   10.000000   clock source latency
     1    0.009329    0.076569    0.049206   10.049206 ^ clk (in)
                                                         clk (net)
                      0.076573    0.000000   10.049206 ^ clkbuf_0_clk/A (sky130_fd_sc_hd__clkbuf_16)
     2    0.017483    0.064304    0.220798   10.270004 ^ clkbuf_0_clk/X (sky130_fd_sc_hd__clkbuf_16)
                                                         clknet_0_clk (net)
                      0.064304    0.000902   10.270907 ^ clkbuf_1_0__f_clk/A (sky130_fd_sc_hd__clkbuf_16)
     2    0.005112    0.047965    0.195747   10.466655 ^ clkbuf_1_0__f_clk/X (sky130_fd_sc_hd__clkbuf_16)
                                                         clknet_1_0__leaf_clk (net)
                      0.047966    0.000194   10.466848 ^ _23_/CLK (sky130_fd_sc_hd__dfrtp_2)
                                 -0.250000   10.216848   clock uncertainty
                                  0.000000   10.216848   clock reconvergence pessimism
                                 -0.291186    9.925662   library setup time
                                              9.925662   data required time
---------------------------------------------------------------------------------------------
                                              9.925662   data required time
                                             -3.731780   data arrival time
---------------------------------------------------------------------------------------------
                                              6.193882   slack (MET)


Startpoint: _25_ (rising edge-triggered flip-flop clocked by clk)
Endpoint: tdo (output port clocked by clk)
Path Group: clk
Path Type: max

Fanout         Cap        Slew       Delay        Time   Description
---------------------------------------------------------------------------------------------
                                  0.000000    0.000000   clock clk (rise edge)
                                  0.000000    0.000000   clock source latency
     1    0.009329    0.076569    0.049206    0.049206 ^ clk (in)
                                                         clk (net)
                      0.076573    0.000000    0.049206 ^ clkbuf_0_clk/A (sky130_fd_sc_hd__clkbuf_16)
     2    0.017483    0.064304    0.220798    0.270004 ^ clkbuf_0_clk/X (sky130_fd_sc_hd__clkbuf_16)
                                                         clknet_0_clk (net)
                      0.064304    0.000902    0.270907 ^ clkbuf_1_0__f_clk/A (sky130_fd_sc_hd__clkbuf_16)
     2    0.005112    0.047965    0.195748    0.466655 ^ clkbuf_1_0__f_clk/X (sky130_fd_sc_hd__clkbuf_16)
                                                         clknet_1_0__leaf_clk (net)
                      0.047966    0.000231    0.466886 ^ _25_/CLK (sky130_fd_sc_hd__dfrtp_2)
     1    0.039157    0.229483    0.965751    1.432637 v _25_/Q (sky130_fd_sc_hd__dfrtp_2)
                                                         tdo (net)
                      0.229564    0.004055    1.436692 v tdo (out)
                                              1.436692   data arrival time

                                 10.000000   10.000000   clock clk (rise edge)
                                  0.000000   10.000000   clock network delay (propagated)
                                 -0.250000    9.750000   clock uncertainty
                                  0.000000    9.750000   clock reconvergence pessimism
                                 -2.000000    7.750000   output external delay
                                              7.750000   data required time
---------------------------------------------------------------------------------------------
                                              7.750000   data required time
                                             -1.436692   data arrival time
---------------------------------------------------------------------------------------------
                                              6.313308   slack (MET)


Startpoint: se (input port clocked by clk)
Endpoint: _25_ (rising edge-triggered flip-flop clocked by clk)
Path Group: clk
Path Type: max

Fanout         Cap        Slew       Delay        Time   Description
---------------------------------------------------------------------------------------------
                                  0.000000    0.000000   clock clk (rise edge)
                                  0.000000    0.000000   clock network delay (propagated)
                                  2.000000    2.000000 ^ input external delay
     1    0.005738    0.052208    0.031346    2.031346 ^ se (in)
                                                         se (net)
                      0.052210    0.000000    2.031346 ^ _14_/S (sky130_fd_sc_hd__mux2_1)
     1    0.005844    0.140083    0.726125    2.757470 v _14_/X (sky130_fd_sc_hd__mux2_1)
                                                         _00_ (net)
                      0.140083    0.000400    2.757871 v _25_/D (sky130_fd_sc_hd__dfrtp_2)
                                              2.757871   data arrival time

                                 10.000000   10.000000   clock clk (rise edge)
                                  0.000000   10.000000   clock source latency
     1    0.009329    0.076569    0.049206   10.049206 ^ clk (in)
                                                         clk (net)
                      0.076573    0.000000   10.049206 ^ clkbuf_0_clk/A (sky130_fd_sc_hd__clkbuf_16)
     2    0.017483    0.064304    0.220798   10.270004 ^ clkbuf_0_clk/X (sky130_fd_sc_hd__clkbuf_16)
                                                         clknet_0_clk (net)
                      0.064304    0.000902   10.270907 ^ clkbuf_1_0__f_clk/A (sky130_fd_sc_hd__clkbuf_16)
     2    0.005112    0.047965    0.195747   10.466655 ^ clkbuf_1_0__f_clk/X (sky130_fd_sc_hd__clkbuf_16)
                                                         clknet_1_0__leaf_clk (net)
                      0.047966    0.000231   10.466886 ^ _25_/CLK (sky130_fd_sc_hd__dfrtp_2)
                                 -0.250000   10.216886   clock uncertainty
                                  0.000000   10.216886   clock reconvergence pessimism
                                 -0.311773    9.905112   library setup time
                                              9.905112   data required time
---------------------------------------------------------------------------------------------
                                              9.905112   data required time
                                             -2.757871   data arrival time
---------------------------------------------------------------------------------------------
                                              7.147242   slack (MET)


Startpoint: rst (input port clocked by clk)
Endpoint: _24_ (recovery check against rising-edge clock clk)
Path Group: asynchronous
Path Type: max

Fanout         Cap        Slew       Delay        Time   Description
---------------------------------------------------------------------------------------------
                                  0.000000    0.000000   clock clk (rise edge)
                                  0.000000    0.000000   clock network delay (propagated)
                                  2.000000    2.000000 v input external delay
     3    0.019042    0.084709    0.058796    2.058796 v rst (in)
                                                         rst (net)
                      0.084714    0.000000    2.058796 v _21_/A (sky130_fd_sc_hd__inv_2)
     1    0.005409    0.051993    0.086479    2.145275 ^ _21_/Y (sky130_fd_sc_hd__inv_2)
                                                         _02_ (net)
                      0.051994    0.000322    2.145597 ^ _24_/RESET_B (sky130_fd_sc_hd__dfrtp_2)
                                              2.145597   data arrival time

                                 10.000000   10.000000   clock clk (rise edge)
                                  0.000000   10.000000   clock source latency
     1    0.009329    0.076569    0.049206   10.049206 ^ clk (in)
                                                         clk (net)
                      0.076573    0.000000   10.049206 ^ clkbuf_0_clk/A (sky130_fd_sc_hd__clkbuf_16)
     2    0.017483    0.064304    0.220798   10.270004 ^ clkbuf_0_clk/X (sky130_fd_sc_hd__clkbuf_16)
                                                         clknet_0_clk (net)
                      0.064304    0.000635   10.270639 ^ clkbuf_1_1__f_clk/A (sky130_fd_sc_hd__clkbuf_16)
     2    0.006324    0.049615    0.198034   10.468675 ^ clkbuf_1_1__f_clk/X (sky130_fd_sc_hd__clkbuf_16)
                                                         clknet_1_1__leaf_clk (net)
                      0.049616    0.000314   10.468988 ^ _24_/CLK (sky130_fd_sc_hd__dfrtp_2)
                                 -0.250000   10.218988   clock uncertainty
                                  0.000000   10.218988   clock reconvergence pessimism
                                  0.445455   10.664444   library recovery time
                                             10.664444   data required time
---------------------------------------------------------------------------------------------
                                             10.664444   data required time
                                             -2.145597   data arrival time
---------------------------------------------------------------------------------------------
                                              8.518847   slack (MET)


Startpoint: rst (input port clocked by clk)
Endpoint: _23_ (recovery check against rising-edge clock clk)
Path Group: asynchronous
Path Type: max

Fanout         Cap        Slew       Delay        Time   Description
---------------------------------------------------------------------------------------------
                                  0.000000    0.000000   clock clk (rise edge)
                                  0.000000    0.000000   clock network delay (propagated)
                                  2.000000    2.000000 v input external delay
     3    0.019042    0.084709    0.058777    2.058777 v rst (in)
                                                         rst (net)
                      0.084714    0.000000    2.058777 v _12_/A (sky130_fd_sc_hd__inv_2)
     1    0.003804    0.042985    0.077901    2.136678 ^ _12_/Y (sky130_fd_sc_hd__inv_2)
                                                         _01_ (net)
                      0.042993    0.000202    2.136881 ^ _23_/RESET_B (sky130_fd_sc_hd__dfrtp_2)
                                              2.136881   data arrival time

                                 10.000000   10.000000   clock clk (rise edge)
                                  0.000000   10.000000   clock source latency
     1    0.009329    0.076569    0.049206   10.049206 ^ clk (in)
                                                         clk (net)
                      0.076573    0.000000   10.049206 ^ clkbuf_0_clk/A (sky130_fd_sc_hd__clkbuf_16)
     2    0.017483    0.064304    0.220798   10.270004 ^ clkbuf_0_clk/X (sky130_fd_sc_hd__clkbuf_16)
                                                         clknet_0_clk (net)
                      0.064304    0.000902   10.270907 ^ clkbuf_1_0__f_clk/A (sky130_fd_sc_hd__clkbuf_16)
     2    0.005112    0.047965    0.195747   10.466655 ^ clkbuf_1_0__f_clk/X (sky130_fd_sc_hd__clkbuf_16)
                                                         clknet_1_0__leaf_clk (net)
                      0.047966    0.000194   10.466848 ^ _23_/CLK (sky130_fd_sc_hd__dfrtp_2)
                                 -0.250000   10.216848   clock uncertainty
                                  0.000000   10.216848   clock reconvergence pessimism
                                  0.448759   10.665606   library recovery time
                                             10.665606   data required time
---------------------------------------------------------------------------------------------
                                             10.665606   data required time
                                             -2.136881   data arrival time
---------------------------------------------------------------------------------------------
                                              8.528726   slack (MET)


Startpoint: rst (input port clocked by clk)
Endpoint: _25_ (recovery check against rising-edge clock clk)
Path Group: asynchronous
Path Type: max

Fanout         Cap        Slew       Delay        Time   Description
---------------------------------------------------------------------------------------------
                                  0.000000    0.000000   clock clk (rise edge)
                                  0.000000    0.000000   clock network delay (propagated)
                                  2.000000    2.000000 v input external delay
     3    0.019042    0.084709    0.058689    2.058689 v rst (in)
                                                         rst (net)
                      0.084712    0.000000    2.058689 v _22_/A (sky130_fd_sc_hd__inv_2)
     1    0.003652    0.042177    0.077087    2.135775 ^ _22_/Y (sky130_fd_sc_hd__inv_2)
                                                         _03_ (net)
                      0.042177    0.000196    2.135972 ^ _25_/RESET_B (sky130_fd_sc_hd__dfrtp_2)
                                              2.135972   data arrival time

                                 10.000000   10.000000   clock clk (rise edge)
                                  0.000000   10.000000   clock source latency
     1    0.009329    0.076569    0.049206   10.049206 ^ clk (in)
                                                         clk (net)
                      0.076573    0.000000   10.049206 ^ clkbuf_0_clk/A (sky130_fd_sc_hd__clkbuf_16)
     2    0.017483    0.064304    0.220798   10.270004 ^ clkbuf_0_clk/X (sky130_fd_sc_hd__clkbuf_16)
                                                         clknet_0_clk (net)
                      0.064304    0.000902   10.270907 ^ clkbuf_1_0__f_clk/A (sky130_fd_sc_hd__clkbuf_16)
     2    0.005112    0.047965    0.195747   10.466655 ^ clkbuf_1_0__f_clk/X (sky130_fd_sc_hd__clkbuf_16)
                                                         clknet_1_0__leaf_clk (net)
                      0.047966    0.000231   10.466886 ^ _25_/CLK (sky130_fd_sc_hd__dfrtp_2)
                                 -0.250000   10.216886   clock uncertainty
                                  0.000000   10.216886   clock reconvergence pessimism
                                  0.449108   10.665993   library recovery time
                                             10.665993   data required time
---------------------------------------------------------------------------------------------
                                             10.665993   data required time
                                             -2.135972   data arrival time
---------------------------------------------------------------------------------------------
                                              8.530022   slack (MET)



%OL_END_REPORT
%OL_CREATE_REPORT checks.rpt

===========================================================================
report_checks -unconstrained
===========================================================================
======================= max_ss_100C_1v60 Corner ===================================

Startpoint: rst (input port clocked by clk)
Endpoint: _24_ (recovery check against rising-edge clock clk)
Path Group: asynchronous
Path Type: max

Fanout         Cap        Slew       Delay        Time   Description
---------------------------------------------------------------------------------------------
                                  0.000000    0.000000   clock clk (rise edge)
                                  0.000000    0.000000   clock network delay (propagated)
                                  2.000000    2.000000 v input external delay
     3    0.019042    0.084709    0.058796    2.058796 v rst (in)
                                                         rst (net)
                      0.084714    0.000000    2.058796 v _21_/A (sky130_fd_sc_hd__inv_2)
     1    0.005409    0.051993    0.086479    2.145275 ^ _21_/Y (sky130_fd_sc_hd__inv_2)
                                                         _02_ (net)
                      0.051994    0.000322    2.145597 ^ _24_/RESET_B (sky130_fd_sc_hd__dfrtp_2)
                                              2.145597   data arrival time

                                 10.000000   10.000000   clock clk (rise edge)
                                  0.000000   10.000000   clock source latency
     1    0.009329    0.076569    0.049206   10.049206 ^ clk (in)
                                                         clk (net)
                      0.076573    0.000000   10.049206 ^ clkbuf_0_clk/A (sky130_fd_sc_hd__clkbuf_16)
     2    0.017483    0.064304    0.220798   10.270004 ^ clkbuf_0_clk/X (sky130_fd_sc_hd__clkbuf_16)
                                                         clknet_0_clk (net)
                      0.064304    0.000635   10.270639 ^ clkbuf_1_1__f_clk/A (sky130_fd_sc_hd__clkbuf_16)
     2    0.006324    0.049615    0.198034   10.468675 ^ clkbuf_1_1__f_clk/X (sky130_fd_sc_hd__clkbuf_16)
                                                         clknet_1_1__leaf_clk (net)
                      0.049616    0.000314   10.468988 ^ _24_/CLK (sky130_fd_sc_hd__dfrtp_2)
                                 -0.250000   10.218988   clock uncertainty
                                  0.000000   10.218988   clock reconvergence pessimism
                                  0.445455   10.664444   library recovery time
                                             10.664444   data required time
---------------------------------------------------------------------------------------------
                                             10.664444   data required time
                                             -2.145597   data arrival time
---------------------------------------------------------------------------------------------
                                              8.518847   slack (MET)


Startpoint: path_sel[0] (input port clocked by clk)
Endpoint: _23_ (rising edge-triggered flip-flop clocked by clk)
Path Group: clk
Path Type: max

Fanout         Cap        Slew       Delay        Time   Description
---------------------------------------------------------------------------------------------
                                  0.000000    0.000000   clock clk (rise edge)
                                  0.000000    0.000000   clock network delay (propagated)
                                  2.000000    2.000000 ^ input external delay
     4    0.022619    0.168263    0.115320    2.115319 ^ path_sel[0] (in)
                                                         path_sel[0] (net)
                      0.168271    0.000000    2.115319 ^ _18_/S (sky130_fd_sc_hd__mux2_1)
     1    0.002762    0.109713    0.731773    2.847093 v _18_/X (sky130_fd_sc_hd__mux2_1)
                                                         _09_ (net)
                      0.109713    0.000195    2.847288 v _19_/B1 (sky130_fd_sc_hd__a221o_2)
     1    0.003173    0.089604    0.630847    3.478135 v _19_/X (sky130_fd_sc_hd__a221o_2)
                                                         _10_ (net)
                      0.089604    0.000215    3.478350 v _20_/B1 (sky130_fd_sc_hd__o21a_2)
     3    0.009743    0.090822    0.252611    3.730961 v _20_/X (sky130_fd_sc_hd__o21a_2)
                                                         dc_inst.in (net)
                      0.090828    0.000819    3.731780 v _23_/D (sky130_fd_sc_hd__dfrtp_2)
                                              3.731780   data arrival time

                                 10.000000   10.000000   clock clk (rise edge)
                                  0.000000   10.000000   clock source latency
     1    0.009329    0.076569    0.049206   10.049206 ^ clk (in)
                                                         clk (net)
                      0.076573    0.000000   10.049206 ^ clkbuf_0_clk/A (sky130_fd_sc_hd__clkbuf_16)
     2    0.017483    0.064304    0.220798   10.270004 ^ clkbuf_0_clk/X (sky130_fd_sc_hd__clkbuf_16)
                                                         clknet_0_clk (net)
                      0.064304    0.000902   10.270907 ^ clkbuf_1_0__f_clk/A (sky130_fd_sc_hd__clkbuf_16)
     2    0.005112    0.047965    0.195747   10.466655 ^ clkbuf_1_0__f_clk/X (sky130_fd_sc_hd__clkbuf_16)
                                                         clknet_1_0__leaf_clk (net)
                      0.047966    0.000194   10.466848 ^ _23_/CLK (sky130_fd_sc_hd__dfrtp_2)
                                 -0.250000   10.216848   clock uncertainty
                                  0.000000   10.216848   clock reconvergence pessimism
                                 -0.291186    9.925662   library setup time
                                              9.925662   data required time
---------------------------------------------------------------------------------------------
                                              9.925662   data required time
                                             -3.731780   data arrival time
---------------------------------------------------------------------------------------------
                                              6.193882   slack (MET)




===========================================================================
report_checks --slack_max -0.01
============================================================================
======================= max_ss_100C_1v60 Corner ===================================

No paths found.


===========================================================================
 report_check_types -max_slew -max_cap -max_fanout -violators
============================================================================
======================= max_ss_100C_1v60 Corner ===================================



===========================================================================
report_parasitic_annotation -report_unannotated
============================================================================
Found 1 unannotated drivers.
 clkload0/X
Found 0 partially unannotated drivers.

===========================================================================
max slew violation count 0
%OL_METRIC_I design__max_slew_violation__count__corner:max_ss_100C_1v60 0
max fanout violation count 0
%OL_METRIC_I design__max_fanout_violation__count__corner:max_ss_100C_1v60 0
max cap violation count 0
%OL_METRIC_I design__max_cap_violation__count__corner:max_ss_100C_1v60 0
============================================================================

===========================================================================
check_setup -verbose -unconstrained_endpoints -multiple_clock -no_clock -no_input_delay -loops -generated_clocks
===========================================================================
Warning: There is 1 unconstrained endpoint.
  _24_/D
%OL_END_REPORT
%OL_CREATE_REPORT power.rpt

===========================================================================
 report_power
============================================================================
======================= max_ss_100C_1v60 Corner ===================================

Group                    Internal    Switching      Leakage        Total
                            Power        Power        Power        Power (Watts)
------------------------------------------------------------------------
Sequential           1.147194e-05 2.698360e-06 5.844081e-08 1.422874e-05  19.4%
Combinational        4.644429e-06 1.708284e-06 7.342092e-07 7.086922e-06   9.6%
Clock                4.469989e-05 7.403436e-06 6.360011e-08 5.216692e-05  71.0%
Macro                0.000000e+00 0.000000e+00 0.000000e+00 0.000000e+00   0.0%
Pad                  0.000000e+00 0.000000e+00 0.000000e+00 0.000000e+00   0.0%
------------------------------------------------------------------------
Total                6.081626e-05 1.181008e-05 8.562499e-07 7.348259e-05 100.0%
                            82.8%        16.1%         1.2%
%OL_METRIC_F power__internal__total 6.0816255427198485e-5
%OL_METRIC_F power__switching__total 1.1810080650320742e-5
%OL_METRIC_F power__leakage__total 8.562498692299414e-7
%OL_METRIC_F power__total 7.348258804995567e-5

%OL_END_REPORT
%OL_CREATE_REPORT skew.min.rpt

===========================================================================
Clock Skew (Hold)
============================================================================
%OL_METRIC_F clock__skew__worst_hold__corner:max_ss_100C_1v60 -0.25003758105044643
======================= max_ss_100C_1v60 Corner ===================================

Clock clk
0.466848 source latency _23_/CLK ^
-0.466886 target latency _25_/CLK ^
-0.250000 clock uncertainty
0.000000 CRPR
--------------
-0.250038 hold skew

%OL_END_REPORT
%OL_CREATE_REPORT skew.max.rpt

===========================================================================
Clock Skew (Setup)
============================================================================
%OL_METRIC_F clock__skew__worst_setup__corner:max_ss_100C_1v60 0.25210242940119343
======================= max_ss_100C_1v60 Corner ===================================

Clock clk
0.468988 source latency _24_/CLK ^
-0.466886 target latency _25_/CLK ^
0.250000 clock uncertainty
0.000000 CRPR
--------------
0.252102 setup skew

%OL_END_REPORT
%OL_CREATE_REPORT ws.min.rpt

===========================================================================
Worst Slack (Hold)
============================================================================
%OL_METRIC_F timing__hold__ws__corner:max_ss_100C_1v60 0.7768541585458476
max_ss_100C_1v60: 0.7768541585458476
%OL_END_REPORT
%OL_CREATE_REPORT ws.max.rpt

===========================================================================
Worst Slack (Setup)
============================================================================
%OL_METRIC_F timing__setup__ws__corner:max_ss_100C_1v60 6.193882027031933
max_ss_100C_1v60: 6.193882027031933
%OL_END_REPORT
%OL_CREATE_REPORT tns.min.rpt

===========================================================================
Total Negative Slack (Hold)
============================================================================
%OL_METRIC_F timing__hold__tns__corner:max_ss_100C_1v60 0.0
max_ss_100C_1v60: 0.0
%OL_END_REPORT
%OL_CREATE_REPORT tns.max.rpt

===========================================================================
Total Negative Slack (Setup)
============================================================================
%OL_METRIC_F timing__setup__tns__corner:max_ss_100C_1v60 0.0
max_ss_100C_1v60: 0.0
%OL_END_REPORT
%OL_CREATE_REPORT wns.min.rpt

===========================================================================
Worst Negative Slack (Hold)
============================================================================
%OL_METRIC_F timing__hold__wns__corner:max_ss_100C_1v60 0
max_ss_100C_1v60: 0
%OL_END_REPORT
%OL_CREATE_REPORT wns.max.rpt

===========================================================================
Worst Negative Slack (Setup)
============================================================================
%OL_METRIC_F timing__setup__wns__corner:max_ss_100C_1v60 0.0
max_ss_100C_1v60: 0.0
%OL_END_REPORT
%OL_CREATE_REPORT violator_list.rpt

===========================================================================
Violator List
============================================================================
%OL_METRIC_I timing__hold_vio__count__corner:max_ss_100C_1v60 0
%OL_METRIC_F timing__hold_r2r__ws__corner:max_ss_100C_1v60 1.026863
%OL_METRIC_I timing__hold_r2r_vio__count__corner:max_ss_100C_1v60 0
%OL_METRIC_I timing__setup_vio__count__corner:max_ss_100C_1v60 0
%OL_METRIC_F timing__setup_r2r__ws__corner:max_ss_100C_1v60 inf
%OL_METRIC_I timing__setup_r2r_vio__count__corner:max_ss_100C_1v60 0
%OL_END_REPORT
%OL_CREATE_REPORT unpropagated.rpt
%OL_END_REPORT
%OL_CREATE_REPORT clock.rpt
Clock: clk
Sources: clk 
Generated: no
Virtual: yes
Propagated: no
Period: 10.000000

===========================================================================
report_clock_properties
============================================================================
Clock                   Period          Waveform
----------------------------------------------------
clk                  10.000000    0.000000  5.000000

===========================================================================
report_clock_latency
============================================================================
Clock clk
rise -> rise
    min     max
0.000000 0.000000 source latency
0.466848         network latency _23_/CLK
        0.468988 network latency _24_/CLK
---------------
0.466848 0.468988 latency
        0.002140 skew

fall -> fall
    min     max
0.000000 0.000000 source latency
0.495153         network latency _23_/CLK
        0.496929 network latency _24_/CLK
---------------
0.495153 0.496929 latency
        0.001776 skew



===========================================================================
report_clock_min_period
============================================================================
clk period_min = 2.37 fmax = 422.12
%OL_END_REPORT
Writing SDF files for all corners…
Removing Clock latencies before writing libs…
Writing timing models for all corners…
Writing timing models for the max_ss_100C_1v60 corner to /foss/designs/pmu_design/pmu/1-librelane/runs/run_pmu_flow/52-openroad-stapostpnr/max_ss_100C_1v60/pmu__max_ss_100C_1v60.lib…
