Reading technology LEF file at '/foss/pdks/sky130A/libs.ref/sky130_fd_sc_hd/techlef/sky130_fd_sc_hd__min.tlef'…
[INFO ODB-0227] LEF file: /foss/pdks/sky130A/libs.ref/sky130_fd_sc_hd/techlef/sky130_fd_sc_hd__min.tlef, created 14 layers, 25 vias
Reading cell LEF file at '/foss/pdks/sky130A/libs.ref/sky130_fd_sc_hd/lef/sky130_ef_sc_hd.lef'…
[WARNING ODB-0220] WARNING (LEFPARS-2008): NOWIREEXTENSIONATPIN statement is obsolete in version 5.6 or later.
The NOWIREEXTENSIONATPIN statement will be ignored. See file /foss/pdks/sky130A/libs.ref/sky130_fd_sc_hd/lef/sky130_ef_sc_hd.lef at line 2.

[INFO ODB-0227] LEF file: /foss/pdks/sky130A/libs.ref/sky130_fd_sc_hd/lef/sky130_ef_sc_hd.lef, created 8 library cells
Reading cell LEF file at '/foss/pdks/sky130A/libs.ref/sky130_fd_sc_hd/lef/sky130_fd_sc_hd.lef'…
[WARNING ODB-0220] WARNING (LEFPARS-2008): NOWIREEXTENSIONATPIN statement is obsolete in version 5.6 or later.
The NOWIREEXTENSIONATPIN statement will be ignored. See file /foss/pdks/sky130A/libs.ref/sky130_fd_sc_hd/lef/sky130_fd_sc_hd.lef at line 2.

[INFO ODB-0227] LEF file: /foss/pdks/sky130A/libs.ref/sky130_fd_sc_hd/lef/sky130_fd_sc_hd.lef, created 437 library cells
[INFO ODB-0127] Reading DEF file: /foss/designs/pmu_design/pmu/1-librelane/runs/run_pmu_flow/50-odb-cellfrequencytables/pmu.def
[INFO ODB-0128] Design: pmu
[INFO ODB-0130]     Created 21 pins.
[INFO ODB-0131]     Created 257 components and 1361 component-terminals.
[INFO ODB-0132]     Created 2 special nets and 1000 connections.
[INFO ODB-0133]     Created 179 nets and 360 connections.
[INFO ODB-0134] Finished DEF file: /foss/designs/pmu_design/pmu/1-librelane/runs/run_pmu_flow/50-odb-cellfrequencytables/pmu.def
Using RCX ruleset '/foss/pdks/sky130A/libs.tech/openlane/rules.openrcx.sky130A.min.calibre'…
[INFO RCX-0431] Defined process_corner CURRENT_CORNER with ext_model_index 0
[INFO RCX-0029] Defined extraction corner CURRENT_CORNER
[INFO RCX-0435] Reading extraction model file /foss/pdks/sky130A/libs.tech/openlane/rules.openrcx.sky130A.min.calibre ...
[INFO RCX-0436] RC segment generation pmu (max_merge_res 50.0) ...
[INFO RCX-0040] Final 221 rc segments
[INFO RCX-0439] Coupling Cap extraction pmu ...
[INFO RCX-0440] Coupling threshhold is 0.1000 fF, coupling capacitance less than 0.1000 fF will be grounded.
[INFO RCX-0442] 52% of 578 wires extracted
[INFO RCX-0442] 100% of 578 wires extracted
[INFO RCX-0045] Extract 179 nets, 400 rsegs, 400 caps, 431 ccs
Setting global connections for newly added cells…
[INFO] Setting global connections...
Updating metrics…
Cell type report:                       Count       Area
  Fill cell                                81     205.20
  Tap cell                                 14      17.52
  Standard cell                           162     873.34
  Total                                   257    1096.05
Writing extracted parasitics to '/foss/designs/pmu_design/pmu/1-librelane/runs/run_pmu_flow/51-openroad-rcx/min/pmu.min.spef'…
[INFO RCX-0443] 179 nets finished
