Reading timing models for corner max_tt_025C_1v80…
Reading timing library for the 'max_tt_025C_1v80' corner at '/foss/pdks/sky130A/libs.ref/sky130_fd_sc_hd/lib/sky130_fd_sc_hd__tt_025C_1v80.lib'…
Reading timing library for the 'max_tt_025C_1v80' corner at '/foss/designs/pmu_design/rca/1-librelane/macros/pmu/lib/max_tt_025C_1v80/pmu__max_tt_025C_1v80.lib'…
Reading timing models for corner min_ss_100C_1v60…
Reading timing library for the 'min_ss_100C_1v60' corner at '/foss/pdks/sky130A/libs.ref/sky130_fd_sc_hd/lib/sky130_fd_sc_hd__ss_100C_1v60.lib'…
Reading timing library for the 'min_ss_100C_1v60' corner at '/foss/designs/pmu_design/rca/1-librelane/macros/pmu/lib/min_ss_100C_1v60/pmu__min_ss_100C_1v60.lib'…
[WARNING STA-1140] /foss/designs/pmu_design/rca/1-librelane/macros/pmu/lib/min_ss_100C_1v60/pmu__min_ss_100C_1v60.lib line 1, library pmu already exists.
Reading timing models for corner nom_tt_025C_1v80…
Reading timing library for the 'nom_tt_025C_1v80' corner at '/foss/pdks/sky130A/libs.ref/sky130_fd_sc_hd/lib/sky130_fd_sc_hd__tt_025C_1v80.lib'…
[WARNING STA-1140] /foss/pdks/sky130A/libs.ref/sky130_fd_sc_hd/lib/sky130_fd_sc_hd__tt_025C_1v80.lib line 1, library sky130_fd_sc_hd__tt_025C_1v80 already exists.
Reading timing library for the 'nom_tt_025C_1v80' corner at '/foss/designs/pmu_design/rca/1-librelane/macros/pmu/lib/nom_tt_025C_1v80/pmu__nom_tt_025C_1v80.lib'…
[WARNING STA-1140] /foss/designs/pmu_design/rca/1-librelane/macros/pmu/lib/nom_tt_025C_1v80/pmu__nom_tt_025C_1v80.lib line 1, library pmu already exists.
Reading timing models for corner max_ff_n40C_1v95…
Reading timing library for the 'max_ff_n40C_1v95' corner at '/foss/pdks/sky130A/libs.ref/sky130_fd_sc_hd/lib/sky130_fd_sc_hd__ff_n40C_1v95.lib'…
Reading timing library for the 'max_ff_n40C_1v95' corner at '/foss/designs/pmu_design/rca/1-librelane/macros/pmu/lib/max_ff_n40C_1v95/pmu__max_ff_n40C_1v95.lib'…
[WARNING STA-1140] /foss/designs/pmu_design/rca/1-librelane/macros/pmu/lib/max_ff_n40C_1v95/pmu__max_ff_n40C_1v95.lib line 1, library pmu already exists.
Reading timing models for corner nom_ff_n40C_1v95…
Reading timing library for the 'nom_ff_n40C_1v95' corner at '/foss/pdks/sky130A/libs.ref/sky130_fd_sc_hd/lib/sky130_fd_sc_hd__ff_n40C_1v95.lib'…
[WARNING STA-1140] /foss/pdks/sky130A/libs.ref/sky130_fd_sc_hd/lib/sky130_fd_sc_hd__ff_n40C_1v95.lib line 1, library sky130_fd_sc_hd__ff_n40C_1v95 already exists.
Reading timing library for the 'nom_ff_n40C_1v95' corner at '/foss/designs/pmu_design/rca/1-librelane/macros/pmu/lib/nom_ff_n40C_1v95/pmu__nom_ff_n40C_1v95.lib'…
[WARNING STA-1140] /foss/designs/pmu_design/rca/1-librelane/macros/pmu/lib/nom_ff_n40C_1v95/pmu__nom_ff_n40C_1v95.lib line 1, library pmu already exists.
Reading timing models for corner max_ss_100C_1v60…
Reading timing library for the 'max_ss_100C_1v60' corner at '/foss/pdks/sky130A/libs.ref/sky130_fd_sc_hd/lib/sky130_fd_sc_hd__ss_100C_1v60.lib'…
[WARNING STA-1140] /foss/pdks/sky130A/libs.ref/sky130_fd_sc_hd/lib/sky130_fd_sc_hd__ss_100C_1v60.lib line 1, library sky130_fd_sc_hd__ss_100C_1v60 already exists.
Reading timing library for the 'max_ss_100C_1v60' corner at '/foss/designs/pmu_design/rca/1-librelane/macros/pmu/lib/max_ss_100C_1v60/pmu__max_ss_100C_1v60.lib'…
[WARNING STA-1140] /foss/designs/pmu_design/rca/1-librelane/macros/pmu/lib/max_ss_100C_1v60/pmu__max_ss_100C_1v60.lib line 1, library pmu already exists.
Reading timing models for corner min_tt_025C_1v80…
Reading timing library for the 'min_tt_025C_1v80' corner at '/foss/pdks/sky130A/libs.ref/sky130_fd_sc_hd/lib/sky130_fd_sc_hd__tt_025C_1v80.lib'…
[WARNING STA-1140] /foss/pdks/sky130A/libs.ref/sky130_fd_sc_hd/lib/sky130_fd_sc_hd__tt_025C_1v80.lib line 1, library sky130_fd_sc_hd__tt_025C_1v80 already exists.
Reading timing library for the 'min_tt_025C_1v80' corner at '/foss/designs/pmu_design/rca/1-librelane/macros/pmu/lib/min_tt_025C_1v80/pmu__min_tt_025C_1v80.lib'…
[WARNING STA-1140] /foss/designs/pmu_design/rca/1-librelane/macros/pmu/lib/min_tt_025C_1v80/pmu__min_tt_025C_1v80.lib line 1, library pmu already exists.
Reading timing models for corner nom_ss_100C_1v60…
Reading timing library for the 'nom_ss_100C_1v60' corner at '/foss/pdks/sky130A/libs.ref/sky130_fd_sc_hd/lib/sky130_fd_sc_hd__ss_100C_1v60.lib'…
[WARNING STA-1140] /foss/pdks/sky130A/libs.ref/sky130_fd_sc_hd/lib/sky130_fd_sc_hd__ss_100C_1v60.lib line 1, library sky130_fd_sc_hd__ss_100C_1v60 already exists.
Reading timing library for the 'nom_ss_100C_1v60' corner at '/foss/designs/pmu_design/rca/1-librelane/macros/pmu/lib/nom_ss_100C_1v60/pmu__nom_ss_100C_1v60.lib'…
[WARNING STA-1140] /foss/designs/pmu_design/rca/1-librelane/macros/pmu/lib/nom_ss_100C_1v60/pmu__nom_ss_100C_1v60.lib line 1, library pmu already exists.
Reading timing models for corner min_ff_n40C_1v95…
Reading timing library for the 'min_ff_n40C_1v95' corner at '/foss/pdks/sky130A/libs.ref/sky130_fd_sc_hd/lib/sky130_fd_sc_hd__ff_n40C_1v95.lib'…
[WARNING STA-1140] /foss/pdks/sky130A/libs.ref/sky130_fd_sc_hd/lib/sky130_fd_sc_hd__ff_n40C_1v95.lib line 1, library sky130_fd_sc_hd__ff_n40C_1v95 already exists.
Reading timing library for the 'min_ff_n40C_1v95' corner at '/foss/designs/pmu_design/rca/1-librelane/macros/pmu/lib/min_ff_n40C_1v95/pmu__min_ff_n40C_1v95.lib'…
[WARNING STA-1140] /foss/designs/pmu_design/rca/1-librelane/macros/pmu/lib/min_ff_n40C_1v95/pmu__min_ff_n40C_1v95.lib line 1, library pmu already exists.
Reading OpenROAD database at '/foss/designs/pmu_design/rca/1-librelane/runs/run_rca_flow/114-openroad-globalplacement/rca.odb'…
Reading design constraints file at '/foss/designs/pmu_design/rca/1-librelane/rca.sdc'…
[INFO] Using clock clk…
[INFO] Setting output delay to: 3
[INFO] Setting input delay to: 3
[INFO] Setting load to: 0.033442
[INFO] Setting clock uncertainty to: 0.25
[INFO] Setting clock transition to: 0.1499999999999999944488848768742172978818416595458984375
[INFO] Setting timing derate to: 5%
[INFO] Applying custom path constraint for delay chain (so that slack/hold violations are not considered)
[INFO] Setting RC values…
[INFO RSZ-0027] Inserted 37 input buffers.
[INFO RSZ-0028] Inserted 18 output buffers.
[INFO RSZ-0058] Using max wire length 6335um.
Iteration | Resized | Buffers | Nets repaired | Remaining
---------------------------------------------------------
        0 |       0 |       0 |             0 |       298
       10 |       8 |       0 |             0 |       288
       20 |      18 |       0 |             0 |       278
       30 |      28 |       0 |             0 |       268
       40 |      38 |       0 |             0 |       258
       50 |      48 |       0 |             0 |       248
       60 |      58 |       0 |             0 |       238
       70 |      68 |       0 |             0 |       228
       80 |      78 |       0 |             0 |       218
       90 |      88 |       0 |             0 |       208
      100 |      97 |       0 |             0 |       198
      110 |     107 |       0 |             0 |       188
      120 |     117 |       0 |             0 |       178
      130 |     127 |       0 |             0 |       168
      140 |     137 |       0 |             0 |       158
      150 |     147 |       0 |             0 |       148
      160 |     147 |       0 |             0 |       138
      170 |     147 |       0 |             0 |       128
      180 |     147 |       0 |             0 |       118
      190 |     147 |       0 |             0 |       108
      200 |     147 |       0 |             0 |        98
      210 |     160 |       7 |             1 |        88
      220 |     168 |       7 |             1 |        78
      230 |     175 |       7 |             1 |        68
      240 |     182 |       7 |             1 |        58
      250 |     182 |       7 |             1 |        48
      260 |     182 |       7 |             1 |        38
      270 |     182 |       7 |             1 |        28
      280 |     182 |       7 |             1 |        18
      290 |     182 |       7 |             1 |         8
    final |     182 |       7 |             1 |         0
---------------------------------------------------------
[INFO RSZ-0035] Found 1 fanout violations.
[INFO RSZ-0038] Inserted 7 buffers in 1 nets.
[INFO RSZ-0039] Resized 182 instances.
[INFO RSZ-0042] Inserted 12 tie sky130_fd_sc_hd__conb_1 instances.
Placement Analysis
---------------------------------
total displacement        734.3 u
average displacement        0.9 u
max displacement           16.9 u
original HPWL            7378.9 u
legalized HPWL           7924.8 u
delta HPWL                    7 %

[INFO DPL-0020] Mirrored 84 instances
[INFO DPL-0021] HPWL before            7924.8 u
[INFO DPL-0022] HPWL after             7861.4 u
[INFO DPL-0023] HPWL delta               -0.8 %
[INFO] Setting RC values…
Setting global connections for newly added cells…
[INFO] Setting global connections...
Updating metrics…
Cell type report:                       Count       Area
  Macro                                     1    2472.27
  Fill cell                               172     645.62
  Tap cell                                410     512.99
  Timing Repair Buffer                     62     286.52
  Inverter                                 50     187.68
  Sequential cell                          50    1251.20
  Multi-Input combinational cell           92     575.55
  Total                                   837    5931.84
Writing OpenROAD database to '/foss/designs/pmu_design/rca/1-librelane/runs/run_rca_flow/118-openroad-repairdesignpostgpl/rca.odb'…
Writing netlist to '/foss/designs/pmu_design/rca/1-librelane/runs/run_rca_flow/118-openroad-repairdesignpostgpl/rca.nl.v'…
Writing powered netlist to '/foss/designs/pmu_design/rca/1-librelane/runs/run_rca_flow/118-openroad-repairdesignpostgpl/rca.pnl.v'…
Writing layout to '/foss/designs/pmu_design/rca/1-librelane/runs/run_rca_flow/118-openroad-repairdesignpostgpl/rca.def'…
Writing timing constraints to '/foss/designs/pmu_design/rca/1-librelane/runs/run_rca_flow/118-openroad-repairdesignpostgpl/rca.sdc'…
