
 /----------------------------------------------------------------------------\
 |  yosys -- Yosys Open SYnthesis Suite                                       |
 |  Copyright (C) 2012 - 2025  Claire Xenia Wolf <claire@yosyshq.com>         |
 |  Distributed under an ISC-like license, type "license" to see terms        |
 \----------------------------------------------------------------------------/
 Yosys 0.60 (git sha1 5bafeb77d, g++ 13.3.0-6ubuntu2~24.04 -fPIC -O3)

1. Executing Liberty frontend: /foss/pdks/sky130A/libs.ref/sky130_fd_sc_hd/lib/sky130_fd_sc_hd__tt_025C_1v80.lib
Imported 428 cell types from liberty file.
[INFO] Using SDC file '/foss/designs/pmu_design/pmu/1-librelane/runs/run_pmu_flow/06-yosys-synthesis/synthesis.abc.sdc' for ABC…

2. Executing Verilog-2005 frontend: /foss/designs/pmu_design/pmu/1-librelane/delay_chain.v
Parsing SystemVerilog input from `/foss/designs/pmu_design/pmu/1-librelane/delay_chain.v' to AST representation.
verilog frontend filename /foss/designs/pmu_design/pmu/1-librelane/delay_chain.v
Storing AST representation for module `$abstract\delay_chain'.
Storing AST representation for module `$abstract\buf20_2'.
Storing AST representation for module `$abstract\buf20_1'.
Successfully finished Verilog frontend.

3. Executing Verilog-2005 frontend: /foss/designs/pmu_design/pmu/1-librelane/pmu.v
Parsing SystemVerilog input from `/foss/designs/pmu_design/pmu/1-librelane/pmu.v' to AST representation.
verilog frontend filename /foss/designs/pmu_design/pmu/1-librelane/pmu.v
Storing AST representation for module `$abstract\pmu'.
Successfully finished Verilog frontend.

4. Executing HIERARCHY pass (managing design hierarchy).

5. Executing AST frontend in derive mode using pre-parsed AST for module `\pmu'.
Generating RTLIL representation for module `\pmu'.

5.1. Analyzing design hierarchy..
Top module:  \pmu

5.2. Executing AST frontend in derive mode using pre-parsed AST for module `\delay_chain'.
Generating RTLIL representation for module `\delay_chain'.

5.3. Analyzing design hierarchy..
Top module:  \pmu
Used module:     \delay_chain

5.4. Executing AST frontend in derive mode using pre-parsed AST for module `\buf20_1'.
Generating RTLIL representation for module `\buf20_1'.

5.5. Executing AST frontend in derive mode using pre-parsed AST for module `\buf20_2'.
Generating RTLIL representation for module `\buf20_2'.

5.6. Analyzing design hierarchy..
Top module:  \pmu
Used module:     \delay_chain
Used module:         \buf20_1
Used module:         \buf20_2

5.7. Analyzing design hierarchy..
Top module:  \pmu
Used module:     \delay_chain
Used module:         \buf20_1
Used module:         \buf20_2
Removing unused module `$abstract\pmu'.
Removing unused module `$abstract\buf20_1'.
Removing unused module `$abstract\buf20_2'.
Removing unused module `$abstract\delay_chain'.
Removed 4 unused modules.
Renaming module pmu to pmu.

6. Generating Graphviz representation of design.
Writing dot description to `/foss/designs/pmu_design/pmu/1-librelane/runs/run_pmu_flow/06-yosys-synthesis/hierarchy.dot'.
Dumping module pmu to page 1.

7. Executing TRIBUF pass.

8. Executing HIERARCHY pass (managing design hierarchy).

8.1. Analyzing design hierarchy..
Top module:  \pmu
Used module:     \delay_chain
Used module:         \buf20_1
Used module:         \buf20_2

8.2. Analyzing design hierarchy..
Top module:  \pmu
Used module:     \delay_chain
Used module:         \buf20_1
Used module:         \buf20_2
Removed 0 unused modules.

9. Executing PROC_CLEAN pass (remove empty switches from decision trees).
Cleaned up 0 empty switches.

10. Executing PROC_RMDEAD pass (remove dead branches from decision trees).
Marked 1 switch rules as full_case in process $proc$/foss/designs/pmu_design/pmu/1-librelane/pmu.v:36$3 in module pmu.
Removed a total of 0 dead cases.

11. Executing PROC_PRUNE pass (remove redundant assignments in processes).
Removed 3 redundant assignments.
Promoted 0 assignments to connections.

12. Executing PROC_INIT pass (extract init attributes).

13. Executing PROC_ARST pass (detect async resets in processes).
Found async reset \rst in `\pmu.$proc$/foss/designs/pmu_design/pmu/1-librelane/pmu.v:36$3'.

14. Executing PROC_ROM pass (convert switches to ROMs).
Converted 0 switches.

15. Executing PROC_MUX pass (convert decision trees to multiplexers).
Creating decoders for process `\pmu.$proc$/foss/designs/pmu_design/pmu/1-librelane/pmu.v:36$3'.
     1/3: $0\monitor_q[0:0]
     2/3: $0\capture_q[0:0]
     3/3: $0\shadow_q[0:0]

16. Executing PROC_DLATCH pass (convert process syncs to latches).

17. Executing PROC_DFF pass (convert process syncs to FFs).
Creating register for signal `\pmu.\shadow_q' using process `\pmu.$proc$/foss/designs/pmu_design/pmu/1-librelane/pmu.v:36$3'.
  created $adff cell `$procdff$7' with positive edge clock and positive level reset.
Creating register for signal `\pmu.\capture_q' using process `\pmu.$proc$/foss/designs/pmu_design/pmu/1-librelane/pmu.v:36$3'.
  created $adff cell `$procdff$10' with positive edge clock and positive level reset.
Creating register for signal `\pmu.\monitor_q' using process `\pmu.$proc$/foss/designs/pmu_design/pmu/1-librelane/pmu.v:36$3'.
  created $adff cell `$procdff$13' with positive edge clock and positive level reset.

18. Executing PROC_MEMWR pass (convert process memory writes to cells).

19. Executing PROC_CLEAN pass (remove empty switches from decision trees).
Removing empty process `pmu.$proc$/foss/designs/pmu_design/pmu/1-librelane/pmu.v:36$3'.
Cleaned up 0 empty switches.

20. Executing CHECK pass (checking for obvious problems).
Checking module pmu...
Checking module buf20_1...
Checking module delay_chain...
Checking module buf20_2...
Found and reported 0 problems.

21. Executing OPT_EXPR pass (perform const folding).
Optimizing module pmu.
<suppressed ~3 debug messages>
Optimizing module buf20_1.
Optimizing module delay_chain.
Optimizing module buf20_2.

22. Executing FLATTEN pass (flatten design).
Deleting now unused module buf20_1.
Deleting now unused module delay_chain.
Deleting now unused module buf20_2.
<suppressed ~8 debug messages>

23. Executing OPT_EXPR pass (perform const folding).
Optimizing module pmu.

24. Executing OPT_CLEAN pass (remove unused cells and wires).
Finding unused cells or wires in module \pmu..
Removed 0 unused cells and 8 unused wires.
<suppressed ~1 debug messages>

25. Executing OPT_EXPR pass (perform const folding).
Optimizing module pmu.

26. Executing OPT_MERGE pass (detect identical cells).
Finding identical cells in module `\pmu'.
Removed a total of 0 cells.

27. Executing OPT_MUXTREE pass (detect dead branches in mux trees).
Running muxtree optimizer on module \pmu..
  Creating internal representation of mux trees.
  Evaluating internal representation of mux trees.
  Analyzing evaluation results.
Removed 0 multiplexer ports.
<suppressed ~2 debug messages>

28. Executing OPT_REDUCE pass (consolidate $*mux and $reduce_* inputs).
  Optimizing cells in module \pmu.
Performed a total of 0 changes.

29. Executing OPT_MERGE pass (detect identical cells).
Finding identical cells in module `\pmu'.
Removed a total of 0 cells.

30. Executing OPT_DFF pass (perform DFF optimizations).

31. Executing OPT_CLEAN pass (remove unused cells and wires).
Finding unused cells or wires in module \pmu..

32. Executing OPT_EXPR pass (perform const folding).
Optimizing module pmu.

33. Executing FSM pass (extract and optimize FSM).

33.1. Executing FSM_DETECT pass (finding FSMs in design).

33.2. Executing FSM_EXTRACT pass (extracting FSM from design).

33.3. Executing FSM_OPT pass (simple optimizations of FSMs).

33.4. Executing OPT_CLEAN pass (remove unused cells and wires).
Finding unused cells or wires in module \pmu..

33.5. Executing FSM_OPT pass (simple optimizations of FSMs).

33.6. Executing FSM_RECODE pass (re-assigning FSM state encoding).

33.7. Executing FSM_INFO pass (dumping all available information on FSM cells).

33.8. Executing FSM_MAP pass (mapping FSMs to basic logic).

34. Executing OPT_EXPR pass (perform const folding).
Optimizing module pmu.

35. Executing OPT_MERGE pass (detect identical cells).
Finding identical cells in module `\pmu'.
Removed a total of 0 cells.

36. Executing OPT_MUXTREE pass (detect dead branches in mux trees).
Running muxtree optimizer on module \pmu..
  Creating internal representation of mux trees.
  Evaluating internal representation of mux trees.
  Analyzing evaluation results.
Removed 0 multiplexer ports.
<suppressed ~2 debug messages>

37. Executing OPT_REDUCE pass (consolidate $*mux and $reduce_* inputs).
  Optimizing cells in module \pmu.
Performed a total of 0 changes.

38. Executing OPT_MERGE pass (detect identical cells).
Finding identical cells in module `\pmu'.
Removed a total of 0 cells.

39. Executing OPT_DFF pass (perform DFF optimizations).

40. Executing OPT_CLEAN pass (remove unused cells and wires).
Finding unused cells or wires in module \pmu..

41. Executing OPT_EXPR pass (perform const folding).
Optimizing module pmu.

42. Executing WREDUCE pass (reducing word size of cells).

43. Executing PEEPOPT pass (run peephole optimizers).

44. Executing OPT_CLEAN pass (remove unused cells and wires).
Finding unused cells or wires in module \pmu..

45. Executing ALUMACC pass (create $alu and $macc cells).
Extracting $alu and $macc cells in module pmu:
  created 0 $alu and 0 $macc cells.

46. Executing SHARE pass (SAT-based resource sharing).

47. Executing OPT_EXPR pass (perform const folding).
Optimizing module pmu.

48. Executing OPT_MERGE pass (detect identical cells).
Finding identical cells in module `\pmu'.
Removed a total of 0 cells.

49. Executing OPT_MUXTREE pass (detect dead branches in mux trees).
Running muxtree optimizer on module \pmu..
  Creating internal representation of mux trees.
  Evaluating internal representation of mux trees.
  Analyzing evaluation results.
Removed 0 multiplexer ports.
<suppressed ~2 debug messages>

50. Executing OPT_REDUCE pass (consolidate $*mux and $reduce_* inputs).
  Optimizing cells in module \pmu.
Performed a total of 0 changes.

51. Executing OPT_MERGE pass (detect identical cells).
Finding identical cells in module `\pmu'.
Removed a total of 0 cells.

52. Executing OPT_DFF pass (perform DFF optimizations).

53. Executing OPT_CLEAN pass (remove unused cells and wires).
Finding unused cells or wires in module \pmu..

54. Executing OPT_EXPR pass (perform const folding).
Optimizing module pmu.

55. Executing MEMORY pass.

55.1. Executing OPT_MEM pass (optimize memories).
Performed a total of 0 transformations.

55.2. Executing OPT_MEM_PRIORITY pass (removing unnecessary memory write priority relations).
Performed a total of 0 transformations.

55.3. Executing OPT_MEM_FEEDBACK pass (finding memory read-to-write feedback paths).

55.4. Executing MEMORY_BMUX2ROM pass (converting muxes to ROMs).

55.5. Executing MEMORY_DFF pass (merging $dff cells to $memrd).

55.6. Executing OPT_CLEAN pass (remove unused cells and wires).
Finding unused cells or wires in module \pmu..

55.7. Executing MEMORY_SHARE pass (consolidating $memrd/$memwr cells).

55.8. Executing OPT_MEM_WIDEN pass (optimize memories where all ports are wide).
Performed a total of 0 transformations.

55.9. Executing OPT_CLEAN pass (remove unused cells and wires).
Finding unused cells or wires in module \pmu..

55.10. Executing MEMORY_COLLECT pass (generating $mem cells).

56. Executing OPT_CLEAN pass (remove unused cells and wires).
Finding unused cells or wires in module \pmu..

57. Executing OPT_EXPR pass (perform const folding).
Optimizing module pmu.

58. Executing OPT_MERGE pass (detect identical cells).
Finding identical cells in module `\pmu'.
Removed a total of 0 cells.

59. Executing OPT_DFF pass (perform DFF optimizations).

60. Executing OPT_CLEAN pass (remove unused cells and wires).
Finding unused cells or wires in module \pmu..

61. Executing MEMORY_MAP pass (converting memories to logic and flip-flops).

62. Executing OPT_EXPR pass (perform const folding).
Optimizing module pmu.

63. Executing OPT_MERGE pass (detect identical cells).
Finding identical cells in module `\pmu'.
Removed a total of 0 cells.

64. Executing OPT_MUXTREE pass (detect dead branches in mux trees).
Running muxtree optimizer on module \pmu..
  Creating internal representation of mux trees.
  Evaluating internal representation of mux trees.
  Analyzing evaluation results.
Removed 0 multiplexer ports.
<suppressed ~2 debug messages>

65. Executing OPT_REDUCE pass (consolidate $*mux and $reduce_* inputs).
  Optimizing cells in module \pmu.
Performed a total of 0 changes.

66. Executing OPT_MERGE pass (detect identical cells).
Finding identical cells in module `\pmu'.
Removed a total of 0 cells.

67. Executing OPT_SHARE pass.

68. Executing OPT_DFF pass (perform DFF optimizations).

69. Executing OPT_CLEAN pass (remove unused cells and wires).
Finding unused cells or wires in module \pmu..

70. Executing OPT_EXPR pass (perform const folding).
Optimizing module pmu.

71. Executing TECHMAP pass (map to technology primitives).

71.1. Executing Verilog-2005 frontend: /foss/tools/yosys/bin/../share/yosys/techmap.v
Parsing Verilog input from `/foss/tools/yosys/bin/../share/yosys/techmap.v' to AST representation.
verilog frontend filename /foss/tools/yosys/bin/../share/yosys/techmap.v
Generating RTLIL representation for module `\_90_simplemap_bool_ops'.
Generating RTLIL representation for module `\_90_simplemap_reduce_ops'.
Generating RTLIL representation for module `\_90_simplemap_logic_ops'.
Generating RTLIL representation for module `\_90_simplemap_compare_ops'.
Generating RTLIL representation for module `\_90_simplemap_various'.
Generating RTLIL representation for module `\_90_simplemap_registers'.
Generating RTLIL representation for module `\_90_shift_ops_shr_shl_sshl_sshr'.
Generating RTLIL representation for module `\_90_shift_shiftx'.
Generating RTLIL representation for module `\_90_fa'.
Generating RTLIL representation for module `\_90_lcu_brent_kung'.
Generating RTLIL representation for module `\_90_alu'.
Generating RTLIL representation for module `\_90_macc'.
Generating RTLIL representation for module `\_90_alumacc'.
Generating RTLIL representation for module `\$__div_mod_u'.
Generating RTLIL representation for module `\$__div_mod_trunc'.
Generating RTLIL representation for module `\_90_div'.
Generating RTLIL representation for module `\_90_mod'.
Generating RTLIL representation for module `\$__div_mod_floor'.
Generating RTLIL representation for module `\_90_divfloor'.
Generating RTLIL representation for module `\_90_modfloor'.
Generating RTLIL representation for module `\_90_pow'.
Generating RTLIL representation for module `\_90_pmux'.
Generating RTLIL representation for module `\_90_demux'.
Generating RTLIL representation for module `\_90_lut'.
Generating RTLIL representation for module `\$connect'.
Generating RTLIL representation for module `\$input_port'.
Successfully finished Verilog frontend.

71.2. Continuing TECHMAP pass.
Using template $paramod$constmap:ee5af906ae0d3d414c6a0471604c553ef70c8e09$paramod$92adee9538f2381d8e5006822c900eb986d754e8\_90_shift_shiftx for cells of type $shiftx.
Using extmapper simplemap for cells of type $xor.
Using extmapper simplemap for cells of type $mux.
Using extmapper simplemap for cells of type $adff.
No more expansions possible.
<suppressed ~254 debug messages>

72. Executing OPT_EXPR pass (perform const folding).
Optimizing module pmu.

73. Executing OPT_MERGE pass (detect identical cells).
Finding identical cells in module `\pmu'.
Removed a total of 0 cells.

74. Executing OPT_DFF pass (perform DFF optimizations).

75. Executing OPT_CLEAN pass (remove unused cells and wires).
Finding unused cells or wires in module \pmu..
Removed 17 unused cells and 6 unused wires.
<suppressed ~18 debug messages>

76. Executing OPT_EXPR pass (perform const folding).
Optimizing module pmu.

77. Executing OPT_MERGE pass (detect identical cells).
Finding identical cells in module `\pmu'.
Removed a total of 0 cells.

78. Executing OPT_DFF pass (perform DFF optimizations).

79. Executing OPT_CLEAN pass (remove unused cells and wires).
Finding unused cells or wires in module \pmu..

80. Executing ABC pass (technology mapping using ABC).

80.1. Extracting gate netlist of module `\pmu' to `<abc-temp-dir>/input.blif'..

80.1.1. Executed ABC.
Extracted 9 gates and 24 wires to a netlist network with 15 inputs and 2 outputs.
Running ABC script: <abc-temp-dir>/abc.script
ABC: UC Berkeley, ABC 1.01 (compiled Dec 21 2025 19:49:10)
ABC: abc 01> empty
ABC: abc 01> source <abc-temp-dir>/abc.script
ABC: + read_blif <abc-temp-dir>/input.blif 
ABC: + read_library /tmp/yosys-abc-jRpATM/stdcells.genlib 
ABC: + strash 
ABC: + dretime 
ABC: + map 
ABC: + write_blif <abc-temp-dir>/output.blif 
ABC: 

80.1.2. Re-integrating ABC results.
ABC RESULTS:               MUX cells:        8
ABC RESULTS:               NOT cells:        1
ABC RESULTS:               XOR cells:        1
ABC RESULTS:        internal signals:        7
ABC RESULTS:           input signals:       15
ABC RESULTS:          output signals:        2
Removing temp directory.
Removing global temp directory.

81. Executing OPT pass (performing simple optimizations).

81.1. Executing OPT_EXPR pass (perform const folding).
Optimizing module pmu.
<suppressed ~2 debug messages>

81.2. Executing OPT_MERGE pass (detect identical cells).
Finding identical cells in module `\pmu'.
Removed a total of 0 cells.

81.3. Executing OPT_DFF pass (perform DFF optimizations).

81.4. Executing OPT_CLEAN pass (remove unused cells and wires).
Finding unused cells or wires in module \pmu..
Removed 1 unused cells and 21 unused wires.
<suppressed ~3 debug messages>

81.5. Finished fast OPT passes.

82. Executing HIERARCHY pass (managing design hierarchy).

82.1. Analyzing design hierarchy..
Top module:  \pmu

82.2. Analyzing design hierarchy..
Top module:  \pmu
Removed 0 unused modules.

83. Executing CHECK pass (checking for obvious problems).
Checking module pmu...
Found and reported 0 problems.

84. Printing statistics.

=== pmu ===

        +----------Local Count, excluding submodules.
        | 
      180 wires
      193 wire bits
      172 public wires
      185 public wire bits
        8 ports
       19 port bits
      163 cells
        3   $_DFF_PP0_
        8   $_MUX_
        1   $_XOR_
        8   $scopeinfo
      134   sky130_fd_sc_hd__buf_1
        6   sky130_fd_sc_hd__buf_2
        1   sky130_fd_sc_hd__mux2_1
        2   sky130_fd_sc_hd__mux4_1

85. Generating Graphviz representation of design.
Writing dot description to `/foss/designs/pmu_design/pmu/1-librelane/runs/run_pmu_flow/06-yosys-synthesis/primitive_techmap.dot'.
Dumping module pmu to page 1.

86. Executing OPT pass (performing simple optimizations).

86.1. Executing OPT_EXPR pass (perform const folding).
Optimizing module pmu.

86.2. Executing OPT_MERGE pass (detect identical cells).
Finding identical cells in module `\pmu'.
Removed a total of 0 cells.

86.3. Executing OPT_MUXTREE pass (detect dead branches in mux trees).
Running muxtree optimizer on module \pmu..
  Creating internal representation of mux trees.
  No muxes found in this module.
Removed 0 multiplexer ports.

86.4. Executing OPT_REDUCE pass (consolidate $*mux and $reduce_* inputs).
  Optimizing cells in module \pmu.
Performed a total of 0 changes.

86.5. Executing OPT_MERGE pass (detect identical cells).
Finding identical cells in module `\pmu'.
Removed a total of 0 cells.

86.6. Executing OPT_DFF pass (perform DFF optimizations).

86.7. Executing OPT_CLEAN pass (remove unused cells and wires).
Finding unused cells or wires in module \pmu..

86.8. Executing OPT_EXPR pass (perform const folding).
Optimizing module pmu.

86.9. Finished fast OPT passes. (There is nothing left to do.)

87. Executing OPT_CLEAN pass (remove unused cells and wires).
Finding unused cells or wires in module \pmu..
Removed 8 unused cells and 18 unused wires.
<suppressed ~26 debug messages>
{
   "creator": "Yosys 0.60 (git sha1 5bafeb77d, g++ 13.3.0-6ubuntu2~24.04 -fPIC -O3)",
   "invocation": "stat -json -liberty /foss/designs/pmu_design/pmu/1-librelane/runs/run_pmu_flow/tmp/0b0257a23dfc44d49c305e47b780e72e.lib ",
   "modules": {
      "\\pmu": {
         "num_wires":         162,
         "num_wire_bits":     173,
         "num_pub_wires":     154,
         "num_pub_wire_bits": 165,
         "num_ports":         8,
         "num_port_bits":     19,
         "num_memories":      0,
         "num_memory_bits":   0,
         "num_processes":     0,
         "num_cells":         155,
         "num_submodules":       0,
         "area":              596.822400,
         "sequential_area":    0.000000,
         "num_cells_by_type": {
            "$_DFF_PP0_": 3,
            "$_MUX_": 8,
            "$_XOR_": 1,
            "sky130_fd_sc_hd__buf_1": 134,
            "sky130_fd_sc_hd__buf_2": 6,
            "sky130_fd_sc_hd__mux2_1": 1,
            "sky130_fd_sc_hd__mux4_1": 2
         }
      }
   },
      "design": {
         "num_wires":         162,
         "num_wire_bits":     173,
         "num_pub_wires":     154,
         "num_pub_wire_bits": 165,
         "num_ports":         8,
         "num_port_bits":     19,
         "num_memories":      0,
         "num_memory_bits":   0,
         "num_processes":     0,
         "num_cells":         155,
         "num_submodules":       0,
         "area":              596.822400,
         "sequential_area":    0.000000,
         "num_cells_by_type": {
            "$_DFF_PP0_": 3,
            "$_MUX_": 8,
            "$_XOR_": 1,
            "sky130_fd_sc_hd__buf_1": 134,
            "sky130_fd_sc_hd__buf_2": 6,
            "sky130_fd_sc_hd__mux2_1": 1,
            "sky130_fd_sc_hd__mux4_1": 2
         }
      }
}

88. Printing statistics.

=== pmu ===

        +----------Local Count, excluding submodules.
        |        +-Local Area, excluding submodules.
        |        | 
      162        - wires
      173        - wire bits
      154        - public wires
      165        - public wire bits
        8        - ports
       19        - port bits
      155  596.822 cells
        3        -   $_DFF_PP0_
        8        -   $_MUX_
        1        -   $_XOR_
      134  502.982   sky130_fd_sc_hd__buf_1
        6   30.029   sky130_fd_sc_hd__buf_2
        1   11.261   sky130_fd_sc_hd__mux2_1
        2    52.55   sky130_fd_sc_hd__mux4_1

   Area for cell type $_DFF_PP0_ is unknown!
   Area for cell type $_MUX_ is unknown!
   Area for cell type $_XOR_ is unknown!

   Chip area for module '\pmu': 596.822400
     of which used for sequential elements: 0.000000 (0.00%)

[INFO] Applying tri-state buffer mapping from '/foss/pdks/sky130A/libs.tech/openlane/sky130_fd_sc_hd/tribuff_map.v'…

89. Executing TECHMAP pass (map to technology primitives).

89.1. Executing Verilog-2005 frontend: /foss/pdks/sky130A/libs.tech/openlane/sky130_fd_sc_hd/tribuff_map.v
Parsing Verilog input from `/foss/pdks/sky130A/libs.tech/openlane/sky130_fd_sc_hd/tribuff_map.v' to AST representation.
verilog frontend filename /foss/pdks/sky130A/libs.tech/openlane/sky130_fd_sc_hd/tribuff_map.v
Generating RTLIL representation for module `\$_TBUF_'.
Successfully finished Verilog frontend.

89.2. Continuing TECHMAP pass.
No more expansions possible.
<suppressed ~3 debug messages>

90. Executing SIMPLEMAP pass (map simple cells to gate primitives).
[INFO] Applying latch mapping from '/foss/pdks/sky130A/libs.tech/openlane/sky130_fd_sc_hd/latch_map.v'…

91. Executing TECHMAP pass (map to technology primitives).

91.1. Executing Verilog-2005 frontend: /foss/pdks/sky130A/libs.tech/openlane/sky130_fd_sc_hd/latch_map.v
Parsing Verilog input from `/foss/pdks/sky130A/libs.tech/openlane/sky130_fd_sc_hd/latch_map.v' to AST representation.
verilog frontend filename /foss/pdks/sky130A/libs.tech/openlane/sky130_fd_sc_hd/latch_map.v
Generating RTLIL representation for module `\$_DLATCH_P_'.
Generating RTLIL representation for module `\$_DLATCH_N_'.
Successfully finished Verilog frontend.

91.2. Continuing TECHMAP pass.
No more expansions possible.
<suppressed ~4 debug messages>

92. Executing SIMPLEMAP pass (map simple cells to gate primitives).

93. Executing DFFLIBMAP pass (mapping DFF cells to sequential cells from liberty file).
  cell sky130_fd_sc_hd__dfxtp_2 (noninv, pins=3, area=21.27) is a direct match for cell type $_DFF_P_.
  cell sky130_fd_sc_hd__dfrtp_2 (noninv, pins=4, area=26.28) is a direct match for cell type $_DFF_PN0_.
  cell sky130_fd_sc_hd__dfstp_2 (noninv, pins=4, area=26.28) is a direct match for cell type $_DFF_PN1_.
  cell sky130_fd_sc_hd__dfbbn_2 (noninv, pins=6, area=35.03) is a direct match for cell type $_DFFSR_NNN_.
  final dff cell mappings:
    unmapped dff cell: $_DFF_N_
    \sky130_fd_sc_hd__dfxtp_2 _DFF_P_ (.CLK( C), .D( D), .Q( Q));
    unmapped dff cell: $_DFF_NN0_
    unmapped dff cell: $_DFF_NN1_
    unmapped dff cell: $_DFF_NP0_
    unmapped dff cell: $_DFF_NP1_
    \sky130_fd_sc_hd__dfrtp_2 _DFF_PN0_ (.CLK( C), .D( D), .Q( Q), .RESET_B( R));
    \sky130_fd_sc_hd__dfstp_2 _DFF_PN1_ (.CLK( C), .D( D), .Q( Q), .SET_B( R));
    unmapped dff cell: $_DFF_PP0_
    unmapped dff cell: $_DFF_PP1_
    unmapped dff cell: $_DFFE_NN_
    unmapped dff cell: $_DFFE_NP_
    unmapped dff cell: $_DFFE_PN_
    unmapped dff cell: $_DFFE_PP_
    \sky130_fd_sc_hd__dfbbn_2 _DFFSR_NNN_ (.CLK_N( C), .D( D), .Q( Q), .Q_N(~Q), .RESET_B( R), .SET_B( S));
    unmapped dff cell: $_DFFSR_NNP_
    unmapped dff cell: $_DFFSR_NPN_
    unmapped dff cell: $_DFFSR_NPP_
    unmapped dff cell: $_DFFSR_PNN_
    unmapped dff cell: $_DFFSR_PNP_
    unmapped dff cell: $_DFFSR_PPN_
    unmapped dff cell: $_DFFSR_PPP_

93.1. Executing DFFLEGALIZE pass (convert FFs to types supported by the target).
Mapping DFF cells in module `\pmu':
  mapped 3 $_DFF_PN0_ cells to \sky130_fd_sc_hd__dfrtp_2 cells.
{
   "creator": "Yosys 0.60 (git sha1 5bafeb77d, g++ 13.3.0-6ubuntu2~24.04 -fPIC -O3)",
   "invocation": "stat -json -liberty /foss/designs/pmu_design/pmu/1-librelane/runs/run_pmu_flow/tmp/0b0257a23dfc44d49c305e47b780e72e.lib ",
   "modules": {
      "\\pmu": {
         "num_wires":         165,
         "num_wire_bits":     176,
         "num_pub_wires":     154,
         "num_pub_wire_bits": 165,
         "num_ports":         8,
         "num_port_bits":     19,
         "num_memories":      0,
         "num_memory_bits":   0,
         "num_processes":     0,
         "num_cells":         158,
         "num_submodules":       0,
         "area":              675.648000,
         "sequential_area":    78.825600,
         "num_cells_by_type": {
            "$_MUX_": 8,
            "$_NOT_": 3,
            "$_XOR_": 1,
            "sky130_fd_sc_hd__buf_1": 134,
            "sky130_fd_sc_hd__buf_2": 6,
            "sky130_fd_sc_hd__dfrtp_2": 3,
            "sky130_fd_sc_hd__mux2_1": 1,
            "sky130_fd_sc_hd__mux4_1": 2
         }
      }
   },
      "design": {
         "num_wires":         165,
         "num_wire_bits":     176,
         "num_pub_wires":     154,
         "num_pub_wire_bits": 165,
         "num_ports":         8,
         "num_port_bits":     19,
         "num_memories":      0,
         "num_memory_bits":   0,
         "num_processes":     0,
         "num_cells":         158,
         "num_submodules":       0,
         "area":              675.648000,
         "sequential_area":    78.825600,
         "num_cells_by_type": {
            "$_MUX_": 8,
            "$_NOT_": 3,
            "$_XOR_": 1,
            "sky130_fd_sc_hd__buf_1": 134,
            "sky130_fd_sc_hd__buf_2": 6,
            "sky130_fd_sc_hd__dfrtp_2": 3,
            "sky130_fd_sc_hd__mux2_1": 1,
            "sky130_fd_sc_hd__mux4_1": 2
         }
      }
}

94. Printing statistics.

=== pmu ===

        +----------Local Count, excluding submodules.
        |        +-Local Area, excluding submodules.
        |        | 
      165        - wires
      176        - wire bits
      154        - public wires
      165        - public wire bits
        8        - ports
       19        - port bits
      158  675.648 cells
        8        -   $_MUX_
        3        -   $_NOT_
        1        -   $_XOR_
      134  502.982   sky130_fd_sc_hd__buf_1
        6   30.029   sky130_fd_sc_hd__buf_2
        3   78.826   sky130_fd_sc_hd__dfrtp_2
        1   11.261   sky130_fd_sc_hd__mux2_1
        2    52.55   sky130_fd_sc_hd__mux4_1

   Area for cell type $_MUX_ is unknown!
   Area for cell type $_NOT_ is unknown!
   Area for cell type $_XOR_ is unknown!

   Chip area for module '\pmu': 675.648000
     of which used for sequential elements: 78.825600 (11.67%)

[INFO] Using generated ABC script '/foss/designs/pmu_design/pmu/1-librelane/runs/run_pmu_flow/06-yosys-synthesis/AREA_0.abc'…

95. Executing ABC pass (technology mapping using ABC).

95.1. Extracting gate netlist of module `\pmu' to `/tmp/yosys-abc-qcNKaU/input.blif'..

95.1.1. Executed ABC.
Extracted 12 gates and 28 wires to a netlist network with 16 inputs and 5 outputs.
Running ABC script: /tmp/yosys-abc-qcNKaU/abc.script
ABC: UC Berkeley, ABC 1.01 (compiled Dec 21 2025 19:49:10)
ABC: abc 01> empty
ABC: abc 01> source /tmp/yosys-abc-qcNKaU/abc.script
ABC: + read_blif /tmp/yosys-abc-qcNKaU/input.blif 
ABC: + read_lib -w /foss/designs/pmu_design/pmu/1-librelane/runs/run_pmu_flow/tmp/0b0257a23dfc44d49c305e47b780e72e.lib 
ABC: Parsing finished successfully.  Parsing time =     0.05 sec
ABC: Scl_LibertyReadGenlib() skipped sequential cell "sky130_fd_sc_hd__dfbbn_2".
ABC: Scl_LibertyReadGenlib() skipped sequential cell "sky130_fd_sc_hd__dfrbp_2".
ABC: Scl_LibertyReadGenlib() skipped sequential cell "sky130_fd_sc_hd__dfrtp_2".
ABC: Scl_LibertyReadGenlib() skipped sequential cell "sky130_fd_sc_hd__dfrtp_4".
ABC: Scl_LibertyReadGenlib() skipped sequential cell "sky130_fd_sc_hd__dfsbp_2".
ABC: Scl_LibertyReadGenlib() skipped sequential cell "sky130_fd_sc_hd__dfstp_2".
ABC: Scl_LibertyReadGenlib() skipped sequential cell "sky130_fd_sc_hd__dfstp_4".
ABC: Scl_LibertyReadGenlib() skipped sequential cell "sky130_fd_sc_hd__dfxbp_2".
ABC: Scl_LibertyReadGenlib() skipped sequential cell "sky130_fd_sc_hd__dfxtp_2".
ABC: Scl_LibertyReadGenlib() skipped sequential cell "sky130_fd_sc_hd__dfxtp_4".
ABC: Scl_LibertyReadGenlib() skipped sequential cell "sky130_fd_sc_hd__dlxtn_1".
ABC: Scl_LibertyReadGenlib() skipped sequential cell "sky130_fd_sc_hd__dlxtn_2".
ABC: Scl_LibertyReadGenlib() skipped sequential cell "sky130_fd_sc_hd__dlxtn_4".
ABC: Scl_LibertyReadGenlib() skipped sequential cell "sky130_fd_sc_hd__dlxtp_1".
ABC: Scl_LibertyReadGenlib() skipped three-state cell "sky130_fd_sc_hd__ebufn_2".
ABC: Scl_LibertyReadGenlib() skipped three-state cell "sky130_fd_sc_hd__ebufn_4".
ABC: Scl_LibertyReadGenlib() skipped three-state cell "sky130_fd_sc_hd__ebufn_8".
ABC: Library "sky130_fd_sc_hd__tt_025C_1v80" from "/foss/designs/pmu_design/pmu/1-librelane/runs/run_pmu_flow/tmp/0b0257a23dfc44d49c305e47b780e72e.lib" has 175 cells (17 skipped: 14 seq; 3 tri-state; 0 no func; 0 dont_use; 0 with 2 outputs; 0 with 3+ outputs).  Time =     0.06 sec
ABC: Memory =    9.54 MB. Time =     0.06 sec
ABC: Warning: Detected 2 multi-output cells (for example, "sky130_fd_sc_hd__fa_1").
ABC: + read_constr -v /foss/designs/pmu_design/pmu/1-librelane/runs/run_pmu_flow/06-yosys-synthesis/synthesis.abc.sdc 
ABC: Setting driving cell to be "sky130_fd_sc_hd__inv_2/Y".
ABC: Setting output load to be 33.442001.
ABC: + source /foss/designs/pmu_design/pmu/1-librelane/runs/run_pmu_flow/06-yosys-synthesis/AREA_0.abc 
ABC: Error: The network is combinational.
ABC: Cannot find the default PI driving cell (sky130_fd_sc_hd__inv_2/Y) in the library.
ABC: WireLoad = "none"  Gates =     12 ( 33.3 %)   Cap =  9.4 ff ( 16.7 %)   Area =      115.11 ( 33.3 %)   Delay =   792.25 ps  ( 25.0 %)               
ABC: Path  0 --       7 : 0    4 pi                       A =   0.00  Df =   0.0   -0.0 ps  S =   0.0 ps  Cin =  0.0 ff  Cout =  16.6 ff  Cmax =   0.0 ff  G =    0  
ABC: Path  1 --      29 : 3    1 sky130_fd_sc_hd__mux2_1  A =  11.26  Df = 284.7 -115.9 ps  S =  53.0 ps  Cin =  2.3 ff  Cout =   2.5 ff  Cmax = 173.0 ff  G =  102  
ABC: Path  2 --      30 : 5    1 sky130_fd_sc_hd__a221o_2 A =  11.26  Df = 608.1 -278.1 ps  S =  51.2 ps  Cin =  2.3 ff  Cout =   2.5 ff  Cmax = 299.4 ff  G =  103  
ABC: Path  3 --      31 : 3    1 sky130_fd_sc_hd__o21a_2  A =   8.76  Df = 792.2 -235.4 ps  S = 182.0 ps  Cin =  2.4 ff  Cout =  33.4 ff  Cmax = 294.8 ff  G = 1403  
ABC: Start-point = pi6 (\path_sel [0]).  End-point = po1 (\dc_inst.in).
ABC: netlist                       : i/o =   16/    5  lat =    0  nd =    12  edge =     31  area =115.10  delay = 3.00  lev = 3
ABC: + write_blif /tmp/yosys-abc-qcNKaU/output.blif 
ABC:                                                                                

95.1.2. Re-integrating ABC results.
ABC RESULTS:   sky130_fd_sc_hd__a221o_2 cells:        1
ABC RESULTS:   sky130_fd_sc_hd__inv_2 cells:        4
ABC RESULTS:   sky130_fd_sc_hd__mux2_1 cells:        2
ABC RESULTS:   sky130_fd_sc_hd__mux4_2 cells:        1
ABC RESULTS:   sky130_fd_sc_hd__nand2b_2 cells:        1
ABC RESULTS:   sky130_fd_sc_hd__o21a_2 cells:        1
ABC RESULTS:   sky130_fd_sc_hd__o21ba_2 cells:        1
ABC RESULTS:   sky130_fd_sc_hd__xor2_2 cells:        1
ABC RESULTS:        internal signals:        7
ABC RESULTS:           input signals:       16
ABC RESULTS:          output signals:        5
Removing temp directory.
Removing global temp directory.

96. Executing SETUNDEF pass (replace undef values with defined constants).

97. Executing HILOMAP pass (mapping to constant drivers).

98. Executing SPLITNETS pass (splitting up multi-bit signals).

99. Executing OPT_CLEAN pass (remove unused cells and wires).
Finding unused cells or wires in module \pmu..
Removed 0 unused cells and 28 unused wires.
<suppressed ~1 debug messages>

100. Executing INSBUF pass (insert buffer cells for connected wires).

101. Executing CHECK pass (checking for obvious problems).
Checking module pmu...
Found and reported 0 problems.
{
   "creator": "Yosys 0.60 (git sha1 5bafeb77d, g++ 13.3.0-6ubuntu2~24.04 -fPIC -O3)",
   "invocation": "stat -json -liberty /foss/designs/pmu_design/pmu/1-librelane/runs/run_pmu_flow/tmp/0b0257a23dfc44d49c305e47b780e72e.lib ",
   "modules": {
      "\\pmu": {
         "num_wires":         165,
         "num_wire_bits":     176,
         "num_pub_wires":     154,
         "num_pub_wire_bits": 165,
         "num_ports":         8,
         "num_port_bits":     19,
         "num_memories":      0,
         "num_memory_bits":   0,
         "num_processes":     0,
         "num_cells":         158,
         "num_submodules":       0,
         "area":              790.758400,
         "sequential_area":    78.825600,
         "num_cells_by_type": {
            "sky130_fd_sc_hd__a221o_2": 1,
            "sky130_fd_sc_hd__buf_1": 134,
            "sky130_fd_sc_hd__buf_2": 6,
            "sky130_fd_sc_hd__dfrtp_2": 3,
            "sky130_fd_sc_hd__inv_2": 4,
            "sky130_fd_sc_hd__mux2_1": 3,
            "sky130_fd_sc_hd__mux4_1": 2,
            "sky130_fd_sc_hd__mux4_2": 1,
            "sky130_fd_sc_hd__nand2b_2": 1,
            "sky130_fd_sc_hd__o21a_2": 1,
            "sky130_fd_sc_hd__o21ba_2": 1,
            "sky130_fd_sc_hd__xor2_2": 1
         }
      }
   },
      "design": {
         "num_wires":         165,
         "num_wire_bits":     176,
         "num_pub_wires":     154,
         "num_pub_wire_bits": 165,
         "num_ports":         8,
         "num_port_bits":     19,
         "num_memories":      0,
         "num_memory_bits":   0,
         "num_processes":     0,
         "num_cells":         158,
         "num_submodules":       0,
         "area":              790.758400,
         "sequential_area":    78.825600,
         "num_cells_by_type": {
            "sky130_fd_sc_hd__a221o_2": 1,
            "sky130_fd_sc_hd__buf_1": 134,
            "sky130_fd_sc_hd__buf_2": 6,
            "sky130_fd_sc_hd__dfrtp_2": 3,
            "sky130_fd_sc_hd__inv_2": 4,
            "sky130_fd_sc_hd__mux2_1": 3,
            "sky130_fd_sc_hd__mux4_1": 2,
            "sky130_fd_sc_hd__mux4_2": 1,
            "sky130_fd_sc_hd__nand2b_2": 1,
            "sky130_fd_sc_hd__o21a_2": 1,
            "sky130_fd_sc_hd__o21ba_2": 1,
            "sky130_fd_sc_hd__xor2_2": 1
         }
      }
}

102. Printing statistics.

=== pmu ===

        +----------Local Count, excluding submodules.
        |        +-Local Area, excluding submodules.
        |        | 
      165        - wires
      176        - wire bits
      154        - public wires
      165        - public wire bits
        8        - ports
       19        - port bits
      158  790.758 cells
        1   11.261   sky130_fd_sc_hd__a221o_2
      134  502.982   sky130_fd_sc_hd__buf_1
        6   30.029   sky130_fd_sc_hd__buf_2
        3   78.826   sky130_fd_sc_hd__dfrtp_2
        4   15.014   sky130_fd_sc_hd__inv_2
        3   33.782   sky130_fd_sc_hd__mux2_1
        2    52.55   sky130_fd_sc_hd__mux4_1
        1   22.522   sky130_fd_sc_hd__mux4_2
        1    8.758   sky130_fd_sc_hd__nand2b_2
        1    8.758   sky130_fd_sc_hd__o21a_2
        1    10.01   sky130_fd_sc_hd__o21ba_2
        1   16.266   sky130_fd_sc_hd__xor2_2

   Chip area for module '\pmu': 790.758400
     of which used for sequential elements: 78.825600 (9.97%)

103. Executing Verilog backend.
Dumping module `\pmu'.

104. Executing JSON backend.
