
===========================================================================
report_checks -unconstrained
===========================================================================
======================= nom_ff_n40C_1v95 Corner ===================================

Startpoint: rst (input port clocked by clk)
Endpoint: _24_ (recovery check against rising-edge clock clk)
Path Group: asynchronous
Path Type: max

Fanout         Cap        Slew       Delay        Time   Description
---------------------------------------------------------------------------------------------
                                  0.000000    0.000000   clock clk (rise edge)
                                  0.000000    0.000000   clock network delay (propagated)
                                  2.000000    2.000000 v input external delay
     3    0.018598    0.029845    0.019572    2.019572 v rst (in)
                                                         rst (net)
                      0.029851    0.000000    2.019572 v _21_/A (sky130_fd_sc_hd__inv_2)
     1    0.005650    0.024883    0.034012    2.053584 ^ _21_/Y (sky130_fd_sc_hd__inv_2)
                                                         _02_ (net)
                      0.024884    0.000147    2.053731 ^ _24_/RESET_B (sky130_fd_sc_hd__dfrtp_2)
                                              2.053731   data arrival time

                                 10.000000   10.000000   clock clk (rise edge)
                                  0.000000   10.000000   clock source latency
     1    0.009315    0.036210    0.023463   10.023463 ^ clk (in)
                                                         clk (net)
                      0.036212    0.000000   10.023463 ^ clkbuf_0_clk/A (sky130_fd_sc_hd__clkbuf_16)
     2    0.017513    0.029521    0.084264   10.107727 ^ clkbuf_0_clk/X (sky130_fd_sc_hd__clkbuf_16)
                                                         clknet_0_clk (net)
                      0.029522    0.000275   10.108003 ^ clkbuf_1_1__f_clk/A (sky130_fd_sc_hd__clkbuf_16)
     2    0.006357    0.021926    0.074460   10.182463 ^ clkbuf_1_1__f_clk/X (sky130_fd_sc_hd__clkbuf_16)
                                                         clknet_1_1__leaf_clk (net)
                      0.021926    0.000156   10.182619 ^ _24_/CLK (sky130_fd_sc_hd__dfrtp_2)
                                 -0.250000    9.932619   clock uncertainty
                                  0.000000    9.932619   clock reconvergence pessimism
                                  0.133908   10.066527   library recovery time
                                             10.066527   data required time
---------------------------------------------------------------------------------------------
                                             10.066527   data required time
                                             -2.053731   data arrival time
---------------------------------------------------------------------------------------------
                                              8.012796   slack (MET)


Startpoint: _25_ (rising edge-triggered flip-flop clocked by clk)
Endpoint: tdo (output port clocked by clk)
Path Group: clk
Path Type: max

Fanout         Cap        Slew       Delay        Time   Description
---------------------------------------------------------------------------------------------
                                  0.000000    0.000000   clock clk (rise edge)
                                  0.000000    0.000000   clock source latency
     1    0.009315    0.036210    0.023463    0.023463 ^ clk (in)
                                                         clk (net)
                      0.036212    0.000000    0.023463 ^ clkbuf_0_clk/A (sky130_fd_sc_hd__clkbuf_16)
     2    0.017513    0.029521    0.084264    0.107727 ^ clkbuf_0_clk/X (sky130_fd_sc_hd__clkbuf_16)
                                                         clknet_0_clk (net)
                      0.029523    0.000375    0.108102 ^ clkbuf_1_0__f_clk/A (sky130_fd_sc_hd__clkbuf_16)
     2    0.005348    0.021229    0.073604    0.181706 ^ clkbuf_1_0__f_clk/X (sky130_fd_sc_hd__clkbuf_16)
                                                         clknet_1_0__leaf_clk (net)
                      0.021229    0.000100    0.181806 ^ _25_/CLK (sky130_fd_sc_hd__dfrtp_2)
     1    0.038460    0.087556    0.300875    0.482680 v _25_/Q (sky130_fd_sc_hd__dfrtp_2)
                                                         tdo (net)
                      0.087618    0.002116    0.484797 v tdo (out)
                                              0.484797   data arrival time

                                 10.000000   10.000000   clock clk (rise edge)
                                  0.000000   10.000000   clock network delay (propagated)
                                 -0.250000    9.750000   clock uncertainty
                                  0.000000    9.750000   clock reconvergence pessimism
                                 -2.000000    7.750000   output external delay
                                              7.750000   data required time
---------------------------------------------------------------------------------------------
                                              7.750000   data required time
                                             -0.484797   data arrival time
---------------------------------------------------------------------------------------------
                                              7.265203   slack (MET)




===========================================================================
report_checks --slack_max -0.01
============================================================================
======================= nom_ff_n40C_1v95 Corner ===================================

No paths found.


===========================================================================
 report_check_types -max_slew -max_cap -max_fanout -violators
============================================================================
======================= nom_ff_n40C_1v95 Corner ===================================



===========================================================================
report_parasitic_annotation -report_unannotated
============================================================================
Found 1 unannotated drivers.
 clkload0/X
Found 0 partially unannotated drivers.

===========================================================================
max slew violation count 0
max fanout violation count 0
max cap violation count 0
============================================================================

===========================================================================
check_setup -verbose -unconstrained_endpoints -multiple_clock -no_clock -no_input_delay -loops -generated_clocks
===========================================================================
Warning: There is 1 unconstrained endpoint.
  _24_/D
