Clock: clk
Sources: clk 
Generated: no
Virtual: yes
Propagated: no
Period: 15.000000

===========================================================================
report_clock_properties
============================================================================
Clock                   Period          Waveform
----------------------------------------------------
clk                  15.000000    0.000000  7.500000

===========================================================================
report_clock_latency
============================================================================
Clock clk
rise -> rise
    min     max
0.000000 0.000000 source latency
0.462551         network latency _270_/CLK
        0.466097 network latency pmu_inst/clk
---------------
0.462551 0.466097 latency
        0.003546 skew

fall -> fall
    min     max
0.000000 0.000000 source latency
0.228074         network latency _270_/CLK
        0.231483 network latency pmu_inst/clk
---------------
0.228074 0.231483 latency
        0.003409 skew



===========================================================================
report_clock_min_period
============================================================================
clk period_min = 5.38 fmax = 185.72
