Reading OpenROAD database at '/foss/designs/pmu_design/rca/1-librelane/runs/run_rca_flow/29-odb-manualmacroplacement/rca.odb'…
Reading library file at '/foss/pdks/sky130A/libs.ref/sky130_fd_sc_hd/lib/sky130_fd_sc_hd__tt_025C_1v80.lib'…
Reading library file at '/foss/designs/pmu_design/rca/1-librelane/macros/pmu/lib/nom_tt_025C_1v80/pmu__nom_tt_025C_1v80.lib'…
Reading macro library file at '/foss/designs/pmu_design/rca/1-librelane/macros/pmu/lib/nom_tt_025C_1v80/pmu__nom_tt_025C_1v80.lib'…
[WARNING STA-1140] /foss/designs/pmu_design/rca/1-librelane/macros/pmu/lib/nom_tt_025C_1v80/pmu__nom_tt_025C_1v80.lib line 1, library pmu already exists.
Reading design constraints file at '/foss/designs/pmu_design/rca/1-librelane/rca.sdc'…
[INFO] Using clock clk…
[INFO] Setting output delay to: 3
[INFO] Setting input delay to: 3
[INFO] Setting load to: 0.033442
[INFO] Setting clock uncertainty to: 0.25
[INFO] Setting clock transition to: 0.1499999999999999944488848768742172978818416595458984375
[INFO] Setting timing derate to: 5%
[INFO] Applying custom path constraint for delay chain (so that slack/hold violations are not considered)
[INFO ODB-0303] The initial 65 rows (26650 sites) were cut with 1 shapes for a total of 86 rows (23668 sites).
Setting global connections for newly added cells…
[INFO] Setting global connections...
Updating metrics…
Cell type report:                       Count       Area
  Macro                                     1    2472.27
  Inverter                                 50     187.68
  Sequential cell                          50    1313.76
  Multi-Input combinational cell           92     769.49
  Total                                   193    4743.20
Writing OpenROAD database to '/foss/designs/pmu_design/rca/1-librelane/runs/run_rca_flow/30-openroad-cutrows/rca.odb'…
Writing layout to '/foss/designs/pmu_design/rca/1-librelane/runs/run_rca_flow/30-openroad-cutrows/rca.def'…
