Clock: clk
Sources: clk 
Generated: no
Virtual: yes
Propagated: no
Period: 15.000000

===========================================================================
report_clock_properties
============================================================================
Clock                   Period          Waveform
----------------------------------------------------
clk                  15.000000    0.000000  7.500000

===========================================================================
report_clock_latency
============================================================================
Clock clk
rise -> rise
    min     max
0.000000 0.000000 source latency
0.387909         network latency _264_/CLK
        0.417116 network latency pmu_inst/_24_/CLK
---------------
0.387909 0.417116 latency
        0.029206 skew

fall -> fall
    min     max
0.000000 0.000000 source latency
0.353757         network latency _264_/CLK
        0.405760 network latency pmu_inst/_24_/CLK
---------------
0.353757 0.405760 latency
        0.052003 skew



===========================================================================
report_clock_min_period
============================================================================
clk period_min = 2.87 fmax = 348.21
