[WARNING ORD-0039] .openroad ignored with -python
Unannotated report:
['report_parasitic_annotation -report_unannotated\n',
 '============================================================================\n',
 'Found 16 unannotated drivers.\n',
 ' clkload0/Y\n',
 ' clkload1/Y\n',
 ' clkload2/X\n',
 ' pmu_inst/clkload0/X\n',
 ' pmu_inst_63/HI\n',
 ' pmu_inst_64/HI\n',
 ' pmu_inst_65/HI\n',
 ' pmu_inst_66/HI\n',
 ' pmu_inst_67/HI\n',
 ' pmu_inst_68/HI\n',
 ' pmu_inst_69/HI\n',
 ' pmu_inst_70/HI\n',
 ' pmu_inst_71/HI\n',
 ' pmu_inst_72/HI\n',
 ' pmu_inst_73/HI\n',
 ' pmu_inst_74/HI\n',
 'Found 0 partially unannotated drivers.\n',
 '\n']
Reported nets:
['clkload0/Y',
 'clkload1/Y',
 'clkload2/X',
 'pmu_inst/clkload0/X',
 'pmu_inst_63/HI',
 'pmu_inst_64/HI',
 'pmu_inst_65/HI',
 'pmu_inst_66/HI',
 'pmu_inst_67/HI',
 'pmu_inst_68/HI',
 'pmu_inst_69/HI',
 'pmu_inst_70/HI',
 'pmu_inst_71/HI',
 'pmu_inst_72/HI',
 'pmu_inst_73/HI',
 'pmu_inst_74/HI']
Filtered nets:
[]
done
