
===========================================================================
report_checks -unconstrained
===========================================================================
======================= min_ss_100C_1v60 Corner ===================================

Startpoint: rst (input port clocked by clk)
Endpoint: _293_ (recovery check against rising-edge clock clk)
Path Group: asynchronous
Path Type: max

Fanout         Cap        Slew       Delay        Time   Description
---------------------------------------------------------------------------------------------
                      0.150000    0.000000    0.000000   clock clk (rise edge)
                                  0.000000    0.000000   clock network delay (ideal)
                                  3.000000    3.000000 v input external delay
    53    0.227900    0.941817    0.692059    3.692059 v rst (in)
                                                         rst (net)
                      0.941817    0.000000    3.692059 v _243_/A (sky130_fd_sc_hd__inv_2)
     1    0.004815    0.194484    0.278652    3.970711 ^ _243_/Y (sky130_fd_sc_hd__inv_2)
                                                         _038_ (net)
                      0.194484    0.000056    3.970767 ^ _293_/RESET_B (sky130_fd_sc_hd__dfrtp_2)
                                              3.970767   data arrival time

                      0.150000   15.000000   15.000000   clock clk (rise edge)
                                  0.000000   15.000000   clock network delay (ideal)
                                 -0.250000   14.750000   clock uncertainty
                                  0.000000   14.750000   clock reconvergence pessimism
                                             14.750000 ^ _293_/CLK (sky130_fd_sc_hd__dfrtp_2)
                                  0.418378   15.168377   library recovery time
                                             15.168377   data required time
---------------------------------------------------------------------------------------------
                                             15.168377   data required time
                                             -3.970767   data arrival time
---------------------------------------------------------------------------------------------
                                             11.197610   slack (MET)


Startpoint: _288_ (rising edge-triggered flip-flop clocked by clk)
Endpoint: _271_ (rising edge-triggered flip-flop clocked by clk)
Path Group: clk
Path Type: max

Fanout         Cap        Slew       Delay        Time   Description
---------------------------------------------------------------------------------------------
                      0.150000    0.000000    0.000000   clock clk (rise edge)
                                  0.000000    0.000000   clock network delay (ideal)
                      0.150000    0.000000    0.000000 ^ _288_/CLK (sky130_fd_sc_hd__dfrtp_2)
     2    0.006781    0.093809    0.862649    0.862649 v _288_/Q (sky130_fd_sc_hd__dfrtp_2)
                                                         genblk1[0].fa_inst.b (net)
                      0.093809    0.000040    0.862688 v _126_/A (sky130_fd_sc_hd__or2_2)
     2    0.007740    0.137409    0.712937    1.575625 v _126_/X (sky130_fd_sc_hd__or2_2)
                                                         _050_ (net)
                      0.137409    0.000077    1.575702 v _130_/A2 (sky130_fd_sc_hd__a21bo_2)
     2    0.011727    0.099676    0.458480    2.034182 v _130_/X (sky130_fd_sc_hd__a21bo_2)
                                                         _053_ (net)
                      0.099676    0.000046    2.034228 v _135_/A1 (sky130_fd_sc_hd__a21bo_2)
     2    0.012043    0.101175    0.416134    2.450361 v _135_/X (sky130_fd_sc_hd__a21bo_2)
                                                         _057_ (net)
                      0.101175    0.000127    2.450489 v _143_/A1 (sky130_fd_sc_hd__a21bo_2)
     2    0.011452    0.098427    0.413713    2.864201 v _143_/X (sky130_fd_sc_hd__a21bo_2)
                                                         _064_ (net)
                      0.098427    0.000100    2.864301 v _148_/A2 (sky130_fd_sc_hd__a21bo_2)
     2    0.011603    0.099253    0.441723    3.306024 v _148_/X (sky130_fd_sc_hd__a21bo_2)
                                                         _068_ (net)
                      0.099253    0.000119    3.306142 v _153_/A2 (sky130_fd_sc_hd__a21bo_2)
     2    0.011689    0.099645    0.442521    3.748663 v _153_/X (sky130_fd_sc_hd__a21bo_2)
                                                         _072_ (net)
                      0.099645    0.000108    3.748772 v _158_/A2 (sky130_fd_sc_hd__a21bo_2)
     2    0.011640    0.099425    0.442419    4.191191 v _158_/X (sky130_fd_sc_hd__a21bo_2)
                                                         _076_ (net)
                      0.099425    0.000123    4.191313 v _163_/A2 (sky130_fd_sc_hd__a21bo_2)
     2    0.011697    0.099684    0.442637    4.633950 v _163_/X (sky130_fd_sc_hd__a21bo_2)
                                                         _080_ (net)
                      0.099684    0.000108    4.634058 v _168_/A2 (sky130_fd_sc_hd__a21bo_2)
     2    0.011313    0.097903    0.440726    5.074785 v _168_/X (sky130_fd_sc_hd__a21bo_2)
                                                         _084_ (net)
                      0.097903    0.000096    5.074881 v _173_/A2 (sky130_fd_sc_hd__a21bo_2)
     2    0.011847    0.100394    0.442786    5.517667 v _173_/X (sky130_fd_sc_hd__a21bo_2)
                                                         _088_ (net)
                      0.100394    0.000128    5.517795 v _178_/A2 (sky130_fd_sc_hd__a21bo_2)
     2    0.011845    0.100377    0.443806    5.961601 v _178_/X (sky130_fd_sc_hd__a21bo_2)
                                                         _092_ (net)
                      0.100377    0.000123    5.961724 v _183_/A2 (sky130_fd_sc_hd__a21bo_2)
     2    0.011643    0.099435    0.442731    6.404455 v _183_/X (sky130_fd_sc_hd__a21bo_2)
                                                         _096_ (net)
                      0.099435    0.000125    6.404581 v _188_/A2 (sky130_fd_sc_hd__a21bo_2)
     2    0.011648    0.099462    0.442372    6.846952 v _188_/X (sky130_fd_sc_hd__a21bo_2)
                                                         _100_ (net)
                      0.099462    0.000125    6.847077 v _193_/A2 (sky130_fd_sc_hd__a21bo_2)
     2    0.011578    0.099129    0.442030    7.289107 v _193_/X (sky130_fd_sc_hd__a21bo_2)
                                                         _104_ (net)
                      0.099129    0.000103    7.289209 v _198_/A2 (sky130_fd_sc_hd__a21bo_2)
     2    0.013793    0.109659    0.453512    7.742722 v _198_/X (sky130_fd_sc_hd__a21bo_2)
                                                         _108_ (net)
                      0.109659    0.000162    7.742883 v _201_/A2 (sky130_fd_sc_hd__a21boi_2)
     2    0.015108    0.328686    0.382530    8.125413 ^ _201_/Y (sky130_fd_sc_hd__a21boi_2)
                                                         _110_ (net)
                      0.328686    0.000155    8.125567 ^ _204_/A1 (sky130_fd_sc_hd__o21bai_2)
     2    0.032381    0.318603    0.413176    8.538743 v _204_/Y (sky130_fd_sc_hd__o21bai_2)
                                                         cout_next (net)
                      0.318610    0.002109    8.540853 v _271_/D (sky130_fd_sc_hd__dfrtp_2)
                                              8.540853   data arrival time

                      0.150000   15.000000   15.000000   clock clk (rise edge)
                                  0.000000   15.000000   clock network delay (ideal)
                                 -0.250000   14.750000   clock uncertainty
                                  0.000000   14.750000   clock reconvergence pessimism
                                             14.750000 ^ _271_/CLK (sky130_fd_sc_hd__dfrtp_2)
                                 -0.359004   14.390995   library setup time
                                             14.390995   data required time
---------------------------------------------------------------------------------------------
                                             14.390995   data required time
                                             -8.540853   data arrival time
---------------------------------------------------------------------------------------------
                                              5.850143   slack (MET)




===========================================================================
report_checks --slack_max -0.01
============================================================================
======================= min_ss_100C_1v60 Corner ===================================

No paths found.


===========================================================================
 report_check_types -max_slew -max_cap -max_fanout -violators
============================================================================
======================= min_ss_100C_1v60 Corner ===================================

max slew

Pin                                        Limit        Slew       Slack
------------------------------------------------------------------------
rst                                     0.750000    1.747301   -0.997302 (VIOLATED)
_125_/A                                 0.750000    1.747301   -0.997302 (VIOLATED)
_206_/A                                 0.750000    1.747301   -0.997302 (VIOLATED)
_207_/A                                 0.750000    1.747301   -0.997302 (VIOLATED)
_208_/A                                 0.750000    1.747301   -0.997302 (VIOLATED)
_209_/A                                 0.750000    1.747301   -0.997302 (VIOLATED)
_210_/A                                 0.750000    1.747301   -0.997302 (VIOLATED)
_211_/A                                 0.750000    1.747301   -0.997302 (VIOLATED)
_212_/A                                 0.750000    1.747301   -0.997302 (VIOLATED)
_213_/A                                 0.750000    1.747301   -0.997302 (VIOLATED)
_214_/A                                 0.750000    1.747301   -0.997302 (VIOLATED)
_215_/A                                 0.750000    1.747301   -0.997302 (VIOLATED)
_216_/A                                 0.750000    1.747301   -0.997302 (VIOLATED)
_217_/A                                 0.750000    1.747301   -0.997302 (VIOLATED)
_218_/A                                 0.750000    1.747301   -0.997302 (VIOLATED)
_219_/A                                 0.750000    1.747301   -0.997302 (VIOLATED)
_220_/A                                 0.750000    1.747301   -0.997302 (VIOLATED)
_221_/A                                 0.750000    1.747301   -0.997302 (VIOLATED)
_222_/A                                 0.750000    1.747301   -0.997302 (VIOLATED)
_223_/A                                 0.750000    1.747301   -0.997302 (VIOLATED)
_224_/A                                 0.750000    1.747301   -0.997302 (VIOLATED)
_225_/A                                 0.750000    1.747301   -0.997302 (VIOLATED)
_226_/A                                 0.750000    1.747301   -0.997302 (VIOLATED)
_227_/A                                 0.750000    1.747301   -0.997302 (VIOLATED)
_228_/A                                 0.750000    1.747301   -0.997302 (VIOLATED)
_229_/A                                 0.750000    1.747301   -0.997302 (VIOLATED)
_230_/A                                 0.750000    1.747301   -0.997302 (VIOLATED)
_231_/A                                 0.750000    1.747301   -0.997302 (VIOLATED)
_232_/A                                 0.750000    1.747301   -0.997302 (VIOLATED)
_233_/A                                 0.750000    1.747301   -0.997302 (VIOLATED)
_234_/A                                 0.750000    1.747301   -0.997302 (VIOLATED)
_235_/A                                 0.750000    1.747301   -0.997302 (VIOLATED)
_236_/A                                 0.750000    1.747301   -0.997302 (VIOLATED)
_237_/A                                 0.750000    1.747301   -0.997302 (VIOLATED)
_238_/A                                 0.750000    1.747301   -0.997302 (VIOLATED)
_239_/A                                 0.750000    1.747301   -0.997302 (VIOLATED)
_240_/A                                 0.750000    1.747301   -0.997302 (VIOLATED)
_241_/A                                 0.750000    1.747301   -0.997302 (VIOLATED)
_242_/A                                 0.750000    1.747301   -0.997302 (VIOLATED)
_243_/A                                 0.750000    1.747301   -0.997302 (VIOLATED)
_244_/A                                 0.750000    1.747301   -0.997302 (VIOLATED)
_245_/A                                 0.750000    1.747301   -0.997302 (VIOLATED)
_246_/A                                 0.750000    1.747301   -0.997302 (VIOLATED)
_247_/A                                 0.750000    1.747301   -0.997302 (VIOLATED)
_248_/A                                 0.750000    1.747301   -0.997302 (VIOLATED)
_249_/A                                 0.750000    1.747301   -0.997302 (VIOLATED)
_250_/A                                 0.750000    1.747301   -0.997302 (VIOLATED)
_251_/A                                 0.750000    1.747301   -0.997302 (VIOLATED)
_252_/A                                 0.750000    1.747301   -0.997302 (VIOLATED)
_253_/A                                 0.750000    1.747301   -0.997302 (VIOLATED)
_254_/A                                 0.750000    1.747301   -0.997302 (VIOLATED)
pmu_inst/_12_/A                         0.750000    1.747301   -0.997302 (VIOLATED)
pmu_inst/_21_/A                         0.750000    1.747301   -0.997302 (VIOLATED)
pmu_inst/_22_/A                         0.750000    1.747301   -0.997302 (VIOLATED)

max fanout

Pin                                   Limit Fanout  Slack
---------------------------------------------------------
rst                                      10     53    -43 (VIOLATED)

max capacitance

Pin                                        Limit         Cap       Slack
------------------------------------------------------------------------
rst                                     0.200000    0.244277   -0.044277 (VIOLATED)



===========================================================================
report_parasitic_annotation -report_unannotated
============================================================================
Found 13 unannotated drivers.
 _305_/HI
 _306_/HI
 _307_/HI
 _308_/HI
 _309_/HI
 _310_/HI
 _311_/HI
 _312_/HI
 _313_/HI
 _314_/HI
 _315_/HI
 _316_/HI
 pmu_inst/clkload0/X
Found 69 partially unannotated drivers.
 a[0]
  _272_/D
 a[10]
  _282_/D
 a[11]
  _283_/D
 a[12]
  _284_/D
 a[13]
  _285_/D
 a[14]
  _286_/D
 a[15]
  _287_/D
 a[1]
  _273_/D
 a[2]
  _274_/D
 a[3]
  _275_/D
 a[4]
  _276_/D
 a[5]
  _277_/D
 a[6]
  _278_/D
 a[7]
  _279_/D
 a[8]
  _280_/D
 a[9]
  _281_/D
 b[0]
  _288_/D
 b[10]
  _298_/D
 b[11]
  _299_/D
 b[12]
  _300_/D
 b[13]
  _301_/D
 b[14]
  _302_/D
 b[15]
  _303_/D
 b[1]
  _289_/D
 b[2]
  _290_/D
 b[3]
  _291_/D
 b[4]
  _292_/D
 b[5]
  _293_/D
 b[6]
  _294_/D
 b[7]
  _295_/D
 b[8]
  _296_/D
 b[9]
  _297_/D
 cin
  _304_/D
 clk
  _255_/CLK
  _256_/CLK
  _257_/CLK
  _258_/CLK
  _259_/CLK
  _260_/CLK
  _261_/CLK
  _262_/CLK
  _263_/CLK
  _264_/CLK
  _265_/CLK
  _266_/CLK
  _267_/CLK
  _268_/CLK
  _269_/CLK
  _270_/CLK
  _271_/CLK
  _272_/CLK
  _273_/CLK
  _274_/CLK
  _275_/CLK
  _276_/CLK
  _277_/CLK
  _278_/CLK
  _279_/CLK
  _280_/CLK
  _281_/CLK
  _282_/CLK
  _283_/CLK
  _284_/CLK
  _285_/CLK
  _286_/CLK
  _287_/CLK
  _288_/CLK
  _289_/CLK
  _290_/CLK
  _291_/CLK
  _292_/CLK
  _293_/CLK
  _294_/CLK
  _295_/CLK
  _296_/CLK
  _297_/CLK
  _298_/CLK
  _299_/CLK
  _300_/CLK
  _301_/CLK
  _302_/CLK
  _303_/CLK
  _304_/CLK
  pmu_inst/clkbuf_0_clk/A
 delay_sel[0]
  pmu_inst/dc_inst.x8/S0
  pmu_inst/dc_inst.x9/S0
 delay_sel[1]
  pmu_inst/dc_inst.x8/S1
  pmu_inst/dc_inst.x9/S1
 delay_sel[2]
  pmu_inst/dc_inst.x10/S
 rst
  _125_/A
  _206_/A
  _207_/A
  _208_/A
  _209_/A
  _210_/A
  _211_/A
  _212_/A
  _213_/A
  _214_/A
  _215_/A
  _216_/A
  _217_/A
  _218_/A
  _219_/A
  _220_/A
  _221_/A
  _222_/A
  _223_/A
  _224_/A
  _225_/A
  _226_/A
  _227_/A
  _228_/A
  _229_/A
  _230_/A
  _231_/A
  _232_/A
  _233_/A
  _234_/A
  _235_/A
  _236_/A
  _237_/A
  _238_/A
  _239_/A
  _240_/A
  _241_/A
  _242_/A
  _243_/A
  _244_/A
  _245_/A
  _246_/A
  _247_/A
  _248_/A
  _249_/A
  _250_/A
  _251_/A
  _252_/A
  _253_/A
  _254_/A
  pmu_inst/_12_/A
  pmu_inst/_21_/A
  pmu_inst/_22_/A
 _255_/Q
  s[0]
 _256_/Q
  s[1]
 _257_/Q
  s[2]
 _258_/Q
  s[3]
 _259_/Q
  s[4]
 _260_/Q
  s[5]
 _261_/Q
  s[6]
 _262_/Q
  s[7]
 _263_/Q
  s[8]
 _264_/Q
  s[9]
 _265_/Q
  s[10]
 _266_/Q
  s[11]
 _267_/Q
  s[12]
 _268_/Q
  s[13]
 _269_/Q
  s[14]
 _270_/Q
  s[15]
 _271_/Q
  cout
 _304_/Q
  _129_/A
 _305_/LO
  pmu_inst/_16_/A_N
 _306_/LO
  pmu_inst/_18_/A0
 _307_/LO
  pmu_inst/_18_/A1
 _308_/LO
  pmu_inst/_15_/A0
 _309_/LO
  pmu_inst/_15_/A1
 _310_/LO
  pmu_inst/_15_/A2
 _311_/LO
  pmu_inst/_15_/A3
 _312_/LO
  pmu_inst/_15_/S0
  pmu_inst/_16_/B
  pmu_inst/_17_/A2
  pmu_inst/_18_/S
 _313_/LO
  pmu_inst/_15_/S1
  pmu_inst/_17_/B1_N
  pmu_inst/_19_/B2
 _314_/LO
  pmu_inst/_11_/A
  pmu_inst/_19_/C1
 _315_/LO
  pmu_inst/_14_/S
 _316_/LO
  pmu_inst/_14_/A1
 pmu_inst/_25_/Q
  tdo

===========================================================================
max slew violation count 54
max fanout violation count 1
max cap violation count 1
============================================================================

===========================================================================
check_setup -verbose -unconstrained_endpoints -multiple_clock -no_clock -no_input_delay -loops -generated_clocks
===========================================================================
Warning: There are 2 unconstrained endpoints.
  pmu_inst/_23_/D
  pmu_inst/_24_/D
