Clock: clk
Sources: clk 
Generated: no
Virtual: yes
Propagated: no
Period: 15.000000

===========================================================================
report_clock_properties
============================================================================
Clock                   Period          Waveform
----------------------------------------------------
clk                  15.000000    0.000000  7.500000

===========================================================================
report_clock_latency
============================================================================
Clock clk
rise -> rise
    min     max
0.000000 0.000000 source latency
0.395510         network latency _264_/CLK
        0.423308 network latency pmu_inst/_24_/CLK
---------------
0.395510 0.423308 latency
        0.027798 skew

fall -> fall
    min     max
0.000000 0.000000 source latency
0.358908         network latency _264_/CLK
        0.409888 network latency pmu_inst/_24_/CLK
---------------
0.358908 0.409888 latency
        0.050981 skew



===========================================================================
report_clock_min_period
============================================================================
clk period_min = 2.89 fmax = 346.50
