
===========================================================================
report_checks -path_delay min (Hold)
============================================================================
======================= nom_tt_025C_1v80 Corner ===================================

Startpoint: _24_ (rising edge-triggered flip-flop clocked by clk)
Endpoint: _25_ (rising edge-triggered flip-flop clocked by clk)
Path Group: clk
Path Type: min

Fanout         Cap        Slew       Delay        Time   Description
---------------------------------------------------------------------------------------------
                                  0.000000    0.000000   clock clk (rise edge)
                                  0.000000    0.000000   clock source latency
     1    0.009049    0.047175    0.030916    0.030916 ^ clk (in)
                                                         clk (net)
                      0.047175    0.000000    0.030916 ^ clkbuf_0_clk/A (sky130_fd_sc_hd__clkbuf_16)
     2    0.016857    0.039169    0.123260    0.154176 ^ clkbuf_0_clk/X (sky130_fd_sc_hd__clkbuf_16)
                                                         clknet_0_clk (net)
                      0.039169    0.000027    0.154203 ^ clkbuf_1_1__f_clk/A (sky130_fd_sc_hd__clkbuf_16)
     2    0.005070    0.028830    0.108501    0.262703 ^ clkbuf_1_1__f_clk/X (sky130_fd_sc_hd__clkbuf_16)
                                                         clknet_1_1__leaf_clk (net)
                      0.028830    0.000015    0.262719 ^ _24_/CLK (sky130_fd_sc_hd__dfrtp_2)
     1    0.009566    0.068847    0.355885    0.618604 ^ _24_/Q (sky130_fd_sc_hd__dfrtp_2)
                                                         capture_q (net)
                      0.068847    0.000008    0.618612 ^ _13_/A (sky130_fd_sc_hd__xor2_2)
     1    0.001909    0.059461    0.103202    0.721814 ^ _13_/X (sky130_fd_sc_hd__xor2_2)
                                                         _05_ (net)
                      0.059461    0.000003    0.721818 ^ _14_/A0 (sky130_fd_sc_hd__mux2_1)
     1    0.004068    0.050932    0.128807    0.850625 ^ _14_/X (sky130_fd_sc_hd__mux2_1)
                                                         _00_ (net)
                      0.050932    0.000028    0.850652 ^ _25_/D (sky130_fd_sc_hd__dfrtp_2)
                                              0.850652   data arrival time

                                  0.000000    0.000000   clock clk (rise edge)
                                  0.000000    0.000000   clock source latency
     1    0.009049    0.047175    0.030916    0.030916 ^ clk (in)
                                                         clk (net)
                      0.047175    0.000000    0.030916 ^ clkbuf_0_clk/A (sky130_fd_sc_hd__clkbuf_16)
     2    0.016857    0.039169    0.123260    0.154176 ^ clkbuf_0_clk/X (sky130_fd_sc_hd__clkbuf_16)
                                                         clknet_0_clk (net)
                      0.039169    0.000029    0.154205 ^ clkbuf_1_0__f_clk/A (sky130_fd_sc_hd__clkbuf_16)
     2    0.004733    0.028521    0.108097    0.262302 ^ clkbuf_1_0__f_clk/X (sky130_fd_sc_hd__clkbuf_16)
                                                         clknet_1_0__leaf_clk (net)
                      0.028521    0.000004    0.262305 ^ _25_/CLK (sky130_fd_sc_hd__dfrtp_2)
                                  0.250000    0.512305   clock uncertainty
                                  0.000000    0.512305   clock reconvergence pessimism
                                 -0.038160    0.474145   library hold time
                                              0.474145   data required time
---------------------------------------------------------------------------------------------
                                              0.474145   data required time
                                             -0.850652   data arrival time
---------------------------------------------------------------------------------------------
                                              0.376507   slack (MET)


Startpoint: rst (input port clocked by clk)
Endpoint: _23_ (removal check against rising-edge clock clk)
Path Group: asynchronous
Path Type: min

Fanout         Cap        Slew       Delay        Time   Description
---------------------------------------------------------------------------------------------
                                  0.000000    0.000000   clock clk (rise edge)
                                  0.000000    0.000000   clock network delay (propagated)
                                  2.000000    2.000000 v input external delay
     3    0.016414    0.038299    0.026475    2.026475 v rst (in)
                                                         rst (net)
                      0.038300    0.000000    2.026475 v _12_/A (sky130_fd_sc_hd__inv_2)
     1    0.003884    0.026829    0.041123    2.067598 ^ _12_/Y (sky130_fd_sc_hd__inv_2)
                                                         _01_ (net)
                      0.026829    0.000007    2.067605 ^ _23_/RESET_B (sky130_fd_sc_hd__dfrtp_2)
                                              2.067605   data arrival time

                                  0.000000    0.000000   clock clk (rise edge)
                                  0.000000    0.000000   clock source latency
     1    0.009049    0.047175    0.030916    0.030916 ^ clk (in)
                                                         clk (net)
                      0.047175    0.000000    0.030916 ^ clkbuf_0_clk/A (sky130_fd_sc_hd__clkbuf_16)
     2    0.016857    0.039169    0.123260    0.154176 ^ clkbuf_0_clk/X (sky130_fd_sc_hd__clkbuf_16)
                                                         clknet_0_clk (net)
                      0.039169    0.000029    0.154205 ^ clkbuf_1_0__f_clk/A (sky130_fd_sc_hd__clkbuf_16)
     2    0.004733    0.028521    0.108097    0.262302 ^ clkbuf_1_0__f_clk/X (sky130_fd_sc_hd__clkbuf_16)
                                                         clknet_1_0__leaf_clk (net)
                      0.028521    0.000006    0.262308 ^ _23_/CLK (sky130_fd_sc_hd__dfrtp_2)
                                  0.250000    0.512308   clock uncertainty
                                  0.000000    0.512308   clock reconvergence pessimism
                                  0.310760    0.823068   library removal time
                                              0.823068   data required time
---------------------------------------------------------------------------------------------
                                              0.823068   data required time
                                             -2.067605   data arrival time
---------------------------------------------------------------------------------------------
                                              1.244537   slack (MET)


Startpoint: rst (input port clocked by clk)
Endpoint: _25_ (removal check against rising-edge clock clk)
Path Group: asynchronous
Path Type: min

Fanout         Cap        Slew       Delay        Time   Description
---------------------------------------------------------------------------------------------
                                  0.000000    0.000000   clock clk (rise edge)
                                  0.000000    0.000000   clock network delay (propagated)
                                  2.000000    2.000000 v input external delay
     3    0.016414    0.038299    0.026447    2.026447 v rst (in)
                                                         rst (net)
                      0.038299    0.000000    2.026447 v _22_/A (sky130_fd_sc_hd__inv_2)
     1    0.003993    0.027244    0.041504    2.067951 ^ _22_/Y (sky130_fd_sc_hd__inv_2)
                                                         _03_ (net)
                      0.027244    0.000008    2.067959 ^ _25_/RESET_B (sky130_fd_sc_hd__dfrtp_2)
                                              2.067959   data arrival time

                                  0.000000    0.000000   clock clk (rise edge)
                                  0.000000    0.000000   clock source latency
     1    0.009049    0.047175    0.030916    0.030916 ^ clk (in)
                                                         clk (net)
                      0.047175    0.000000    0.030916 ^ clkbuf_0_clk/A (sky130_fd_sc_hd__clkbuf_16)
     2    0.016857    0.039169    0.123260    0.154176 ^ clkbuf_0_clk/X (sky130_fd_sc_hd__clkbuf_16)
                                                         clknet_0_clk (net)
                      0.039169    0.000029    0.154205 ^ clkbuf_1_0__f_clk/A (sky130_fd_sc_hd__clkbuf_16)
     2    0.004733    0.028521    0.108097    0.262302 ^ clkbuf_1_0__f_clk/X (sky130_fd_sc_hd__clkbuf_16)
                                                         clknet_1_0__leaf_clk (net)
                      0.028521    0.000004    0.262305 ^ _25_/CLK (sky130_fd_sc_hd__dfrtp_2)
                                  0.250000    0.512305   clock uncertainty
                                  0.000000    0.512305   clock reconvergence pessimism
                                  0.310873    0.823179   library removal time
                                              0.823179   data required time
---------------------------------------------------------------------------------------------
                                              0.823179   data required time
                                             -2.067959   data arrival time
---------------------------------------------------------------------------------------------
                                              1.244780   slack (MET)


Startpoint: rst (input port clocked by clk)
Endpoint: _24_ (removal check against rising-edge clock clk)
Path Group: asynchronous
Path Type: min

Fanout         Cap        Slew       Delay        Time   Description
---------------------------------------------------------------------------------------------
                                  0.000000    0.000000   clock clk (rise edge)
                                  0.000000    0.000000   clock network delay (propagated)
                                  2.000000    2.000000 v input external delay
     3    0.016414    0.038299    0.026506    2.026506 v rst (in)
                                                         rst (net)
                      0.038300    0.000000    2.026506 v _21_/A (sky130_fd_sc_hd__inv_2)
     1    0.004877    0.029772    0.044412    2.070918 ^ _21_/Y (sky130_fd_sc_hd__inv_2)
                                                         _02_ (net)
                      0.029772    0.000025    2.070943 ^ _24_/RESET_B (sky130_fd_sc_hd__dfrtp_2)
                                              2.070943   data arrival time

                                  0.000000    0.000000   clock clk (rise edge)
                                  0.000000    0.000000   clock source latency
     1    0.009049    0.047175    0.030916    0.030916 ^ clk (in)
                                                         clk (net)
                      0.047175    0.000000    0.030916 ^ clkbuf_0_clk/A (sky130_fd_sc_hd__clkbuf_16)
     2    0.016857    0.039169    0.123260    0.154176 ^ clkbuf_0_clk/X (sky130_fd_sc_hd__clkbuf_16)
                                                         clknet_0_clk (net)
                      0.039169    0.000027    0.154203 ^ clkbuf_1_1__f_clk/A (sky130_fd_sc_hd__clkbuf_16)
     2    0.005070    0.028830    0.108501    0.262703 ^ clkbuf_1_1__f_clk/X (sky130_fd_sc_hd__clkbuf_16)
                                                         clknet_1_1__leaf_clk (net)
                      0.028830    0.000015    0.262719 ^ _24_/CLK (sky130_fd_sc_hd__dfrtp_2)
                                  0.250000    0.512719   clock uncertainty
                                  0.000000    0.512719   clock reconvergence pessimism
                                  0.311647    0.824366   library removal time
                                              0.824366   data required time
---------------------------------------------------------------------------------------------
                                              0.824366   data required time
                                             -2.070943   data arrival time
---------------------------------------------------------------------------------------------
                                              1.246576   slack (MET)


Startpoint: path_sel[2] (input port clocked by clk)
Endpoint: _23_ (rising edge-triggered flip-flop clocked by clk)
Path Group: clk
Path Type: min

Fanout         Cap        Slew       Delay        Time   Description
---------------------------------------------------------------------------------------------
                                  0.000000    0.000000   clock clk (rise edge)
                                  0.000000    0.000000   clock network delay (propagated)
                                  2.000000    2.000000 v input external delay
     2    0.009422    0.023233    0.015264    2.015264 v path_sel[2] (in)
                                                         path_sel[2] (net)
                      0.023234    0.000000    2.015264 v _11_/A (sky130_fd_sc_hd__inv_2)
     1    0.002756    0.020346    0.030801    2.046065 ^ _11_/Y (sky130_fd_sc_hd__inv_2)
                                                         _04_ (net)
                      0.020346    0.000003    2.046069 ^ _20_/A1 (sky130_fd_sc_hd__o21a_2)
     3    0.007854    0.052792    0.132923    2.178992 ^ _20_/X (sky130_fd_sc_hd__o21a_2)
                                                         dc_inst.in (net)
                      0.052792    0.000052    2.179044 ^ _23_/D (sky130_fd_sc_hd__dfrtp_2)
                                              2.179044   data arrival time

                                  0.000000    0.000000   clock clk (rise edge)
                                  0.000000    0.000000   clock source latency
     1    0.009049    0.047175    0.030916    0.030916 ^ clk (in)
                                                         clk (net)
                      0.047175    0.000000    0.030916 ^ clkbuf_0_clk/A (sky130_fd_sc_hd__clkbuf_16)
     2    0.016857    0.039169    0.123260    0.154176 ^ clkbuf_0_clk/X (sky130_fd_sc_hd__clkbuf_16)
                                                         clknet_0_clk (net)
                      0.039169    0.000029    0.154205 ^ clkbuf_1_0__f_clk/A (sky130_fd_sc_hd__clkbuf_16)
     2    0.004733    0.028521    0.108097    0.262302 ^ clkbuf_1_0__f_clk/X (sky130_fd_sc_hd__clkbuf_16)
                                                         clknet_1_0__leaf_clk (net)
                      0.028521    0.000006    0.262308 ^ _23_/CLK (sky130_fd_sc_hd__dfrtp_2)
                                  0.250000    0.512308   clock uncertainty
                                  0.000000    0.512308   clock reconvergence pessimism
                                 -0.038546    0.473762   library hold time
                                              0.473762   data required time
---------------------------------------------------------------------------------------------
                                              0.473762   data required time
                                             -2.179044   data arrival time
---------------------------------------------------------------------------------------------
                                              1.705282   slack (MET)


Startpoint: _25_ (rising edge-triggered flip-flop clocked by clk)
Endpoint: tdo (output port clocked by clk)
Path Group: clk
Path Type: min

Fanout         Cap        Slew       Delay        Time   Description
---------------------------------------------------------------------------------------------
                                  0.000000    0.000000   clock clk (rise edge)
                                  0.000000    0.000000   clock source latency
     1    0.009049    0.047175    0.030916    0.030916 ^ clk (in)
                                                         clk (net)
                      0.047175    0.000000    0.030916 ^ clkbuf_0_clk/A (sky130_fd_sc_hd__clkbuf_16)
     2    0.016857    0.039169    0.123260    0.154176 ^ clkbuf_0_clk/X (sky130_fd_sc_hd__clkbuf_16)
                                                         clknet_0_clk (net)
                      0.039169    0.000029    0.154205 ^ clkbuf_1_0__f_clk/A (sky130_fd_sc_hd__clkbuf_16)
     2    0.004733    0.028521    0.108097    0.262302 ^ clkbuf_1_0__f_clk/X (sky130_fd_sc_hd__clkbuf_16)
                                                         clknet_1_0__leaf_clk (net)
                      0.028521    0.000004    0.262305 ^ _25_/CLK (sky130_fd_sc_hd__dfrtp_2)
     1    0.036701    0.183289    0.451070    0.713376 ^ _25_/Q (sky130_fd_sc_hd__dfrtp_2)
                                                         tdo (net)
                      0.183290    0.000743    0.714119 ^ tdo (out)
                                              0.714119   data arrival time

                                  0.000000    0.000000   clock clk (rise edge)
                                  0.000000    0.000000   clock network delay (propagated)
                                  0.250000    0.250000   clock uncertainty
                                  0.000000    0.250000   clock reconvergence pessimism
                                 -2.000000   -1.750000   output external delay
                                             -1.750000   data required time
---------------------------------------------------------------------------------------------
                                             -1.750000   data required time
                                             -0.714119   data arrival time
---------------------------------------------------------------------------------------------
                                              2.464118   slack (MET)



