Clock: clk
Sources: clk 
Generated: no
Virtual: yes
Propagated: no
Period: 10.000000

===========================================================================
report_clock_properties
============================================================================
Clock                   Period          Waveform
----------------------------------------------------
clk                  10.000000    0.000000  5.000000

===========================================================================
report_clock_latency
============================================================================
Clock clk
rise -> rise
    min     max
0.000000 0.000000 source latency
0.463590         network latency _25_/CLK
        0.465612 network latency _24_/CLK
---------------
0.463590 0.465612 latency
        0.002022 skew

fall -> fall
    min     max
0.000000 0.000000 source latency
0.492645         network latency _25_/CLK
        0.494315 network latency _24_/CLK
---------------
0.492645 0.494315 latency
        0.001671 skew



===========================================================================
report_clock_min_period
============================================================================
clk period_min = 2.36 fmax = 424.08
