Reading timing models for corner nom_tt_025C_1v80…
Reading timing library for the 'nom_tt_025C_1v80' corner at '/foss/pdks/sky130A/libs.ref/sky130_fd_sc_hd/lib/sky130_fd_sc_hd__tt_025C_1v80.lib'…
Reading timing models for corner nom_ff_n40C_1v95…
Reading timing library for the 'nom_ff_n40C_1v95' corner at '/foss/pdks/sky130A/libs.ref/sky130_fd_sc_hd/lib/sky130_fd_sc_hd__ff_n40C_1v95.lib'…
Reading timing models for corner nom_ss_100C_1v60…
Reading timing library for the 'nom_ss_100C_1v60' corner at '/foss/pdks/sky130A/libs.ref/sky130_fd_sc_hd/lib/sky130_fd_sc_hd__ss_100C_1v60.lib'…
Reading OpenROAD database at '/foss/designs/pmu_design/pmu/1-librelane/runs/run_pmu_flow/32-openroad-detailedplacement/pmu.odb'…
Reading design constraints file at '/foss/designs/pmu_design/pmu/1-librelane/pmu.sdc'…
[INFO] Using clock clk…
[INFO] Setting output delay to: 2
[INFO] Setting input delay to: 2
[INFO] Setting load to: 0.033442
[INFO] Setting clock uncertainty to: 0.25
[INFO] Setting clock transition to: 0.1499999999999999944488848768742172978818416595458984375
[INFO] Setting timing derate to: 5%
[INFO] Applying custom path constraint for delay chain (so that slack/hold violations are not considered)
[INFO] Setting RC values…
[INFO] Configuring cts characterization…
[INFO] Performing clock tree synthesis…
[INFO] Looking for the following net(s): clk
[INFO] Running Clock Tree Synthesis…
[INFO CTS-0050] Root buffer is sky130_fd_sc_hd__clkbuf_16.
[INFO CTS-0051] Sink buffer is sky130_fd_sc_hd__clkbuf_2.
[INFO CTS-0052] The following clock buffers will be used for CTS:
                    sky130_fd_sc_hd__clkbuf_2
                    sky130_fd_sc_hd__clkbuf_4
                    sky130_fd_sc_hd__clkbuf_8
[INFO CTS-0049] Characterization buffer is sky130_fd_sc_hd__clkbuf_8.
[INFO CTS-0007] Net "clk" found for clock "clk".
[INFO CTS-0010]  Clock net "clk" has 3 sinks.
[INFO CTS-0008] TritonCTS found 1 clock nets.
[INFO CTS-0097] Characterization used 3 buffer(s) types.
[INFO CTS-0200] 0 placement blockages have been identified.
[INFO CTS-0201] 0 placed hard macros will be treated like blockages.
[INFO CTS-0027] Generating H-Tree topology for net clk.
[INFO CTS-0028]  Total number of sinks: 3.
[INFO CTS-0029]  Sinks will be clustered in groups of up to 25 and with maximum cluster diameter of 50.0 um.
[INFO CTS-0030]  Number of static layers: 0.
[INFO CTS-0020]  Wire segment unit: 13600  dbu (13 um).
[INFO CTS-0023]  Original sink region: [(9005, 36780), (19125, 39380)].
[INFO CTS-0024]  Normalized sink region: [(0.662132, 2.70441), (1.40625, 2.89559)].
[INFO CTS-0025]     Width:  0.7441.
[INFO CTS-0026]     Height: 0.1912.
 Level 1
    Direction: Horizontal
    Sinks per sub-region: 2
    Sub-region size: 0.3721 X 0.1912
[INFO CTS-0034]     Segment length (rounded): 1.
[INFO CTS-0032]  Stop criterion found. Max number of sinks is 15.
[INFO CTS-0035]  Number of sinks covered: 3.
[INFO CTS-0018]     Created 3 clock buffers.
[INFO CTS-0012]     Minimum number of buffers in the clock path: 2.
[INFO CTS-0013]     Maximum number of buffers in the clock path: 2.
[INFO CTS-0015]     Created 3 clock nets.
[INFO CTS-0016]     Fanout distribution for the current clock = 1:1, 2:1..
[INFO CTS-0017]     Max level of the clock tree: 1.
[INFO CTS-0098] Clock net "clk"
[INFO CTS-0099]  Sinks 4
[INFO CTS-0100]  Leaf buffers 0
[INFO CTS-0101]  Average sink wire length 43.82 um
[INFO CTS-0102]  Path depth 2 - 2
[INFO CTS-0207]  Leaf load cells 1
[INFO] Repairing long wires on clock nets…
[INFO RSZ-0058] Using max wire length 6335um.
Setting global connections for newly added cells…
[INFO] Setting global connections...
Updating metrics…
Cell type report:                       Count       Area
  Fill cell                                24      90.09
  Tap cell                                 14      17.52
  Buffer                                  140     533.01
  Clock buffer                              4      82.58
  Inverter                                  4      15.01
  Sequential cell                           3      78.83
  Multi-Input combinational cell           11     163.91
  Total                                   200     980.94
Writing OpenROAD database to '/foss/designs/pmu_design/pmu/1-librelane/runs/run_pmu_flow/33-openroad-cts/pmu.odb'…
Writing netlist to '/foss/designs/pmu_design/pmu/1-librelane/runs/run_pmu_flow/33-openroad-cts/pmu.nl.v'…
Writing powered netlist to '/foss/designs/pmu_design/pmu/1-librelane/runs/run_pmu_flow/33-openroad-cts/pmu.pnl.v'…
Writing layout to '/foss/designs/pmu_design/pmu/1-librelane/runs/run_pmu_flow/33-openroad-cts/pmu.def'…
Writing timing constraints to '/foss/designs/pmu_design/pmu/1-librelane/runs/run_pmu_flow/33-openroad-cts/pmu.sdc'…
[INFO] Legalizing…
Placement Analysis
---------------------------------
total displacement        493.2 u
average displacement        2.5 u
max displacement           22.5 u
original HPWL            1213.4 u
legalized HPWL           1376.1 u
delta HPWL                   13 %

[INFO DPL-0020] Mirrored 73 instances
[INFO DPL-0021] HPWL before            1376.1 u
[INFO DPL-0022] HPWL after             1295.4 u
[INFO DPL-0023] HPWL delta               -5.9 %
Setting global connections for newly added cells…
[INFO] Setting global connections...
Updating metrics…
Cell type report:                       Count       Area
  Fill cell                                24      90.09
  Tap cell                                 14      17.52
  Buffer                                  140     533.01
  Clock buffer                              4      82.58
  Inverter                                  4      15.01
  Sequential cell                           3      78.83
  Multi-Input combinational cell           11     163.91
  Total                                   200     980.94
Writing OpenROAD database to '/foss/designs/pmu_design/pmu/1-librelane/runs/run_pmu_flow/33-openroad-cts/pmu.odb'…
Writing netlist to '/foss/designs/pmu_design/pmu/1-librelane/runs/run_pmu_flow/33-openroad-cts/pmu.nl.v'…
Writing powered netlist to '/foss/designs/pmu_design/pmu/1-librelane/runs/run_pmu_flow/33-openroad-cts/pmu.pnl.v'…
Writing layout to '/foss/designs/pmu_design/pmu/1-librelane/runs/run_pmu_flow/33-openroad-cts/pmu.def'…
Writing timing constraints to '/foss/designs/pmu_design/pmu/1-librelane/runs/run_pmu_flow/33-openroad-cts/pmu.sdc'…
%OL_CREATE_REPORT cts.rpt
[INFO CTS-0003] Total number of Clock Roots: 1.
[INFO CTS-0004] Total number of Buffers Inserted: 3.
[INFO CTS-0005] Total number of Clock Subnets: 3.
[INFO CTS-0006] Total number of Sinks: 3.
%OL_END_REPORT
