
===========================================================================
report_checks -path_delay min (Hold)
============================================================================
======================= nom_ss_100C_1v60 Corner ===================================

Startpoint: rst (input port clocked by clk)
Endpoint: _25_ (removal check against rising-edge clock clk)
Path Group: asynchronous
Path Type: min

Fanout         Cap        Slew       Delay        Time   Description
---------------------------------------------------------------------------------------------
                                  0.000000    0.000000   clock clk (rise edge)
                                  0.000000    0.000000   clock network delay (propagated)
                                  2.000000    2.000000 v input external delay
     3    0.018643    0.082983    0.057429    2.057429 v rst (in)
                                                         rst (net)
                      0.082984    0.000000    2.057429 v _22_/A (sky130_fd_sc_hd__inv_2)
     1    0.003609    0.041604    0.076272    2.133701 ^ _22_/Y (sky130_fd_sc_hd__inv_2)
                                                         _03_ (net)
                      0.041604    0.000072    2.133773 ^ _25_/RESET_B (sky130_fd_sc_hd__dfrtp_2)
                                              2.133773   data arrival time

                                  0.000000    0.000000   clock clk (rise edge)
                                  0.000000    0.000000   clock source latency
     1    0.009246    0.075984    0.048694    0.048694 ^ clk (in)
                                                         clk (net)
                      0.075985    0.000000    0.048694 ^ clkbuf_0_clk/A (sky130_fd_sc_hd__clkbuf_16)
     2    0.017375    0.064157    0.220523    0.269217 ^ clkbuf_0_clk/X (sky130_fd_sc_hd__clkbuf_16)
                                                         clknet_0_clk (net)
                      0.064157    0.000372    0.269589 ^ clkbuf_1_0__f_clk/A (sky130_fd_sc_hd__clkbuf_16)
     2    0.004994    0.047800    0.195474    0.465063 ^ clkbuf_1_0__f_clk/X (sky130_fd_sc_hd__clkbuf_16)
                                                         clknet_1_0__leaf_clk (net)
                      0.047800    0.000093    0.465156 ^ _25_/CLK (sky130_fd_sc_hd__dfrtp_2)
                                  0.250000    0.715156   clock uncertainty
                                  0.000000    0.715156   clock reconvergence pessimism
                                  0.642006    1.357162   library removal time
                                              1.357162   data required time
---------------------------------------------------------------------------------------------
                                              1.357162   data required time
                                             -2.133773   data arrival time
---------------------------------------------------------------------------------------------
                                              0.776612   slack (MET)


Startpoint: rst (input port clocked by clk)
Endpoint: _23_ (removal check against rising-edge clock clk)
Path Group: asynchronous
Path Type: min

Fanout         Cap        Slew       Delay        Time   Description
---------------------------------------------------------------------------------------------
                                  0.000000    0.000000   clock clk (rise edge)
                                  0.000000    0.000000   clock network delay (propagated)
                                  2.000000    2.000000 v input external delay
     3    0.018643    0.082983    0.057485    2.057485 v rst (in)
                                                         rst (net)
                      0.082984    0.000000    2.057485 v _12_/A (sky130_fd_sc_hd__inv_2)
     1    0.003756    0.042393    0.077057    2.134542 ^ _12_/Y (sky130_fd_sc_hd__inv_2)
                                                         _01_ (net)
                      0.042393    0.000079    2.134621 ^ _23_/RESET_B (sky130_fd_sc_hd__dfrtp_2)
                                              2.134621   data arrival time

                                  0.000000    0.000000   clock clk (rise edge)
                                  0.000000    0.000000   clock source latency
     1    0.009246    0.075984    0.048694    0.048694 ^ clk (in)
                                                         clk (net)
                      0.075985    0.000000    0.048694 ^ clkbuf_0_clk/A (sky130_fd_sc_hd__clkbuf_16)
     2    0.017375    0.064157    0.220523    0.269217 ^ clkbuf_0_clk/X (sky130_fd_sc_hd__clkbuf_16)
                                                         clknet_0_clk (net)
                      0.064157    0.000372    0.269589 ^ clkbuf_1_0__f_clk/A (sky130_fd_sc_hd__clkbuf_16)
     2    0.004994    0.047800    0.195474    0.465063 ^ clkbuf_1_0__f_clk/X (sky130_fd_sc_hd__clkbuf_16)
                                                         clknet_1_0__leaf_clk (net)
                      0.047800    0.000087    0.465150 ^ _23_/CLK (sky130_fd_sc_hd__dfrtp_2)
                                  0.250000    0.715150   clock uncertainty
                                  0.000000    0.715150   clock reconvergence pessimism
                                  0.642248    1.357398   library removal time
                                              1.357398   data required time
---------------------------------------------------------------------------------------------
                                              1.357398   data required time
                                             -2.134621   data arrival time
---------------------------------------------------------------------------------------------
                                              0.777223   slack (MET)


Startpoint: rst (input port clocked by clk)
Endpoint: _24_ (removal check against rising-edge clock clk)
Path Group: asynchronous
Path Type: min

Fanout         Cap        Slew       Delay        Time   Description
---------------------------------------------------------------------------------------------
                                  0.000000    0.000000   clock clk (rise edge)
                                  0.000000    0.000000   clock network delay (propagated)
                                  2.000000    2.000000 v input external delay
     3    0.018643    0.082983    0.057522    2.057522 v rst (in)
                                                         rst (net)
                      0.082985    0.000000    2.057522 v _21_/A (sky130_fd_sc_hd__inv_2)
     1    0.005296    0.051017    0.085244    2.142765 ^ _21_/Y (sky130_fd_sc_hd__inv_2)
                                                         _02_ (net)
                      0.051017    0.000137    2.142902 ^ _24_/RESET_B (sky130_fd_sc_hd__dfrtp_2)
                                              2.142902   data arrival time

                                  0.000000    0.000000   clock clk (rise edge)
                                  0.000000    0.000000   clock source latency
     1    0.009246    0.075984    0.048694    0.048694 ^ clk (in)
                                                         clk (net)
                      0.075985    0.000000    0.048694 ^ clkbuf_0_clk/A (sky130_fd_sc_hd__clkbuf_16)
     2    0.017375    0.064157    0.220523    0.269217 ^ clkbuf_0_clk/X (sky130_fd_sc_hd__clkbuf_16)
                                                         clknet_0_clk (net)
                      0.064157    0.000273    0.269490 ^ clkbuf_1_1__f_clk/A (sky130_fd_sc_hd__clkbuf_16)
     2    0.006142    0.049363    0.197644    0.467134 ^ clkbuf_1_1__f_clk/X (sky130_fd_sc_hd__clkbuf_16)
                                                         clknet_1_1__leaf_clk (net)
                      0.049363    0.000149    0.467283 ^ _24_/CLK (sky130_fd_sc_hd__dfrtp_2)
                                  0.250000    0.717283   clock uncertainty
                                  0.000000    0.717283   clock reconvergence pessimism
                                  0.645364    1.362647   library removal time
                                              1.362647   data required time
---------------------------------------------------------------------------------------------
                                              1.362647   data required time
                                             -2.142902   data arrival time
---------------------------------------------------------------------------------------------
                                              0.780255   slack (MET)


Startpoint: _24_ (rising edge-triggered flip-flop clocked by clk)
Endpoint: _25_ (rising edge-triggered flip-flop clocked by clk)
Path Group: clk
Path Type: min

Fanout         Cap        Slew       Delay        Time   Description
---------------------------------------------------------------------------------------------
                                  0.000000    0.000000   clock clk (rise edge)
                                  0.000000    0.000000   clock source latency
     1    0.009246    0.075984    0.048694    0.048694 ^ clk (in)
                                                         clk (net)
                      0.075985    0.000000    0.048694 ^ clkbuf_0_clk/A (sky130_fd_sc_hd__clkbuf_16)
     2    0.017375    0.064157    0.220523    0.269217 ^ clkbuf_0_clk/X (sky130_fd_sc_hd__clkbuf_16)
                                                         clknet_0_clk (net)
                      0.064157    0.000273    0.269490 ^ clkbuf_1_1__f_clk/A (sky130_fd_sc_hd__clkbuf_16)
     2    0.006142    0.049363    0.197644    0.467134 ^ clkbuf_1_1__f_clk/X (sky130_fd_sc_hd__clkbuf_16)
                                                         clknet_1_1__leaf_clk (net)
                      0.049363    0.000149    0.467283 ^ _24_/CLK (sky130_fd_sc_hd__dfrtp_2)
     1    0.009657    0.115881    0.718742    1.186025 ^ _24_/Q (sky130_fd_sc_hd__dfrtp_2)
                                                         capture_q (net)
                      0.115881    0.000196    1.186220 ^ _13_/A (sky130_fd_sc_hd__xor2_2)
     1    0.001873    0.093794    0.193463    1.379683 ^ _13_/X (sky130_fd_sc_hd__xor2_2)
                                                         _05_ (net)
                      0.093794    0.000052    1.379735 ^ _14_/A0 (sky130_fd_sc_hd__mux2_1)
     1    0.005644    0.106736    0.268878    1.648613 ^ _14_/X (sky130_fd_sc_hd__mux2_1)
                                                         _00_ (net)
                      0.106736    0.000200    1.648813 ^ _25_/D (sky130_fd_sc_hd__dfrtp_2)
                                              1.648813   data arrival time

                                  0.000000    0.000000   clock clk (rise edge)
                                  0.000000    0.000000   clock source latency
     1    0.009246    0.075984    0.048694    0.048694 ^ clk (in)
                                                         clk (net)
                      0.075985    0.000000    0.048694 ^ clkbuf_0_clk/A (sky130_fd_sc_hd__clkbuf_16)
     2    0.017375    0.064157    0.220523    0.269217 ^ clkbuf_0_clk/X (sky130_fd_sc_hd__clkbuf_16)
                                                         clknet_0_clk (net)
                      0.064157    0.000372    0.269589 ^ clkbuf_1_0__f_clk/A (sky130_fd_sc_hd__clkbuf_16)
     2    0.004994    0.047800    0.195474    0.465063 ^ clkbuf_1_0__f_clk/X (sky130_fd_sc_hd__clkbuf_16)
                                                         clknet_1_0__leaf_clk (net)
                      0.047800    0.000093    0.465156 ^ _25_/CLK (sky130_fd_sc_hd__dfrtp_2)
                                  0.250000    0.715156   clock uncertainty
                                  0.000000    0.715156   clock reconvergence pessimism
                                 -0.088902    0.626254   library hold time
                                              0.626254   data required time
---------------------------------------------------------------------------------------------
                                              0.626254   data required time
                                             -1.648813   data arrival time
---------------------------------------------------------------------------------------------
                                              1.022559   slack (MET)


Startpoint: path_sel[2] (input port clocked by clk)
Endpoint: _23_ (rising edge-triggered flip-flop clocked by clk)
Path Group: clk
Path Type: min

Fanout         Cap        Slew       Delay        Time   Description
---------------------------------------------------------------------------------------------
                                  0.000000    0.000000   clock clk (rise edge)
                                  0.000000    0.000000   clock network delay (propagated)
                                  2.000000    2.000000 v input external delay
     2    0.011747    0.054473    0.036640    2.036640 v path_sel[2] (in)
                                                         path_sel[2] (net)
                      0.054474    0.000000    2.036640 v _11_/A (sky130_fd_sc_hd__inv_2)
     1    0.002932    0.035210    0.060119    2.096759 ^ _11_/Y (sky130_fd_sc_hd__inv_2)
                                                         _04_ (net)
                      0.035210    0.000061    2.096820 ^ _20_/A1 (sky130_fd_sc_hd__o21a_2)
     3    0.009568    0.103841    0.282388    2.379208 ^ _20_/X (sky130_fd_sc_hd__o21a_2)
                                                         dc_inst.in (net)
                      0.103841    0.000365    2.379572 ^ _23_/D (sky130_fd_sc_hd__dfrtp_2)
                                              2.379572   data arrival time

                                  0.000000    0.000000   clock clk (rise edge)
                                  0.000000    0.000000   clock source latency
     1    0.009246    0.075984    0.048694    0.048694 ^ clk (in)
                                                         clk (net)
                      0.075985    0.000000    0.048694 ^ clkbuf_0_clk/A (sky130_fd_sc_hd__clkbuf_16)
     2    0.017375    0.064157    0.220523    0.269217 ^ clkbuf_0_clk/X (sky130_fd_sc_hd__clkbuf_16)
                                                         clknet_0_clk (net)
                      0.064157    0.000372    0.269589 ^ clkbuf_1_0__f_clk/A (sky130_fd_sc_hd__clkbuf_16)
     2    0.004994    0.047800    0.195474    0.465063 ^ clkbuf_1_0__f_clk/X (sky130_fd_sc_hd__clkbuf_16)
                                                         clknet_1_0__leaf_clk (net)
                      0.047800    0.000087    0.465150 ^ _23_/CLK (sky130_fd_sc_hd__dfrtp_2)
                                  0.250000    0.715150   clock uncertainty
                                  0.000000    0.715150   clock reconvergence pessimism
                                 -0.088243    0.626908   library hold time
                                              0.626908   data required time
---------------------------------------------------------------------------------------------
                                              0.626908   data required time
                                             -2.379572   data arrival time
---------------------------------------------------------------------------------------------
                                              1.752665   slack (MET)


Startpoint: _25_ (rising edge-triggered flip-flop clocked by clk)
Endpoint: tdo (output port clocked by clk)
Path Group: clk
Path Type: min

Fanout         Cap        Slew       Delay        Time   Description
---------------------------------------------------------------------------------------------
                                  0.000000    0.000000   clock clk (rise edge)
                                  0.000000    0.000000   clock source latency
     1    0.009246    0.075984    0.048694    0.048694 ^ clk (in)
                                                         clk (net)
                      0.075985    0.000000    0.048694 ^ clkbuf_0_clk/A (sky130_fd_sc_hd__clkbuf_16)
     2    0.017375    0.064157    0.220523    0.269217 ^ clkbuf_0_clk/X (sky130_fd_sc_hd__clkbuf_16)
                                                         clknet_0_clk (net)
                      0.064157    0.000372    0.269589 ^ clkbuf_1_0__f_clk/A (sky130_fd_sc_hd__clkbuf_16)
     2    0.004994    0.047800    0.195474    0.465063 ^ clkbuf_1_0__f_clk/X (sky130_fd_sc_hd__clkbuf_16)
                                                         clknet_1_0__leaf_clk (net)
                      0.047800    0.000093    0.465156 ^ _25_/CLK (sky130_fd_sc_hd__dfrtp_2)
     1    0.038460    0.311050    0.884279    1.349435 ^ _25_/Q (sky130_fd_sc_hd__dfrtp_2)
                                                         tdo (net)
                      0.311059    0.002122    1.351557 ^ tdo (out)
                                              1.351557   data arrival time

                                  0.000000    0.000000   clock clk (rise edge)
                                  0.000000    0.000000   clock network delay (propagated)
                                  0.250000    0.250000   clock uncertainty
                                  0.000000    0.250000   clock reconvergence pessimism
                                 -2.000000   -1.750000   output external delay
                                             -1.750000   data required time
---------------------------------------------------------------------------------------------
                                             -1.750000   data required time
                                             -1.351557   data arrival time
---------------------------------------------------------------------------------------------
                                              3.101557   slack (MET)



