
===========================================================================
report_checks -path_delay max (Setup)
============================================================================
======================= nom_tt_025C_1v80 Corner ===================================

Startpoint: _25_ (rising edge-triggered flip-flop clocked by clk)
Endpoint: tdo (output port clocked by clk)
Path Group: clk
Path Type: max

Fanout         Cap        Slew       Delay        Time   Description
---------------------------------------------------------------------------------------------
                                  0.000000    0.000000   clock clk (rise edge)
                                  0.000000    0.000000   clock source latency
     1    0.009529    0.049338    0.032557    0.032557 ^ clk (in)
                                                         clk (net)
                      0.049340    0.000000    0.032557 ^ clkbuf_0_clk/A (sky130_fd_sc_hd__clkbuf_16)
     2    0.017732    0.039915    0.124758    0.157315 ^ clkbuf_0_clk/X (sky130_fd_sc_hd__clkbuf_16)
                                                         clknet_0_clk (net)
                      0.039916    0.000422    0.157737 ^ clkbuf_1_0__f_clk/A (sky130_fd_sc_hd__clkbuf_16)
     2    0.005029    0.028793    0.108712    0.266449 ^ clkbuf_1_0__f_clk/X (sky130_fd_sc_hd__clkbuf_16)
                                                         clknet_1_0__leaf_clk (net)
                      0.028793    0.000083    0.266532 ^ _25_/CLK (sky130_fd_sc_hd__dfrtp_2)
     1    0.037200    0.114630    0.469383    0.735915 v _25_/Q (sky130_fd_sc_hd__dfrtp_2)
                                                         tdo (net)
                      0.114684    0.002316    0.738231 v tdo (out)
                                              0.738231   data arrival time

                                 10.000000   10.000000   clock clk (rise edge)
                                  0.000000   10.000000   clock network delay (propagated)
                                 -0.250000    9.750000   clock uncertainty
                                  0.000000    9.750000   clock reconvergence pessimism
                                 -2.000000    7.750000   output external delay
                                              7.750000   data required time
---------------------------------------------------------------------------------------------
                                              7.750000   data required time
                                             -0.738231   data arrival time
---------------------------------------------------------------------------------------------
                                              7.011769   slack (MET)


Startpoint: path_sel[0] (input port clocked by clk)
Endpoint: _23_ (rising edge-triggered flip-flop clocked by clk)
Path Group: clk
Path Type: max

Fanout         Cap        Slew       Delay        Time   Description
---------------------------------------------------------------------------------------------
                                  0.000000    0.000000   clock clk (rise edge)
                                  0.000000    0.000000   clock network delay (propagated)
                                  2.000000    2.000000 ^ input external delay
     4    0.024013    0.113576    0.078143    2.078143 ^ path_sel[0] (in)
                                                         path_sel[0] (net)
                      0.113578    0.000000    2.078143 ^ _18_/S (sky130_fd_sc_hd__mux2_1)
     1    0.003031    0.056611    0.329600    2.407743 v _18_/X (sky130_fd_sc_hd__mux2_1)
                                                         _09_ (net)
                      0.056611    0.000073    2.407815 v _19_/B1 (sky130_fd_sc_hd__a221o_2)
     1    0.003735    0.055728    0.333807    2.741622 v _19_/X (sky130_fd_sc_hd__a221o_2)
                                                         _10_ (net)
                      0.055728    0.000129    2.741751 v _20_/B1 (sky130_fd_sc_hd__o21a_2)
     3    0.009034    0.048908    0.132750    2.874502 v _20_/X (sky130_fd_sc_hd__o21a_2)
                                                         dc_inst.in (net)
                      0.048910    0.000367    2.874869 v _23_/D (sky130_fd_sc_hd__dfrtp_2)
                                              2.874869   data arrival time

                                 10.000000   10.000000   clock clk (rise edge)
                                  0.000000   10.000000   clock source latency
     1    0.009529    0.049338    0.032557   10.032557 ^ clk (in)
                                                         clk (net)
                      0.049340    0.000000   10.032557 ^ clkbuf_0_clk/A (sky130_fd_sc_hd__clkbuf_16)
     2    0.017732    0.039915    0.124758   10.157315 ^ clkbuf_0_clk/X (sky130_fd_sc_hd__clkbuf_16)
                                                         clknet_0_clk (net)
                      0.039916    0.000422   10.157737 ^ clkbuf_1_0__f_clk/A (sky130_fd_sc_hd__clkbuf_16)
     2    0.005029    0.028793    0.108711   10.266448 ^ clkbuf_1_0__f_clk/X (sky130_fd_sc_hd__clkbuf_16)
                                                         clknet_1_0__leaf_clk (net)
                      0.028793    0.000098   10.266546 ^ _23_/CLK (sky130_fd_sc_hd__dfrtp_2)
                                 -0.250000   10.016546   clock uncertainty
                                  0.000000   10.016546   clock reconvergence pessimism
                                 -0.120960    9.895586   library setup time
                                              9.895586   data required time
---------------------------------------------------------------------------------------------
                                              9.895586   data required time
                                             -2.874869   data arrival time
---------------------------------------------------------------------------------------------
                                              7.020717   slack (MET)


Startpoint: se (input port clocked by clk)
Endpoint: _25_ (rising edge-triggered flip-flop clocked by clk)
Path Group: clk
Path Type: max

Fanout         Cap        Slew       Delay        Time   Description
---------------------------------------------------------------------------------------------
                                  0.000000    0.000000   clock clk (rise edge)
                                  0.000000    0.000000   clock network delay (propagated)
                                  2.000000    2.000000 ^ input external delay
     1    0.004709    0.028028    0.016931    2.016931 ^ se (in)
                                                         se (net)
                      0.028028    0.000000    2.016931 ^ _14_/S (sky130_fd_sc_hd__mux2_1)
     1    0.004569    0.064029    0.316014    2.332945 v _14_/X (sky130_fd_sc_hd__mux2_1)
                                                         _00_ (net)
                      0.064029    0.000188    2.333133 v _25_/D (sky130_fd_sc_hd__dfrtp_2)
                                              2.333133   data arrival time

                                 10.000000   10.000000   clock clk (rise edge)
                                  0.000000   10.000000   clock source latency
     1    0.009529    0.049338    0.032557   10.032557 ^ clk (in)
                                                         clk (net)
                      0.049340    0.000000   10.032557 ^ clkbuf_0_clk/A (sky130_fd_sc_hd__clkbuf_16)
     2    0.017732    0.039915    0.124758   10.157315 ^ clkbuf_0_clk/X (sky130_fd_sc_hd__clkbuf_16)
                                                         clknet_0_clk (net)
                      0.039916    0.000422   10.157737 ^ clkbuf_1_0__f_clk/A (sky130_fd_sc_hd__clkbuf_16)
     2    0.005029    0.028793    0.108711   10.266448 ^ clkbuf_1_0__f_clk/X (sky130_fd_sc_hd__clkbuf_16)
                                                         clknet_1_0__leaf_clk (net)
                      0.028793    0.000083   10.266532 ^ _25_/CLK (sky130_fd_sc_hd__dfrtp_2)
                                 -0.250000   10.016532   clock uncertainty
                                  0.000000   10.016532   clock reconvergence pessimism
                                 -0.127601    9.888931   library setup time
                                              9.888931   data required time
---------------------------------------------------------------------------------------------
                                              9.888931   data required time
                                             -2.333133   data arrival time
---------------------------------------------------------------------------------------------
                                              7.555797   slack (MET)


Startpoint: rst (input port clocked by clk)
Endpoint: _24_ (recovery check against rising-edge clock clk)
Path Group: asynchronous
Path Type: max

Fanout         Cap        Slew       Delay        Time   Description
---------------------------------------------------------------------------------------------
                                  0.000000    0.000000   clock clk (rise edge)
                                  0.000000    0.000000   clock network delay (propagated)
                                  2.000000    2.000000 v input external delay
     3    0.017684    0.041065    0.028531    2.028531 v rst (in)
                                                         rst (net)
                      0.041069    0.000000    2.028531 v _21_/A (sky130_fd_sc_hd__inv_2)
     1    0.005885    0.034139    0.048732    2.077263 ^ _21_/Y (sky130_fd_sc_hd__inv_2)
                                                         _02_ (net)
                      0.034139    0.000217    2.077481 ^ _24_/RESET_B (sky130_fd_sc_hd__dfrtp_2)
                                              2.077481   data arrival time

                                 10.000000   10.000000   clock clk (rise edge)
                                  0.000000   10.000000   clock source latency
     1    0.009529    0.049338    0.032557   10.032557 ^ clk (in)
                                                         clk (net)
                      0.049340    0.000000   10.032557 ^ clkbuf_0_clk/A (sky130_fd_sc_hd__clkbuf_16)
     2    0.017732    0.039915    0.124758   10.157315 ^ clkbuf_0_clk/X (sky130_fd_sc_hd__clkbuf_16)
                                                         clknet_0_clk (net)
                      0.039916    0.000362   10.157678 ^ clkbuf_1_1__f_clk/A (sky130_fd_sc_hd__clkbuf_16)
     2    0.006741    0.030413    0.110748   10.268426 ^ clkbuf_1_1__f_clk/X (sky130_fd_sc_hd__clkbuf_16)
                                                         clknet_1_1__leaf_clk (net)
                      0.030414    0.000200   10.268625 ^ _24_/CLK (sky130_fd_sc_hd__dfrtp_2)
                                 -0.250000   10.018625   clock uncertainty
                                  0.000000   10.018625   clock reconvergence pessimism
                                  0.217956   10.236581   library recovery time
                                             10.236581   data required time
---------------------------------------------------------------------------------------------
                                             10.236581   data required time
                                             -2.077481   data arrival time
---------------------------------------------------------------------------------------------
                                              8.159101   slack (MET)


Startpoint: rst (input port clocked by clk)
Endpoint: _23_ (recovery check against rising-edge clock clk)
Path Group: asynchronous
Path Type: max

Fanout         Cap        Slew       Delay        Time   Description
---------------------------------------------------------------------------------------------
                                  0.000000    0.000000   clock clk (rise edge)
                                  0.000000    0.000000   clock network delay (propagated)
                                  2.000000    2.000000 v input external delay
     3    0.017684    0.041065    0.028612    2.028612 v rst (in)
                                                         rst (net)
                      0.041071    0.000000    2.028612 v _12_/A (sky130_fd_sc_hd__inv_2)
     1    0.004498    0.028397    0.044388    2.073000 ^ _12_/Y (sky130_fd_sc_hd__inv_2)
                                                         _01_ (net)
                      0.028397    0.000117    2.073117 ^ _23_/RESET_B (sky130_fd_sc_hd__dfrtp_2)
                                              2.073117   data arrival time

                                 10.000000   10.000000   clock clk (rise edge)
                                  0.000000   10.000000   clock source latency
     1    0.009529    0.049338    0.032557   10.032557 ^ clk (in)
                                                         clk (net)
                      0.049340    0.000000   10.032557 ^ clkbuf_0_clk/A (sky130_fd_sc_hd__clkbuf_16)
     2    0.017732    0.039915    0.124758   10.157315 ^ clkbuf_0_clk/X (sky130_fd_sc_hd__clkbuf_16)
                                                         clknet_0_clk (net)
                      0.039916    0.000422   10.157737 ^ clkbuf_1_0__f_clk/A (sky130_fd_sc_hd__clkbuf_16)
     2    0.005029    0.028793    0.108711   10.266448 ^ clkbuf_1_0__f_clk/X (sky130_fd_sc_hd__clkbuf_16)
                                                         clknet_1_0__leaf_clk (net)
                      0.028793    0.000098   10.266546 ^ _23_/CLK (sky130_fd_sc_hd__dfrtp_2)
                                 -0.250000   10.016546   clock uncertainty
                                  0.000000   10.016546   clock reconvergence pessimism
                                  0.219177   10.235723   library recovery time
                                             10.235723   data required time
---------------------------------------------------------------------------------------------
                                             10.235723   data required time
                                             -2.073117   data arrival time
---------------------------------------------------------------------------------------------
                                              8.162606   slack (MET)


Startpoint: rst (input port clocked by clk)
Endpoint: _25_ (recovery check against rising-edge clock clk)
Path Group: asynchronous
Path Type: max

Fanout         Cap        Slew       Delay        Time   Description
---------------------------------------------------------------------------------------------
                                  0.000000    0.000000   clock clk (rise edge)
                                  0.000000    0.000000   clock network delay (propagated)
                                  2.000000    2.000000 v input external delay
     3    0.017684    0.041065    0.028495    2.028495 v rst (in)
                                                         rst (net)
                      0.041068    0.000000    2.028495 v _22_/A (sky130_fd_sc_hd__inv_2)
     1    0.003848    0.026032    0.042166    2.070661 ^ _22_/Y (sky130_fd_sc_hd__inv_2)
                                                         _03_ (net)
                      0.026032    0.000079    2.070740 ^ _25_/RESET_B (sky130_fd_sc_hd__dfrtp_2)
                                              2.070740   data arrival time

                                 10.000000   10.000000   clock clk (rise edge)
                                  0.000000   10.000000   clock source latency
     1    0.009529    0.049338    0.032557   10.032557 ^ clk (in)
                                                         clk (net)
                      0.049340    0.000000   10.032557 ^ clkbuf_0_clk/A (sky130_fd_sc_hd__clkbuf_16)
     2    0.017732    0.039915    0.124758   10.157315 ^ clkbuf_0_clk/X (sky130_fd_sc_hd__clkbuf_16)
                                                         clknet_0_clk (net)
                      0.039916    0.000422   10.157737 ^ clkbuf_1_0__f_clk/A (sky130_fd_sc_hd__clkbuf_16)
     2    0.005029    0.028793    0.108711   10.266448 ^ clkbuf_1_0__f_clk/X (sky130_fd_sc_hd__clkbuf_16)
                                                         clknet_1_0__leaf_clk (net)
                      0.028793    0.000083   10.266532 ^ _25_/CLK (sky130_fd_sc_hd__dfrtp_2)
                                 -0.250000   10.016532   clock uncertainty
                                  0.000000   10.016532   clock reconvergence pessimism
                                  0.219885   10.236417   library recovery time
                                             10.236417   data required time
---------------------------------------------------------------------------------------------
                                             10.236417   data required time
                                             -2.070740   data arrival time
---------------------------------------------------------------------------------------------
                                              8.165676   slack (MET)



